D:\Study\vlc\vlc-2.1.0.subproject-2010\Debug\colorthres.exp
D:\Study\vlc\vlc-2.1.0.subproject-2010\Debug\colorthres.lib
D:\STUDY\VLC\VLC-2.1.0.SUBPROJECT-2010\DEBUG\COLORTHRES.PDB
D:\STUDY\VLC\VLC-2.1.0.SUBPROJECT-2010\DEBUG\PLUGINS\VIDEO_FILTER\LIBCOLORTHRES_PLUGIN.DLL
D:\STUDY\VLC\VLC-2.1.0.SUBPROJECT-2010\DEBUG\PLUGINS\VIDEO_FILTER\LIBCOLORTHRES_PLUGIN.ILK
D:\Study\vlc\vlc-2.1.0.subproject-2010\plugins\colorthres\Debug\cl.command.1.tlog
D:\Study\vlc\vlc-2.1.0.subproject-2010\plugins\colorthres\Debug\CL.read.1.tlog
D:\Study\vlc\vlc-2.1.0.subproject-2010\plugins\colorthres\Debug\CL.write.1.tlog
D:\STUDY\VLC\VLC-2.1.0.SUBPROJECT-2010\PLUGINS\COLORTHRES\DEBUG\COLORTHRES.DLL.EMBED.MANIFEST
D:\STUDY\VLC\VLC-2.1.0.SUBPROJECT-2010\PLUGINS\COLORTHRES\DEBUG\COLORTHRES.DLL.EMBED.MANIFEST.RES
D:\STUDY\VLC\VLC-2.1.0.SUBPROJECT-2010\PLUGINS\COLORTHRES\DEBUG\COLORTHRES.DLL.INTERMEDIATE.MANIFEST
D:\STUDY\VLC\VLC-2.1.0.SUBPROJECT-2010\PLUGINS\COLORTHRES\DEBUG\COLORTHRES.OBJ
D:\STUDY\VLC\VLC-2.1.0.SUBPROJECT-2010\PLUGINS\COLORTHRES\DEBUG\COLORTHRES.PCH
D:\STUDY\VLC\VLC-2.1.0.SUBPROJECT-2010\PLUGINS\COLORTHRES\DEBUG\COLORTHRES.RES
D:\Study\vlc\vlc-2.1.0.subproject-2010\plugins\colorthres\Debug\colorthres.write.1.tlog
D:\Study\vlc\vlc-2.1.0.subproject-2010\plugins\colorthres\Debug\colorthres_manifest.rc
D:\STUDY\VLC\VLC-2.1.0.SUBPROJECT-2010\PLUGINS\COLORTHRES\DEBUG\COLORTHRES1.OBJ
D:\Study\vlc\vlc-2.1.0.subproject-2010\plugins\colorthres\Debug\link.7132.read.1.tlog
D:\Study\vlc\vlc-2.1.0.subproject-2010\plugins\colorthres\Debug\link.7132.write.1.tlog
D:\Study\vlc\vlc-2.1.0.subproject-2010\plugins\colorthres\Debug\link.7132-cvtres.read.1.tlog
D:\Study\vlc\vlc-2.1.0.subproject-2010\plugins\colorthres\Debug\link.7132-cvtres.write.1.tlog
D:\Study\vlc\vlc-2.1.0.subproject-2010\plugins\colorthres\Debug\link.command.1.tlog
D:\Study\vlc\vlc-2.1.0.subproject-2010\plugins\colorthres\Debug\link.read.1.tlog
D:\Study\vlc\vlc-2.1.0.subproject-2010\plugins\colorthres\Debug\link.write.1.tlog
D:\Study\vlc\vlc-2.1.0.subproject-2010\plugins\colorthres\Debug\link-cvtres.read.1.tlog
D:\Study\vlc\vlc-2.1.0.subproject-2010\plugins\colorthres\Debug\link-cvtres.write.1.tlog
D:\Study\vlc\vlc-2.1.0.subproject-2010\plugins\colorthres\Debug\mt.command.1.tlog
D:\Study\vlc\vlc-2.1.0.subproject-2010\plugins\colorthres\Debug\mt.read.1.tlog
D:\Study\vlc\vlc-2.1.0.subproject-2010\plugins\colorthres\Debug\mt.write.1.tlog
D:\Study\vlc\vlc-2.1.0.subproject-2010\plugins\colorthres\Debug\rc.command.1.tlog
D:\Study\vlc\vlc-2.1.0.subproject-2010\plugins\colorthres\Debug\rc.read.1.tlog
D:\Study\vlc\vlc-2.1.0.subproject-2010\plugins\colorthres\Debug\rc.write.1.tlog
D:\STUDY\VLC\VLC-2.1.0.SUBPROJECT-2010\PLUGINS\COLORTHRES\DEBUG\STDAFX.OBJ
D:\Study\vlc\vlc-2.1.0.subproject-2010\plugins\colorthres\Debug\vc100.idb
D:\STUDY\VLC\VLC-2.1.0.SUBPROJECT-2010\PLUGINS\COLORTHRES\DEBUG\VC100.PDB
