D:\Study\vlc\vlc-2.1.0.subproject-2010\Debug\equalizer.exp
D:\Study\vlc\vlc-2.1.0.subproject-2010\Debug\equalizer.lib
D:\STUDY\VLC\VLC-2.1.0.SUBPROJECT-2010\DEBUG\EQUALIZER.PDB
D:\STUDY\VLC\VLC-2.1.0.SUBPROJECT-2010\DEBUG\PLUGINS\AUDIO_FILTER\LIBEQUALIZER_PLUGIN.DLL
D:\STUDY\VLC\VLC-2.1.0.SUBPROJECT-2010\DEBUG\PLUGINS\AUDIO_FILTER\LIBEQUALIZER_PLUGIN.ILK
D:\Study\vlc\vlc-2.1.0.subproject-2010\plugins\equalizer\Debug\cl.command.1.tlog
D:\Study\vlc\vlc-2.1.0.subproject-2010\plugins\equalizer\Debug\CL.read.1.tlog
D:\Study\vlc\vlc-2.1.0.subproject-2010\plugins\equalizer\Debug\CL.write.1.tlog
D:\STUDY\VLC\VLC-2.1.0.SUBPROJECT-2010\PLUGINS\EQUALIZER\DEBUG\EQUALIZER.DLL.EMBED.MANIFEST
D:\STUDY\VLC\VLC-2.1.0.SUBPROJECT-2010\PLUGINS\EQUALIZER\DEBUG\EQUALIZER.DLL.EMBED.MANIFEST.RES
D:\STUDY\VLC\VLC-2.1.0.SUBPROJECT-2010\PLUGINS\EQUALIZER\DEBUG\EQUALIZER.DLL.INTERMEDIATE.MANIFEST
D:\STUDY\VLC\VLC-2.1.0.SUBPROJECT-2010\PLUGINS\EQUALIZER\DEBUG\EQUALIZER.OBJ
D:\STUDY\VLC\VLC-2.1.0.SUBPROJECT-2010\PLUGINS\EQUALIZER\DEBUG\EQUALIZER.PCH
D:\STUDY\VLC\VLC-2.1.0.SUBPROJECT-2010\PLUGINS\EQUALIZER\DEBUG\EQUALIZER.RES
D:\Study\vlc\vlc-2.1.0.subproject-2010\plugins\equalizer\Debug\equalizer.write.1.tlog
D:\Study\vlc\vlc-2.1.0.subproject-2010\plugins\equalizer\Debug\equalizer_manifest.rc
D:\STUDY\VLC\VLC-2.1.0.SUBPROJECT-2010\PLUGINS\EQUALIZER\DEBUG\EQUALIZER1.OBJ
D:\Study\vlc\vlc-2.1.0.subproject-2010\plugins\equalizer\Debug\link.13064.read.1.tlog
D:\Study\vlc\vlc-2.1.0.subproject-2010\plugins\equalizer\Debug\link.13064.write.1.tlog
D:\Study\vlc\vlc-2.1.0.subproject-2010\plugins\equalizer\Debug\link.13064-cvtres.read.1.tlog
D:\Study\vlc\vlc-2.1.0.subproject-2010\plugins\equalizer\Debug\link.13064-cvtres.write.1.tlog
D:\Study\vlc\vlc-2.1.0.subproject-2010\plugins\equalizer\Debug\link.command.1.tlog
D:\Study\vlc\vlc-2.1.0.subproject-2010\plugins\equalizer\Debug\link.read.1.tlog
D:\Study\vlc\vlc-2.1.0.subproject-2010\plugins\equalizer\Debug\link.write.1.tlog
D:\Study\vlc\vlc-2.1.0.subproject-2010\plugins\equalizer\Debug\link-cvtres.read.1.tlog
D:\Study\vlc\vlc-2.1.0.subproject-2010\plugins\equalizer\Debug\link-cvtres.write.1.tlog
D:\Study\vlc\vlc-2.1.0.subproject-2010\plugins\equalizer\Debug\mt.command.1.tlog
D:\Study\vlc\vlc-2.1.0.subproject-2010\plugins\equalizer\Debug\mt.read.1.tlog
D:\Study\vlc\vlc-2.1.0.subproject-2010\plugins\equalizer\Debug\mt.write.1.tlog
D:\Study\vlc\vlc-2.1.0.subproject-2010\plugins\equalizer\Debug\rc.command.1.tlog
D:\Study\vlc\vlc-2.1.0.subproject-2010\plugins\equalizer\Debug\rc.read.1.tlog
D:\Study\vlc\vlc-2.1.0.subproject-2010\plugins\equalizer\Debug\rc.write.1.tlog
D:\STUDY\VLC\VLC-2.1.0.SUBPROJECT-2010\PLUGINS\EQUALIZER\DEBUG\STDAFX.OBJ
D:\Study\vlc\vlc-2.1.0.subproject-2010\plugins\equalizer\Debug\vc100.idb
D:\STUDY\VLC\VLC-2.1.0.SUBPROJECT-2010\PLUGINS\EQUALIZER\DEBUG\VC100.PDB
