D:\Study\vlc\vlc-2.1.0.subproject-2010\Debug\i422_i420.exp
D:\Study\vlc\vlc-2.1.0.subproject-2010\Debug\i422_i420.lib
D:\STUDY\VLC\VLC-2.1.0.SUBPROJECT-2010\DEBUG\I422_I420.PDB
D:\STUDY\VLC\VLC-2.1.0.SUBPROJECT-2010\DEBUG\PLUGINS\VIDEO_CHROMA\LIBI422_I420_PLUGIN.DLL
D:\STUDY\VLC\VLC-2.1.0.SUBPROJECT-2010\DEBUG\PLUGINS\VIDEO_CHROMA\LIBI422_I420_PLUGIN.ILK
D:\Study\vlc\vlc-2.1.0.subproject-2010\plugins\i422_i420\Debug\cl.command.1.tlog
D:\Study\vlc\vlc-2.1.0.subproject-2010\plugins\i422_i420\Debug\CL.read.1.tlog
D:\Study\vlc\vlc-2.1.0.subproject-2010\plugins\i422_i420\Debug\CL.write.1.tlog
D:\STUDY\VLC\VLC-2.1.0.SUBPROJECT-2010\PLUGINS\I422_I420\DEBUG\I422_I420.DLL.EMBED.MANIFEST
D:\STUDY\VLC\VLC-2.1.0.SUBPROJECT-2010\PLUGINS\I422_I420\DEBUG\I422_I420.DLL.EMBED.MANIFEST.RES
D:\STUDY\VLC\VLC-2.1.0.SUBPROJECT-2010\PLUGINS\I422_I420\DEBUG\I422_I420.DLL.INTERMEDIATE.MANIFEST
D:\STUDY\VLC\VLC-2.1.0.SUBPROJECT-2010\PLUGINS\I422_I420\DEBUG\I422_I420.OBJ
D:\STUDY\VLC\VLC-2.1.0.SUBPROJECT-2010\PLUGINS\I422_I420\DEBUG\I422_I420.PCH
D:\STUDY\VLC\VLC-2.1.0.SUBPROJECT-2010\PLUGINS\I422_I420\DEBUG\I422_I420.RES
D:\Study\vlc\vlc-2.1.0.subproject-2010\plugins\i422_i420\Debug\i422_i420.write.1.tlog
D:\Study\vlc\vlc-2.1.0.subproject-2010\plugins\i422_i420\Debug\i422_i420_manifest.rc
D:\STUDY\VLC\VLC-2.1.0.SUBPROJECT-2010\PLUGINS\I422_I420\DEBUG\I422_I4201.OBJ
D:\Study\vlc\vlc-2.1.0.subproject-2010\plugins\i422_i420\Debug\link.13004.read.1.tlog
D:\Study\vlc\vlc-2.1.0.subproject-2010\plugins\i422_i420\Debug\link.13004.write.1.tlog
D:\Study\vlc\vlc-2.1.0.subproject-2010\plugins\i422_i420\Debug\link.13004-cvtres.read.1.tlog
D:\Study\vlc\vlc-2.1.0.subproject-2010\plugins\i422_i420\Debug\link.13004-cvtres.write.1.tlog
D:\Study\vlc\vlc-2.1.0.subproject-2010\plugins\i422_i420\Debug\link.command.1.tlog
D:\Study\vlc\vlc-2.1.0.subproject-2010\plugins\i422_i420\Debug\link.read.1.tlog
D:\Study\vlc\vlc-2.1.0.subproject-2010\plugins\i422_i420\Debug\link.write.1.tlog
D:\Study\vlc\vlc-2.1.0.subproject-2010\plugins\i422_i420\Debug\link-cvtres.read.1.tlog
D:\Study\vlc\vlc-2.1.0.subproject-2010\plugins\i422_i420\Debug\link-cvtres.write.1.tlog
D:\Study\vlc\vlc-2.1.0.subproject-2010\plugins\i422_i420\Debug\mt.command.1.tlog
D:\Study\vlc\vlc-2.1.0.subproject-2010\plugins\i422_i420\Debug\mt.read.1.tlog
D:\Study\vlc\vlc-2.1.0.subproject-2010\plugins\i422_i420\Debug\mt.write.1.tlog
D:\Study\vlc\vlc-2.1.0.subproject-2010\plugins\i422_i420\Debug\rc.command.1.tlog
D:\Study\vlc\vlc-2.1.0.subproject-2010\plugins\i422_i420\Debug\rc.read.1.tlog
D:\Study\vlc\vlc-2.1.0.subproject-2010\plugins\i422_i420\Debug\rc.write.1.tlog
D:\STUDY\VLC\VLC-2.1.0.SUBPROJECT-2010\PLUGINS\I422_I420\DEBUG\STDAFX.OBJ
D:\Study\vlc\vlc-2.1.0.subproject-2010\plugins\i422_i420\Debug\vc100.idb
D:\STUDY\VLC\VLC-2.1.0.SUBPROJECT-2010\PLUGINS\I422_I420\DEBUG\VC100.PDB
