D:\Study\vlc\vlc-2.1.0.subproject-2010\Debug\avcodec.exp
D:\Study\vlc\vlc-2.1.0.subproject-2010\Debug\avcodec.lib
D:\STUDY\VLC\VLC-2.1.0.SUBPROJECT-2010\DEBUG\AVCODEC.PDB
D:\STUDY\VLC\VLC-2.1.0.SUBPROJECT-2010\DEBUG\PLUGINS\CODEC\LIBAVCODEC_PLUGIN.DLL
D:\STUDY\VLC\VLC-2.1.0.SUBPROJECT-2010\DEBUG\PLUGINS\CODEC\LIBAVCODEC_PLUGIN.ILK
D:\STUDY\VLC\VLC-2.1.0.SUBPROJECT-2010\PLUGINS\AVCODEC\DEBUG\AUDIO.OBJ
D:\STUDY\VLC\VLC-2.1.0.SUBPROJECT-2010\PLUGINS\AVCODEC\DEBUG\AVCODEC.DLL.EMBED.MANIFEST
D:\STUDY\VLC\VLC-2.1.0.SUBPROJECT-2010\PLUGINS\AVCODEC\DEBUG\AVCODEC.DLL.EMBED.MANIFEST.RES
D:\STUDY\VLC\VLC-2.1.0.SUBPROJECT-2010\PLUGINS\AVCODEC\DEBUG\AVCODEC.DLL.INTERMEDIATE.MANIFEST
D:\STUDY\VLC\VLC-2.1.0.SUBPROJECT-2010\PLUGINS\AVCODEC\DEBUG\AVCODEC.OBJ
D:\STUDY\VLC\VLC-2.1.0.SUBPROJECT-2010\PLUGINS\AVCODEC\DEBUG\AVCODEC.PCH
D:\STUDY\VLC\VLC-2.1.0.SUBPROJECT-2010\PLUGINS\AVCODEC\DEBUG\AVCODEC.RES
D:\Study\vlc\vlc-2.1.0.subproject-2010\plugins\avcodec\Debug\avcodec.write.1.tlog
D:\Study\vlc\vlc-2.1.0.subproject-2010\plugins\avcodec\Debug\avcodec_manifest.rc
D:\STUDY\VLC\VLC-2.1.0.SUBPROJECT-2010\PLUGINS\AVCODEC\DEBUG\AVCODEC1.OBJ
D:\STUDY\VLC\VLC-2.1.0.SUBPROJECT-2010\PLUGINS\AVCODEC\DEBUG\AVIO.OBJ
D:\STUDY\VLC\VLC-2.1.0.SUBPROJECT-2010\PLUGINS\AVCODEC\DEBUG\CHROMA.OBJ
D:\Study\vlc\vlc-2.1.0.subproject-2010\plugins\avcodec\Debug\cl.command.1.tlog
D:\Study\vlc\vlc-2.1.0.subproject-2010\plugins\avcodec\Debug\CL.read.1.tlog
D:\Study\vlc\vlc-2.1.0.subproject-2010\plugins\avcodec\Debug\CL.write.1.tlog
D:\STUDY\VLC\VLC-2.1.0.SUBPROJECT-2010\PLUGINS\AVCODEC\DEBUG\CPU.OBJ
D:\STUDY\VLC\VLC-2.1.0.SUBPROJECT-2010\PLUGINS\AVCODEC\DEBUG\DEMUX.OBJ
D:\STUDY\VLC\VLC-2.1.0.SUBPROJECT-2010\PLUGINS\AVCODEC\DEBUG\ENCODER.OBJ
D:\STUDY\VLC\VLC-2.1.0.SUBPROJECT-2010\PLUGINS\AVCODEC\DEBUG\FOURCC.OBJ
D:\Study\vlc\vlc-2.1.0.subproject-2010\plugins\avcodec\Debug\link.13064.read.1.tlog
D:\Study\vlc\vlc-2.1.0.subproject-2010\plugins\avcodec\Debug\link.13064.write.1.tlog
D:\Study\vlc\vlc-2.1.0.subproject-2010\plugins\avcodec\Debug\link.13064-cvtres.read.1.tlog
D:\Study\vlc\vlc-2.1.0.subproject-2010\plugins\avcodec\Debug\link.13064-cvtres.write.1.tlog
D:\Study\vlc\vlc-2.1.0.subproject-2010\plugins\avcodec\Debug\link.command.1.tlog
D:\Study\vlc\vlc-2.1.0.subproject-2010\plugins\avcodec\Debug\link.read.1.tlog
D:\Study\vlc\vlc-2.1.0.subproject-2010\plugins\avcodec\Debug\link.write.1.tlog
D:\Study\vlc\vlc-2.1.0.subproject-2010\plugins\avcodec\Debug\link-cvtres.read.1.tlog
D:\Study\vlc\vlc-2.1.0.subproject-2010\plugins\avcodec\Debug\link-cvtres.write.1.tlog
D:\Study\vlc\vlc-2.1.0.subproject-2010\plugins\avcodec\Debug\mt.command.1.tlog
D:\Study\vlc\vlc-2.1.0.subproject-2010\plugins\avcodec\Debug\mt.read.1.tlog
D:\Study\vlc\vlc-2.1.0.subproject-2010\plugins\avcodec\Debug\mt.write.1.tlog
D:\STUDY\VLC\VLC-2.1.0.SUBPROJECT-2010\PLUGINS\AVCODEC\DEBUG\MUX.OBJ
D:\Study\vlc\vlc-2.1.0.subproject-2010\plugins\avcodec\Debug\rc.command.1.tlog
D:\Study\vlc\vlc-2.1.0.subproject-2010\plugins\avcodec\Debug\rc.read.1.tlog
D:\Study\vlc\vlc-2.1.0.subproject-2010\plugins\avcodec\Debug\rc.write.1.tlog
D:\STUDY\VLC\VLC-2.1.0.SUBPROJECT-2010\PLUGINS\AVCODEC\DEBUG\STDAFX.OBJ
D:\STUDY\VLC\VLC-2.1.0.SUBPROJECT-2010\PLUGINS\AVCODEC\DEBUG\SUBTITLE.OBJ
D:\Study\vlc\vlc-2.1.0.subproject-2010\plugins\avcodec\Debug\vc100.idb
D:\STUDY\VLC\VLC-2.1.0.SUBPROJECT-2010\PLUGINS\AVCODEC\DEBUG\VC100.PDB
D:\STUDY\VLC\VLC-2.1.0.SUBPROJECT-2010\PLUGINS\AVCODEC\DEBUG\VIDEO.OBJ
