D:\Study\vlc\vlc-2.1.0.subproject-2010\Debug\mux_asf.exp
D:\Study\vlc\vlc-2.1.0.subproject-2010\Debug\mux_asf.lib
D:\STUDY\VLC\VLC-2.1.0.SUBPROJECT-2010\DEBUG\MUX_ASF.PDB
D:\STUDY\VLC\VLC-2.1.0.SUBPROJECT-2010\DEBUG\PLUGINS\MUX\LIBMUX_ASF_PLUGIN.DLL
D:\STUDY\VLC\VLC-2.1.0.SUBPROJECT-2010\DEBUG\PLUGINS\MUX\LIBMUX_ASF_PLUGIN.ILK
D:\STUDY\VLC\VLC-2.1.0.SUBPROJECT-2010\PLUGINS\MUX_ASF\DEBUG\ASF.OBJ
D:\Study\vlc\vlc-2.1.0.subproject-2010\plugins\mux_asf\Debug\cl.command.1.tlog
D:\Study\vlc\vlc-2.1.0.subproject-2010\plugins\mux_asf\Debug\CL.read.1.tlog
D:\Study\vlc\vlc-2.1.0.subproject-2010\plugins\mux_asf\Debug\CL.write.1.tlog
D:\Study\vlc\vlc-2.1.0.subproject-2010\plugins\mux_asf\Debug\link.10756.read.1.tlog
D:\Study\vlc\vlc-2.1.0.subproject-2010\plugins\mux_asf\Debug\link.10756.write.1.tlog
D:\Study\vlc\vlc-2.1.0.subproject-2010\plugins\mux_asf\Debug\link.10756-cvtres.read.1.tlog
D:\Study\vlc\vlc-2.1.0.subproject-2010\plugins\mux_asf\Debug\link.10756-cvtres.write.1.tlog
D:\Study\vlc\vlc-2.1.0.subproject-2010\plugins\mux_asf\Debug\link.command.1.tlog
D:\Study\vlc\vlc-2.1.0.subproject-2010\plugins\mux_asf\Debug\link.read.1.tlog
D:\Study\vlc\vlc-2.1.0.subproject-2010\plugins\mux_asf\Debug\link.write.1.tlog
D:\Study\vlc\vlc-2.1.0.subproject-2010\plugins\mux_asf\Debug\link-cvtres.read.1.tlog
D:\Study\vlc\vlc-2.1.0.subproject-2010\plugins\mux_asf\Debug\link-cvtres.write.1.tlog
D:\Study\vlc\vlc-2.1.0.subproject-2010\plugins\mux_asf\Debug\mt.command.1.tlog
D:\Study\vlc\vlc-2.1.0.subproject-2010\plugins\mux_asf\Debug\mt.read.1.tlog
D:\Study\vlc\vlc-2.1.0.subproject-2010\plugins\mux_asf\Debug\mt.write.1.tlog
D:\STUDY\VLC\VLC-2.1.0.SUBPROJECT-2010\PLUGINS\MUX_ASF\DEBUG\MUX_ASF.DLL.EMBED.MANIFEST
D:\STUDY\VLC\VLC-2.1.0.SUBPROJECT-2010\PLUGINS\MUX_ASF\DEBUG\MUX_ASF.DLL.EMBED.MANIFEST.RES
D:\STUDY\VLC\VLC-2.1.0.SUBPROJECT-2010\PLUGINS\MUX_ASF\DEBUG\MUX_ASF.DLL.INTERMEDIATE.MANIFEST
D:\STUDY\VLC\VLC-2.1.0.SUBPROJECT-2010\PLUGINS\MUX_ASF\DEBUG\MUX_ASF.OBJ
D:\STUDY\VLC\VLC-2.1.0.SUBPROJECT-2010\PLUGINS\MUX_ASF\DEBUG\MUX_ASF.PCH
D:\STUDY\VLC\VLC-2.1.0.SUBPROJECT-2010\PLUGINS\MUX_ASF\DEBUG\MUX_ASF.RES
D:\Study\vlc\vlc-2.1.0.subproject-2010\plugins\mux_asf\Debug\mux_asf.write.1.tlog
D:\Study\vlc\vlc-2.1.0.subproject-2010\plugins\mux_asf\Debug\mux_asf_manifest.rc
D:\Study\vlc\vlc-2.1.0.subproject-2010\plugins\mux_asf\Debug\rc.command.1.tlog
D:\Study\vlc\vlc-2.1.0.subproject-2010\plugins\mux_asf\Debug\rc.read.1.tlog
D:\Study\vlc\vlc-2.1.0.subproject-2010\plugins\mux_asf\Debug\rc.write.1.tlog
D:\STUDY\VLC\VLC-2.1.0.SUBPROJECT-2010\PLUGINS\MUX_ASF\DEBUG\STDAFX.OBJ
D:\Study\vlc\vlc-2.1.0.subproject-2010\plugins\mux_asf\Debug\vc100.idb
D:\STUDY\VLC\VLC-2.1.0.SUBPROJECT-2010\PLUGINS\MUX_ASF\DEBUG\VC100.PDB
