D:\STUDY\VLC\VLC-2.1.0.SUBPROJECT-2010\DEBUG\PLUGINS\VIDEO_CHROMA\LIBYUY2_I422_PLUGIN.DLL
D:\STUDY\VLC\VLC-2.1.0.SUBPROJECT-2010\DEBUG\PLUGINS\VIDEO_CHROMA\LIBYUY2_I422_PLUGIN.ILK
D:\Study\vlc\vlc-2.1.0.subproject-2010\Debug\yuy2_i422.exp
D:\Study\vlc\vlc-2.1.0.subproject-2010\Debug\yuy2_i422.lib
D:\STUDY\VLC\VLC-2.1.0.SUBPROJECT-2010\DEBUG\YUY2_I422.PDB
D:\Study\vlc\vlc-2.1.0.subproject-2010\plugins\yuy2_i422\Debug\cl.command.1.tlog
D:\Study\vlc\vlc-2.1.0.subproject-2010\plugins\yuy2_i422\Debug\CL.read.1.tlog
D:\Study\vlc\vlc-2.1.0.subproject-2010\plugins\yuy2_i422\Debug\CL.write.1.tlog
D:\Study\vlc\vlc-2.1.0.subproject-2010\plugins\yuy2_i422\Debug\link.7100.read.1.tlog
D:\Study\vlc\vlc-2.1.0.subproject-2010\plugins\yuy2_i422\Debug\link.7100.write.1.tlog
D:\Study\vlc\vlc-2.1.0.subproject-2010\plugins\yuy2_i422\Debug\link.7100-cvtres.read.1.tlog
D:\Study\vlc\vlc-2.1.0.subproject-2010\plugins\yuy2_i422\Debug\link.7100-cvtres.write.1.tlog
D:\Study\vlc\vlc-2.1.0.subproject-2010\plugins\yuy2_i422\Debug\link.command.1.tlog
D:\Study\vlc\vlc-2.1.0.subproject-2010\plugins\yuy2_i422\Debug\link.read.1.tlog
D:\Study\vlc\vlc-2.1.0.subproject-2010\plugins\yuy2_i422\Debug\link.write.1.tlog
D:\Study\vlc\vlc-2.1.0.subproject-2010\plugins\yuy2_i422\Debug\link-cvtres.read.1.tlog
D:\Study\vlc\vlc-2.1.0.subproject-2010\plugins\yuy2_i422\Debug\link-cvtres.write.1.tlog
D:\Study\vlc\vlc-2.1.0.subproject-2010\plugins\yuy2_i422\Debug\mt.command.1.tlog
D:\Study\vlc\vlc-2.1.0.subproject-2010\plugins\yuy2_i422\Debug\mt.read.1.tlog
D:\Study\vlc\vlc-2.1.0.subproject-2010\plugins\yuy2_i422\Debug\mt.write.1.tlog
D:\Study\vlc\vlc-2.1.0.subproject-2010\plugins\yuy2_i422\Debug\rc.command.1.tlog
D:\Study\vlc\vlc-2.1.0.subproject-2010\plugins\yuy2_i422\Debug\rc.read.1.tlog
D:\Study\vlc\vlc-2.1.0.subproject-2010\plugins\yuy2_i422\Debug\rc.write.1.tlog
D:\STUDY\VLC\VLC-2.1.0.SUBPROJECT-2010\PLUGINS\YUY2_I422\DEBUG\STDAFX.OBJ
D:\Study\vlc\vlc-2.1.0.subproject-2010\plugins\yuy2_i422\Debug\vc100.idb
D:\STUDY\VLC\VLC-2.1.0.SUBPROJECT-2010\PLUGINS\YUY2_I422\DEBUG\VC100.PDB
D:\STUDY\VLC\VLC-2.1.0.SUBPROJECT-2010\PLUGINS\YUY2_I422\DEBUG\YUY2_I422.DLL.EMBED.MANIFEST
D:\STUDY\VLC\VLC-2.1.0.SUBPROJECT-2010\PLUGINS\YUY2_I422\DEBUG\YUY2_I422.DLL.EMBED.MANIFEST.RES
D:\STUDY\VLC\VLC-2.1.0.SUBPROJECT-2010\PLUGINS\YUY2_I422\DEBUG\YUY2_I422.DLL.INTERMEDIATE.MANIFEST
D:\STUDY\VLC\VLC-2.1.0.SUBPROJECT-2010\PLUGINS\YUY2_I422\DEBUG\YUY2_I422.OBJ
D:\STUDY\VLC\VLC-2.1.0.SUBPROJECT-2010\PLUGINS\YUY2_I422\DEBUG\YUY2_I422.PCH
D:\STUDY\VLC\VLC-2.1.0.SUBPROJECT-2010\PLUGINS\YUY2_I422\DEBUG\YUY2_I422.RES
D:\Study\vlc\vlc-2.1.0.subproject-2010\plugins\yuy2_i422\Debug\yuy2_i422.write.1.tlog
D:\Study\vlc\vlc-2.1.0.subproject-2010\plugins\yuy2_i422\Debug\yuy2_i422_manifest.rc
D:\STUDY\VLC\VLC-2.1.0.SUBPROJECT-2010\PLUGINS\YUY2_I422\DEBUG\YUY2_I4221.OBJ
