D:\STUDY\VLC\VLC-2.1.0.SUBPROJECT-2010\DEBUG\PLUGINS\VISUALIZATION\LIBVISUAL_PLUGIN.DLL
D:\STUDY\VLC\VLC-2.1.0.SUBPROJECT-2010\DEBUG\PLUGINS\VISUALIZATION\LIBVISUAL_PLUGIN.ILK
D:\Study\vlc\vlc-2.1.0.subproject-2010\Debug\visual.exp
D:\Study\vlc\vlc-2.1.0.subproject-2010\Debug\visual.lib
D:\STUDY\VLC\VLC-2.1.0.SUBPROJECT-2010\DEBUG\VISUAL.PDB
D:\Study\vlc\vlc-2.1.0.subproject-2010\plugins\visual\Debug\cl.command.1.tlog
D:\Study\vlc\vlc-2.1.0.subproject-2010\plugins\visual\Debug\CL.read.1.tlog
D:\Study\vlc\vlc-2.1.0.subproject-2010\plugins\visual\Debug\CL.write.1.tlog
D:\STUDY\VLC\VLC-2.1.0.SUBPROJECT-2010\PLUGINS\VISUAL\DEBUG\EFFECTS.OBJ
D:\STUDY\VLC\VLC-2.1.0.SUBPROJECT-2010\PLUGINS\VISUAL\DEBUG\FFT.OBJ
D:\Study\vlc\vlc-2.1.0.subproject-2010\plugins\visual\Debug\link.4964.read.1.tlog
D:\Study\vlc\vlc-2.1.0.subproject-2010\plugins\visual\Debug\link.4964.write.1.tlog
D:\Study\vlc\vlc-2.1.0.subproject-2010\plugins\visual\Debug\link.4964-cvtres.read.1.tlog
D:\Study\vlc\vlc-2.1.0.subproject-2010\plugins\visual\Debug\link.4964-cvtres.write.1.tlog
D:\Study\vlc\vlc-2.1.0.subproject-2010\plugins\visual\Debug\link.command.1.tlog
D:\Study\vlc\vlc-2.1.0.subproject-2010\plugins\visual\Debug\link.read.1.tlog
D:\Study\vlc\vlc-2.1.0.subproject-2010\plugins\visual\Debug\link.write.1.tlog
D:\Study\vlc\vlc-2.1.0.subproject-2010\plugins\visual\Debug\link-cvtres.read.1.tlog
D:\Study\vlc\vlc-2.1.0.subproject-2010\plugins\visual\Debug\link-cvtres.write.1.tlog
D:\Study\vlc\vlc-2.1.0.subproject-2010\plugins\visual\Debug\mt.command.1.tlog
D:\Study\vlc\vlc-2.1.0.subproject-2010\plugins\visual\Debug\mt.read.1.tlog
D:\Study\vlc\vlc-2.1.0.subproject-2010\plugins\visual\Debug\mt.write.1.tlog
D:\Study\vlc\vlc-2.1.0.subproject-2010\plugins\visual\Debug\rc.command.1.tlog
D:\Study\vlc\vlc-2.1.0.subproject-2010\plugins\visual\Debug\rc.read.1.tlog
D:\Study\vlc\vlc-2.1.0.subproject-2010\plugins\visual\Debug\rc.write.1.tlog
D:\STUDY\VLC\VLC-2.1.0.SUBPROJECT-2010\PLUGINS\VISUAL\DEBUG\STDAFX.OBJ
D:\Study\vlc\vlc-2.1.0.subproject-2010\plugins\visual\Debug\vc100.idb
D:\STUDY\VLC\VLC-2.1.0.SUBPROJECT-2010\PLUGINS\VISUAL\DEBUG\VC100.PDB
D:\STUDY\VLC\VLC-2.1.0.SUBPROJECT-2010\PLUGINS\VISUAL\DEBUG\VISUAL.DLL.EMBED.MANIFEST
D:\STUDY\VLC\VLC-2.1.0.SUBPROJECT-2010\PLUGINS\VISUAL\DEBUG\VISUAL.DLL.EMBED.MANIFEST.RES
D:\STUDY\VLC\VLC-2.1.0.SUBPROJECT-2010\PLUGINS\VISUAL\DEBUG\VISUAL.DLL.INTERMEDIATE.MANIFEST
D:\STUDY\VLC\VLC-2.1.0.SUBPROJECT-2010\PLUGINS\VISUAL\DEBUG\VISUAL.OBJ
D:\STUDY\VLC\VLC-2.1.0.SUBPROJECT-2010\PLUGINS\VISUAL\DEBUG\VISUAL.PCH
D:\STUDY\VLC\VLC-2.1.0.SUBPROJECT-2010\PLUGINS\VISUAL\DEBUG\VISUAL.RES
D:\Study\vlc\vlc-2.1.0.subproject-2010\plugins\visual\Debug\visual.write.1.tlog
D:\Study\vlc\vlc-2.1.0.subproject-2010\plugins\visual\Debug\visual_manifest.rc
D:\STUDY\VLC\VLC-2.1.0.SUBPROJECT-2010\PLUGINS\VISUAL\DEBUG\VISUAL1.OBJ
