D:\STUDY\VLC\VLC-2.1.0.SUBPROJECT-2010\DEBUG\PLUGINS\AUDIO_FILTER\LIBSPEEX_RESAMPLER_PLUGIN.DLL
D:\STUDY\VLC\VLC-2.1.0.SUBPROJECT-2010\DEBUG\PLUGINS\AUDIO_FILTER\LIBSPEEX_RESAMPLER_PLUGIN.ILK
D:\Study\vlc\vlc-2.1.0.subproject-2010\Debug\speex_resampler.exp
D:\Study\vlc\vlc-2.1.0.subproject-2010\Debug\speex_resampler.lib
D:\STUDY\VLC\VLC-2.1.0.SUBPROJECT-2010\DEBUG\SPEEX_RESAMPLER.PDB
D:\Study\vlc\vlc-2.1.0.subproject-2010\plugins\speex_resampler\Debug\cl.command.1.tlog
D:\Study\vlc\vlc-2.1.0.subproject-2010\plugins\speex_resampler\Debug\CL.read.1.tlog
D:\Study\vlc\vlc-2.1.0.subproject-2010\plugins\speex_resampler\Debug\CL.write.1.tlog
D:\Study\vlc\vlc-2.1.0.subproject-2010\plugins\speex_resampler\Debug\link.2164.read.1.tlog
D:\Study\vlc\vlc-2.1.0.subproject-2010\plugins\speex_resampler\Debug\link.2164.write.1.tlog
D:\Study\vlc\vlc-2.1.0.subproject-2010\plugins\speex_resampler\Debug\link.2164-cvtres.read.1.tlog
D:\Study\vlc\vlc-2.1.0.subproject-2010\plugins\speex_resampler\Debug\link.2164-cvtres.write.1.tlog
D:\Study\vlc\vlc-2.1.0.subproject-2010\plugins\speex_resampler\Debug\link.command.1.tlog
D:\Study\vlc\vlc-2.1.0.subproject-2010\plugins\speex_resampler\Debug\link.read.1.tlog
D:\Study\vlc\vlc-2.1.0.subproject-2010\plugins\speex_resampler\Debug\link.write.1.tlog
D:\Study\vlc\vlc-2.1.0.subproject-2010\plugins\speex_resampler\Debug\link-cvtres.read.1.tlog
D:\Study\vlc\vlc-2.1.0.subproject-2010\plugins\speex_resampler\Debug\link-cvtres.write.1.tlog
D:\Study\vlc\vlc-2.1.0.subproject-2010\plugins\speex_resampler\Debug\mt.command.1.tlog
D:\Study\vlc\vlc-2.1.0.subproject-2010\plugins\speex_resampler\Debug\mt.read.1.tlog
D:\Study\vlc\vlc-2.1.0.subproject-2010\plugins\speex_resampler\Debug\mt.write.1.tlog
D:\Study\vlc\vlc-2.1.0.subproject-2010\plugins\speex_resampler\Debug\rc.command.1.tlog
D:\Study\vlc\vlc-2.1.0.subproject-2010\plugins\speex_resampler\Debug\rc.read.1.tlog
D:\Study\vlc\vlc-2.1.0.subproject-2010\plugins\speex_resampler\Debug\rc.write.1.tlog
D:\STUDY\VLC\VLC-2.1.0.SUBPROJECT-2010\PLUGINS\SPEEX_RESAMPLER\DEBUG\SPEEX.OBJ
D:\STUDY\VLC\VLC-2.1.0.SUBPROJECT-2010\PLUGINS\SPEEX_RESAMPLER\DEBUG\SPEEX_RESAMPLER.DLL.EMBED.MANIFEST
D:\STUDY\VLC\VLC-2.1.0.SUBPROJECT-2010\PLUGINS\SPEEX_RESAMPLER\DEBUG\SPEEX_RESAMPLER.DLL.EMBED.MANIFEST.RES
D:\STUDY\VLC\VLC-2.1.0.SUBPROJECT-2010\PLUGINS\SPEEX_RESAMPLER\DEBUG\SPEEX_RESAMPLER.DLL.INTERMEDIATE.MANIFEST
D:\STUDY\VLC\VLC-2.1.0.SUBPROJECT-2010\PLUGINS\SPEEX_RESAMPLER\DEBUG\SPEEX_RESAMPLER.OBJ
D:\STUDY\VLC\VLC-2.1.0.SUBPROJECT-2010\PLUGINS\SPEEX_RESAMPLER\DEBUG\SPEEX_RESAMPLER.PCH
D:\STUDY\VLC\VLC-2.1.0.SUBPROJECT-2010\PLUGINS\SPEEX_RESAMPLER\DEBUG\SPEEX_RESAMPLER.RES
D:\Study\vlc\vlc-2.1.0.subproject-2010\plugins\speex_resampler\Debug\speex_resampler.write.1.tlog
D:\Study\vlc\vlc-2.1.0.subproject-2010\plugins\speex_resampler\Debug\speex_resampler_manifest.rc
D:\STUDY\VLC\VLC-2.1.0.SUBPROJECT-2010\PLUGINS\SPEEX_RESAMPLER\DEBUG\STDAFX.OBJ
D:\Study\vlc\vlc-2.1.0.subproject-2010\plugins\speex_resampler\Debug\vc100.idb
D:\STUDY\VLC\VLC-2.1.0.SUBPROJECT-2010\PLUGINS\SPEEX_RESAMPLER\DEBUG\VC100.PDB
