D:\Study\vlc\vlc-2.1.0.subproject-2010\Debug\httplive.exp
D:\Study\vlc\vlc-2.1.0.subproject-2010\Debug\httplive.lib
D:\STUDY\VLC\VLC-2.1.0.SUBPROJECT-2010\DEBUG\HTTPLIVE.PDB
D:\STUDY\VLC\VLC-2.1.0.SUBPROJECT-2010\DEBUG\PLUGINS\STREAM_FILTER\LIBHTTPLIVE_PLUGIN.DLL
D:\STUDY\VLC\VLC-2.1.0.SUBPROJECT-2010\DEBUG\PLUGINS\STREAM_FILTER\LIBHTTPLIVE_PLUGIN.ILK
D:\Study\vlc\vlc-2.1.0.subproject-2010\plugins\httplive\Debug\cl.command.1.tlog
D:\Study\vlc\vlc-2.1.0.subproject-2010\plugins\httplive\Debug\CL.read.1.tlog
D:\Study\vlc\vlc-2.1.0.subproject-2010\plugins\httplive\Debug\CL.write.1.tlog
D:\STUDY\VLC\VLC-2.1.0.SUBPROJECT-2010\PLUGINS\HTTPLIVE\DEBUG\HTTPLIVE.DLL.EMBED.MANIFEST
D:\STUDY\VLC\VLC-2.1.0.SUBPROJECT-2010\PLUGINS\HTTPLIVE\DEBUG\HTTPLIVE.DLL.EMBED.MANIFEST.RES
D:\STUDY\VLC\VLC-2.1.0.SUBPROJECT-2010\PLUGINS\HTTPLIVE\DEBUG\HTTPLIVE.DLL.INTERMEDIATE.MANIFEST
D:\STUDY\VLC\VLC-2.1.0.SUBPROJECT-2010\PLUGINS\HTTPLIVE\DEBUG\HTTPLIVE.OBJ
D:\STUDY\VLC\VLC-2.1.0.SUBPROJECT-2010\PLUGINS\HTTPLIVE\DEBUG\HTTPLIVE.PCH
D:\STUDY\VLC\VLC-2.1.0.SUBPROJECT-2010\PLUGINS\HTTPLIVE\DEBUG\HTTPLIVE.RES
D:\Study\vlc\vlc-2.1.0.subproject-2010\plugins\httplive\Debug\httplive.vcxprojResolveAssemblyReference.cache
D:\Study\vlc\vlc-2.1.0.subproject-2010\plugins\httplive\Debug\httplive.write.1.tlog
D:\Study\vlc\vlc-2.1.0.subproject-2010\plugins\httplive\Debug\httplive_manifest.rc
D:\STUDY\VLC\VLC-2.1.0.SUBPROJECT-2010\PLUGINS\HTTPLIVE\DEBUG\HTTPLIVE1.OBJ
D:\Study\vlc\vlc-2.1.0.subproject-2010\plugins\httplive\Debug\link.1192.read.1.tlog
D:\Study\vlc\vlc-2.1.0.subproject-2010\plugins\httplive\Debug\link.1192.write.1.tlog
D:\Study\vlc\vlc-2.1.0.subproject-2010\plugins\httplive\Debug\link.1192-cvtres.read.1.tlog
D:\Study\vlc\vlc-2.1.0.subproject-2010\plugins\httplive\Debug\link.1192-cvtres.write.1.tlog
D:\Study\vlc\vlc-2.1.0.subproject-2010\plugins\httplive\Debug\link.command.1.tlog
D:\Study\vlc\vlc-2.1.0.subproject-2010\plugins\httplive\Debug\link.read.1.tlog
D:\Study\vlc\vlc-2.1.0.subproject-2010\plugins\httplive\Debug\link.write.1.tlog
D:\Study\vlc\vlc-2.1.0.subproject-2010\plugins\httplive\Debug\link-cvtres.read.1.tlog
D:\Study\vlc\vlc-2.1.0.subproject-2010\plugins\httplive\Debug\link-cvtres.write.1.tlog
D:\Study\vlc\vlc-2.1.0.subproject-2010\plugins\httplive\Debug\mt.command.1.tlog
D:\Study\vlc\vlc-2.1.0.subproject-2010\plugins\httplive\Debug\mt.read.1.tlog
D:\Study\vlc\vlc-2.1.0.subproject-2010\plugins\httplive\Debug\mt.write.1.tlog
D:\Study\vlc\vlc-2.1.0.subproject-2010\plugins\httplive\Debug\rc.command.1.tlog
D:\Study\vlc\vlc-2.1.0.subproject-2010\plugins\httplive\Debug\rc.read.1.tlog
D:\Study\vlc\vlc-2.1.0.subproject-2010\plugins\httplive\Debug\rc.write.1.tlog
D:\STUDY\VLC\VLC-2.1.0.SUBPROJECT-2010\PLUGINS\HTTPLIVE\DEBUG\STDAFX.OBJ
D:\Study\vlc\vlc-2.1.0.subproject-2010\plugins\httplive\Debug\vc100.idb
D:\STUDY\VLC\VLC-2.1.0.SUBPROJECT-2010\PLUGINS\HTTPLIVE\DEBUG\VC100.PDB
