D:\Study\vlc\vlc-2.1.0.subproject-2010\Debug\libbluray.exp
D:\Study\vlc\vlc-2.1.0.subproject-2010\Debug\libbluray.lib
D:\STUDY\VLC\VLC-2.1.0.SUBPROJECT-2010\DEBUG\LIBBLURAY.PDB
D:\STUDY\VLC\VLC-2.1.0.SUBPROJECT-2010\DEBUG\PLUGINS\ACCESS\LIBLIBBLURAY_PLUGIN.DLL
D:\STUDY\VLC\VLC-2.1.0.SUBPROJECT-2010\DEBUG\PLUGINS\ACCESS\LIBLIBBLURAY_PLUGIN.ILK
D:\STUDY\VLC\VLC-2.1.0.SUBPROJECT-2010\PLUGINS\LIBBLURAY\DEBUG\BLURAY.OBJ
D:\Study\vlc\vlc-2.1.0.subproject-2010\plugins\libbluray\Debug\cl.command.1.tlog
D:\Study\vlc\vlc-2.1.0.subproject-2010\plugins\libbluray\Debug\CL.read.1.tlog
D:\Study\vlc\vlc-2.1.0.subproject-2010\plugins\libbluray\Debug\CL.write.1.tlog
D:\STUDY\VLC\VLC-2.1.0.SUBPROJECT-2010\PLUGINS\LIBBLURAY\DEBUG\LIBBLURAY.DLL.EMBED.MANIFEST
D:\STUDY\VLC\VLC-2.1.0.SUBPROJECT-2010\PLUGINS\LIBBLURAY\DEBUG\LIBBLURAY.DLL.EMBED.MANIFEST.RES
D:\STUDY\VLC\VLC-2.1.0.SUBPROJECT-2010\PLUGINS\LIBBLURAY\DEBUG\LIBBLURAY.DLL.INTERMEDIATE.MANIFEST
D:\STUDY\VLC\VLC-2.1.0.SUBPROJECT-2010\PLUGINS\LIBBLURAY\DEBUG\LIBBLURAY.OBJ
D:\STUDY\VLC\VLC-2.1.0.SUBPROJECT-2010\PLUGINS\LIBBLURAY\DEBUG\LIBBLURAY.PCH
D:\STUDY\VLC\VLC-2.1.0.SUBPROJECT-2010\PLUGINS\LIBBLURAY\DEBUG\LIBBLURAY.RES
D:\Study\vlc\vlc-2.1.0.subproject-2010\plugins\libbluray\Debug\libbluray.write.1.tlog
D:\Study\vlc\vlc-2.1.0.subproject-2010\plugins\libbluray\Debug\libbluray_manifest.rc
D:\Study\vlc\vlc-2.1.0.subproject-2010\plugins\libbluray\Debug\link.13200.read.1.tlog
D:\Study\vlc\vlc-2.1.0.subproject-2010\plugins\libbluray\Debug\link.13200.write.1.tlog
D:\Study\vlc\vlc-2.1.0.subproject-2010\plugins\libbluray\Debug\link.13200-cvtres.read.1.tlog
D:\Study\vlc\vlc-2.1.0.subproject-2010\plugins\libbluray\Debug\link.13200-cvtres.write.1.tlog
D:\Study\vlc\vlc-2.1.0.subproject-2010\plugins\libbluray\Debug\link.command.1.tlog
D:\Study\vlc\vlc-2.1.0.subproject-2010\plugins\libbluray\Debug\link.read.1.tlog
D:\Study\vlc\vlc-2.1.0.subproject-2010\plugins\libbluray\Debug\link.write.1.tlog
D:\Study\vlc\vlc-2.1.0.subproject-2010\plugins\libbluray\Debug\link-cvtres.read.1.tlog
D:\Study\vlc\vlc-2.1.0.subproject-2010\plugins\libbluray\Debug\link-cvtres.write.1.tlog
D:\Study\vlc\vlc-2.1.0.subproject-2010\plugins\libbluray\Debug\mt.command.1.tlog
D:\Study\vlc\vlc-2.1.0.subproject-2010\plugins\libbluray\Debug\mt.read.1.tlog
D:\Study\vlc\vlc-2.1.0.subproject-2010\plugins\libbluray\Debug\mt.write.1.tlog
D:\Study\vlc\vlc-2.1.0.subproject-2010\plugins\libbluray\Debug\rc.command.1.tlog
D:\Study\vlc\vlc-2.1.0.subproject-2010\plugins\libbluray\Debug\rc.read.1.tlog
D:\Study\vlc\vlc-2.1.0.subproject-2010\plugins\libbluray\Debug\rc.write.1.tlog
D:\STUDY\VLC\VLC-2.1.0.SUBPROJECT-2010\PLUGINS\LIBBLURAY\DEBUG\STDAFX.OBJ
D:\Study\vlc\vlc-2.1.0.subproject-2010\plugins\libbluray\Debug\vc100.idb
D:\STUDY\VLC\VLC-2.1.0.SUBPROJECT-2010\PLUGINS\LIBBLURAY\DEBUG\VC100.PDB
