D:\Study\vlc\vlc-2.1.0.subproject-2010\Debug\mpgatofixed32.exp
D:\Study\vlc\vlc-2.1.0.subproject-2010\Debug\mpgatofixed32.lib
D:\STUDY\VLC\VLC-2.1.0.SUBPROJECT-2010\DEBUG\MPGATOFIXED32.PDB
D:\STUDY\VLC\VLC-2.1.0.SUBPROJECT-2010\DEBUG\PLUGINS\AUDIO_FILTER\LIBMPGATOFIXED32_PLUGIN.DLL
D:\STUDY\VLC\VLC-2.1.0.SUBPROJECT-2010\DEBUG\PLUGINS\AUDIO_FILTER\LIBMPGATOFIXED32_PLUGIN.ILK
D:\Study\vlc\vlc-2.1.0.subproject-2010\plugins\mpgatofixed32\Debug\cl.command.1.tlog
D:\Study\vlc\vlc-2.1.0.subproject-2010\plugins\mpgatofixed32\Debug\CL.read.1.tlog
D:\Study\vlc\vlc-2.1.0.subproject-2010\plugins\mpgatofixed32\Debug\CL.write.1.tlog
D:\Study\vlc\vlc-2.1.0.subproject-2010\plugins\mpgatofixed32\Debug\link.12508.read.1.tlog
D:\Study\vlc\vlc-2.1.0.subproject-2010\plugins\mpgatofixed32\Debug\link.12508.write.1.tlog
D:\Study\vlc\vlc-2.1.0.subproject-2010\plugins\mpgatofixed32\Debug\link.12508-cvtres.read.1.tlog
D:\Study\vlc\vlc-2.1.0.subproject-2010\plugins\mpgatofixed32\Debug\link.12508-cvtres.write.1.tlog
D:\Study\vlc\vlc-2.1.0.subproject-2010\plugins\mpgatofixed32\Debug\link.command.1.tlog
D:\Study\vlc\vlc-2.1.0.subproject-2010\plugins\mpgatofixed32\Debug\link.read.1.tlog
D:\Study\vlc\vlc-2.1.0.subproject-2010\plugins\mpgatofixed32\Debug\link.write.1.tlog
D:\Study\vlc\vlc-2.1.0.subproject-2010\plugins\mpgatofixed32\Debug\link-cvtres.read.1.tlog
D:\Study\vlc\vlc-2.1.0.subproject-2010\plugins\mpgatofixed32\Debug\link-cvtres.write.1.tlog
D:\STUDY\VLC\VLC-2.1.0.SUBPROJECT-2010\PLUGINS\MPGATOFIXED32\DEBUG\MPGATOFIXED32.DLL.EMBED.MANIFEST
D:\STUDY\VLC\VLC-2.1.0.SUBPROJECT-2010\PLUGINS\MPGATOFIXED32\DEBUG\MPGATOFIXED32.DLL.EMBED.MANIFEST.RES
D:\STUDY\VLC\VLC-2.1.0.SUBPROJECT-2010\PLUGINS\MPGATOFIXED32\DEBUG\MPGATOFIXED32.DLL.INTERMEDIATE.MANIFEST
D:\STUDY\VLC\VLC-2.1.0.SUBPROJECT-2010\PLUGINS\MPGATOFIXED32\DEBUG\MPGATOFIXED32.OBJ
D:\STUDY\VLC\VLC-2.1.0.SUBPROJECT-2010\PLUGINS\MPGATOFIXED32\DEBUG\MPGATOFIXED32.PCH
D:\STUDY\VLC\VLC-2.1.0.SUBPROJECT-2010\PLUGINS\MPGATOFIXED32\DEBUG\MPGATOFIXED32.RES
D:\Study\vlc\vlc-2.1.0.subproject-2010\plugins\mpgatofixed32\Debug\mpgatofixed32.write.1.tlog
D:\Study\vlc\vlc-2.1.0.subproject-2010\plugins\mpgatofixed32\Debug\mpgatofixed32_manifest.rc
D:\STUDY\VLC\VLC-2.1.0.SUBPROJECT-2010\PLUGINS\MPGATOFIXED32\DEBUG\MPGATOFIXED321.OBJ
D:\Study\vlc\vlc-2.1.0.subproject-2010\plugins\mpgatofixed32\Debug\mt.command.1.tlog
D:\Study\vlc\vlc-2.1.0.subproject-2010\plugins\mpgatofixed32\Debug\mt.read.1.tlog
D:\Study\vlc\vlc-2.1.0.subproject-2010\plugins\mpgatofixed32\Debug\mt.write.1.tlog
D:\Study\vlc\vlc-2.1.0.subproject-2010\plugins\mpgatofixed32\Debug\rc.command.1.tlog
D:\Study\vlc\vlc-2.1.0.subproject-2010\plugins\mpgatofixed32\Debug\rc.read.1.tlog
D:\Study\vlc\vlc-2.1.0.subproject-2010\plugins\mpgatofixed32\Debug\rc.write.1.tlog
D:\STUDY\VLC\VLC-2.1.0.SUBPROJECT-2010\PLUGINS\MPGATOFIXED32\DEBUG\STDAFX.OBJ
D:\Study\vlc\vlc-2.1.0.subproject-2010\plugins\mpgatofixed32\Debug\vc100.idb
D:\STUDY\VLC\VLC-2.1.0.SUBPROJECT-2010\PLUGINS\MPGATOFIXED32\DEBUG\VC100.PDB
