D:\STUDY\VLC\VLC-2.1.0.SUBPROJECT-2010\DEBUG\PLUGINS\CODEC\LIBTWOLAME_PLUGIN.DLL
D:\STUDY\VLC\VLC-2.1.0.SUBPROJECT-2010\DEBUG\PLUGINS\CODEC\LIBTWOLAME_PLUGIN.ILK
D:\Study\vlc\vlc-2.1.0.subproject-2010\Debug\twolame.exp
D:\Study\vlc\vlc-2.1.0.subproject-2010\Debug\twolame.lib
D:\STUDY\VLC\VLC-2.1.0.SUBPROJECT-2010\DEBUG\TWOLAME.PDB
D:\Study\vlc\vlc-2.1.0.subproject-2010\plugins\twolame\Debug\cl.command.1.tlog
D:\Study\vlc\vlc-2.1.0.subproject-2010\plugins\twolame\Debug\CL.read.1.tlog
D:\Study\vlc\vlc-2.1.0.subproject-2010\plugins\twolame\Debug\CL.write.1.tlog
D:\Study\vlc\vlc-2.1.0.subproject-2010\plugins\twolame\Debug\link.13232.read.1.tlog
D:\Study\vlc\vlc-2.1.0.subproject-2010\plugins\twolame\Debug\link.13232.write.1.tlog
D:\Study\vlc\vlc-2.1.0.subproject-2010\plugins\twolame\Debug\link.13232-cvtres.read.1.tlog
D:\Study\vlc\vlc-2.1.0.subproject-2010\plugins\twolame\Debug\link.13232-cvtres.write.1.tlog
D:\Study\vlc\vlc-2.1.0.subproject-2010\plugins\twolame\Debug\link.command.1.tlog
D:\Study\vlc\vlc-2.1.0.subproject-2010\plugins\twolame\Debug\link.read.1.tlog
D:\Study\vlc\vlc-2.1.0.subproject-2010\plugins\twolame\Debug\link.write.1.tlog
D:\Study\vlc\vlc-2.1.0.subproject-2010\plugins\twolame\Debug\link-cvtres.read.1.tlog
D:\Study\vlc\vlc-2.1.0.subproject-2010\plugins\twolame\Debug\link-cvtres.write.1.tlog
D:\Study\vlc\vlc-2.1.0.subproject-2010\plugins\twolame\Debug\mt.command.1.tlog
D:\Study\vlc\vlc-2.1.0.subproject-2010\plugins\twolame\Debug\mt.read.1.tlog
D:\Study\vlc\vlc-2.1.0.subproject-2010\plugins\twolame\Debug\mt.write.1.tlog
D:\Study\vlc\vlc-2.1.0.subproject-2010\plugins\twolame\Debug\rc.command.1.tlog
D:\Study\vlc\vlc-2.1.0.subproject-2010\plugins\twolame\Debug\rc.read.1.tlog
D:\Study\vlc\vlc-2.1.0.subproject-2010\plugins\twolame\Debug\rc.write.1.tlog
D:\STUDY\VLC\VLC-2.1.0.SUBPROJECT-2010\PLUGINS\TWOLAME\DEBUG\STDAFX.OBJ
D:\STUDY\VLC\VLC-2.1.0.SUBPROJECT-2010\PLUGINS\TWOLAME\DEBUG\TWOLAME.DLL.EMBED.MANIFEST
D:\STUDY\VLC\VLC-2.1.0.SUBPROJECT-2010\PLUGINS\TWOLAME\DEBUG\TWOLAME.DLL.EMBED.MANIFEST.RES
D:\STUDY\VLC\VLC-2.1.0.SUBPROJECT-2010\PLUGINS\TWOLAME\DEBUG\TWOLAME.DLL.INTERMEDIATE.MANIFEST
D:\STUDY\VLC\VLC-2.1.0.SUBPROJECT-2010\PLUGINS\TWOLAME\DEBUG\TWOLAME.OBJ
D:\STUDY\VLC\VLC-2.1.0.SUBPROJECT-2010\PLUGINS\TWOLAME\DEBUG\TWOLAME.PCH
D:\STUDY\VLC\VLC-2.1.0.SUBPROJECT-2010\PLUGINS\TWOLAME\DEBUG\TWOLAME.RES
D:\Study\vlc\vlc-2.1.0.subproject-2010\plugins\twolame\Debug\twolame.write.1.tlog
D:\Study\vlc\vlc-2.1.0.subproject-2010\plugins\twolame\Debug\twolame_manifest.rc
D:\STUDY\VLC\VLC-2.1.0.SUBPROJECT-2010\PLUGINS\TWOLAME\DEBUG\TWOLAME1.OBJ
D:\Study\vlc\vlc-2.1.0.subproject-2010\plugins\twolame\Debug\vc100.idb
D:\STUDY\VLC\VLC-2.1.0.SUBPROJECT-2010\PLUGINS\TWOLAME\DEBUG\VC100.PDB
