D:\Study\vlc\vlc-2.1.0.subproject-2010\Debug\nuv.exp
D:\Study\vlc\vlc-2.1.0.subproject-2010\Debug\nuv.lib
D:\STUDY\VLC\VLC-2.1.0.SUBPROJECT-2010\DEBUG\NUV.PDB
D:\STUDY\VLC\VLC-2.1.0.SUBPROJECT-2010\DEBUG\PLUGINS\DEMUX\LIBNUV_PLUGIN.DLL
D:\STUDY\VLC\VLC-2.1.0.SUBPROJECT-2010\DEBUG\PLUGINS\DEMUX\LIBNUV_PLUGIN.ILK
D:\Study\vlc\vlc-2.1.0.subproject-2010\plugins\nuv\Debug\cl.command.1.tlog
D:\Study\vlc\vlc-2.1.0.subproject-2010\plugins\nuv\Debug\CL.read.1.tlog
D:\Study\vlc\vlc-2.1.0.subproject-2010\plugins\nuv\Debug\CL.write.1.tlog
D:\Study\vlc\vlc-2.1.0.subproject-2010\plugins\nuv\Debug\link.7956.read.1.tlog
D:\Study\vlc\vlc-2.1.0.subproject-2010\plugins\nuv\Debug\link.7956.write.1.tlog
D:\Study\vlc\vlc-2.1.0.subproject-2010\plugins\nuv\Debug\link.7956-cvtres.read.1.tlog
D:\Study\vlc\vlc-2.1.0.subproject-2010\plugins\nuv\Debug\link.7956-cvtres.write.1.tlog
D:\Study\vlc\vlc-2.1.0.subproject-2010\plugins\nuv\Debug\link.command.1.tlog
D:\Study\vlc\vlc-2.1.0.subproject-2010\plugins\nuv\Debug\link.read.1.tlog
D:\Study\vlc\vlc-2.1.0.subproject-2010\plugins\nuv\Debug\link.write.1.tlog
D:\Study\vlc\vlc-2.1.0.subproject-2010\plugins\nuv\Debug\link-cvtres.read.1.tlog
D:\Study\vlc\vlc-2.1.0.subproject-2010\plugins\nuv\Debug\link-cvtres.write.1.tlog
D:\Study\vlc\vlc-2.1.0.subproject-2010\plugins\nuv\Debug\mt.command.1.tlog
D:\Study\vlc\vlc-2.1.0.subproject-2010\plugins\nuv\Debug\mt.read.1.tlog
D:\Study\vlc\vlc-2.1.0.subproject-2010\plugins\nuv\Debug\mt.write.1.tlog
D:\STUDY\VLC\VLC-2.1.0.SUBPROJECT-2010\PLUGINS\NUV\DEBUG\NUV.DLL.EMBED.MANIFEST
D:\STUDY\VLC\VLC-2.1.0.SUBPROJECT-2010\PLUGINS\NUV\DEBUG\NUV.DLL.EMBED.MANIFEST.RES
D:\STUDY\VLC\VLC-2.1.0.SUBPROJECT-2010\PLUGINS\NUV\DEBUG\NUV.DLL.INTERMEDIATE.MANIFEST
D:\STUDY\VLC\VLC-2.1.0.SUBPROJECT-2010\PLUGINS\NUV\DEBUG\NUV.OBJ
D:\STUDY\VLC\VLC-2.1.0.SUBPROJECT-2010\PLUGINS\NUV\DEBUG\NUV.PCH
D:\STUDY\VLC\VLC-2.1.0.SUBPROJECT-2010\PLUGINS\NUV\DEBUG\NUV.RES
D:\Study\vlc\vlc-2.1.0.subproject-2010\plugins\nuv\Debug\nuv.write.1.tlog
D:\Study\vlc\vlc-2.1.0.subproject-2010\plugins\nuv\Debug\nuv_manifest.rc
D:\STUDY\VLC\VLC-2.1.0.SUBPROJECT-2010\PLUGINS\NUV\DEBUG\NUV1.OBJ
D:\Study\vlc\vlc-2.1.0.subproject-2010\plugins\nuv\Debug\rc.command.1.tlog
D:\Study\vlc\vlc-2.1.0.subproject-2010\plugins\nuv\Debug\rc.read.1.tlog
D:\Study\vlc\vlc-2.1.0.subproject-2010\plugins\nuv\Debug\rc.write.1.tlog
D:\STUDY\VLC\VLC-2.1.0.SUBPROJECT-2010\PLUGINS\NUV\DEBUG\STDAFX.OBJ
D:\Study\vlc\vlc-2.1.0.subproject-2010\plugins\nuv\Debug\vc100.idb
D:\STUDY\VLC\VLC-2.1.0.SUBPROJECT-2010\PLUGINS\NUV\DEBUG\VC100.PDB
