D:\Study\vlc\vlc-2.1.0.subproject-2010\Debug\mux_mp4.exp
D:\Study\vlc\vlc-2.1.0.subproject-2010\Debug\mux_mp4.lib
D:\STUDY\VLC\VLC-2.1.0.SUBPROJECT-2010\DEBUG\MUX_MP4.PDB
D:\STUDY\VLC\VLC-2.1.0.SUBPROJECT-2010\DEBUG\PLUGINS\MUX\LIBMUX_MP4_PLUGIN.DLL
D:\STUDY\VLC\VLC-2.1.0.SUBPROJECT-2010\DEBUG\PLUGINS\MUX\LIBMUX_MP4_PLUGIN.ILK
D:\Study\vlc\vlc-2.1.0.subproject-2010\plugins\mux_mp4\Debug\cl.command.1.tlog
D:\Study\vlc\vlc-2.1.0.subproject-2010\plugins\mux_mp4\Debug\CL.read.1.tlog
D:\Study\vlc\vlc-2.1.0.subproject-2010\plugins\mux_mp4\Debug\CL.write.1.tlog
D:\Study\vlc\vlc-2.1.0.subproject-2010\plugins\mux_mp4\Debug\link.12152.read.1.tlog
D:\Study\vlc\vlc-2.1.0.subproject-2010\plugins\mux_mp4\Debug\link.12152.write.1.tlog
D:\Study\vlc\vlc-2.1.0.subproject-2010\plugins\mux_mp4\Debug\link.12152-cvtres.read.1.tlog
D:\Study\vlc\vlc-2.1.0.subproject-2010\plugins\mux_mp4\Debug\link.12152-cvtres.write.1.tlog
D:\Study\vlc\vlc-2.1.0.subproject-2010\plugins\mux_mp4\Debug\link.command.1.tlog
D:\Study\vlc\vlc-2.1.0.subproject-2010\plugins\mux_mp4\Debug\link.read.1.tlog
D:\Study\vlc\vlc-2.1.0.subproject-2010\plugins\mux_mp4\Debug\link.write.1.tlog
D:\Study\vlc\vlc-2.1.0.subproject-2010\plugins\mux_mp4\Debug\link-cvtres.read.1.tlog
D:\Study\vlc\vlc-2.1.0.subproject-2010\plugins\mux_mp4\Debug\link-cvtres.write.1.tlog
D:\STUDY\VLC\VLC-2.1.0.SUBPROJECT-2010\PLUGINS\MUX_MP4\DEBUG\MP4.OBJ
D:\Study\vlc\vlc-2.1.0.subproject-2010\plugins\mux_mp4\Debug\mt.command.1.tlog
D:\Study\vlc\vlc-2.1.0.subproject-2010\plugins\mux_mp4\Debug\mt.read.1.tlog
D:\Study\vlc\vlc-2.1.0.subproject-2010\plugins\mux_mp4\Debug\mt.write.1.tlog
D:\STUDY\VLC\VLC-2.1.0.SUBPROJECT-2010\PLUGINS\MUX_MP4\DEBUG\MUX_MP4.DLL.EMBED.MANIFEST
D:\STUDY\VLC\VLC-2.1.0.SUBPROJECT-2010\PLUGINS\MUX_MP4\DEBUG\MUX_MP4.DLL.EMBED.MANIFEST.RES
D:\STUDY\VLC\VLC-2.1.0.SUBPROJECT-2010\PLUGINS\MUX_MP4\DEBUG\MUX_MP4.DLL.INTERMEDIATE.MANIFEST
D:\STUDY\VLC\VLC-2.1.0.SUBPROJECT-2010\PLUGINS\MUX_MP4\DEBUG\MUX_MP4.OBJ
D:\STUDY\VLC\VLC-2.1.0.SUBPROJECT-2010\PLUGINS\MUX_MP4\DEBUG\MUX_MP4.PCH
D:\STUDY\VLC\VLC-2.1.0.SUBPROJECT-2010\PLUGINS\MUX_MP4\DEBUG\MUX_MP4.RES
D:\Study\vlc\vlc-2.1.0.subproject-2010\plugins\mux_mp4\Debug\mux_mp4.write.1.tlog
D:\Study\vlc\vlc-2.1.0.subproject-2010\plugins\mux_mp4\Debug\mux_mp4_manifest.rc
D:\Study\vlc\vlc-2.1.0.subproject-2010\plugins\mux_mp4\Debug\rc.command.1.tlog
D:\Study\vlc\vlc-2.1.0.subproject-2010\plugins\mux_mp4\Debug\rc.read.1.tlog
D:\Study\vlc\vlc-2.1.0.subproject-2010\plugins\mux_mp4\Debug\rc.write.1.tlog
D:\STUDY\VLC\VLC-2.1.0.SUBPROJECT-2010\PLUGINS\MUX_MP4\DEBUG\STDAFX.OBJ
D:\Study\vlc\vlc-2.1.0.subproject-2010\plugins\mux_mp4\Debug\vc100.idb
D:\STUDY\VLC\VLC-2.1.0.SUBPROJECT-2010\PLUGINS\MUX_MP4\DEBUG\VC100.PDB
