D:\STUDY\VLC\VLC-2.1.0.SUBPROJECT-2010\DEBUG\PLUGINS\VIDEO_FILTER\LIBREMOTEOSD_PLUGIN.DLL
D:\STUDY\VLC\VLC-2.1.0.SUBPROJECT-2010\DEBUG\PLUGINS\VIDEO_FILTER\LIBREMOTEOSD_PLUGIN.ILK
D:\Study\vlc\vlc-2.1.0.subproject-2010\Debug\remoteosd.exp
D:\Study\vlc\vlc-2.1.0.subproject-2010\Debug\remoteosd.lib
D:\STUDY\VLC\VLC-2.1.0.SUBPROJECT-2010\DEBUG\REMOTEOSD.PDB
D:\Study\vlc\vlc-2.1.0.subproject-2010\plugins\remoteosd\Debug\cl.command.1.tlog
D:\Study\vlc\vlc-2.1.0.subproject-2010\plugins\remoteosd\Debug\CL.read.1.tlog
D:\Study\vlc\vlc-2.1.0.subproject-2010\plugins\remoteosd\Debug\CL.write.1.tlog
D:\Study\vlc\vlc-2.1.0.subproject-2010\plugins\remoteosd\Debug\link.12828.read.1.tlog
D:\Study\vlc\vlc-2.1.0.subproject-2010\plugins\remoteosd\Debug\link.12828.write.1.tlog
D:\Study\vlc\vlc-2.1.0.subproject-2010\plugins\remoteosd\Debug\link.12828-cvtres.read.1.tlog
D:\Study\vlc\vlc-2.1.0.subproject-2010\plugins\remoteosd\Debug\link.12828-cvtres.write.1.tlog
D:\Study\vlc\vlc-2.1.0.subproject-2010\plugins\remoteosd\Debug\link.command.1.tlog
D:\Study\vlc\vlc-2.1.0.subproject-2010\plugins\remoteosd\Debug\link.read.1.tlog
D:\Study\vlc\vlc-2.1.0.subproject-2010\plugins\remoteosd\Debug\link.write.1.tlog
D:\Study\vlc\vlc-2.1.0.subproject-2010\plugins\remoteosd\Debug\link-cvtres.read.1.tlog
D:\Study\vlc\vlc-2.1.0.subproject-2010\plugins\remoteosd\Debug\link-cvtres.write.1.tlog
D:\Study\vlc\vlc-2.1.0.subproject-2010\plugins\remoteosd\Debug\mt.command.1.tlog
D:\Study\vlc\vlc-2.1.0.subproject-2010\plugins\remoteosd\Debug\mt.read.1.tlog
D:\Study\vlc\vlc-2.1.0.subproject-2010\plugins\remoteosd\Debug\mt.write.1.tlog
D:\Study\vlc\vlc-2.1.0.subproject-2010\plugins\remoteosd\Debug\rc.command.1.tlog
D:\Study\vlc\vlc-2.1.0.subproject-2010\plugins\remoteosd\Debug\rc.read.1.tlog
D:\Study\vlc\vlc-2.1.0.subproject-2010\plugins\remoteosd\Debug\rc.write.1.tlog
D:\STUDY\VLC\VLC-2.1.0.SUBPROJECT-2010\PLUGINS\REMOTEOSD\DEBUG\REMOTEOSD.DLL.EMBED.MANIFEST
D:\STUDY\VLC\VLC-2.1.0.SUBPROJECT-2010\PLUGINS\REMOTEOSD\DEBUG\REMOTEOSD.DLL.EMBED.MANIFEST.RES
D:\STUDY\VLC\VLC-2.1.0.SUBPROJECT-2010\PLUGINS\REMOTEOSD\DEBUG\REMOTEOSD.DLL.INTERMEDIATE.MANIFEST
D:\STUDY\VLC\VLC-2.1.0.SUBPROJECT-2010\PLUGINS\REMOTEOSD\DEBUG\REMOTEOSD.OBJ
D:\STUDY\VLC\VLC-2.1.0.SUBPROJECT-2010\PLUGINS\REMOTEOSD\DEBUG\REMOTEOSD.PCH
D:\STUDY\VLC\VLC-2.1.0.SUBPROJECT-2010\PLUGINS\REMOTEOSD\DEBUG\REMOTEOSD.RES
D:\Study\vlc\vlc-2.1.0.subproject-2010\plugins\remoteosd\Debug\remoteosd.write.1.tlog
D:\Study\vlc\vlc-2.1.0.subproject-2010\plugins\remoteosd\Debug\remoteosd_manifest.rc
D:\STUDY\VLC\VLC-2.1.0.SUBPROJECT-2010\PLUGINS\REMOTEOSD\DEBUG\REMOTEOSD1.OBJ
D:\STUDY\VLC\VLC-2.1.0.SUBPROJECT-2010\PLUGINS\REMOTEOSD\DEBUG\STDAFX.OBJ
D:\Study\vlc\vlc-2.1.0.subproject-2010\plugins\remoteosd\Debug\vc100.idb
D:\STUDY\VLC\VLC-2.1.0.SUBPROJECT-2010\PLUGINS\REMOTEOSD\DEBUG\VC100.PDB
