D:\Study\vlc\vlc-2.1.0.subproject-2010\Debug\i420_yuy2_mmx.exp
D:\Study\vlc\vlc-2.1.0.subproject-2010\Debug\i420_yuy2_mmx.lib
D:\STUDY\VLC\VLC-2.1.0.SUBPROJECT-2010\DEBUG\I420_YUY2_MMX.PDB
D:\STUDY\VLC\VLC-2.1.0.SUBPROJECT-2010\DEBUG\PLUGINS\MMX\LIBI420_YUY2_MMX_PLUGIN.DLL
D:\STUDY\VLC\VLC-2.1.0.SUBPROJECT-2010\DEBUG\PLUGINS\MMX\LIBI420_YUY2_MMX_PLUGIN.ILK
D:\Study\vlc\vlc-2.1.0.subproject-2010\plugins\i420_yuy2_mmx\Debug\cl.command.1.tlog
D:\Study\vlc\vlc-2.1.0.subproject-2010\plugins\i420_yuy2_mmx\Debug\CL.read.1.tlog
D:\Study\vlc\vlc-2.1.0.subproject-2010\plugins\i420_yuy2_mmx\Debug\CL.write.1.tlog
D:\STUDY\VLC\VLC-2.1.0.SUBPROJECT-2010\PLUGINS\I420_YUY2_MMX\DEBUG\I420_YUY2.OBJ
D:\STUDY\VLC\VLC-2.1.0.SUBPROJECT-2010\PLUGINS\I420_YUY2_MMX\DEBUG\I420_YUY2_MMX.DLL.EMBED.MANIFEST
D:\STUDY\VLC\VLC-2.1.0.SUBPROJECT-2010\PLUGINS\I420_YUY2_MMX\DEBUG\I420_YUY2_MMX.DLL.EMBED.MANIFEST.RES
D:\STUDY\VLC\VLC-2.1.0.SUBPROJECT-2010\PLUGINS\I420_YUY2_MMX\DEBUG\I420_YUY2_MMX.DLL.INTERMEDIATE.MANIFEST
D:\STUDY\VLC\VLC-2.1.0.SUBPROJECT-2010\PLUGINS\I420_YUY2_MMX\DEBUG\I420_YUY2_MMX.OBJ
D:\STUDY\VLC\VLC-2.1.0.SUBPROJECT-2010\PLUGINS\I420_YUY2_MMX\DEBUG\I420_YUY2_MMX.PCH
D:\STUDY\VLC\VLC-2.1.0.SUBPROJECT-2010\PLUGINS\I420_YUY2_MMX\DEBUG\I420_YUY2_MMX.RES
D:\Study\vlc\vlc-2.1.0.subproject-2010\plugins\i420_yuy2_mmx\Debug\i420_yuy2_mmx.write.1.tlog
D:\Study\vlc\vlc-2.1.0.subproject-2010\plugins\i420_yuy2_mmx\Debug\i420_yuy2_mmx_manifest.rc
D:\Study\vlc\vlc-2.1.0.subproject-2010\plugins\i420_yuy2_mmx\Debug\link.13196.read.1.tlog
D:\Study\vlc\vlc-2.1.0.subproject-2010\plugins\i420_yuy2_mmx\Debug\link.13196.write.1.tlog
D:\Study\vlc\vlc-2.1.0.subproject-2010\plugins\i420_yuy2_mmx\Debug\link.13196-cvtres.read.1.tlog
D:\Study\vlc\vlc-2.1.0.subproject-2010\plugins\i420_yuy2_mmx\Debug\link.13196-cvtres.write.1.tlog
D:\Study\vlc\vlc-2.1.0.subproject-2010\plugins\i420_yuy2_mmx\Debug\link.command.1.tlog
D:\Study\vlc\vlc-2.1.0.subproject-2010\plugins\i420_yuy2_mmx\Debug\link.read.1.tlog
D:\Study\vlc\vlc-2.1.0.subproject-2010\plugins\i420_yuy2_mmx\Debug\link.write.1.tlog
D:\Study\vlc\vlc-2.1.0.subproject-2010\plugins\i420_yuy2_mmx\Debug\link-cvtres.read.1.tlog
D:\Study\vlc\vlc-2.1.0.subproject-2010\plugins\i420_yuy2_mmx\Debug\link-cvtres.write.1.tlog
D:\Study\vlc\vlc-2.1.0.subproject-2010\plugins\i420_yuy2_mmx\Debug\mt.command.1.tlog
D:\Study\vlc\vlc-2.1.0.subproject-2010\plugins\i420_yuy2_mmx\Debug\mt.read.1.tlog
D:\Study\vlc\vlc-2.1.0.subproject-2010\plugins\i420_yuy2_mmx\Debug\mt.write.1.tlog
D:\Study\vlc\vlc-2.1.0.subproject-2010\plugins\i420_yuy2_mmx\Debug\rc.command.1.tlog
D:\Study\vlc\vlc-2.1.0.subproject-2010\plugins\i420_yuy2_mmx\Debug\rc.read.1.tlog
D:\Study\vlc\vlc-2.1.0.subproject-2010\plugins\i420_yuy2_mmx\Debug\rc.write.1.tlog
D:\STUDY\VLC\VLC-2.1.0.SUBPROJECT-2010\PLUGINS\I420_YUY2_MMX\DEBUG\STDAFX.OBJ
D:\Study\vlc\vlc-2.1.0.subproject-2010\plugins\i420_yuy2_mmx\Debug\vc100.idb
D:\STUDY\VLC\VLC-2.1.0.SUBPROJECT-2010\PLUGINS\I420_YUY2_MMX\DEBUG\VC100.PDB
