D:\Study\vlc\vlc-2.1.0.subproject-2010\Debug\i420_rgb_mmx.exp
D:\Study\vlc\vlc-2.1.0.subproject-2010\Debug\i420_rgb_mmx.lib
D:\STUDY\VLC\VLC-2.1.0.SUBPROJECT-2010\DEBUG\I420_RGB_MMX.PDB
D:\STUDY\VLC\VLC-2.1.0.SUBPROJECT-2010\DEBUG\PLUGINS\MMX\LIBI420_RGB_MMX_PLUGIN.DLL
D:\STUDY\VLC\VLC-2.1.0.SUBPROJECT-2010\DEBUG\PLUGINS\MMX\LIBI420_RGB_MMX_PLUGIN.ILK
D:\Study\vlc\vlc-2.1.0.subproject-2010\plugins\i420_rgb_mmx\Debug\cl.command.1.tlog
D:\Study\vlc\vlc-2.1.0.subproject-2010\plugins\i420_rgb_mmx\Debug\CL.read.1.tlog
D:\Study\vlc\vlc-2.1.0.subproject-2010\plugins\i420_rgb_mmx\Debug\CL.write.1.tlog
D:\STUDY\VLC\VLC-2.1.0.SUBPROJECT-2010\PLUGINS\I420_RGB_MMX\DEBUG\I420_RGB.OBJ
D:\STUDY\VLC\VLC-2.1.0.SUBPROJECT-2010\PLUGINS\I420_RGB_MMX\DEBUG\I420_RGB_MMX.DLL.EMBED.MANIFEST
D:\STUDY\VLC\VLC-2.1.0.SUBPROJECT-2010\PLUGINS\I420_RGB_MMX\DEBUG\I420_RGB_MMX.DLL.EMBED.MANIFEST.RES
D:\STUDY\VLC\VLC-2.1.0.SUBPROJECT-2010\PLUGINS\I420_RGB_MMX\DEBUG\I420_RGB_MMX.DLL.INTERMEDIATE.MANIFEST
D:\STUDY\VLC\VLC-2.1.0.SUBPROJECT-2010\PLUGINS\I420_RGB_MMX\DEBUG\I420_RGB_MMX.OBJ
D:\STUDY\VLC\VLC-2.1.0.SUBPROJECT-2010\PLUGINS\I420_RGB_MMX\DEBUG\I420_RGB_MMX.PCH
D:\STUDY\VLC\VLC-2.1.0.SUBPROJECT-2010\PLUGINS\I420_RGB_MMX\DEBUG\I420_RGB_MMX.RES
D:\Study\vlc\vlc-2.1.0.subproject-2010\plugins\i420_rgb_mmx\Debug\i420_rgb_mmx.write.1.tlog
D:\Study\vlc\vlc-2.1.0.subproject-2010\plugins\i420_rgb_mmx\Debug\i420_rgb_mmx_manifest.rc
D:\STUDY\VLC\VLC-2.1.0.SUBPROJECT-2010\PLUGINS\I420_RGB_MMX\DEBUG\I420_RGB16.OBJ
D:\Study\vlc\vlc-2.1.0.subproject-2010\plugins\i420_rgb_mmx\Debug\link.5916.read.1.tlog
D:\Study\vlc\vlc-2.1.0.subproject-2010\plugins\i420_rgb_mmx\Debug\link.5916.write.1.tlog
D:\Study\vlc\vlc-2.1.0.subproject-2010\plugins\i420_rgb_mmx\Debug\link.5916-cvtres.read.1.tlog
D:\Study\vlc\vlc-2.1.0.subproject-2010\plugins\i420_rgb_mmx\Debug\link.5916-cvtres.write.1.tlog
D:\Study\vlc\vlc-2.1.0.subproject-2010\plugins\i420_rgb_mmx\Debug\link.command.1.tlog
D:\Study\vlc\vlc-2.1.0.subproject-2010\plugins\i420_rgb_mmx\Debug\link.read.1.tlog
D:\Study\vlc\vlc-2.1.0.subproject-2010\plugins\i420_rgb_mmx\Debug\link.write.1.tlog
D:\Study\vlc\vlc-2.1.0.subproject-2010\plugins\i420_rgb_mmx\Debug\link-cvtres.read.1.tlog
D:\Study\vlc\vlc-2.1.0.subproject-2010\plugins\i420_rgb_mmx\Debug\link-cvtres.write.1.tlog
D:\Study\vlc\vlc-2.1.0.subproject-2010\plugins\i420_rgb_mmx\Debug\mt.command.1.tlog
D:\Study\vlc\vlc-2.1.0.subproject-2010\plugins\i420_rgb_mmx\Debug\mt.read.1.tlog
D:\Study\vlc\vlc-2.1.0.subproject-2010\plugins\i420_rgb_mmx\Debug\mt.write.1.tlog
D:\Study\vlc\vlc-2.1.0.subproject-2010\plugins\i420_rgb_mmx\Debug\rc.command.1.tlog
D:\Study\vlc\vlc-2.1.0.subproject-2010\plugins\i420_rgb_mmx\Debug\rc.read.1.tlog
D:\Study\vlc\vlc-2.1.0.subproject-2010\plugins\i420_rgb_mmx\Debug\rc.write.1.tlog
D:\STUDY\VLC\VLC-2.1.0.SUBPROJECT-2010\PLUGINS\I420_RGB_MMX\DEBUG\STDAFX.OBJ
D:\Study\vlc\vlc-2.1.0.subproject-2010\plugins\i420_rgb_mmx\Debug\vc100.idb
D:\STUDY\VLC\VLC-2.1.0.SUBPROJECT-2010\PLUGINS\I420_RGB_MMX\DEBUG\VC100.PDB
