D:\STUDY\VLC\VLC-2.1.0.SUBPROJECT-2010\DEBUG\PLUGINS\STREAM_OUT\LIBSTREAM_OUT_DUMMY_PLUGIN.DLL
D:\STUDY\VLC\VLC-2.1.0.SUBPROJECT-2010\DEBUG\PLUGINS\STREAM_OUT\LIBSTREAM_OUT_DUMMY_PLUGIN.ILK
D:\Study\vlc\vlc-2.1.0.subproject-2010\Debug\stream_out_dummy.exp
D:\Study\vlc\vlc-2.1.0.subproject-2010\Debug\stream_out_dummy.lib
D:\STUDY\VLC\VLC-2.1.0.SUBPROJECT-2010\DEBUG\STREAM_OUT_DUMMY.PDB
D:\Study\vlc\vlc-2.1.0.subproject-2010\plugins\stream_out_dummy\Debug\cl.command.1.tlog
D:\Study\vlc\vlc-2.1.0.subproject-2010\plugins\stream_out_dummy\Debug\CL.read.1.tlog
D:\Study\vlc\vlc-2.1.0.subproject-2010\plugins\stream_out_dummy\Debug\CL.write.1.tlog
D:\STUDY\VLC\VLC-2.1.0.SUBPROJECT-2010\PLUGINS\STREAM_OUT_DUMMY\DEBUG\DUMMY.OBJ
D:\Study\vlc\vlc-2.1.0.subproject-2010\plugins\stream_out_dummy\Debug\link.2348.read.1.tlog
D:\Study\vlc\vlc-2.1.0.subproject-2010\plugins\stream_out_dummy\Debug\link.2348.write.1.tlog
D:\Study\vlc\vlc-2.1.0.subproject-2010\plugins\stream_out_dummy\Debug\link.2348-cvtres.read.1.tlog
D:\Study\vlc\vlc-2.1.0.subproject-2010\plugins\stream_out_dummy\Debug\link.2348-cvtres.write.1.tlog
D:\Study\vlc\vlc-2.1.0.subproject-2010\plugins\stream_out_dummy\Debug\link.command.1.tlog
D:\Study\vlc\vlc-2.1.0.subproject-2010\plugins\stream_out_dummy\Debug\link.read.1.tlog
D:\Study\vlc\vlc-2.1.0.subproject-2010\plugins\stream_out_dummy\Debug\link.write.1.tlog
D:\Study\vlc\vlc-2.1.0.subproject-2010\plugins\stream_out_dummy\Debug\link-cvtres.read.1.tlog
D:\Study\vlc\vlc-2.1.0.subproject-2010\plugins\stream_out_dummy\Debug\link-cvtres.write.1.tlog
D:\Study\vlc\vlc-2.1.0.subproject-2010\plugins\stream_out_dummy\Debug\mt.command.1.tlog
D:\Study\vlc\vlc-2.1.0.subproject-2010\plugins\stream_out_dummy\Debug\mt.read.1.tlog
D:\Study\vlc\vlc-2.1.0.subproject-2010\plugins\stream_out_dummy\Debug\mt.write.1.tlog
D:\Study\vlc\vlc-2.1.0.subproject-2010\plugins\stream_out_dummy\Debug\rc.command.1.tlog
D:\Study\vlc\vlc-2.1.0.subproject-2010\plugins\stream_out_dummy\Debug\rc.read.1.tlog
D:\Study\vlc\vlc-2.1.0.subproject-2010\plugins\stream_out_dummy\Debug\rc.write.1.tlog
D:\STUDY\VLC\VLC-2.1.0.SUBPROJECT-2010\PLUGINS\STREAM_OUT_DUMMY\DEBUG\STDAFX.OBJ
D:\STUDY\VLC\VLC-2.1.0.SUBPROJECT-2010\PLUGINS\STREAM_OUT_DUMMY\DEBUG\STREAM_OUT_DUMMY.DLL.EMBED.MANIFEST
D:\STUDY\VLC\VLC-2.1.0.SUBPROJECT-2010\PLUGINS\STREAM_OUT_DUMMY\DEBUG\STREAM_OUT_DUMMY.DLL.EMBED.MANIFEST.RES
D:\STUDY\VLC\VLC-2.1.0.SUBPROJECT-2010\PLUGINS\STREAM_OUT_DUMMY\DEBUG\STREAM_OUT_DUMMY.DLL.INTERMEDIATE.MANIFEST
D:\STUDY\VLC\VLC-2.1.0.SUBPROJECT-2010\PLUGINS\STREAM_OUT_DUMMY\DEBUG\STREAM_OUT_DUMMY.OBJ
D:\STUDY\VLC\VLC-2.1.0.SUBPROJECT-2010\PLUGINS\STREAM_OUT_DUMMY\DEBUG\STREAM_OUT_DUMMY.PCH
D:\STUDY\VLC\VLC-2.1.0.SUBPROJECT-2010\PLUGINS\STREAM_OUT_DUMMY\DEBUG\STREAM_OUT_DUMMY.RES
D:\Study\vlc\vlc-2.1.0.subproject-2010\plugins\stream_out_dummy\Debug\stream_out_dummy.write.1.tlog
D:\Study\vlc\vlc-2.1.0.subproject-2010\plugins\stream_out_dummy\Debug\stream_out_dummy_manifest.rc
D:\Study\vlc\vlc-2.1.0.subproject-2010\plugins\stream_out_dummy\Debug\vc100.idb
D:\STUDY\VLC\VLC-2.1.0.SUBPROJECT-2010\PLUGINS\STREAM_OUT_DUMMY\DEBUG\VC100.PDB
