D:\Study\vlc\vlc-2.1.0.subproject-2010\Debug\audioscrobbler.exp
D:\Study\vlc\vlc-2.1.0.subproject-2010\Debug\audioscrobbler.lib
D:\STUDY\VLC\VLC-2.1.0.SUBPROJECT-2010\DEBUG\AUDIOSCROBBLER.PDB
D:\STUDY\VLC\VLC-2.1.0.SUBPROJECT-2010\DEBUG\PLUGINS\MISC\LIBAUDIOSCROBBLER_PLUGIN.DLL
D:\STUDY\VLC\VLC-2.1.0.SUBPROJECT-2010\DEBUG\PLUGINS\MISC\LIBAUDIOSCROBBLER_PLUGIN.ILK
D:\STUDY\VLC\VLC-2.1.0.SUBPROJECT-2010\PLUGINS\AUDIOSCROBBLER\DEBUG\AUDIOSCROBBLER.DLL.EMBED.MANIFEST
D:\STUDY\VLC\VLC-2.1.0.SUBPROJECT-2010\PLUGINS\AUDIOSCROBBLER\DEBUG\AUDIOSCROBBLER.DLL.EMBED.MANIFEST.RES
D:\STUDY\VLC\VLC-2.1.0.SUBPROJECT-2010\PLUGINS\AUDIOSCROBBLER\DEBUG\AUDIOSCROBBLER.DLL.INTERMEDIATE.MANIFEST
D:\STUDY\VLC\VLC-2.1.0.SUBPROJECT-2010\PLUGINS\AUDIOSCROBBLER\DEBUG\AUDIOSCROBBLER.OBJ
D:\STUDY\VLC\VLC-2.1.0.SUBPROJECT-2010\PLUGINS\AUDIOSCROBBLER\DEBUG\AUDIOSCROBBLER.PCH
D:\STUDY\VLC\VLC-2.1.0.SUBPROJECT-2010\PLUGINS\AUDIOSCROBBLER\DEBUG\AUDIOSCROBBLER.RES
D:\Study\vlc\vlc-2.1.0.subproject-2010\plugins\audioscrobbler\Debug\audioscrobbler.write.1.tlog
D:\Study\vlc\vlc-2.1.0.subproject-2010\plugins\audioscrobbler\Debug\audioscrobbler_manifest.rc
D:\STUDY\VLC\VLC-2.1.0.SUBPROJECT-2010\PLUGINS\AUDIOSCROBBLER\DEBUG\AUDIOSCROBBLER1.OBJ
D:\Study\vlc\vlc-2.1.0.subproject-2010\plugins\audioscrobbler\Debug\cl.command.1.tlog
D:\Study\vlc\vlc-2.1.0.subproject-2010\plugins\audioscrobbler\Debug\CL.read.1.tlog
D:\Study\vlc\vlc-2.1.0.subproject-2010\plugins\audioscrobbler\Debug\CL.write.1.tlog
D:\Study\vlc\vlc-2.1.0.subproject-2010\plugins\audioscrobbler\Debug\link.5788.read.1.tlog
D:\Study\vlc\vlc-2.1.0.subproject-2010\plugins\audioscrobbler\Debug\link.5788.write.1.tlog
D:\Study\vlc\vlc-2.1.0.subproject-2010\plugins\audioscrobbler\Debug\link.5788-cvtres.read.1.tlog
D:\Study\vlc\vlc-2.1.0.subproject-2010\plugins\audioscrobbler\Debug\link.5788-cvtres.write.1.tlog
D:\Study\vlc\vlc-2.1.0.subproject-2010\plugins\audioscrobbler\Debug\link.command.1.tlog
D:\Study\vlc\vlc-2.1.0.subproject-2010\plugins\audioscrobbler\Debug\link.read.1.tlog
D:\Study\vlc\vlc-2.1.0.subproject-2010\plugins\audioscrobbler\Debug\link.write.1.tlog
D:\Study\vlc\vlc-2.1.0.subproject-2010\plugins\audioscrobbler\Debug\link-cvtres.read.1.tlog
D:\Study\vlc\vlc-2.1.0.subproject-2010\plugins\audioscrobbler\Debug\link-cvtres.write.1.tlog
D:\Study\vlc\vlc-2.1.0.subproject-2010\plugins\audioscrobbler\Debug\mt.command.1.tlog
D:\Study\vlc\vlc-2.1.0.subproject-2010\plugins\audioscrobbler\Debug\mt.read.1.tlog
D:\Study\vlc\vlc-2.1.0.subproject-2010\plugins\audioscrobbler\Debug\mt.write.1.tlog
D:\Study\vlc\vlc-2.1.0.subproject-2010\plugins\audioscrobbler\Debug\rc.command.1.tlog
D:\Study\vlc\vlc-2.1.0.subproject-2010\plugins\audioscrobbler\Debug\rc.read.1.tlog
D:\Study\vlc\vlc-2.1.0.subproject-2010\plugins\audioscrobbler\Debug\rc.write.1.tlog
D:\STUDY\VLC\VLC-2.1.0.SUBPROJECT-2010\PLUGINS\AUDIOSCROBBLER\DEBUG\STDAFX.OBJ
D:\Study\vlc\vlc-2.1.0.subproject-2010\plugins\audioscrobbler\Debug\vc100.idb
D:\STUDY\VLC\VLC-2.1.0.SUBPROJECT-2010\PLUGINS\AUDIOSCROBBLER\DEBUG\VC100.PDB
