D:\Study\vlc\vlc-2.1.0.subproject-2010\Debug\normvol.exp
D:\Study\vlc\vlc-2.1.0.subproject-2010\Debug\normvol.lib
D:\STUDY\VLC\VLC-2.1.0.SUBPROJECT-2010\DEBUG\NORMVOL.PDB
D:\STUDY\VLC\VLC-2.1.0.SUBPROJECT-2010\DEBUG\PLUGINS\AUDIO_FILTER\LIBNORMVOL_PLUGIN.DLL
D:\STUDY\VLC\VLC-2.1.0.SUBPROJECT-2010\DEBUG\PLUGINS\AUDIO_FILTER\LIBNORMVOL_PLUGIN.ILK
D:\Study\vlc\vlc-2.1.0.subproject-2010\plugins\normvol\Debug\cl.command.1.tlog
D:\Study\vlc\vlc-2.1.0.subproject-2010\plugins\normvol\Debug\CL.read.1.tlog
D:\Study\vlc\vlc-2.1.0.subproject-2010\plugins\normvol\Debug\CL.write.1.tlog
D:\Study\vlc\vlc-2.1.0.subproject-2010\plugins\normvol\Debug\link.9728.read.1.tlog
D:\Study\vlc\vlc-2.1.0.subproject-2010\plugins\normvol\Debug\link.9728.write.1.tlog
D:\Study\vlc\vlc-2.1.0.subproject-2010\plugins\normvol\Debug\link.9728-cvtres.read.1.tlog
D:\Study\vlc\vlc-2.1.0.subproject-2010\plugins\normvol\Debug\link.9728-cvtres.write.1.tlog
D:\Study\vlc\vlc-2.1.0.subproject-2010\plugins\normvol\Debug\link.command.1.tlog
D:\Study\vlc\vlc-2.1.0.subproject-2010\plugins\normvol\Debug\link.read.1.tlog
D:\Study\vlc\vlc-2.1.0.subproject-2010\plugins\normvol\Debug\link.write.1.tlog
D:\Study\vlc\vlc-2.1.0.subproject-2010\plugins\normvol\Debug\link-cvtres.read.1.tlog
D:\Study\vlc\vlc-2.1.0.subproject-2010\plugins\normvol\Debug\link-cvtres.write.1.tlog
D:\Study\vlc\vlc-2.1.0.subproject-2010\plugins\normvol\Debug\mt.command.1.tlog
D:\Study\vlc\vlc-2.1.0.subproject-2010\plugins\normvol\Debug\mt.read.1.tlog
D:\Study\vlc\vlc-2.1.0.subproject-2010\plugins\normvol\Debug\mt.write.1.tlog
D:\STUDY\VLC\VLC-2.1.0.SUBPROJECT-2010\PLUGINS\NORMVOL\DEBUG\NORMVOL.DLL.EMBED.MANIFEST
D:\STUDY\VLC\VLC-2.1.0.SUBPROJECT-2010\PLUGINS\NORMVOL\DEBUG\NORMVOL.DLL.EMBED.MANIFEST.RES
D:\STUDY\VLC\VLC-2.1.0.SUBPROJECT-2010\PLUGINS\NORMVOL\DEBUG\NORMVOL.DLL.INTERMEDIATE.MANIFEST
D:\STUDY\VLC\VLC-2.1.0.SUBPROJECT-2010\PLUGINS\NORMVOL\DEBUG\NORMVOL.OBJ
D:\STUDY\VLC\VLC-2.1.0.SUBPROJECT-2010\PLUGINS\NORMVOL\DEBUG\NORMVOL.PCH
D:\STUDY\VLC\VLC-2.1.0.SUBPROJECT-2010\PLUGINS\NORMVOL\DEBUG\NORMVOL.RES
D:\Study\vlc\vlc-2.1.0.subproject-2010\plugins\normvol\Debug\normvol.write.1.tlog
D:\Study\vlc\vlc-2.1.0.subproject-2010\plugins\normvol\Debug\normvol_manifest.rc
D:\STUDY\VLC\VLC-2.1.0.SUBPROJECT-2010\PLUGINS\NORMVOL\DEBUG\NORMVOL1.OBJ
D:\Study\vlc\vlc-2.1.0.subproject-2010\plugins\normvol\Debug\rc.command.1.tlog
D:\Study\vlc\vlc-2.1.0.subproject-2010\plugins\normvol\Debug\rc.read.1.tlog
D:\Study\vlc\vlc-2.1.0.subproject-2010\plugins\normvol\Debug\rc.write.1.tlog
D:\STUDY\VLC\VLC-2.1.0.SUBPROJECT-2010\PLUGINS\NORMVOL\DEBUG\STDAFX.OBJ
D:\Study\vlc\vlc-2.1.0.subproject-2010\plugins\normvol\Debug\vc100.idb
D:\STUDY\VLC\VLC-2.1.0.SUBPROJECT-2010\PLUGINS\NORMVOL\DEBUG\VC100.PDB
