D:\Study\vlc\vlc-2.1.0.subproject-2010\Debug\motiondetect.exp
D:\Study\vlc\vlc-2.1.0.subproject-2010\Debug\motiondetect.lib
D:\STUDY\VLC\VLC-2.1.0.SUBPROJECT-2010\DEBUG\MOTIONDETECT.PDB
D:\STUDY\VLC\VLC-2.1.0.SUBPROJECT-2010\DEBUG\PLUGINS\VIDEO_FILTER\LIBMOTIONDETECT_PLUGIN.DLL
D:\STUDY\VLC\VLC-2.1.0.SUBPROJECT-2010\DEBUG\PLUGINS\VIDEO_FILTER\LIBMOTIONDETECT_PLUGIN.ILK
D:\Study\vlc\vlc-2.1.0.subproject-2010\plugins\motiondetect\Debug\cl.command.1.tlog
D:\Study\vlc\vlc-2.1.0.subproject-2010\plugins\motiondetect\Debug\CL.read.1.tlog
D:\Study\vlc\vlc-2.1.0.subproject-2010\plugins\motiondetect\Debug\CL.write.1.tlog
D:\Study\vlc\vlc-2.1.0.subproject-2010\plugins\motiondetect\Debug\link.7368.read.1.tlog
D:\Study\vlc\vlc-2.1.0.subproject-2010\plugins\motiondetect\Debug\link.7368.write.1.tlog
D:\Study\vlc\vlc-2.1.0.subproject-2010\plugins\motiondetect\Debug\link.7368-cvtres.read.1.tlog
D:\Study\vlc\vlc-2.1.0.subproject-2010\plugins\motiondetect\Debug\link.7368-cvtres.write.1.tlog
D:\Study\vlc\vlc-2.1.0.subproject-2010\plugins\motiondetect\Debug\link.command.1.tlog
D:\Study\vlc\vlc-2.1.0.subproject-2010\plugins\motiondetect\Debug\link.read.1.tlog
D:\Study\vlc\vlc-2.1.0.subproject-2010\plugins\motiondetect\Debug\link.write.1.tlog
D:\Study\vlc\vlc-2.1.0.subproject-2010\plugins\motiondetect\Debug\link-cvtres.read.1.tlog
D:\Study\vlc\vlc-2.1.0.subproject-2010\plugins\motiondetect\Debug\link-cvtres.write.1.tlog
D:\STUDY\VLC\VLC-2.1.0.SUBPROJECT-2010\PLUGINS\MOTIONDETECT\DEBUG\MOTIONDETECT.DLL.EMBED.MANIFEST
D:\STUDY\VLC\VLC-2.1.0.SUBPROJECT-2010\PLUGINS\MOTIONDETECT\DEBUG\MOTIONDETECT.DLL.EMBED.MANIFEST.RES
D:\STUDY\VLC\VLC-2.1.0.SUBPROJECT-2010\PLUGINS\MOTIONDETECT\DEBUG\MOTIONDETECT.DLL.INTERMEDIATE.MANIFEST
D:\STUDY\VLC\VLC-2.1.0.SUBPROJECT-2010\PLUGINS\MOTIONDETECT\DEBUG\MOTIONDETECT.OBJ
D:\STUDY\VLC\VLC-2.1.0.SUBPROJECT-2010\PLUGINS\MOTIONDETECT\DEBUG\MOTIONDETECT.PCH
D:\STUDY\VLC\VLC-2.1.0.SUBPROJECT-2010\PLUGINS\MOTIONDETECT\DEBUG\MOTIONDETECT.RES
D:\Study\vlc\vlc-2.1.0.subproject-2010\plugins\motiondetect\Debug\motiondetect.write.1.tlog
D:\Study\vlc\vlc-2.1.0.subproject-2010\plugins\motiondetect\Debug\motiondetect_manifest.rc
D:\STUDY\VLC\VLC-2.1.0.SUBPROJECT-2010\PLUGINS\MOTIONDETECT\DEBUG\MOTIONDETECT1.OBJ
D:\Study\vlc\vlc-2.1.0.subproject-2010\plugins\motiondetect\Debug\mt.command.1.tlog
D:\Study\vlc\vlc-2.1.0.subproject-2010\plugins\motiondetect\Debug\mt.read.1.tlog
D:\Study\vlc\vlc-2.1.0.subproject-2010\plugins\motiondetect\Debug\mt.write.1.tlog
D:\Study\vlc\vlc-2.1.0.subproject-2010\plugins\motiondetect\Debug\rc.command.1.tlog
D:\Study\vlc\vlc-2.1.0.subproject-2010\plugins\motiondetect\Debug\rc.read.1.tlog
D:\Study\vlc\vlc-2.1.0.subproject-2010\plugins\motiondetect\Debug\rc.write.1.tlog
D:\STUDY\VLC\VLC-2.1.0.SUBPROJECT-2010\PLUGINS\MOTIONDETECT\DEBUG\STDAFX.OBJ
D:\Study\vlc\vlc-2.1.0.subproject-2010\plugins\motiondetect\Debug\vc100.idb
D:\STUDY\VLC\VLC-2.1.0.SUBPROJECT-2010\PLUGINS\MOTIONDETECT\DEBUG\VC100.PDB
