D:\Study\vlc\vlc-2.1.0.subproject-2010\Debug\direct2d.exp
D:\Study\vlc\vlc-2.1.0.subproject-2010\Debug\direct2d.lib
D:\STUDY\VLC\VLC-2.1.0.SUBPROJECT-2010\DEBUG\DIRECT2D.PDB
D:\STUDY\VLC\VLC-2.1.0.SUBPROJECT-2010\DEBUG\PLUGINS\VIDEO_OUTPUT\LIBDIRECT2D_PLUGIN.DLL
D:\STUDY\VLC\VLC-2.1.0.SUBPROJECT-2010\DEBUG\PLUGINS\VIDEO_OUTPUT\LIBDIRECT2D_PLUGIN.ILK
D:\Study\vlc\vlc-2.1.0.subproject-2010\plugins\direct2d\Debug\cl.command.1.tlog
D:\Study\vlc\vlc-2.1.0.subproject-2010\plugins\direct2d\Debug\CL.read.1.tlog
D:\Study\vlc\vlc-2.1.0.subproject-2010\plugins\direct2d\Debug\CL.write.1.tlog
D:\STUDY\VLC\VLC-2.1.0.SUBPROJECT-2010\PLUGINS\DIRECT2D\DEBUG\COMMON.OBJ
D:\STUDY\VLC\VLC-2.1.0.SUBPROJECT-2010\PLUGINS\DIRECT2D\DEBUG\DIRECT2D.DLL.EMBED.MANIFEST
D:\STUDY\VLC\VLC-2.1.0.SUBPROJECT-2010\PLUGINS\DIRECT2D\DEBUG\DIRECT2D.DLL.EMBED.MANIFEST.RES
D:\STUDY\VLC\VLC-2.1.0.SUBPROJECT-2010\PLUGINS\DIRECT2D\DEBUG\DIRECT2D.DLL.INTERMEDIATE.MANIFEST
D:\STUDY\VLC\VLC-2.1.0.SUBPROJECT-2010\PLUGINS\DIRECT2D\DEBUG\DIRECT2D.OBJ
D:\STUDY\VLC\VLC-2.1.0.SUBPROJECT-2010\PLUGINS\DIRECT2D\DEBUG\DIRECT2D.PCH
D:\STUDY\VLC\VLC-2.1.0.SUBPROJECT-2010\PLUGINS\DIRECT2D\DEBUG\DIRECT2D.RES
D:\Study\vlc\vlc-2.1.0.subproject-2010\plugins\direct2d\Debug\direct2d.write.1.tlog
D:\Study\vlc\vlc-2.1.0.subproject-2010\plugins\direct2d\Debug\direct2d_manifest.rc
D:\STUDY\VLC\VLC-2.1.0.SUBPROJECT-2010\PLUGINS\DIRECT2D\DEBUG\DIRECT2D1.OBJ
D:\STUDY\VLC\VLC-2.1.0.SUBPROJECT-2010\PLUGINS\DIRECT2D\DEBUG\EVENTS.OBJ
D:\Study\vlc\vlc-2.1.0.subproject-2010\plugins\direct2d\Debug\link.9628.read.1.tlog
D:\Study\vlc\vlc-2.1.0.subproject-2010\plugins\direct2d\Debug\link.9628.write.1.tlog
D:\Study\vlc\vlc-2.1.0.subproject-2010\plugins\direct2d\Debug\link.9628-cvtres.read.1.tlog
D:\Study\vlc\vlc-2.1.0.subproject-2010\plugins\direct2d\Debug\link.9628-cvtres.write.1.tlog
D:\Study\vlc\vlc-2.1.0.subproject-2010\plugins\direct2d\Debug\link.command.1.tlog
D:\Study\vlc\vlc-2.1.0.subproject-2010\plugins\direct2d\Debug\link.read.1.tlog
D:\Study\vlc\vlc-2.1.0.subproject-2010\plugins\direct2d\Debug\link.write.1.tlog
D:\Study\vlc\vlc-2.1.0.subproject-2010\plugins\direct2d\Debug\link-cvtres.read.1.tlog
D:\Study\vlc\vlc-2.1.0.subproject-2010\plugins\direct2d\Debug\link-cvtres.write.1.tlog
D:\Study\vlc\vlc-2.1.0.subproject-2010\plugins\direct2d\Debug\mt.command.1.tlog
D:\Study\vlc\vlc-2.1.0.subproject-2010\plugins\direct2d\Debug\mt.read.1.tlog
D:\Study\vlc\vlc-2.1.0.subproject-2010\plugins\direct2d\Debug\mt.write.1.tlog
D:\Study\vlc\vlc-2.1.0.subproject-2010\plugins\direct2d\Debug\rc.command.1.tlog
D:\Study\vlc\vlc-2.1.0.subproject-2010\plugins\direct2d\Debug\rc.read.1.tlog
D:\Study\vlc\vlc-2.1.0.subproject-2010\plugins\direct2d\Debug\rc.write.1.tlog
D:\STUDY\VLC\VLC-2.1.0.SUBPROJECT-2010\PLUGINS\DIRECT2D\DEBUG\STDAFX.OBJ
D:\Study\vlc\vlc-2.1.0.subproject-2010\plugins\direct2d\Debug\vc100.idb
D:\STUDY\VLC\VLC-2.1.0.SUBPROJECT-2010\PLUGINS\DIRECT2D\DEBUG\VC100.PDB
