D:\Study\vlc\vlc-2.1.0.subproject-2010\Debug\access_udp.exp
D:\Study\vlc\vlc-2.1.0.subproject-2010\Debug\access_udp.lib
D:\STUDY\VLC\VLC-2.1.0.SUBPROJECT-2010\DEBUG\ACCESS_UDP.PDB
D:\STUDY\VLC\VLC-2.1.0.SUBPROJECT-2010\DEBUG\PLUGINS\ACCESS\LIBACCESS_UDP_PLUGIN.DLL
D:\STUDY\VLC\VLC-2.1.0.SUBPROJECT-2010\DEBUG\PLUGINS\ACCESS\LIBACCESS_UDP_PLUGIN.ILK
D:\STUDY\VLC\VLC-2.1.0.SUBPROJECT-2010\PLUGINS\ACCESS_UDP\DEBUG\ACCESS_UDP.DLL.EMBED.MANIFEST
D:\STUDY\VLC\VLC-2.1.0.SUBPROJECT-2010\PLUGINS\ACCESS_UDP\DEBUG\ACCESS_UDP.DLL.EMBED.MANIFEST.RES
D:\STUDY\VLC\VLC-2.1.0.SUBPROJECT-2010\PLUGINS\ACCESS_UDP\DEBUG\ACCESS_UDP.DLL.INTERMEDIATE.MANIFEST
D:\STUDY\VLC\VLC-2.1.0.SUBPROJECT-2010\PLUGINS\ACCESS_UDP\DEBUG\ACCESS_UDP.OBJ
D:\STUDY\VLC\VLC-2.1.0.SUBPROJECT-2010\PLUGINS\ACCESS_UDP\DEBUG\ACCESS_UDP.PCH
D:\STUDY\VLC\VLC-2.1.0.SUBPROJECT-2010\PLUGINS\ACCESS_UDP\DEBUG\ACCESS_UDP.RES
D:\Study\vlc\vlc-2.1.0.subproject-2010\plugins\access_udp\Debug\access_udp.write.1.tlog
D:\Study\vlc\vlc-2.1.0.subproject-2010\plugins\access_udp\Debug\access_udp_manifest.rc
D:\Study\vlc\vlc-2.1.0.subproject-2010\plugins\access_udp\Debug\cl.command.1.tlog
D:\Study\vlc\vlc-2.1.0.subproject-2010\plugins\access_udp\Debug\CL.read.1.tlog
D:\Study\vlc\vlc-2.1.0.subproject-2010\plugins\access_udp\Debug\CL.write.1.tlog
D:\Study\vlc\vlc-2.1.0.subproject-2010\plugins\access_udp\Debug\link.7748.read.1.tlog
D:\Study\vlc\vlc-2.1.0.subproject-2010\plugins\access_udp\Debug\link.7748.write.1.tlog
D:\Study\vlc\vlc-2.1.0.subproject-2010\plugins\access_udp\Debug\link.7748-cvtres.read.1.tlog
D:\Study\vlc\vlc-2.1.0.subproject-2010\plugins\access_udp\Debug\link.7748-cvtres.write.1.tlog
D:\Study\vlc\vlc-2.1.0.subproject-2010\plugins\access_udp\Debug\link.command.1.tlog
D:\Study\vlc\vlc-2.1.0.subproject-2010\plugins\access_udp\Debug\link.read.1.tlog
D:\Study\vlc\vlc-2.1.0.subproject-2010\plugins\access_udp\Debug\link.write.1.tlog
D:\Study\vlc\vlc-2.1.0.subproject-2010\plugins\access_udp\Debug\link-cvtres.read.1.tlog
D:\Study\vlc\vlc-2.1.0.subproject-2010\plugins\access_udp\Debug\link-cvtres.write.1.tlog
D:\Study\vlc\vlc-2.1.0.subproject-2010\plugins\access_udp\Debug\mt.command.1.tlog
D:\Study\vlc\vlc-2.1.0.subproject-2010\plugins\access_udp\Debug\mt.read.1.tlog
D:\Study\vlc\vlc-2.1.0.subproject-2010\plugins\access_udp\Debug\mt.write.1.tlog
D:\Study\vlc\vlc-2.1.0.subproject-2010\plugins\access_udp\Debug\rc.command.1.tlog
D:\Study\vlc\vlc-2.1.0.subproject-2010\plugins\access_udp\Debug\rc.read.1.tlog
D:\Study\vlc\vlc-2.1.0.subproject-2010\plugins\access_udp\Debug\rc.write.1.tlog
D:\STUDY\VLC\VLC-2.1.0.SUBPROJECT-2010\PLUGINS\ACCESS_UDP\DEBUG\STDAFX.OBJ
D:\STUDY\VLC\VLC-2.1.0.SUBPROJECT-2010\PLUGINS\ACCESS_UDP\DEBUG\UDP.OBJ
D:\Study\vlc\vlc-2.1.0.subproject-2010\plugins\access_udp\Debug\vc100.idb
D:\STUDY\VLC\VLC-2.1.0.SUBPROJECT-2010\PLUGINS\ACCESS_UDP\DEBUG\VC100.PDB
