D:\Study\vlc\vlc-2.1.0.subproject-2010\Debug\demux_stl.exp
D:\Study\vlc\vlc-2.1.0.subproject-2010\Debug\demux_stl.lib
D:\STUDY\VLC\VLC-2.1.0.SUBPROJECT-2010\DEBUG\DEMUX_STL.PDB
D:\STUDY\VLC\VLC-2.1.0.SUBPROJECT-2010\DEBUG\PLUGINS\DEMUX\LIBDEMUX_STL_PLUGIN.DLL
D:\STUDY\VLC\VLC-2.1.0.SUBPROJECT-2010\DEBUG\PLUGINS\DEMUX\LIBDEMUX_STL_PLUGIN.ILK
D:\Study\vlc\vlc-2.1.0.subproject-2010\plugins\demux_stl\Debug\cl.command.1.tlog
D:\Study\vlc\vlc-2.1.0.subproject-2010\plugins\demux_stl\Debug\CL.read.1.tlog
D:\Study\vlc\vlc-2.1.0.subproject-2010\plugins\demux_stl\Debug\CL.write.1.tlog
D:\STUDY\VLC\VLC-2.1.0.SUBPROJECT-2010\PLUGINS\DEMUX_STL\DEBUG\DEMUX_STL.DLL.EMBED.MANIFEST
D:\STUDY\VLC\VLC-2.1.0.SUBPROJECT-2010\PLUGINS\DEMUX_STL\DEBUG\DEMUX_STL.DLL.EMBED.MANIFEST.RES
D:\STUDY\VLC\VLC-2.1.0.SUBPROJECT-2010\PLUGINS\DEMUX_STL\DEBUG\DEMUX_STL.DLL.INTERMEDIATE.MANIFEST
D:\STUDY\VLC\VLC-2.1.0.SUBPROJECT-2010\PLUGINS\DEMUX_STL\DEBUG\DEMUX_STL.OBJ
D:\STUDY\VLC\VLC-2.1.0.SUBPROJECT-2010\PLUGINS\DEMUX_STL\DEBUG\DEMUX_STL.PCH
D:\STUDY\VLC\VLC-2.1.0.SUBPROJECT-2010\PLUGINS\DEMUX_STL\DEBUG\DEMUX_STL.RES
D:\Study\vlc\vlc-2.1.0.subproject-2010\plugins\demux_stl\Debug\demux_stl.write.1.tlog
D:\Study\vlc\vlc-2.1.0.subproject-2010\plugins\demux_stl\Debug\demux_stl_manifest.rc
D:\Study\vlc\vlc-2.1.0.subproject-2010\plugins\demux_stl\Debug\link.12680.read.1.tlog
D:\Study\vlc\vlc-2.1.0.subproject-2010\plugins\demux_stl\Debug\link.12680.write.1.tlog
D:\Study\vlc\vlc-2.1.0.subproject-2010\plugins\demux_stl\Debug\link.12680-cvtres.read.1.tlog
D:\Study\vlc\vlc-2.1.0.subproject-2010\plugins\demux_stl\Debug\link.12680-cvtres.write.1.tlog
D:\Study\vlc\vlc-2.1.0.subproject-2010\plugins\demux_stl\Debug\link.command.1.tlog
D:\Study\vlc\vlc-2.1.0.subproject-2010\plugins\demux_stl\Debug\link.read.1.tlog
D:\Study\vlc\vlc-2.1.0.subproject-2010\plugins\demux_stl\Debug\link.write.1.tlog
D:\Study\vlc\vlc-2.1.0.subproject-2010\plugins\demux_stl\Debug\link-cvtres.read.1.tlog
D:\Study\vlc\vlc-2.1.0.subproject-2010\plugins\demux_stl\Debug\link-cvtres.write.1.tlog
D:\Study\vlc\vlc-2.1.0.subproject-2010\plugins\demux_stl\Debug\mt.command.1.tlog
D:\Study\vlc\vlc-2.1.0.subproject-2010\plugins\demux_stl\Debug\mt.read.1.tlog
D:\Study\vlc\vlc-2.1.0.subproject-2010\plugins\demux_stl\Debug\mt.write.1.tlog
D:\Study\vlc\vlc-2.1.0.subproject-2010\plugins\demux_stl\Debug\rc.command.1.tlog
D:\Study\vlc\vlc-2.1.0.subproject-2010\plugins\demux_stl\Debug\rc.read.1.tlog
D:\Study\vlc\vlc-2.1.0.subproject-2010\plugins\demux_stl\Debug\rc.write.1.tlog
D:\STUDY\VLC\VLC-2.1.0.SUBPROJECT-2010\PLUGINS\DEMUX_STL\DEBUG\STDAFX.OBJ
D:\STUDY\VLC\VLC-2.1.0.SUBPROJECT-2010\PLUGINS\DEMUX_STL\DEBUG\STL.OBJ
D:\Study\vlc\vlc-2.1.0.subproject-2010\plugins\demux_stl\Debug\vc100.idb
D:\STUDY\VLC\VLC-2.1.0.SUBPROJECT-2010\PLUGINS\DEMUX_STL\DEBUG\VC100.PDB
