D:\Study\vlc\vlc-2.1.0.subproject-2010\Debug\dvbsub.exp
D:\Study\vlc\vlc-2.1.0.subproject-2010\Debug\dvbsub.lib
D:\STUDY\VLC\VLC-2.1.0.SUBPROJECT-2010\DEBUG\DVBSUB.PDB
D:\STUDY\VLC\VLC-2.1.0.SUBPROJECT-2010\DEBUG\PLUGINS\CODEC\LIBDVBSUB_PLUGIN.DLL
D:\STUDY\VLC\VLC-2.1.0.SUBPROJECT-2010\DEBUG\PLUGINS\CODEC\LIBDVBSUB_PLUGIN.ILK
D:\Study\vlc\vlc-2.1.0.subproject-2010\plugins\dvbsub\Debug\cl.command.1.tlog
D:\Study\vlc\vlc-2.1.0.subproject-2010\plugins\dvbsub\Debug\CL.read.1.tlog
D:\Study\vlc\vlc-2.1.0.subproject-2010\plugins\dvbsub\Debug\CL.write.1.tlog
D:\STUDY\VLC\VLC-2.1.0.SUBPROJECT-2010\PLUGINS\DVBSUB\DEBUG\DVBSUB.DLL.EMBED.MANIFEST
D:\STUDY\VLC\VLC-2.1.0.SUBPROJECT-2010\PLUGINS\DVBSUB\DEBUG\DVBSUB.DLL.EMBED.MANIFEST.RES
D:\STUDY\VLC\VLC-2.1.0.SUBPROJECT-2010\PLUGINS\DVBSUB\DEBUG\DVBSUB.DLL.INTERMEDIATE.MANIFEST
D:\STUDY\VLC\VLC-2.1.0.SUBPROJECT-2010\PLUGINS\DVBSUB\DEBUG\DVBSUB.OBJ
D:\STUDY\VLC\VLC-2.1.0.SUBPROJECT-2010\PLUGINS\DVBSUB\DEBUG\DVBSUB.PCH
D:\STUDY\VLC\VLC-2.1.0.SUBPROJECT-2010\PLUGINS\DVBSUB\DEBUG\DVBSUB.RES
D:\Study\vlc\vlc-2.1.0.subproject-2010\plugins\dvbsub\Debug\dvbsub.write.1.tlog
D:\Study\vlc\vlc-2.1.0.subproject-2010\plugins\dvbsub\Debug\dvbsub_manifest.rc
D:\STUDY\VLC\VLC-2.1.0.SUBPROJECT-2010\PLUGINS\DVBSUB\DEBUG\DVBSUB1.OBJ
D:\Study\vlc\vlc-2.1.0.subproject-2010\plugins\dvbsub\Debug\link.10404.read.1.tlog
D:\Study\vlc\vlc-2.1.0.subproject-2010\plugins\dvbsub\Debug\link.10404.write.1.tlog
D:\Study\vlc\vlc-2.1.0.subproject-2010\plugins\dvbsub\Debug\link.10404-cvtres.read.1.tlog
D:\Study\vlc\vlc-2.1.0.subproject-2010\plugins\dvbsub\Debug\link.10404-cvtres.write.1.tlog
D:\Study\vlc\vlc-2.1.0.subproject-2010\plugins\dvbsub\Debug\link.command.1.tlog
D:\Study\vlc\vlc-2.1.0.subproject-2010\plugins\dvbsub\Debug\link.read.1.tlog
D:\Study\vlc\vlc-2.1.0.subproject-2010\plugins\dvbsub\Debug\link.write.1.tlog
D:\Study\vlc\vlc-2.1.0.subproject-2010\plugins\dvbsub\Debug\link-cvtres.read.1.tlog
D:\Study\vlc\vlc-2.1.0.subproject-2010\plugins\dvbsub\Debug\link-cvtres.write.1.tlog
D:\Study\vlc\vlc-2.1.0.subproject-2010\plugins\dvbsub\Debug\mt.command.1.tlog
D:\Study\vlc\vlc-2.1.0.subproject-2010\plugins\dvbsub\Debug\mt.read.1.tlog
D:\Study\vlc\vlc-2.1.0.subproject-2010\plugins\dvbsub\Debug\mt.write.1.tlog
D:\Study\vlc\vlc-2.1.0.subproject-2010\plugins\dvbsub\Debug\rc.command.1.tlog
D:\Study\vlc\vlc-2.1.0.subproject-2010\plugins\dvbsub\Debug\rc.read.1.tlog
D:\Study\vlc\vlc-2.1.0.subproject-2010\plugins\dvbsub\Debug\rc.write.1.tlog
D:\STUDY\VLC\VLC-2.1.0.SUBPROJECT-2010\PLUGINS\DVBSUB\DEBUG\STDAFX.OBJ
D:\Study\vlc\vlc-2.1.0.subproject-2010\plugins\dvbsub\Debug\vc100.idb
D:\STUDY\VLC\VLC-2.1.0.SUBPROJECT-2010\PLUGINS\DVBSUB\DEBUG\VC100.PDB
