D:\Study\vlc\vlc-2.1.0.subproject-2010\Debug\direct3d.exp
D:\Study\vlc\vlc-2.1.0.subproject-2010\Debug\direct3d.lib
D:\STUDY\VLC\VLC-2.1.0.SUBPROJECT-2010\DEBUG\DIRECT3D.PDB
D:\STUDY\VLC\VLC-2.1.0.SUBPROJECT-2010\DEBUG\PLUGINS\VIDEO_OUTPUT\LIBDIRECT3D_PLUGIN.DLL
D:\STUDY\VLC\VLC-2.1.0.SUBPROJECT-2010\DEBUG\PLUGINS\VIDEO_OUTPUT\LIBDIRECT3D_PLUGIN.ILK
D:\Study\vlc\vlc-2.1.0.subproject-2010\plugins\direct3d\Debug\cl.command.1.tlog
D:\Study\vlc\vlc-2.1.0.subproject-2010\plugins\direct3d\Debug\CL.read.1.tlog
D:\Study\vlc\vlc-2.1.0.subproject-2010\plugins\direct3d\Debug\CL.write.1.tlog
D:\STUDY\VLC\VLC-2.1.0.SUBPROJECT-2010\PLUGINS\DIRECT3D\DEBUG\COMMON.OBJ
D:\STUDY\VLC\VLC-2.1.0.SUBPROJECT-2010\PLUGINS\DIRECT3D\DEBUG\DIRECT3D.DLL.EMBED.MANIFEST
D:\STUDY\VLC\VLC-2.1.0.SUBPROJECT-2010\PLUGINS\DIRECT3D\DEBUG\DIRECT3D.DLL.EMBED.MANIFEST.RES
D:\STUDY\VLC\VLC-2.1.0.SUBPROJECT-2010\PLUGINS\DIRECT3D\DEBUG\DIRECT3D.DLL.INTERMEDIATE.MANIFEST
D:\STUDY\VLC\VLC-2.1.0.SUBPROJECT-2010\PLUGINS\DIRECT3D\DEBUG\DIRECT3D.OBJ
D:\STUDY\VLC\VLC-2.1.0.SUBPROJECT-2010\PLUGINS\DIRECT3D\DEBUG\DIRECT3D.PCH
D:\STUDY\VLC\VLC-2.1.0.SUBPROJECT-2010\PLUGINS\DIRECT3D\DEBUG\DIRECT3D.RES
D:\Study\vlc\vlc-2.1.0.subproject-2010\plugins\direct3d\Debug\direct3d.write.1.tlog
D:\Study\vlc\vlc-2.1.0.subproject-2010\plugins\direct3d\Debug\direct3d_manifest.rc
D:\STUDY\VLC\VLC-2.1.0.SUBPROJECT-2010\PLUGINS\DIRECT3D\DEBUG\DIRECT3D1.OBJ
D:\STUDY\VLC\VLC-2.1.0.SUBPROJECT-2010\PLUGINS\DIRECT3D\DEBUG\EVENTS.OBJ
D:\Study\vlc\vlc-2.1.0.subproject-2010\plugins\direct3d\Debug\link.6540.read.1.tlog
D:\Study\vlc\vlc-2.1.0.subproject-2010\plugins\direct3d\Debug\link.6540.write.1.tlog
D:\Study\vlc\vlc-2.1.0.subproject-2010\plugins\direct3d\Debug\link.6540-cvtres.read.1.tlog
D:\Study\vlc\vlc-2.1.0.subproject-2010\plugins\direct3d\Debug\link.6540-cvtres.write.1.tlog
D:\Study\vlc\vlc-2.1.0.subproject-2010\plugins\direct3d\Debug\link.command.1.tlog
D:\Study\vlc\vlc-2.1.0.subproject-2010\plugins\direct3d\Debug\link.read.1.tlog
D:\Study\vlc\vlc-2.1.0.subproject-2010\plugins\direct3d\Debug\link.write.1.tlog
D:\Study\vlc\vlc-2.1.0.subproject-2010\plugins\direct3d\Debug\link-cvtres.read.1.tlog
D:\Study\vlc\vlc-2.1.0.subproject-2010\plugins\direct3d\Debug\link-cvtres.write.1.tlog
D:\Study\vlc\vlc-2.1.0.subproject-2010\plugins\direct3d\Debug\mt.command.1.tlog
D:\Study\vlc\vlc-2.1.0.subproject-2010\plugins\direct3d\Debug\mt.read.1.tlog
D:\Study\vlc\vlc-2.1.0.subproject-2010\plugins\direct3d\Debug\mt.write.1.tlog
D:\Study\vlc\vlc-2.1.0.subproject-2010\plugins\direct3d\Debug\rc.command.1.tlog
D:\Study\vlc\vlc-2.1.0.subproject-2010\plugins\direct3d\Debug\rc.read.1.tlog
D:\Study\vlc\vlc-2.1.0.subproject-2010\plugins\direct3d\Debug\rc.write.1.tlog
D:\STUDY\VLC\VLC-2.1.0.SUBPROJECT-2010\PLUGINS\DIRECT3D\DEBUG\STDAFX.OBJ
D:\Study\vlc\vlc-2.1.0.subproject-2010\plugins\direct3d\Debug\vc100.idb
D:\STUDY\VLC\VLC-2.1.0.SUBPROJECT-2010\PLUGINS\DIRECT3D\DEBUG\VC100.PDB
