D:\Study\vlc\vlc-2.1.0.subproject-2010\Debug\folder.exp
D:\Study\vlc\vlc-2.1.0.subproject-2010\Debug\folder.lib
D:\STUDY\VLC\VLC-2.1.0.SUBPROJECT-2010\DEBUG\FOLDER.PDB
D:\STUDY\VLC\VLC-2.1.0.SUBPROJECT-2010\DEBUG\PLUGINS\META_ENGINE\LIBFOLDER_PLUGIN.DLL
D:\STUDY\VLC\VLC-2.1.0.SUBPROJECT-2010\DEBUG\PLUGINS\META_ENGINE\LIBFOLDER_PLUGIN.ILK
D:\Study\vlc\vlc-2.1.0.subproject-2010\plugins\folder\Debug\cl.command.1.tlog
D:\Study\vlc\vlc-2.1.0.subproject-2010\plugins\folder\Debug\CL.read.1.tlog
D:\Study\vlc\vlc-2.1.0.subproject-2010\plugins\folder\Debug\CL.write.1.tlog
D:\STUDY\VLC\VLC-2.1.0.SUBPROJECT-2010\PLUGINS\FOLDER\DEBUG\FOLDER.DLL.EMBED.MANIFEST
D:\STUDY\VLC\VLC-2.1.0.SUBPROJECT-2010\PLUGINS\FOLDER\DEBUG\FOLDER.DLL.EMBED.MANIFEST.RES
D:\STUDY\VLC\VLC-2.1.0.SUBPROJECT-2010\PLUGINS\FOLDER\DEBUG\FOLDER.DLL.INTERMEDIATE.MANIFEST
D:\STUDY\VLC\VLC-2.1.0.SUBPROJECT-2010\PLUGINS\FOLDER\DEBUG\FOLDER.OBJ
D:\STUDY\VLC\VLC-2.1.0.SUBPROJECT-2010\PLUGINS\FOLDER\DEBUG\FOLDER.PCH
D:\STUDY\VLC\VLC-2.1.0.SUBPROJECT-2010\PLUGINS\FOLDER\DEBUG\FOLDER.RES
D:\Study\vlc\vlc-2.1.0.subproject-2010\plugins\folder\Debug\folder.write.1.tlog
D:\Study\vlc\vlc-2.1.0.subproject-2010\plugins\folder\Debug\folder_manifest.rc
D:\STUDY\VLC\VLC-2.1.0.SUBPROJECT-2010\PLUGINS\FOLDER\DEBUG\FOLDER1.OBJ
D:\Study\vlc\vlc-2.1.0.subproject-2010\plugins\folder\Debug\link.11020.read.1.tlog
D:\Study\vlc\vlc-2.1.0.subproject-2010\plugins\folder\Debug\link.11020.write.1.tlog
D:\Study\vlc\vlc-2.1.0.subproject-2010\plugins\folder\Debug\link.11020-cvtres.read.1.tlog
D:\Study\vlc\vlc-2.1.0.subproject-2010\plugins\folder\Debug\link.11020-cvtres.write.1.tlog
D:\Study\vlc\vlc-2.1.0.subproject-2010\plugins\folder\Debug\link.command.1.tlog
D:\Study\vlc\vlc-2.1.0.subproject-2010\plugins\folder\Debug\link.read.1.tlog
D:\Study\vlc\vlc-2.1.0.subproject-2010\plugins\folder\Debug\link.write.1.tlog
D:\Study\vlc\vlc-2.1.0.subproject-2010\plugins\folder\Debug\link-cvtres.read.1.tlog
D:\Study\vlc\vlc-2.1.0.subproject-2010\plugins\folder\Debug\link-cvtres.write.1.tlog
D:\Study\vlc\vlc-2.1.0.subproject-2010\plugins\folder\Debug\mt.command.1.tlog
D:\Study\vlc\vlc-2.1.0.subproject-2010\plugins\folder\Debug\mt.read.1.tlog
D:\Study\vlc\vlc-2.1.0.subproject-2010\plugins\folder\Debug\mt.write.1.tlog
D:\Study\vlc\vlc-2.1.0.subproject-2010\plugins\folder\Debug\rc.command.1.tlog
D:\Study\vlc\vlc-2.1.0.subproject-2010\plugins\folder\Debug\rc.read.1.tlog
D:\Study\vlc\vlc-2.1.0.subproject-2010\plugins\folder\Debug\rc.write.1.tlog
D:\STUDY\VLC\VLC-2.1.0.SUBPROJECT-2010\PLUGINS\FOLDER\DEBUG\STDAFX.OBJ
D:\Study\vlc\vlc-2.1.0.subproject-2010\plugins\folder\Debug\vc100.idb
D:\STUDY\VLC\VLC-2.1.0.SUBPROJECT-2010\PLUGINS\FOLDER\DEBUG\VC100.PDB
