D:\STUDY\VLC\VLC-2.1.0.SUBPROJECT-2010\DEBUG\PLUGINS\STREAM_OUT\LIBSTREAM_OUT_RAOP_PLUGIN.DLL
D:\STUDY\VLC\VLC-2.1.0.SUBPROJECT-2010\DEBUG\PLUGINS\STREAM_OUT\LIBSTREAM_OUT_RAOP_PLUGIN.ILK
D:\Study\vlc\vlc-2.1.0.subproject-2010\Debug\stream_out_raop.exp
D:\Study\vlc\vlc-2.1.0.subproject-2010\Debug\stream_out_raop.lib
D:\STUDY\VLC\VLC-2.1.0.SUBPROJECT-2010\DEBUG\STREAM_OUT_RAOP.PDB
D:\Study\vlc\vlc-2.1.0.subproject-2010\plugins\stream_out_raop\Debug\cl.command.1.tlog
D:\Study\vlc\vlc-2.1.0.subproject-2010\plugins\stream_out_raop\Debug\CL.read.1.tlog
D:\Study\vlc\vlc-2.1.0.subproject-2010\plugins\stream_out_raop\Debug\CL.write.1.tlog
D:\Study\vlc\vlc-2.1.0.subproject-2010\plugins\stream_out_raop\Debug\link.12904.read.1.tlog
D:\Study\vlc\vlc-2.1.0.subproject-2010\plugins\stream_out_raop\Debug\link.12904.write.1.tlog
D:\Study\vlc\vlc-2.1.0.subproject-2010\plugins\stream_out_raop\Debug\link.12904-cvtres.read.1.tlog
D:\Study\vlc\vlc-2.1.0.subproject-2010\plugins\stream_out_raop\Debug\link.12904-cvtres.write.1.tlog
D:\Study\vlc\vlc-2.1.0.subproject-2010\plugins\stream_out_raop\Debug\link.command.1.tlog
D:\Study\vlc\vlc-2.1.0.subproject-2010\plugins\stream_out_raop\Debug\link.read.1.tlog
D:\Study\vlc\vlc-2.1.0.subproject-2010\plugins\stream_out_raop\Debug\link.write.1.tlog
D:\Study\vlc\vlc-2.1.0.subproject-2010\plugins\stream_out_raop\Debug\link-cvtres.read.1.tlog
D:\Study\vlc\vlc-2.1.0.subproject-2010\plugins\stream_out_raop\Debug\link-cvtres.write.1.tlog
D:\Study\vlc\vlc-2.1.0.subproject-2010\plugins\stream_out_raop\Debug\mt.command.1.tlog
D:\Study\vlc\vlc-2.1.0.subproject-2010\plugins\stream_out_raop\Debug\mt.read.1.tlog
D:\Study\vlc\vlc-2.1.0.subproject-2010\plugins\stream_out_raop\Debug\mt.write.1.tlog
D:\STUDY\VLC\VLC-2.1.0.SUBPROJECT-2010\PLUGINS\STREAM_OUT_RAOP\DEBUG\RAOP.OBJ
D:\Study\vlc\vlc-2.1.0.subproject-2010\plugins\stream_out_raop\Debug\rc.command.1.tlog
D:\Study\vlc\vlc-2.1.0.subproject-2010\plugins\stream_out_raop\Debug\rc.read.1.tlog
D:\Study\vlc\vlc-2.1.0.subproject-2010\plugins\stream_out_raop\Debug\rc.write.1.tlog
D:\STUDY\VLC\VLC-2.1.0.SUBPROJECT-2010\PLUGINS\STREAM_OUT_RAOP\DEBUG\STDAFX.OBJ
D:\STUDY\VLC\VLC-2.1.0.SUBPROJECT-2010\PLUGINS\STREAM_OUT_RAOP\DEBUG\STREAM_OUT_RAOP.DLL.EMBED.MANIFEST
D:\STUDY\VLC\VLC-2.1.0.SUBPROJECT-2010\PLUGINS\STREAM_OUT_RAOP\DEBUG\STREAM_OUT_RAOP.DLL.EMBED.MANIFEST.RES
D:\STUDY\VLC\VLC-2.1.0.SUBPROJECT-2010\PLUGINS\STREAM_OUT_RAOP\DEBUG\STREAM_OUT_RAOP.DLL.INTERMEDIATE.MANIFEST
D:\STUDY\VLC\VLC-2.1.0.SUBPROJECT-2010\PLUGINS\STREAM_OUT_RAOP\DEBUG\STREAM_OUT_RAOP.OBJ
D:\STUDY\VLC\VLC-2.1.0.SUBPROJECT-2010\PLUGINS\STREAM_OUT_RAOP\DEBUG\STREAM_OUT_RAOP.PCH
D:\STUDY\VLC\VLC-2.1.0.SUBPROJECT-2010\PLUGINS\STREAM_OUT_RAOP\DEBUG\STREAM_OUT_RAOP.RES
D:\Study\vlc\vlc-2.1.0.subproject-2010\plugins\stream_out_raop\Debug\stream_out_raop.write.1.tlog
D:\Study\vlc\vlc-2.1.0.subproject-2010\plugins\stream_out_raop\Debug\stream_out_raop_manifest.rc
D:\Study\vlc\vlc-2.1.0.subproject-2010\plugins\stream_out_raop\Debug\vc100.idb
D:\STUDY\VLC\VLC-2.1.0.SUBPROJECT-2010\PLUGINS\STREAM_OUT_RAOP\DEBUG\VC100.PDB
