D:\Study\vlc\vlc-2.1.0.subproject-2010\Debug\access_output_http.exp
D:\Study\vlc\vlc-2.1.0.subproject-2010\Debug\access_output_http.lib
D:\STUDY\VLC\VLC-2.1.0.SUBPROJECT-2010\DEBUG\ACCESS_OUTPUT_HTTP.PDB
D:\STUDY\VLC\VLC-2.1.0.SUBPROJECT-2010\DEBUG\PLUGINS\ACCESS_OUTPUT\LIBACCESS_OUTPUT_HTTP_PLUGIN.DLL
D:\STUDY\VLC\VLC-2.1.0.SUBPROJECT-2010\DEBUG\PLUGINS\ACCESS_OUTPUT\LIBACCESS_OUTPUT_HTTP_PLUGIN.ILK
D:\STUDY\VLC\VLC-2.1.0.SUBPROJECT-2010\PLUGINS\ACCESS_OUTPUT_HTTP\DEBUG\ACCESS_OUTPUT_HTTP.DLL.EMBED.MANIFEST
D:\STUDY\VLC\VLC-2.1.0.SUBPROJECT-2010\PLUGINS\ACCESS_OUTPUT_HTTP\DEBUG\ACCESS_OUTPUT_HTTP.DLL.EMBED.MANIFEST.RES
D:\STUDY\VLC\VLC-2.1.0.SUBPROJECT-2010\PLUGINS\ACCESS_OUTPUT_HTTP\DEBUG\ACCESS_OUTPUT_HTTP.DLL.INTERMEDIATE.MANIFEST
D:\STUDY\VLC\VLC-2.1.0.SUBPROJECT-2010\PLUGINS\ACCESS_OUTPUT_HTTP\DEBUG\ACCESS_OUTPUT_HTTP.OBJ
D:\STUDY\VLC\VLC-2.1.0.SUBPROJECT-2010\PLUGINS\ACCESS_OUTPUT_HTTP\DEBUG\ACCESS_OUTPUT_HTTP.PCH
D:\STUDY\VLC\VLC-2.1.0.SUBPROJECT-2010\PLUGINS\ACCESS_OUTPUT_HTTP\DEBUG\ACCESS_OUTPUT_HTTP.RES
D:\Study\vlc\vlc-2.1.0.subproject-2010\plugins\access_output_http\Debug\access_output_http.write.1.tlog
D:\Study\vlc\vlc-2.1.0.subproject-2010\plugins\access_output_http\Debug\access_output_http_manifest.rc
D:\STUDY\VLC\VLC-2.1.0.SUBPROJECT-2010\PLUGINS\ACCESS_OUTPUT_HTTP\DEBUG\BONJOUR.OBJ
D:\Study\vlc\vlc-2.1.0.subproject-2010\plugins\access_output_http\Debug\cl.command.1.tlog
D:\Study\vlc\vlc-2.1.0.subproject-2010\plugins\access_output_http\Debug\CL.read.1.tlog
D:\Study\vlc\vlc-2.1.0.subproject-2010\plugins\access_output_http\Debug\CL.write.1.tlog
D:\STUDY\VLC\VLC-2.1.0.SUBPROJECT-2010\PLUGINS\ACCESS_OUTPUT_HTTP\DEBUG\HTTP.OBJ
D:\Study\vlc\vlc-2.1.0.subproject-2010\plugins\access_output_http\Debug\link.5696.read.1.tlog
D:\Study\vlc\vlc-2.1.0.subproject-2010\plugins\access_output_http\Debug\link.5696.write.1.tlog
D:\Study\vlc\vlc-2.1.0.subproject-2010\plugins\access_output_http\Debug\link.5696-cvtres.read.1.tlog
D:\Study\vlc\vlc-2.1.0.subproject-2010\plugins\access_output_http\Debug\link.5696-cvtres.write.1.tlog
D:\Study\vlc\vlc-2.1.0.subproject-2010\plugins\access_output_http\Debug\link.command.1.tlog
D:\Study\vlc\vlc-2.1.0.subproject-2010\plugins\access_output_http\Debug\link.read.1.tlog
D:\Study\vlc\vlc-2.1.0.subproject-2010\plugins\access_output_http\Debug\link.write.1.tlog
D:\Study\vlc\vlc-2.1.0.subproject-2010\plugins\access_output_http\Debug\link-cvtres.read.1.tlog
D:\Study\vlc\vlc-2.1.0.subproject-2010\plugins\access_output_http\Debug\link-cvtres.write.1.tlog
D:\Study\vlc\vlc-2.1.0.subproject-2010\plugins\access_output_http\Debug\mt.command.1.tlog
D:\Study\vlc\vlc-2.1.0.subproject-2010\plugins\access_output_http\Debug\mt.read.1.tlog
D:\Study\vlc\vlc-2.1.0.subproject-2010\plugins\access_output_http\Debug\mt.write.1.tlog
D:\Study\vlc\vlc-2.1.0.subproject-2010\plugins\access_output_http\Debug\rc.command.1.tlog
D:\Study\vlc\vlc-2.1.0.subproject-2010\plugins\access_output_http\Debug\rc.read.1.tlog
D:\Study\vlc\vlc-2.1.0.subproject-2010\plugins\access_output_http\Debug\rc.write.1.tlog
D:\STUDY\VLC\VLC-2.1.0.SUBPROJECT-2010\PLUGINS\ACCESS_OUTPUT_HTTP\DEBUG\STDAFX.OBJ
D:\Study\vlc\vlc-2.1.0.subproject-2010\plugins\access_output_http\Debug\vc100.idb
D:\STUDY\VLC\VLC-2.1.0.SUBPROJECT-2010\PLUGINS\ACCESS_OUTPUT_HTTP\DEBUG\VC100.PDB
