D:\Study\vlc\vlc-2.1.0.subproject-2010\Debug\packetizer_mpeg4audio.exp
D:\Study\vlc\vlc-2.1.0.subproject-2010\Debug\packetizer_mpeg4audio.lib
D:\STUDY\VLC\VLC-2.1.0.SUBPROJECT-2010\DEBUG\PACKETIZER_MPEG4AUDIO.PDB
D:\STUDY\VLC\VLC-2.1.0.SUBPROJECT-2010\DEBUG\PLUGINS\PACKETIZER\LIBPACKETIZER_MPEG4AUDIO_PLUGIN.DLL
D:\STUDY\VLC\VLC-2.1.0.SUBPROJECT-2010\DEBUG\PLUGINS\PACKETIZER\LIBPACKETIZER_MPEG4AUDIO_PLUGIN.ILK
D:\Study\vlc\vlc-2.1.0.subproject-2010\plugins\packetizer_mpeg4audio\Debug\cl.command.1.tlog
D:\Study\vlc\vlc-2.1.0.subproject-2010\plugins\packetizer_mpeg4audio\Debug\CL.read.1.tlog
D:\Study\vlc\vlc-2.1.0.subproject-2010\plugins\packetizer_mpeg4audio\Debug\CL.write.1.tlog
D:\Study\vlc\vlc-2.1.0.subproject-2010\plugins\packetizer_mpeg4audio\Debug\link.3936.read.1.tlog
D:\Study\vlc\vlc-2.1.0.subproject-2010\plugins\packetizer_mpeg4audio\Debug\link.3936.write.1.tlog
D:\Study\vlc\vlc-2.1.0.subproject-2010\plugins\packetizer_mpeg4audio\Debug\link.3936-cvtres.read.1.tlog
D:\Study\vlc\vlc-2.1.0.subproject-2010\plugins\packetizer_mpeg4audio\Debug\link.3936-cvtres.write.1.tlog
D:\Study\vlc\vlc-2.1.0.subproject-2010\plugins\packetizer_mpeg4audio\Debug\link.command.1.tlog
D:\Study\vlc\vlc-2.1.0.subproject-2010\plugins\packetizer_mpeg4audio\Debug\link.read.1.tlog
D:\Study\vlc\vlc-2.1.0.subproject-2010\plugins\packetizer_mpeg4audio\Debug\link.write.1.tlog
D:\Study\vlc\vlc-2.1.0.subproject-2010\plugins\packetizer_mpeg4audio\Debug\link-cvtres.read.1.tlog
D:\Study\vlc\vlc-2.1.0.subproject-2010\plugins\packetizer_mpeg4audio\Debug\link-cvtres.write.1.tlog
D:\STUDY\VLC\VLC-2.1.0.SUBPROJECT-2010\PLUGINS\PACKETIZER_MPEG4AUDIO\DEBUG\MPEG4AUDIO.OBJ
D:\Study\vlc\vlc-2.1.0.subproject-2010\plugins\packetizer_mpeg4audio\Debug\mt.command.1.tlog
D:\Study\vlc\vlc-2.1.0.subproject-2010\plugins\packetizer_mpeg4audio\Debug\mt.read.1.tlog
D:\Study\vlc\vlc-2.1.0.subproject-2010\plugins\packetizer_mpeg4audio\Debug\mt.write.1.tlog
D:\STUDY\VLC\VLC-2.1.0.SUBPROJECT-2010\PLUGINS\PACKETIZER_MPEG4AUDIO\DEBUG\PACKETIZER_MPEG4AUDIO.DLL.EMBED.MANIFEST
D:\STUDY\VLC\VLC-2.1.0.SUBPROJECT-2010\PLUGINS\PACKETIZER_MPEG4AUDIO\DEBUG\PACKETIZER_MPEG4AUDIO.DLL.EMBED.MANIFEST.RES
D:\STUDY\VLC\VLC-2.1.0.SUBPROJECT-2010\PLUGINS\PACKETIZER_MPEG4AUDIO\DEBUG\PACKETIZER_MPEG4AUDIO.DLL.INTERMEDIATE.MANIFEST
D:\STUDY\VLC\VLC-2.1.0.SUBPROJECT-2010\PLUGINS\PACKETIZER_MPEG4AUDIO\DEBUG\PACKETIZER_MPEG4AUDIO.OBJ
D:\STUDY\VLC\VLC-2.1.0.SUBPROJECT-2010\PLUGINS\PACKETIZER_MPEG4AUDIO\DEBUG\PACKETIZER_MPEG4AUDIO.PCH
D:\STUDY\VLC\VLC-2.1.0.SUBPROJECT-2010\PLUGINS\PACKETIZER_MPEG4AUDIO\DEBUG\PACKETIZER_MPEG4AUDIO.RES
D:\Study\vlc\vlc-2.1.0.subproject-2010\plugins\packetizer_mpeg4audio\Debug\packetizer_mpeg4audio.write.1.tlog
D:\Study\vlc\vlc-2.1.0.subproject-2010\plugins\packetizer_mpeg4audio\Debug\packetizer_mpeg4audio_manifest.rc
D:\Study\vlc\vlc-2.1.0.subproject-2010\plugins\packetizer_mpeg4audio\Debug\rc.command.1.tlog
D:\Study\vlc\vlc-2.1.0.subproject-2010\plugins\packetizer_mpeg4audio\Debug\rc.read.1.tlog
D:\Study\vlc\vlc-2.1.0.subproject-2010\plugins\packetizer_mpeg4audio\Debug\rc.write.1.tlog
D:\STUDY\VLC\VLC-2.1.0.SUBPROJECT-2010\PLUGINS\PACKETIZER_MPEG4AUDIO\DEBUG\STDAFX.OBJ
D:\Study\vlc\vlc-2.1.0.subproject-2010\plugins\packetizer_mpeg4audio\Debug\vc100.idb
D:\STUDY\VLC\VLC-2.1.0.SUBPROJECT-2010\PLUGINS\PACKETIZER_MPEG4AUDIO\DEBUG\VC100.PDB
