D:\Study\vlc\vlc-2.1.0.subproject-2010\Debug\mpeg_audio.exp
D:\Study\vlc\vlc-2.1.0.subproject-2010\Debug\mpeg_audio.lib
D:\STUDY\VLC\VLC-2.1.0.SUBPROJECT-2010\DEBUG\MPEG_AUDIO.PDB
D:\STUDY\VLC\VLC-2.1.0.SUBPROJECT-2010\DEBUG\PLUGINS\CODEC\LIBMPEG_AUDIO_PLUGIN.DLL
D:\STUDY\VLC\VLC-2.1.0.SUBPROJECT-2010\DEBUG\PLUGINS\CODEC\LIBMPEG_AUDIO_PLUGIN.ILK
D:\Study\vlc\vlc-2.1.0.subproject-2010\plugins\mpeg_audio\Debug\cl.command.1.tlog
D:\Study\vlc\vlc-2.1.0.subproject-2010\plugins\mpeg_audio\Debug\CL.read.1.tlog
D:\Study\vlc\vlc-2.1.0.subproject-2010\plugins\mpeg_audio\Debug\CL.write.1.tlog
D:\Study\vlc\vlc-2.1.0.subproject-2010\plugins\mpeg_audio\Debug\link.2692.read.1.tlog
D:\Study\vlc\vlc-2.1.0.subproject-2010\plugins\mpeg_audio\Debug\link.2692.write.1.tlog
D:\Study\vlc\vlc-2.1.0.subproject-2010\plugins\mpeg_audio\Debug\link.2692-cvtres.read.1.tlog
D:\Study\vlc\vlc-2.1.0.subproject-2010\plugins\mpeg_audio\Debug\link.2692-cvtres.write.1.tlog
D:\Study\vlc\vlc-2.1.0.subproject-2010\plugins\mpeg_audio\Debug\link.command.1.tlog
D:\Study\vlc\vlc-2.1.0.subproject-2010\plugins\mpeg_audio\Debug\link.read.1.tlog
D:\Study\vlc\vlc-2.1.0.subproject-2010\plugins\mpeg_audio\Debug\link.write.1.tlog
D:\Study\vlc\vlc-2.1.0.subproject-2010\plugins\mpeg_audio\Debug\link-cvtres.read.1.tlog
D:\Study\vlc\vlc-2.1.0.subproject-2010\plugins\mpeg_audio\Debug\link-cvtres.write.1.tlog
D:\STUDY\VLC\VLC-2.1.0.SUBPROJECT-2010\PLUGINS\MPEG_AUDIO\DEBUG\MPEG_AUDIO.DLL.EMBED.MANIFEST
D:\STUDY\VLC\VLC-2.1.0.SUBPROJECT-2010\PLUGINS\MPEG_AUDIO\DEBUG\MPEG_AUDIO.DLL.EMBED.MANIFEST.RES
D:\STUDY\VLC\VLC-2.1.0.SUBPROJECT-2010\PLUGINS\MPEG_AUDIO\DEBUG\MPEG_AUDIO.DLL.INTERMEDIATE.MANIFEST
D:\STUDY\VLC\VLC-2.1.0.SUBPROJECT-2010\PLUGINS\MPEG_AUDIO\DEBUG\MPEG_AUDIO.OBJ
D:\STUDY\VLC\VLC-2.1.0.SUBPROJECT-2010\PLUGINS\MPEG_AUDIO\DEBUG\MPEG_AUDIO.PCH
D:\STUDY\VLC\VLC-2.1.0.SUBPROJECT-2010\PLUGINS\MPEG_AUDIO\DEBUG\MPEG_AUDIO.RES
D:\Study\vlc\vlc-2.1.0.subproject-2010\plugins\mpeg_audio\Debug\mpeg_audio.write.1.tlog
D:\Study\vlc\vlc-2.1.0.subproject-2010\plugins\mpeg_audio\Debug\mpeg_audio_manifest.rc
D:\STUDY\VLC\VLC-2.1.0.SUBPROJECT-2010\PLUGINS\MPEG_AUDIO\DEBUG\MPEG_AUDIO1.OBJ
D:\Study\vlc\vlc-2.1.0.subproject-2010\plugins\mpeg_audio\Debug\mt.command.1.tlog
D:\Study\vlc\vlc-2.1.0.subproject-2010\plugins\mpeg_audio\Debug\mt.read.1.tlog
D:\Study\vlc\vlc-2.1.0.subproject-2010\plugins\mpeg_audio\Debug\mt.write.1.tlog
D:\Study\vlc\vlc-2.1.0.subproject-2010\plugins\mpeg_audio\Debug\rc.command.1.tlog
D:\Study\vlc\vlc-2.1.0.subproject-2010\plugins\mpeg_audio\Debug\rc.read.1.tlog
D:\Study\vlc\vlc-2.1.0.subproject-2010\plugins\mpeg_audio\Debug\rc.write.1.tlog
D:\STUDY\VLC\VLC-2.1.0.SUBPROJECT-2010\PLUGINS\MPEG_AUDIO\DEBUG\STDAFX.OBJ
D:\Study\vlc\vlc-2.1.0.subproject-2010\plugins\mpeg_audio\Debug\vc100.idb
D:\STUDY\VLC\VLC-2.1.0.SUBPROJECT-2010\PLUGINS\MPEG_AUDIO\DEBUG\VC100.PDB
