D:\STUDY\VLC\VLC-2.1.0.SUBPROJECT-2010\PLUGINS\DTV\DEBUG\ACCESS.OBJ
D:\STUDY\VLC\VLC-2.1.0.SUBPROJECT-2010\PLUGINS\DTV\DEBUG\BDAGRAPH.OBJ
D:\Study\vlc\vlc-2.1.0.subproject-2010\plugins\dtv\Debug\cl.command.1.tlog
D:\Study\vlc\vlc-2.1.0.subproject-2010\plugins\dtv\Debug\CL.read.1.tlog
D:\Study\vlc\vlc-2.1.0.subproject-2010\plugins\dtv\Debug\CL.write.1.tlog
D:\Study\vlc\vlc-2.1.0.subproject-2010\plugins\dtv\Debug\dtv.dll.embed.manifest
D:\STUDY\VLC\VLC-2.1.0.SUBPROJECT-2010\PLUGINS\DTV\DEBUG\DTV.DLL.EMBED.MANIFEST.RES
D:\STUDY\VLC\VLC-2.1.0.SUBPROJECT-2010\PLUGINS\DTV\DEBUG\DTV.OBJ
D:\STUDY\VLC\VLC-2.1.0.SUBPROJECT-2010\PLUGINS\DTV\DEBUG\DTV.PCH
D:\STUDY\VLC\VLC-2.1.0.SUBPROJECT-2010\PLUGINS\DTV\DEBUG\DTV.RES
D:\Study\vlc\vlc-2.1.0.subproject-2010\plugins\dtv\Debug\dtv.write.1.tlog
D:\Study\vlc\vlc-2.1.0.subproject-2010\plugins\dtv\Debug\dtv_manifest.rc
D:\Study\vlc\vlc-2.1.0.subproject-2010\plugins\dtv\Debug\link.command.1.tlog
D:\Study\vlc\vlc-2.1.0.subproject-2010\plugins\dtv\Debug\link.read.1.tlog
D:\Study\vlc\vlc-2.1.0.subproject-2010\plugins\dtv\Debug\link.write.1.tlog
D:\Study\vlc\vlc-2.1.0.subproject-2010\plugins\dtv\Debug\rc.command.1.tlog
D:\Study\vlc\vlc-2.1.0.subproject-2010\plugins\dtv\Debug\rc.read.1.tlog
D:\Study\vlc\vlc-2.1.0.subproject-2010\plugins\dtv\Debug\rc.write.1.tlog
D:\STUDY\VLC\VLC-2.1.0.SUBPROJECT-2010\PLUGINS\DTV\DEBUG\STDAFX.OBJ
D:\Study\vlc\vlc-2.1.0.subproject-2010\plugins\dtv\Debug\vc100.idb
D:\STUDY\VLC\VLC-2.1.0.SUBPROJECT-2010\PLUGINS\DTV\DEBUG\VC100.PDB
