D:\Study\vlc\vlc-2.1.0.subproject-2010\Debug\dummy.exp
D:\Study\vlc\vlc-2.1.0.subproject-2010\Debug\dummy.lib
D:\STUDY\VLC\VLC-2.1.0.SUBPROJECT-2010\DEBUG\DUMMY.PDB
D:\STUDY\VLC\VLC-2.1.0.SUBPROJECT-2010\DEBUG\PLUGINS\CONTROL\LIBDUMMY_PLUGIN.DLL
D:\STUDY\VLC\VLC-2.1.0.SUBPROJECT-2010\DEBUG\PLUGINS\CONTROL\LIBDUMMY_PLUGIN.ILK
D:\Study\vlc\vlc-2.1.0.subproject-2010\plugins\dummy\Debug\cl.command.1.tlog
D:\Study\vlc\vlc-2.1.0.subproject-2010\plugins\dummy\Debug\CL.read.1.tlog
D:\Study\vlc\vlc-2.1.0.subproject-2010\plugins\dummy\Debug\CL.write.1.tlog
D:\STUDY\VLC\VLC-2.1.0.SUBPROJECT-2010\PLUGINS\DUMMY\DEBUG\DUMMY.DLL.EMBED.MANIFEST
D:\STUDY\VLC\VLC-2.1.0.SUBPROJECT-2010\PLUGINS\DUMMY\DEBUG\DUMMY.DLL.EMBED.MANIFEST.RES
D:\STUDY\VLC\VLC-2.1.0.SUBPROJECT-2010\PLUGINS\DUMMY\DEBUG\DUMMY.DLL.INTERMEDIATE.MANIFEST
D:\STUDY\VLC\VLC-2.1.0.SUBPROJECT-2010\PLUGINS\DUMMY\DEBUG\DUMMY.OBJ
D:\STUDY\VLC\VLC-2.1.0.SUBPROJECT-2010\PLUGINS\DUMMY\DEBUG\DUMMY.PCH
D:\STUDY\VLC\VLC-2.1.0.SUBPROJECT-2010\PLUGINS\DUMMY\DEBUG\DUMMY.RES
D:\Study\vlc\vlc-2.1.0.subproject-2010\plugins\dummy\Debug\dummy.write.1.tlog
D:\Study\vlc\vlc-2.1.0.subproject-2010\plugins\dummy\Debug\dummy_manifest.rc
D:\STUDY\VLC\VLC-2.1.0.SUBPROJECT-2010\PLUGINS\DUMMY\DEBUG\DUMMY1.OBJ
D:\Study\vlc\vlc-2.1.0.subproject-2010\plugins\dummy\Debug\link.12380.read.1.tlog
D:\Study\vlc\vlc-2.1.0.subproject-2010\plugins\dummy\Debug\link.12380.write.1.tlog
D:\Study\vlc\vlc-2.1.0.subproject-2010\plugins\dummy\Debug\link.12380-cvtres.read.1.tlog
D:\Study\vlc\vlc-2.1.0.subproject-2010\plugins\dummy\Debug\link.12380-cvtres.write.1.tlog
D:\Study\vlc\vlc-2.1.0.subproject-2010\plugins\dummy\Debug\link.command.1.tlog
D:\Study\vlc\vlc-2.1.0.subproject-2010\plugins\dummy\Debug\link.read.1.tlog
D:\Study\vlc\vlc-2.1.0.subproject-2010\plugins\dummy\Debug\link.write.1.tlog
D:\Study\vlc\vlc-2.1.0.subproject-2010\plugins\dummy\Debug\link-cvtres.read.1.tlog
D:\Study\vlc\vlc-2.1.0.subproject-2010\plugins\dummy\Debug\link-cvtres.write.1.tlog
D:\Study\vlc\vlc-2.1.0.subproject-2010\plugins\dummy\Debug\mt.command.1.tlog
D:\Study\vlc\vlc-2.1.0.subproject-2010\plugins\dummy\Debug\mt.read.1.tlog
D:\Study\vlc\vlc-2.1.0.subproject-2010\plugins\dummy\Debug\mt.write.1.tlog
D:\Study\vlc\vlc-2.1.0.subproject-2010\plugins\dummy\Debug\rc.command.1.tlog
D:\Study\vlc\vlc-2.1.0.subproject-2010\plugins\dummy\Debug\rc.read.1.tlog
D:\Study\vlc\vlc-2.1.0.subproject-2010\plugins\dummy\Debug\rc.write.1.tlog
D:\STUDY\VLC\VLC-2.1.0.SUBPROJECT-2010\PLUGINS\DUMMY\DEBUG\STDAFX.OBJ
D:\Study\vlc\vlc-2.1.0.subproject-2010\plugins\dummy\Debug\vc100.idb
D:\STUDY\VLC\VLC-2.1.0.SUBPROJECT-2010\PLUGINS\DUMMY\DEBUG\VC100.PDB
