D:\Study\vlc\vlc-2.1.0.subproject-2010\Debug\araw.exp
D:\Study\vlc\vlc-2.1.0.subproject-2010\Debug\araw.lib
D:\STUDY\VLC\VLC-2.1.0.SUBPROJECT-2010\DEBUG\ARAW.PDB
D:\STUDY\VLC\VLC-2.1.0.SUBPROJECT-2010\DEBUG\PLUGINS\CODEC\LIBARAW_PLUGIN.DLL
D:\STUDY\VLC\VLC-2.1.0.SUBPROJECT-2010\DEBUG\PLUGINS\CODEC\LIBARAW_PLUGIN.ILK
D:\STUDY\VLC\VLC-2.1.0.SUBPROJECT-2010\PLUGINS\ARAW\DEBUG\ARAW.DLL.EMBED.MANIFEST
D:\STUDY\VLC\VLC-2.1.0.SUBPROJECT-2010\PLUGINS\ARAW\DEBUG\ARAW.DLL.EMBED.MANIFEST.RES
D:\STUDY\VLC\VLC-2.1.0.SUBPROJECT-2010\PLUGINS\ARAW\DEBUG\ARAW.DLL.INTERMEDIATE.MANIFEST
D:\STUDY\VLC\VLC-2.1.0.SUBPROJECT-2010\PLUGINS\ARAW\DEBUG\ARAW.OBJ
D:\STUDY\VLC\VLC-2.1.0.SUBPROJECT-2010\PLUGINS\ARAW\DEBUG\ARAW.PCH
D:\STUDY\VLC\VLC-2.1.0.SUBPROJECT-2010\PLUGINS\ARAW\DEBUG\ARAW.RES
D:\Study\vlc\vlc-2.1.0.subproject-2010\plugins\araw\Debug\araw.write.1.tlog
D:\Study\vlc\vlc-2.1.0.subproject-2010\plugins\araw\Debug\araw_manifest.rc
D:\STUDY\VLC\VLC-2.1.0.SUBPROJECT-2010\PLUGINS\ARAW\DEBUG\ARAW1.OBJ
D:\Study\vlc\vlc-2.1.0.subproject-2010\plugins\araw\Debug\cl.command.1.tlog
D:\Study\vlc\vlc-2.1.0.subproject-2010\plugins\araw\Debug\CL.read.1.tlog
D:\Study\vlc\vlc-2.1.0.subproject-2010\plugins\araw\Debug\CL.write.1.tlog
D:\Study\vlc\vlc-2.1.0.subproject-2010\plugins\araw\Debug\link.13220.read.1.tlog
D:\Study\vlc\vlc-2.1.0.subproject-2010\plugins\araw\Debug\link.13220.write.1.tlog
D:\Study\vlc\vlc-2.1.0.subproject-2010\plugins\araw\Debug\link.13220-cvtres.read.1.tlog
D:\Study\vlc\vlc-2.1.0.subproject-2010\plugins\araw\Debug\link.13220-cvtres.write.1.tlog
D:\Study\vlc\vlc-2.1.0.subproject-2010\plugins\araw\Debug\link.command.1.tlog
D:\Study\vlc\vlc-2.1.0.subproject-2010\plugins\araw\Debug\link.read.1.tlog
D:\Study\vlc\vlc-2.1.0.subproject-2010\plugins\araw\Debug\link.write.1.tlog
D:\Study\vlc\vlc-2.1.0.subproject-2010\plugins\araw\Debug\link-cvtres.read.1.tlog
D:\Study\vlc\vlc-2.1.0.subproject-2010\plugins\araw\Debug\link-cvtres.write.1.tlog
D:\Study\vlc\vlc-2.1.0.subproject-2010\plugins\araw\Debug\mt.command.1.tlog
D:\Study\vlc\vlc-2.1.0.subproject-2010\plugins\araw\Debug\mt.read.1.tlog
D:\Study\vlc\vlc-2.1.0.subproject-2010\plugins\araw\Debug\mt.write.1.tlog
D:\Study\vlc\vlc-2.1.0.subproject-2010\plugins\araw\Debug\rc.command.1.tlog
D:\Study\vlc\vlc-2.1.0.subproject-2010\plugins\araw\Debug\rc.read.1.tlog
D:\Study\vlc\vlc-2.1.0.subproject-2010\plugins\araw\Debug\rc.write.1.tlog
D:\STUDY\VLC\VLC-2.1.0.SUBPROJECT-2010\PLUGINS\ARAW\DEBUG\STDAFX.OBJ
D:\Study\vlc\vlc-2.1.0.subproject-2010\plugins\araw\Debug\vc100.idb
D:\STUDY\VLC\VLC-2.1.0.SUBPROJECT-2010\PLUGINS\ARAW\DEBUG\VC100.PDB
