D:\STUDY\VLC\VLC-2.1.0.SUBPROJECT-2010\DEBUG\PLUGINS\DEMUX\LIBTS_PLUGIN.DLL
D:\STUDY\VLC\VLC-2.1.0.SUBPROJECT-2010\DEBUG\PLUGINS\DEMUX\LIBTS_PLUGIN.ILK
D:\Study\vlc\vlc-2.1.0.subproject-2010\Debug\ts.exp
D:\Study\vlc\vlc-2.1.0.subproject-2010\Debug\ts.lib
D:\STUDY\VLC\VLC-2.1.0.SUBPROJECT-2010\DEBUG\TS.PDB
D:\Study\vlc\vlc-2.1.0.subproject-2010\plugins\ts\Debug\cl.command.1.tlog
D:\Study\vlc\vlc-2.1.0.subproject-2010\plugins\ts\Debug\CL.read.1.tlog
D:\Study\vlc\vlc-2.1.0.subproject-2010\plugins\ts\Debug\CL.write.1.tlog
D:\STUDY\VLC\VLC-2.1.0.SUBPROJECT-2010\PLUGINS\TS\DEBUG\CSA.OBJ
D:\Study\vlc\vlc-2.1.0.subproject-2010\plugins\ts\Debug\link.12620.read.1.tlog
D:\Study\vlc\vlc-2.1.0.subproject-2010\plugins\ts\Debug\link.12620.write.1.tlog
D:\Study\vlc\vlc-2.1.0.subproject-2010\plugins\ts\Debug\link.12620-cvtres.read.1.tlog
D:\Study\vlc\vlc-2.1.0.subproject-2010\plugins\ts\Debug\link.12620-cvtres.write.1.tlog
D:\Study\vlc\vlc-2.1.0.subproject-2010\plugins\ts\Debug\link.command.1.tlog
D:\Study\vlc\vlc-2.1.0.subproject-2010\plugins\ts\Debug\link.read.1.tlog
D:\Study\vlc\vlc-2.1.0.subproject-2010\plugins\ts\Debug\link.write.1.tlog
D:\Study\vlc\vlc-2.1.0.subproject-2010\plugins\ts\Debug\link-cvtres.read.1.tlog
D:\Study\vlc\vlc-2.1.0.subproject-2010\plugins\ts\Debug\link-cvtres.write.1.tlog
D:\Study\vlc\vlc-2.1.0.subproject-2010\plugins\ts\Debug\mt.command.1.tlog
D:\Study\vlc\vlc-2.1.0.subproject-2010\plugins\ts\Debug\mt.read.1.tlog
D:\Study\vlc\vlc-2.1.0.subproject-2010\plugins\ts\Debug\mt.write.1.tlog
D:\Study\vlc\vlc-2.1.0.subproject-2010\plugins\ts\Debug\rc.command.1.tlog
D:\Study\vlc\vlc-2.1.0.subproject-2010\plugins\ts\Debug\rc.read.1.tlog
D:\Study\vlc\vlc-2.1.0.subproject-2010\plugins\ts\Debug\rc.write.1.tlog
D:\STUDY\VLC\VLC-2.1.0.SUBPROJECT-2010\PLUGINS\TS\DEBUG\STDAFX.OBJ
D:\STUDY\VLC\VLC-2.1.0.SUBPROJECT-2010\PLUGINS\TS\DEBUG\TS.DLL.EMBED.MANIFEST
D:\STUDY\VLC\VLC-2.1.0.SUBPROJECT-2010\PLUGINS\TS\DEBUG\TS.DLL.EMBED.MANIFEST.RES
D:\STUDY\VLC\VLC-2.1.0.SUBPROJECT-2010\PLUGINS\TS\DEBUG\TS.DLL.INTERMEDIATE.MANIFEST
D:\STUDY\VLC\VLC-2.1.0.SUBPROJECT-2010\PLUGINS\TS\DEBUG\TS.OBJ
D:\STUDY\VLC\VLC-2.1.0.SUBPROJECT-2010\PLUGINS\TS\DEBUG\TS.PCH
D:\STUDY\VLC\VLC-2.1.0.SUBPROJECT-2010\PLUGINS\TS\DEBUG\TS.RES
D:\Study\vlc\vlc-2.1.0.subproject-2010\plugins\ts\Debug\ts.write.1.tlog
D:\Study\vlc\vlc-2.1.0.subproject-2010\plugins\ts\Debug\ts_manifest.rc
D:\STUDY\VLC\VLC-2.1.0.SUBPROJECT-2010\PLUGINS\TS\DEBUG\TS1.OBJ
D:\Study\vlc\vlc-2.1.0.subproject-2010\plugins\ts\Debug\vc100.idb
D:\STUDY\VLC\VLC-2.1.0.SUBPROJECT-2010\PLUGINS\TS\DEBUG\VC100.PDB
