D:\Study\vlc\vlc-2.1.0.subproject-2010\Debug\mediadirs.exp
D:\Study\vlc\vlc-2.1.0.subproject-2010\Debug\mediadirs.lib
D:\STUDY\VLC\VLC-2.1.0.SUBPROJECT-2010\DEBUG\MEDIADIRS.PDB
D:\STUDY\VLC\VLC-2.1.0.SUBPROJECT-2010\DEBUG\PLUGINS\SERVICES_DISCOVERY\LIBMEDIADIRS_PLUGIN.DLL
D:\STUDY\VLC\VLC-2.1.0.SUBPROJECT-2010\DEBUG\PLUGINS\SERVICES_DISCOVERY\LIBMEDIADIRS_PLUGIN.ILK
D:\Study\vlc\vlc-2.1.0.subproject-2010\plugins\mediadirs\Debug\cl.command.1.tlog
D:\Study\vlc\vlc-2.1.0.subproject-2010\plugins\mediadirs\Debug\CL.read.1.tlog
D:\Study\vlc\vlc-2.1.0.subproject-2010\plugins\mediadirs\Debug\CL.write.1.tlog
D:\Study\vlc\vlc-2.1.0.subproject-2010\plugins\mediadirs\Debug\link.5376.read.1.tlog
D:\Study\vlc\vlc-2.1.0.subproject-2010\plugins\mediadirs\Debug\link.5376.write.1.tlog
D:\Study\vlc\vlc-2.1.0.subproject-2010\plugins\mediadirs\Debug\link.5376-cvtres.read.1.tlog
D:\Study\vlc\vlc-2.1.0.subproject-2010\plugins\mediadirs\Debug\link.5376-cvtres.write.1.tlog
D:\Study\vlc\vlc-2.1.0.subproject-2010\plugins\mediadirs\Debug\link.command.1.tlog
D:\Study\vlc\vlc-2.1.0.subproject-2010\plugins\mediadirs\Debug\link.read.1.tlog
D:\Study\vlc\vlc-2.1.0.subproject-2010\plugins\mediadirs\Debug\link.write.1.tlog
D:\Study\vlc\vlc-2.1.0.subproject-2010\plugins\mediadirs\Debug\link-cvtres.read.1.tlog
D:\Study\vlc\vlc-2.1.0.subproject-2010\plugins\mediadirs\Debug\link-cvtres.write.1.tlog
D:\STUDY\VLC\VLC-2.1.0.SUBPROJECT-2010\PLUGINS\MEDIADIRS\DEBUG\MEDIADIRS.DLL.EMBED.MANIFEST
D:\STUDY\VLC\VLC-2.1.0.SUBPROJECT-2010\PLUGINS\MEDIADIRS\DEBUG\MEDIADIRS.DLL.EMBED.MANIFEST.RES
D:\STUDY\VLC\VLC-2.1.0.SUBPROJECT-2010\PLUGINS\MEDIADIRS\DEBUG\MEDIADIRS.DLL.INTERMEDIATE.MANIFEST
D:\STUDY\VLC\VLC-2.1.0.SUBPROJECT-2010\PLUGINS\MEDIADIRS\DEBUG\MEDIADIRS.OBJ
D:\STUDY\VLC\VLC-2.1.0.SUBPROJECT-2010\PLUGINS\MEDIADIRS\DEBUG\MEDIADIRS.PCH
D:\STUDY\VLC\VLC-2.1.0.SUBPROJECT-2010\PLUGINS\MEDIADIRS\DEBUG\MEDIADIRS.RES
D:\Study\vlc\vlc-2.1.0.subproject-2010\plugins\mediadirs\Debug\mediadirs.write.1.tlog
D:\Study\vlc\vlc-2.1.0.subproject-2010\plugins\mediadirs\Debug\mediadirs_manifest.rc
D:\STUDY\VLC\VLC-2.1.0.SUBPROJECT-2010\PLUGINS\MEDIADIRS\DEBUG\MEDIADIRS1.OBJ
D:\Study\vlc\vlc-2.1.0.subproject-2010\plugins\mediadirs\Debug\mt.command.1.tlog
D:\Study\vlc\vlc-2.1.0.subproject-2010\plugins\mediadirs\Debug\mt.read.1.tlog
D:\Study\vlc\vlc-2.1.0.subproject-2010\plugins\mediadirs\Debug\mt.write.1.tlog
D:\Study\vlc\vlc-2.1.0.subproject-2010\plugins\mediadirs\Debug\rc.command.1.tlog
D:\Study\vlc\vlc-2.1.0.subproject-2010\plugins\mediadirs\Debug\rc.read.1.tlog
D:\Study\vlc\vlc-2.1.0.subproject-2010\plugins\mediadirs\Debug\rc.write.1.tlog
D:\STUDY\VLC\VLC-2.1.0.SUBPROJECT-2010\PLUGINS\MEDIADIRS\DEBUG\STDAFX.OBJ
D:\Study\vlc\vlc-2.1.0.subproject-2010\plugins\mediadirs\Debug\vc100.idb
D:\STUDY\VLC\VLC-2.1.0.SUBPROJECT-2010\PLUGINS\MEDIADIRS\DEBUG\VC100.PDB
