D:\STUDY\VLC\VLC-2.1.0.SUBPROJECT-2010\DEBUG\PLUGINS\SERVICES_DISCOVERY\LIBWINDRIVE_PLUGIN.DLL
D:\STUDY\VLC\VLC-2.1.0.SUBPROJECT-2010\DEBUG\PLUGINS\SERVICES_DISCOVERY\LIBWINDRIVE_PLUGIN.ILK
D:\Study\vlc\vlc-2.1.0.subproject-2010\Debug\windrive.exp
D:\Study\vlc\vlc-2.1.0.subproject-2010\Debug\windrive.lib
D:\STUDY\VLC\VLC-2.1.0.SUBPROJECT-2010\DEBUG\WINDRIVE.PDB
D:\Study\vlc\vlc-2.1.0.subproject-2010\plugins\windrive\Debug\cl.command.1.tlog
D:\Study\vlc\vlc-2.1.0.subproject-2010\plugins\windrive\Debug\CL.read.1.tlog
D:\Study\vlc\vlc-2.1.0.subproject-2010\plugins\windrive\Debug\CL.write.1.tlog
D:\Study\vlc\vlc-2.1.0.subproject-2010\plugins\windrive\Debug\link.5904.read.1.tlog
D:\Study\vlc\vlc-2.1.0.subproject-2010\plugins\windrive\Debug\link.5904.write.1.tlog
D:\Study\vlc\vlc-2.1.0.subproject-2010\plugins\windrive\Debug\link.5904-cvtres.read.1.tlog
D:\Study\vlc\vlc-2.1.0.subproject-2010\plugins\windrive\Debug\link.5904-cvtres.write.1.tlog
D:\Study\vlc\vlc-2.1.0.subproject-2010\plugins\windrive\Debug\link.command.1.tlog
D:\Study\vlc\vlc-2.1.0.subproject-2010\plugins\windrive\Debug\link.read.1.tlog
D:\Study\vlc\vlc-2.1.0.subproject-2010\plugins\windrive\Debug\link.write.1.tlog
D:\Study\vlc\vlc-2.1.0.subproject-2010\plugins\windrive\Debug\link-cvtres.read.1.tlog
D:\Study\vlc\vlc-2.1.0.subproject-2010\plugins\windrive\Debug\link-cvtres.write.1.tlog
D:\Study\vlc\vlc-2.1.0.subproject-2010\plugins\windrive\Debug\mt.command.1.tlog
D:\Study\vlc\vlc-2.1.0.subproject-2010\plugins\windrive\Debug\mt.read.1.tlog
D:\Study\vlc\vlc-2.1.0.subproject-2010\plugins\windrive\Debug\mt.write.1.tlog
D:\Study\vlc\vlc-2.1.0.subproject-2010\plugins\windrive\Debug\rc.command.1.tlog
D:\Study\vlc\vlc-2.1.0.subproject-2010\plugins\windrive\Debug\rc.read.1.tlog
D:\Study\vlc\vlc-2.1.0.subproject-2010\plugins\windrive\Debug\rc.write.1.tlog
D:\STUDY\VLC\VLC-2.1.0.SUBPROJECT-2010\PLUGINS\WINDRIVE\DEBUG\STDAFX.OBJ
D:\Study\vlc\vlc-2.1.0.subproject-2010\plugins\windrive\Debug\vc100.idb
D:\STUDY\VLC\VLC-2.1.0.SUBPROJECT-2010\PLUGINS\WINDRIVE\DEBUG\VC100.PDB
D:\STUDY\VLC\VLC-2.1.0.SUBPROJECT-2010\PLUGINS\WINDRIVE\DEBUG\WINDRIVE.DLL.EMBED.MANIFEST
D:\STUDY\VLC\VLC-2.1.0.SUBPROJECT-2010\PLUGINS\WINDRIVE\DEBUG\WINDRIVE.DLL.EMBED.MANIFEST.RES
D:\STUDY\VLC\VLC-2.1.0.SUBPROJECT-2010\PLUGINS\WINDRIVE\DEBUG\WINDRIVE.DLL.INTERMEDIATE.MANIFEST
D:\STUDY\VLC\VLC-2.1.0.SUBPROJECT-2010\PLUGINS\WINDRIVE\DEBUG\WINDRIVE.OBJ
D:\STUDY\VLC\VLC-2.1.0.SUBPROJECT-2010\PLUGINS\WINDRIVE\DEBUG\WINDRIVE.PCH
D:\STUDY\VLC\VLC-2.1.0.SUBPROJECT-2010\PLUGINS\WINDRIVE\DEBUG\WINDRIVE.RES
D:\Study\vlc\vlc-2.1.0.subproject-2010\plugins\windrive\Debug\windrive.write.1.tlog
D:\Study\vlc\vlc-2.1.0.subproject-2010\plugins\windrive\Debug\windrive_manifest.rc
D:\STUDY\VLC\VLC-2.1.0.SUBPROJECT-2010\PLUGINS\WINDRIVE\DEBUG\WINDRIVE1.OBJ
