D:\STUDY\VLC\VLC-2.1.0.SUBPROJECT-2010\DEBUG\LIBCOMPAT.DLL
D:\Study\vlc\vlc-2.1.0.subproject-2010\Debug\libcompat.exp
D:\STUDY\VLC\VLC-2.1.0.SUBPROJECT-2010\DEBUG\LIBCOMPAT.ILK
D:\Study\vlc\vlc-2.1.0.subproject-2010\Debug\libcompat.lib
D:\STUDY\VLC\VLC-2.1.0.SUBPROJECT-2010\DEBUG\LIBCOMPAT.PDB
D:\STUDY\VLC\VLC-2.1.0.SUBPROJECT-2010\LIBCOMPAT\DEBUG\ASPRINTF.OBJ
D:\Study\vlc\vlc-2.1.0.subproject-2010\libcompat\Debug\cl.command.1.tlog
D:\Study\vlc\vlc-2.1.0.subproject-2010\libcompat\Debug\CL.read.1.tlog
D:\Study\vlc\vlc-2.1.0.subproject-2010\libcompat\Debug\CL.write.1.tlog
D:\STUDY\VLC\VLC-2.1.0.SUBPROJECT-2010\LIBCOMPAT\DEBUG\FLOCKFILE.OBJ
D:\STUDY\VLC\VLC-2.1.0.SUBPROJECT-2010\LIBCOMPAT\DEBUG\GETDELIM.OBJ
D:\STUDY\VLC\VLC-2.1.0.SUBPROJECT-2010\LIBCOMPAT\DEBUG\INET_PTON.OBJ
D:\STUDY\VLC\VLC-2.1.0.SUBPROJECT-2010\LIBCOMPAT\DEBUG\LIBCOMPAT.DLL.EMBED.MANIFEST
D:\STUDY\VLC\VLC-2.1.0.SUBPROJECT-2010\LIBCOMPAT\DEBUG\LIBCOMPAT.DLL.EMBED.MANIFEST.RES
D:\STUDY\VLC\VLC-2.1.0.SUBPROJECT-2010\LIBCOMPAT\DEBUG\LIBCOMPAT.DLL.INTERMEDIATE.MANIFEST
D:\STUDY\VLC\VLC-2.1.0.SUBPROJECT-2010\LIBCOMPAT\DEBUG\LIBCOMPAT.OBJ
D:\STUDY\VLC\VLC-2.1.0.SUBPROJECT-2010\LIBCOMPAT\DEBUG\LIBCOMPAT.PCH
D:\STUDY\VLC\VLC-2.1.0.SUBPROJECT-2010\LIBCOMPAT\DEBUG\LIBCOMPAT.RES
D:\Study\vlc\vlc-2.1.0.subproject-2010\libcompat\Debug\libcompat.vcxprojResolveAssemblyReference.cache
D:\Study\vlc\vlc-2.1.0.subproject-2010\libcompat\Debug\libcompat.write.1.tlog
D:\Study\vlc\vlc-2.1.0.subproject-2010\libcompat\Debug\libcompat_manifest.rc
D:\Study\vlc\vlc-2.1.0.subproject-2010\libcompat\Debug\link.10064.read.1.tlog
D:\Study\vlc\vlc-2.1.0.subproject-2010\libcompat\Debug\link.10064.write.1.tlog
D:\Study\vlc\vlc-2.1.0.subproject-2010\libcompat\Debug\link.10064-cvtres.read.1.tlog
D:\Study\vlc\vlc-2.1.0.subproject-2010\libcompat\Debug\link.10064-cvtres.write.1.tlog
D:\Study\vlc\vlc-2.1.0.subproject-2010\libcompat\Debug\link.command.1.tlog
D:\Study\vlc\vlc-2.1.0.subproject-2010\libcompat\Debug\link.read.1.tlog
D:\Study\vlc\vlc-2.1.0.subproject-2010\libcompat\Debug\link.write.1.tlog
D:\Study\vlc\vlc-2.1.0.subproject-2010\libcompat\Debug\link-cvtres.read.1.tlog
D:\Study\vlc\vlc-2.1.0.subproject-2010\libcompat\Debug\link-cvtres.write.1.tlog
D:\STUDY\VLC\VLC-2.1.0.SUBPROJECT-2010\LIBCOMPAT\DEBUG\LLDIV.OBJ
D:\STUDY\VLC\VLC-2.1.0.SUBPROJECT-2010\LIBCOMPAT\DEBUG\LOCALTIME_R.OBJ
D:\Study\vlc\vlc-2.1.0.subproject-2010\libcompat\Debug\mt.command.1.tlog
D:\Study\vlc\vlc-2.1.0.subproject-2010\libcompat\Debug\mt.read.1.tlog
D:\Study\vlc\vlc-2.1.0.subproject-2010\libcompat\Debug\mt.write.1.tlog
D:\STUDY\VLC\VLC-2.1.0.SUBPROJECT-2010\LIBCOMPAT\DEBUG\NRAND48.OBJ
D:\STUDY\VLC\VLC-2.1.0.SUBPROJECT-2010\LIBCOMPAT\DEBUG\POLL.OBJ
D:\Study\vlc\vlc-2.1.0.subproject-2010\libcompat\Debug\rc.command.1.tlog
D:\Study\vlc\vlc-2.1.0.subproject-2010\libcompat\Debug\rc.read.1.tlog
D:\Study\vlc\vlc-2.1.0.subproject-2010\libcompat\Debug\rc.write.1.tlog
D:\STUDY\VLC\VLC-2.1.0.SUBPROJECT-2010\LIBCOMPAT\DEBUG\STDAFX.OBJ
D:\STUDY\VLC\VLC-2.1.0.SUBPROJECT-2010\LIBCOMPAT\DEBUG\STRCASECMP.OBJ
D:\STUDY\VLC\VLC-2.1.0.SUBPROJECT-2010\LIBCOMPAT\DEBUG\STRCASESTR.OBJ
D:\STUDY\VLC\VLC-2.1.0.SUBPROJECT-2010\LIBCOMPAT\DEBUG\STRLCPY.OBJ
D:\STUDY\VLC\VLC-2.1.0.SUBPROJECT-2010\LIBCOMPAT\DEBUG\STRNCASECMP.OBJ
D:\STUDY\VLC\VLC-2.1.0.SUBPROJECT-2010\LIBCOMPAT\DEBUG\STRNDUP.OBJ
D:\STUDY\VLC\VLC-2.1.0.SUBPROJECT-2010\LIBCOMPAT\DEBUG\STRSEP.OBJ
D:\STUDY\VLC\VLC-2.1.0.SUBPROJECT-2010\LIBCOMPAT\DEBUG\STRTOF.OBJ
D:\STUDY\VLC\VLC-2.1.0.SUBPROJECT-2010\LIBCOMPAT\DEBUG\STRTOK_R.OBJ
D:\STUDY\VLC\VLC-2.1.0.SUBPROJECT-2010\LIBCOMPAT\DEBUG\STRVERSCMP.OBJ
D:\STUDY\VLC\VLC-2.1.0.SUBPROJECT-2010\LIBCOMPAT\DEBUG\VASPRINTF.OBJ
D:\Study\vlc\vlc-2.1.0.subproject-2010\libcompat\Debug\vc100.idb
D:\STUDY\VLC\VLC-2.1.0.SUBPROJECT-2010\LIBCOMPAT\DEBUG\VC100.PDB
