D:\Study\vlc\vlc-2.1.0.subproject-2010\plugins\glwin32\Debug\cl.command.1.tlog
D:\Study\vlc\vlc-2.1.0.subproject-2010\plugins\glwin32\Debug\CL.read.1.tlog
D:\Study\vlc\vlc-2.1.0.subproject-2010\plugins\glwin32\Debug\CL.write.1.tlog
D:\STUDY\VLC\VLC-2.1.0.SUBPROJECT-2010\PLUGINS\GLWIN32\DEBUG\COMMON.OBJ
D:\STUDY\VLC\VLC-2.1.0.SUBPROJECT-2010\PLUGINS\GLWIN32\DEBUG\EVENTS.OBJ
D:\Study\vlc\vlc-2.1.0.subproject-2010\plugins\glwin32\Debug\glwin32.dll.embed.manifest
D:\STUDY\VLC\VLC-2.1.0.SUBPROJECT-2010\PLUGINS\GLWIN32\DEBUG\GLWIN32.DLL.EMBED.MANIFEST.RES
D:\STUDY\VLC\VLC-2.1.0.SUBPROJECT-2010\PLUGINS\GLWIN32\DEBUG\GLWIN32.OBJ
D:\STUDY\VLC\VLC-2.1.0.SUBPROJECT-2010\PLUGINS\GLWIN32\DEBUG\GLWIN32.PCH
D:\STUDY\VLC\VLC-2.1.0.SUBPROJECT-2010\PLUGINS\GLWIN32\DEBUG\GLWIN32.RES
D:\Study\vlc\vlc-2.1.0.subproject-2010\plugins\glwin32\Debug\glwin32.write.1.tlog
D:\Study\vlc\vlc-2.1.0.subproject-2010\plugins\glwin32\Debug\glwin32_manifest.rc
D:\STUDY\VLC\VLC-2.1.0.SUBPROJECT-2010\PLUGINS\GLWIN32\DEBUG\GLWIN321.OBJ
D:\Study\vlc\vlc-2.1.0.subproject-2010\plugins\glwin32\Debug\link.command.1.tlog
D:\Study\vlc\vlc-2.1.0.subproject-2010\plugins\glwin32\Debug\link.read.1.tlog
D:\Study\vlc\vlc-2.1.0.subproject-2010\plugins\glwin32\Debug\link.write.1.tlog
D:\STUDY\VLC\VLC-2.1.0.SUBPROJECT-2010\PLUGINS\GLWIN32\DEBUG\OPENGL.OBJ
D:\Study\vlc\vlc-2.1.0.subproject-2010\plugins\glwin32\Debug\rc.command.1.tlog
D:\Study\vlc\vlc-2.1.0.subproject-2010\plugins\glwin32\Debug\rc.read.1.tlog
D:\Study\vlc\vlc-2.1.0.subproject-2010\plugins\glwin32\Debug\rc.write.1.tlog
D:\STUDY\VLC\VLC-2.1.0.SUBPROJECT-2010\PLUGINS\GLWIN32\DEBUG\STDAFX.OBJ
D:\Study\vlc\vlc-2.1.0.subproject-2010\plugins\glwin32\Debug\vc100.idb
D:\STUDY\VLC\VLC-2.1.0.SUBPROJECT-2010\PLUGINS\GLWIN32\DEBUG\VC100.PDB
