D:\Study\vlc\vlc-2.1.0.subproject-2010\Debug\invert.exp
D:\Study\vlc\vlc-2.1.0.subproject-2010\Debug\invert.lib
D:\STUDY\VLC\VLC-2.1.0.SUBPROJECT-2010\DEBUG\INVERT.PDB
D:\STUDY\VLC\VLC-2.1.0.SUBPROJECT-2010\DEBUG\PLUGINS\VIDEO_FILTER\LIBINVERT_PLUGIN.DLL
D:\STUDY\VLC\VLC-2.1.0.SUBPROJECT-2010\DEBUG\PLUGINS\VIDEO_FILTER\LIBINVERT_PLUGIN.ILK
D:\Study\vlc\vlc-2.1.0.subproject-2010\plugins\invert\Debug\cl.command.1.tlog
D:\Study\vlc\vlc-2.1.0.subproject-2010\plugins\invert\Debug\CL.read.1.tlog
D:\Study\vlc\vlc-2.1.0.subproject-2010\plugins\invert\Debug\CL.write.1.tlog
D:\STUDY\VLC\VLC-2.1.0.SUBPROJECT-2010\PLUGINS\INVERT\DEBUG\INVERT.DLL.EMBED.MANIFEST
D:\STUDY\VLC\VLC-2.1.0.SUBPROJECT-2010\PLUGINS\INVERT\DEBUG\INVERT.DLL.EMBED.MANIFEST.RES
D:\STUDY\VLC\VLC-2.1.0.SUBPROJECT-2010\PLUGINS\INVERT\DEBUG\INVERT.DLL.INTERMEDIATE.MANIFEST
D:\STUDY\VLC\VLC-2.1.0.SUBPROJECT-2010\PLUGINS\INVERT\DEBUG\INVERT.OBJ
D:\STUDY\VLC\VLC-2.1.0.SUBPROJECT-2010\PLUGINS\INVERT\DEBUG\INVERT.PCH
D:\STUDY\VLC\VLC-2.1.0.SUBPROJECT-2010\PLUGINS\INVERT\DEBUG\INVERT.RES
D:\Study\vlc\vlc-2.1.0.subproject-2010\plugins\invert\Debug\invert.write.1.tlog
D:\Study\vlc\vlc-2.1.0.subproject-2010\plugins\invert\Debug\invert_manifest.rc
D:\STUDY\VLC\VLC-2.1.0.SUBPROJECT-2010\PLUGINS\INVERT\DEBUG\INVERT1.OBJ
D:\Study\vlc\vlc-2.1.0.subproject-2010\plugins\invert\Debug\link.9248.read.1.tlog
D:\Study\vlc\vlc-2.1.0.subproject-2010\plugins\invert\Debug\link.9248.write.1.tlog
D:\Study\vlc\vlc-2.1.0.subproject-2010\plugins\invert\Debug\link.9248-cvtres.read.1.tlog
D:\Study\vlc\vlc-2.1.0.subproject-2010\plugins\invert\Debug\link.9248-cvtres.write.1.tlog
D:\Study\vlc\vlc-2.1.0.subproject-2010\plugins\invert\Debug\link.command.1.tlog
D:\Study\vlc\vlc-2.1.0.subproject-2010\plugins\invert\Debug\link.read.1.tlog
D:\Study\vlc\vlc-2.1.0.subproject-2010\plugins\invert\Debug\link.write.1.tlog
D:\Study\vlc\vlc-2.1.0.subproject-2010\plugins\invert\Debug\link-cvtres.read.1.tlog
D:\Study\vlc\vlc-2.1.0.subproject-2010\plugins\invert\Debug\link-cvtres.write.1.tlog
D:\Study\vlc\vlc-2.1.0.subproject-2010\plugins\invert\Debug\mt.command.1.tlog
D:\Study\vlc\vlc-2.1.0.subproject-2010\plugins\invert\Debug\mt.read.1.tlog
D:\Study\vlc\vlc-2.1.0.subproject-2010\plugins\invert\Debug\mt.write.1.tlog
D:\Study\vlc\vlc-2.1.0.subproject-2010\plugins\invert\Debug\rc.command.1.tlog
D:\Study\vlc\vlc-2.1.0.subproject-2010\plugins\invert\Debug\rc.read.1.tlog
D:\Study\vlc\vlc-2.1.0.subproject-2010\plugins\invert\Debug\rc.write.1.tlog
D:\STUDY\VLC\VLC-2.1.0.SUBPROJECT-2010\PLUGINS\INVERT\DEBUG\STDAFX.OBJ
D:\Study\vlc\vlc-2.1.0.subproject-2010\plugins\invert\Debug\vc100.idb
D:\STUDY\VLC\VLC-2.1.0.SUBPROJECT-2010\PLUGINS\INVERT\DEBUG\VC100.PDB
