D:\STUDY\VLC\VLC-2.1.0.SUBPROJECT-2010\DEBUG\PLUGINS\CODEC\LIBTHEORA_PLUGIN.DLL
D:\STUDY\VLC\VLC-2.1.0.SUBPROJECT-2010\DEBUG\PLUGINS\CODEC\LIBTHEORA_PLUGIN.ILK
D:\Study\vlc\vlc-2.1.0.subproject-2010\Debug\theora.exp
D:\Study\vlc\vlc-2.1.0.subproject-2010\Debug\theora.lib
D:\STUDY\VLC\VLC-2.1.0.SUBPROJECT-2010\DEBUG\THEORA.PDB
D:\Study\vlc\vlc-2.1.0.subproject-2010\plugins\theora\Debug\cl.command.1.tlog
D:\Study\vlc\vlc-2.1.0.subproject-2010\plugins\theora\Debug\CL.read.1.tlog
D:\Study\vlc\vlc-2.1.0.subproject-2010\plugins\theora\Debug\CL.write.1.tlog
D:\Study\vlc\vlc-2.1.0.subproject-2010\plugins\theora\Debug\link.12616.read.1.tlog
D:\Study\vlc\vlc-2.1.0.subproject-2010\plugins\theora\Debug\link.12616.write.1.tlog
D:\Study\vlc\vlc-2.1.0.subproject-2010\plugins\theora\Debug\link.12616-cvtres.read.1.tlog
D:\Study\vlc\vlc-2.1.0.subproject-2010\plugins\theora\Debug\link.12616-cvtres.write.1.tlog
D:\Study\vlc\vlc-2.1.0.subproject-2010\plugins\theora\Debug\link.command.1.tlog
D:\Study\vlc\vlc-2.1.0.subproject-2010\plugins\theora\Debug\link.read.1.tlog
D:\Study\vlc\vlc-2.1.0.subproject-2010\plugins\theora\Debug\link.write.1.tlog
D:\Study\vlc\vlc-2.1.0.subproject-2010\plugins\theora\Debug\link-cvtres.read.1.tlog
D:\Study\vlc\vlc-2.1.0.subproject-2010\plugins\theora\Debug\link-cvtres.write.1.tlog
D:\Study\vlc\vlc-2.1.0.subproject-2010\plugins\theora\Debug\mt.command.1.tlog
D:\Study\vlc\vlc-2.1.0.subproject-2010\plugins\theora\Debug\mt.read.1.tlog
D:\Study\vlc\vlc-2.1.0.subproject-2010\plugins\theora\Debug\mt.write.1.tlog
D:\Study\vlc\vlc-2.1.0.subproject-2010\plugins\theora\Debug\rc.command.1.tlog
D:\Study\vlc\vlc-2.1.0.subproject-2010\plugins\theora\Debug\rc.read.1.tlog
D:\Study\vlc\vlc-2.1.0.subproject-2010\plugins\theora\Debug\rc.write.1.tlog
D:\STUDY\VLC\VLC-2.1.0.SUBPROJECT-2010\PLUGINS\THEORA\DEBUG\STDAFX.OBJ
D:\STUDY\VLC\VLC-2.1.0.SUBPROJECT-2010\PLUGINS\THEORA\DEBUG\THEORA.DLL.EMBED.MANIFEST
D:\STUDY\VLC\VLC-2.1.0.SUBPROJECT-2010\PLUGINS\THEORA\DEBUG\THEORA.DLL.EMBED.MANIFEST.RES
D:\STUDY\VLC\VLC-2.1.0.SUBPROJECT-2010\PLUGINS\THEORA\DEBUG\THEORA.DLL.INTERMEDIATE.MANIFEST
D:\STUDY\VLC\VLC-2.1.0.SUBPROJECT-2010\PLUGINS\THEORA\DEBUG\THEORA.OBJ
D:\STUDY\VLC\VLC-2.1.0.SUBPROJECT-2010\PLUGINS\THEORA\DEBUG\THEORA.PCH
D:\STUDY\VLC\VLC-2.1.0.SUBPROJECT-2010\PLUGINS\THEORA\DEBUG\THEORA.RES
D:\Study\vlc\vlc-2.1.0.subproject-2010\plugins\theora\Debug\theora.write.1.tlog
D:\Study\vlc\vlc-2.1.0.subproject-2010\plugins\theora\Debug\theora_manifest.rc
D:\STUDY\VLC\VLC-2.1.0.SUBPROJECT-2010\PLUGINS\THEORA\DEBUG\THEORA1.OBJ
D:\Study\vlc\vlc-2.1.0.subproject-2010\plugins\theora\Debug\vc100.idb
D:\STUDY\VLC\VLC-2.1.0.SUBPROJECT-2010\PLUGINS\THEORA\DEBUG\VC100.PDB
