D:\STUDY\VLC\VLC-2.1.0.SUBPROJECT-2010\DEBUG\PLUGINS\VIDEO_FILTER\LIBYUVP_PLUGIN.DLL
D:\STUDY\VLC\VLC-2.1.0.SUBPROJECT-2010\DEBUG\PLUGINS\VIDEO_FILTER\LIBYUVP_PLUGIN.ILK
D:\Study\vlc\vlc-2.1.0.subproject-2010\Debug\yuvp.exp
D:\Study\vlc\vlc-2.1.0.subproject-2010\Debug\yuvp.lib
D:\STUDY\VLC\VLC-2.1.0.SUBPROJECT-2010\DEBUG\YUVP.PDB
D:\Study\vlc\vlc-2.1.0.subproject-2010\plugins\yuvp\Debug\cl.command.1.tlog
D:\Study\vlc\vlc-2.1.0.subproject-2010\plugins\yuvp\Debug\CL.read.1.tlog
D:\Study\vlc\vlc-2.1.0.subproject-2010\plugins\yuvp\Debug\CL.write.1.tlog
D:\Study\vlc\vlc-2.1.0.subproject-2010\plugins\yuvp\Debug\link.7100.read.1.tlog
D:\Study\vlc\vlc-2.1.0.subproject-2010\plugins\yuvp\Debug\link.7100.write.1.tlog
D:\Study\vlc\vlc-2.1.0.subproject-2010\plugins\yuvp\Debug\link.7100-cvtres.read.1.tlog
D:\Study\vlc\vlc-2.1.0.subproject-2010\plugins\yuvp\Debug\link.7100-cvtres.write.1.tlog
D:\Study\vlc\vlc-2.1.0.subproject-2010\plugins\yuvp\Debug\link.command.1.tlog
D:\Study\vlc\vlc-2.1.0.subproject-2010\plugins\yuvp\Debug\link.read.1.tlog
D:\Study\vlc\vlc-2.1.0.subproject-2010\plugins\yuvp\Debug\link.write.1.tlog
D:\Study\vlc\vlc-2.1.0.subproject-2010\plugins\yuvp\Debug\link-cvtres.read.1.tlog
D:\Study\vlc\vlc-2.1.0.subproject-2010\plugins\yuvp\Debug\link-cvtres.write.1.tlog
D:\Study\vlc\vlc-2.1.0.subproject-2010\plugins\yuvp\Debug\mt.command.1.tlog
D:\Study\vlc\vlc-2.1.0.subproject-2010\plugins\yuvp\Debug\mt.read.1.tlog
D:\Study\vlc\vlc-2.1.0.subproject-2010\plugins\yuvp\Debug\mt.write.1.tlog
D:\Study\vlc\vlc-2.1.0.subproject-2010\plugins\yuvp\Debug\rc.command.1.tlog
D:\Study\vlc\vlc-2.1.0.subproject-2010\plugins\yuvp\Debug\rc.read.1.tlog
D:\Study\vlc\vlc-2.1.0.subproject-2010\plugins\yuvp\Debug\rc.write.1.tlog
D:\STUDY\VLC\VLC-2.1.0.SUBPROJECT-2010\PLUGINS\YUVP\DEBUG\STDAFX.OBJ
D:\Study\vlc\vlc-2.1.0.subproject-2010\plugins\yuvp\Debug\vc100.idb
D:\STUDY\VLC\VLC-2.1.0.SUBPROJECT-2010\PLUGINS\YUVP\DEBUG\VC100.PDB
D:\STUDY\VLC\VLC-2.1.0.SUBPROJECT-2010\PLUGINS\YUVP\DEBUG\YUVP.DLL.EMBED.MANIFEST
D:\STUDY\VLC\VLC-2.1.0.SUBPROJECT-2010\PLUGINS\YUVP\DEBUG\YUVP.DLL.EMBED.MANIFEST.RES
D:\STUDY\VLC\VLC-2.1.0.SUBPROJECT-2010\PLUGINS\YUVP\DEBUG\YUVP.DLL.INTERMEDIATE.MANIFEST
D:\STUDY\VLC\VLC-2.1.0.SUBPROJECT-2010\PLUGINS\YUVP\DEBUG\YUVP.OBJ
D:\STUDY\VLC\VLC-2.1.0.SUBPROJECT-2010\PLUGINS\YUVP\DEBUG\YUVP.PCH
D:\STUDY\VLC\VLC-2.1.0.SUBPROJECT-2010\PLUGINS\YUVP\DEBUG\YUVP.RES
D:\Study\vlc\vlc-2.1.0.subproject-2010\plugins\yuvp\Debug\yuvp.write.1.tlog
D:\Study\vlc\vlc-2.1.0.subproject-2010\plugins\yuvp\Debug\yuvp_manifest.rc
D:\STUDY\VLC\VLC-2.1.0.SUBPROJECT-2010\PLUGINS\YUVP\DEBUG\YUVP1.OBJ
