D:\Study\vlc\vlc-2.1.0.subproject-2010\Debug\panoramix.exp
D:\Study\vlc\vlc-2.1.0.subproject-2010\Debug\panoramix.lib
D:\STUDY\VLC\VLC-2.1.0.SUBPROJECT-2010\DEBUG\PANORAMIX.PDB
D:\STUDY\VLC\VLC-2.1.0.SUBPROJECT-2010\DEBUG\PLUGINS\VIDEO_FILTER\LIBPANORAMIX_PLUGIN.DLL
D:\STUDY\VLC\VLC-2.1.0.SUBPROJECT-2010\DEBUG\PLUGINS\VIDEO_FILTER\LIBPANORAMIX_PLUGIN.ILK
D:\Study\vlc\vlc-2.1.0.subproject-2010\plugins\panoramix\Debug\cl.command.1.tlog
D:\Study\vlc\vlc-2.1.0.subproject-2010\plugins\panoramix\Debug\CL.read.1.tlog
D:\Study\vlc\vlc-2.1.0.subproject-2010\plugins\panoramix\Debug\CL.write.1.tlog
D:\Study\vlc\vlc-2.1.0.subproject-2010\plugins\panoramix\Debug\link.832.read.1.tlog
D:\Study\vlc\vlc-2.1.0.subproject-2010\plugins\panoramix\Debug\link.832.write.1.tlog
D:\Study\vlc\vlc-2.1.0.subproject-2010\plugins\panoramix\Debug\link.832-cvtres.read.1.tlog
D:\Study\vlc\vlc-2.1.0.subproject-2010\plugins\panoramix\Debug\link.832-cvtres.write.1.tlog
D:\Study\vlc\vlc-2.1.0.subproject-2010\plugins\panoramix\Debug\link.command.1.tlog
D:\Study\vlc\vlc-2.1.0.subproject-2010\plugins\panoramix\Debug\link.read.1.tlog
D:\Study\vlc\vlc-2.1.0.subproject-2010\plugins\panoramix\Debug\link.write.1.tlog
D:\Study\vlc\vlc-2.1.0.subproject-2010\plugins\panoramix\Debug\link-cvtres.read.1.tlog
D:\Study\vlc\vlc-2.1.0.subproject-2010\plugins\panoramix\Debug\link-cvtres.write.1.tlog
D:\Study\vlc\vlc-2.1.0.subproject-2010\plugins\panoramix\Debug\mt.command.1.tlog
D:\Study\vlc\vlc-2.1.0.subproject-2010\plugins\panoramix\Debug\mt.read.1.tlog
D:\Study\vlc\vlc-2.1.0.subproject-2010\plugins\panoramix\Debug\mt.write.1.tlog
D:\STUDY\VLC\VLC-2.1.0.SUBPROJECT-2010\PLUGINS\PANORAMIX\DEBUG\PANORAMIX.DLL.EMBED.MANIFEST
D:\STUDY\VLC\VLC-2.1.0.SUBPROJECT-2010\PLUGINS\PANORAMIX\DEBUG\PANORAMIX.DLL.EMBED.MANIFEST.RES
D:\STUDY\VLC\VLC-2.1.0.SUBPROJECT-2010\PLUGINS\PANORAMIX\DEBUG\PANORAMIX.DLL.INTERMEDIATE.MANIFEST
D:\STUDY\VLC\VLC-2.1.0.SUBPROJECT-2010\PLUGINS\PANORAMIX\DEBUG\PANORAMIX.OBJ
D:\STUDY\VLC\VLC-2.1.0.SUBPROJECT-2010\PLUGINS\PANORAMIX\DEBUG\PANORAMIX.PCH
D:\STUDY\VLC\VLC-2.1.0.SUBPROJECT-2010\PLUGINS\PANORAMIX\DEBUG\PANORAMIX.RES
D:\Study\vlc\vlc-2.1.0.subproject-2010\plugins\panoramix\Debug\panoramix.write.1.tlog
D:\Study\vlc\vlc-2.1.0.subproject-2010\plugins\panoramix\Debug\panoramix_manifest.rc
D:\STUDY\VLC\VLC-2.1.0.SUBPROJECT-2010\PLUGINS\PANORAMIX\DEBUG\PANORAMIX1.OBJ
D:\Study\vlc\vlc-2.1.0.subproject-2010\plugins\panoramix\Debug\rc.command.1.tlog
D:\Study\vlc\vlc-2.1.0.subproject-2010\plugins\panoramix\Debug\rc.read.1.tlog
D:\Study\vlc\vlc-2.1.0.subproject-2010\plugins\panoramix\Debug\rc.write.1.tlog
D:\STUDY\VLC\VLC-2.1.0.SUBPROJECT-2010\PLUGINS\PANORAMIX\DEBUG\STDAFX.OBJ
D:\Study\vlc\vlc-2.1.0.subproject-2010\plugins\panoramix\Debug\vc100.idb
D:\STUDY\VLC\VLC-2.1.0.SUBPROJECT-2010\PLUGINS\PANORAMIX\DEBUG\VC100.PDB
