D:\Study\vlc\vlc-2.1.0.subproject-2010\Debug\access_vdr.exp
D:\Study\vlc\vlc-2.1.0.subproject-2010\Debug\access_vdr.lib
D:\STUDY\VLC\VLC-2.1.0.SUBPROJECT-2010\DEBUG\ACCESS_VDR.PDB
D:\STUDY\VLC\VLC-2.1.0.SUBPROJECT-2010\DEBUG\PLUGINS\ACCESS\LIBACCESS_VDR_PLUGIN.DLL
D:\STUDY\VLC\VLC-2.1.0.SUBPROJECT-2010\DEBUG\PLUGINS\ACCESS\LIBACCESS_VDR_PLUGIN.ILK
D:\STUDY\VLC\VLC-2.1.0.SUBPROJECT-2010\PLUGINS\ACCESS_VDR\DEBUG\ACCESS_VDR.DLL.EMBED.MANIFEST
D:\STUDY\VLC\VLC-2.1.0.SUBPROJECT-2010\PLUGINS\ACCESS_VDR\DEBUG\ACCESS_VDR.DLL.EMBED.MANIFEST.RES
D:\STUDY\VLC\VLC-2.1.0.SUBPROJECT-2010\PLUGINS\ACCESS_VDR\DEBUG\ACCESS_VDR.DLL.INTERMEDIATE.MANIFEST
D:\STUDY\VLC\VLC-2.1.0.SUBPROJECT-2010\PLUGINS\ACCESS_VDR\DEBUG\ACCESS_VDR.OBJ
D:\STUDY\VLC\VLC-2.1.0.SUBPROJECT-2010\PLUGINS\ACCESS_VDR\DEBUG\ACCESS_VDR.PCH
D:\STUDY\VLC\VLC-2.1.0.SUBPROJECT-2010\PLUGINS\ACCESS_VDR\DEBUG\ACCESS_VDR.RES
D:\Study\vlc\vlc-2.1.0.subproject-2010\plugins\access_vdr\Debug\access_vdr.write.1.tlog
D:\Study\vlc\vlc-2.1.0.subproject-2010\plugins\access_vdr\Debug\access_vdr_manifest.rc
D:\Study\vlc\vlc-2.1.0.subproject-2010\plugins\access_vdr\Debug\cl.command.1.tlog
D:\Study\vlc\vlc-2.1.0.subproject-2010\plugins\access_vdr\Debug\CL.read.1.tlog
D:\Study\vlc\vlc-2.1.0.subproject-2010\plugins\access_vdr\Debug\CL.write.1.tlog
D:\Study\vlc\vlc-2.1.0.subproject-2010\plugins\access_vdr\Debug\link.5784.read.1.tlog
D:\Study\vlc\vlc-2.1.0.subproject-2010\plugins\access_vdr\Debug\link.5784.write.1.tlog
D:\Study\vlc\vlc-2.1.0.subproject-2010\plugins\access_vdr\Debug\link.5784-cvtres.read.1.tlog
D:\Study\vlc\vlc-2.1.0.subproject-2010\plugins\access_vdr\Debug\link.5784-cvtres.write.1.tlog
D:\Study\vlc\vlc-2.1.0.subproject-2010\plugins\access_vdr\Debug\link.command.1.tlog
D:\Study\vlc\vlc-2.1.0.subproject-2010\plugins\access_vdr\Debug\link.read.1.tlog
D:\Study\vlc\vlc-2.1.0.subproject-2010\plugins\access_vdr\Debug\link.write.1.tlog
D:\Study\vlc\vlc-2.1.0.subproject-2010\plugins\access_vdr\Debug\link-cvtres.read.1.tlog
D:\Study\vlc\vlc-2.1.0.subproject-2010\plugins\access_vdr\Debug\link-cvtres.write.1.tlog
D:\Study\vlc\vlc-2.1.0.subproject-2010\plugins\access_vdr\Debug\mt.command.1.tlog
D:\Study\vlc\vlc-2.1.0.subproject-2010\plugins\access_vdr\Debug\mt.read.1.tlog
D:\Study\vlc\vlc-2.1.0.subproject-2010\plugins\access_vdr\Debug\mt.write.1.tlog
D:\Study\vlc\vlc-2.1.0.subproject-2010\plugins\access_vdr\Debug\rc.command.1.tlog
D:\Study\vlc\vlc-2.1.0.subproject-2010\plugins\access_vdr\Debug\rc.read.1.tlog
D:\Study\vlc\vlc-2.1.0.subproject-2010\plugins\access_vdr\Debug\rc.write.1.tlog
D:\STUDY\VLC\VLC-2.1.0.SUBPROJECT-2010\PLUGINS\ACCESS_VDR\DEBUG\STDAFX.OBJ
D:\Study\vlc\vlc-2.1.0.subproject-2010\plugins\access_vdr\Debug\vc100.idb
D:\STUDY\VLC\VLC-2.1.0.SUBPROJECT-2010\PLUGINS\ACCESS_VDR\DEBUG\VC100.PDB
D:\STUDY\VLC\VLC-2.1.0.SUBPROJECT-2010\PLUGINS\ACCESS_VDR\DEBUG\VDR.OBJ
