D:\STUDY\VLC\VLC-2.1.0.SUBPROJECT-2010\DEBUG\PLUGINS\DEMUX\LIBVOBSUB_PLUGIN.DLL
D:\STUDY\VLC\VLC-2.1.0.SUBPROJECT-2010\DEBUG\PLUGINS\DEMUX\LIBVOBSUB_PLUGIN.ILK
D:\Study\vlc\vlc-2.1.0.subproject-2010\Debug\vobsub.exp
D:\Study\vlc\vlc-2.1.0.subproject-2010\Debug\vobsub.lib
D:\STUDY\VLC\VLC-2.1.0.SUBPROJECT-2010\DEBUG\VOBSUB.PDB
D:\Study\vlc\vlc-2.1.0.subproject-2010\plugins\vobsub\Debug\cl.command.1.tlog
D:\Study\vlc\vlc-2.1.0.subproject-2010\plugins\vobsub\Debug\CL.read.1.tlog
D:\Study\vlc\vlc-2.1.0.subproject-2010\plugins\vobsub\Debug\CL.write.1.tlog
D:\Study\vlc\vlc-2.1.0.subproject-2010\plugins\vobsub\Debug\link.1924.read.1.tlog
D:\Study\vlc\vlc-2.1.0.subproject-2010\plugins\vobsub\Debug\link.1924.write.1.tlog
D:\Study\vlc\vlc-2.1.0.subproject-2010\plugins\vobsub\Debug\link.1924-cvtres.read.1.tlog
D:\Study\vlc\vlc-2.1.0.subproject-2010\plugins\vobsub\Debug\link.1924-cvtres.write.1.tlog
D:\Study\vlc\vlc-2.1.0.subproject-2010\plugins\vobsub\Debug\link.command.1.tlog
D:\Study\vlc\vlc-2.1.0.subproject-2010\plugins\vobsub\Debug\link.read.1.tlog
D:\Study\vlc\vlc-2.1.0.subproject-2010\plugins\vobsub\Debug\link.write.1.tlog
D:\Study\vlc\vlc-2.1.0.subproject-2010\plugins\vobsub\Debug\link-cvtres.read.1.tlog
D:\Study\vlc\vlc-2.1.0.subproject-2010\plugins\vobsub\Debug\link-cvtres.write.1.tlog
D:\Study\vlc\vlc-2.1.0.subproject-2010\plugins\vobsub\Debug\mt.command.1.tlog
D:\Study\vlc\vlc-2.1.0.subproject-2010\plugins\vobsub\Debug\mt.read.1.tlog
D:\Study\vlc\vlc-2.1.0.subproject-2010\plugins\vobsub\Debug\mt.write.1.tlog
D:\Study\vlc\vlc-2.1.0.subproject-2010\plugins\vobsub\Debug\rc.command.1.tlog
D:\Study\vlc\vlc-2.1.0.subproject-2010\plugins\vobsub\Debug\rc.read.1.tlog
D:\Study\vlc\vlc-2.1.0.subproject-2010\plugins\vobsub\Debug\rc.write.1.tlog
D:\STUDY\VLC\VLC-2.1.0.SUBPROJECT-2010\PLUGINS\VOBSUB\DEBUG\STDAFX.OBJ
D:\Study\vlc\vlc-2.1.0.subproject-2010\plugins\vobsub\Debug\vc100.idb
D:\STUDY\VLC\VLC-2.1.0.SUBPROJECT-2010\PLUGINS\VOBSUB\DEBUG\VC100.PDB
D:\STUDY\VLC\VLC-2.1.0.SUBPROJECT-2010\PLUGINS\VOBSUB\DEBUG\VOBSUB.DLL.EMBED.MANIFEST
D:\STUDY\VLC\VLC-2.1.0.SUBPROJECT-2010\PLUGINS\VOBSUB\DEBUG\VOBSUB.DLL.EMBED.MANIFEST.RES
D:\STUDY\VLC\VLC-2.1.0.SUBPROJECT-2010\PLUGINS\VOBSUB\DEBUG\VOBSUB.DLL.INTERMEDIATE.MANIFEST
D:\STUDY\VLC\VLC-2.1.0.SUBPROJECT-2010\PLUGINS\VOBSUB\DEBUG\VOBSUB.OBJ
D:\STUDY\VLC\VLC-2.1.0.SUBPROJECT-2010\PLUGINS\VOBSUB\DEBUG\VOBSUB.PCH
D:\STUDY\VLC\VLC-2.1.0.SUBPROJECT-2010\PLUGINS\VOBSUB\DEBUG\VOBSUB.RES
D:\Study\vlc\vlc-2.1.0.subproject-2010\plugins\vobsub\Debug\vobsub.write.1.tlog
D:\Study\vlc\vlc-2.1.0.subproject-2010\plugins\vobsub\Debug\vobsub_manifest.rc
D:\STUDY\VLC\VLC-2.1.0.SUBPROJECT-2010\PLUGINS\VOBSUB\DEBUG\VOBSUB1.OBJ
