D:\Study\vlc\vlc-2.1.0.subproject-2010\Debug\libass.exp
D:\Study\vlc\vlc-2.1.0.subproject-2010\Debug\libass.lib
D:\STUDY\VLC\VLC-2.1.0.SUBPROJECT-2010\DEBUG\LIBASS.PDB
D:\STUDY\VLC\VLC-2.1.0.SUBPROJECT-2010\DEBUG\PLUGINS\CODEC\LIBLIBASS_PLUGIN.DLL
D:\STUDY\VLC\VLC-2.1.0.SUBPROJECT-2010\DEBUG\PLUGINS\CODEC\LIBLIBASS_PLUGIN.ILK
D:\Study\vlc\vlc-2.1.0.subproject-2010\plugins\libass\Debug\cl.command.1.tlog
D:\Study\vlc\vlc-2.1.0.subproject-2010\plugins\libass\Debug\CL.read.1.tlog
D:\Study\vlc\vlc-2.1.0.subproject-2010\plugins\libass\Debug\CL.write.1.tlog
D:\STUDY\VLC\VLC-2.1.0.SUBPROJECT-2010\PLUGINS\LIBASS\DEBUG\LIBASS.DLL.EMBED.MANIFEST
D:\STUDY\VLC\VLC-2.1.0.SUBPROJECT-2010\PLUGINS\LIBASS\DEBUG\LIBASS.DLL.EMBED.MANIFEST.RES
D:\STUDY\VLC\VLC-2.1.0.SUBPROJECT-2010\PLUGINS\LIBASS\DEBUG\LIBASS.DLL.INTERMEDIATE.MANIFEST
D:\STUDY\VLC\VLC-2.1.0.SUBPROJECT-2010\PLUGINS\LIBASS\DEBUG\LIBASS.OBJ
D:\STUDY\VLC\VLC-2.1.0.SUBPROJECT-2010\PLUGINS\LIBASS\DEBUG\LIBASS.PCH
D:\STUDY\VLC\VLC-2.1.0.SUBPROJECT-2010\PLUGINS\LIBASS\DEBUG\LIBASS.RES
D:\Study\vlc\vlc-2.1.0.subproject-2010\plugins\libass\Debug\libass.write.1.tlog
D:\Study\vlc\vlc-2.1.0.subproject-2010\plugins\libass\Debug\libass_manifest.rc
D:\STUDY\VLC\VLC-2.1.0.SUBPROJECT-2010\PLUGINS\LIBASS\DEBUG\LIBASS1.OBJ
D:\Study\vlc\vlc-2.1.0.subproject-2010\plugins\libass\Debug\link.11972.read.1.tlog
D:\Study\vlc\vlc-2.1.0.subproject-2010\plugins\libass\Debug\link.11972.write.1.tlog
D:\Study\vlc\vlc-2.1.0.subproject-2010\plugins\libass\Debug\link.11972-cvtres.read.1.tlog
D:\Study\vlc\vlc-2.1.0.subproject-2010\plugins\libass\Debug\link.11972-cvtres.write.1.tlog
D:\Study\vlc\vlc-2.1.0.subproject-2010\plugins\libass\Debug\link.command.1.tlog
D:\Study\vlc\vlc-2.1.0.subproject-2010\plugins\libass\Debug\link.read.1.tlog
D:\Study\vlc\vlc-2.1.0.subproject-2010\plugins\libass\Debug\link.write.1.tlog
D:\Study\vlc\vlc-2.1.0.subproject-2010\plugins\libass\Debug\link-cvtres.read.1.tlog
D:\Study\vlc\vlc-2.1.0.subproject-2010\plugins\libass\Debug\link-cvtres.write.1.tlog
D:\Study\vlc\vlc-2.1.0.subproject-2010\plugins\libass\Debug\mt.command.1.tlog
D:\Study\vlc\vlc-2.1.0.subproject-2010\plugins\libass\Debug\mt.read.1.tlog
D:\Study\vlc\vlc-2.1.0.subproject-2010\plugins\libass\Debug\mt.write.1.tlog
D:\Study\vlc\vlc-2.1.0.subproject-2010\plugins\libass\Debug\rc.command.1.tlog
D:\Study\vlc\vlc-2.1.0.subproject-2010\plugins\libass\Debug\rc.read.1.tlog
D:\Study\vlc\vlc-2.1.0.subproject-2010\plugins\libass\Debug\rc.write.1.tlog
D:\STUDY\VLC\VLC-2.1.0.SUBPROJECT-2010\PLUGINS\LIBASS\DEBUG\STDAFX.OBJ
D:\Study\vlc\vlc-2.1.0.subproject-2010\plugins\libass\Debug\vc100.idb
D:\STUDY\VLC\VLC-2.1.0.SUBPROJECT-2010\PLUGINS\LIBASS\DEBUG\VC100.PDB
