D:\Study\vlc\vlc-2.1.0.subproject-2010\Debug\access_rar.exp
D:\Study\vlc\vlc-2.1.0.subproject-2010\Debug\access_rar.lib
D:\STUDY\VLC\VLC-2.1.0.SUBPROJECT-2010\DEBUG\ACCESS_RAR.PDB
D:\STUDY\VLC\VLC-2.1.0.SUBPROJECT-2010\DEBUG\PLUGINS\ACCESS\LIBACCESS_RAR_PLUGIN.DLL
D:\STUDY\VLC\VLC-2.1.0.SUBPROJECT-2010\DEBUG\PLUGINS\ACCESS\LIBACCESS_RAR_PLUGIN.ILK
D:\STUDY\VLC\VLC-2.1.0.SUBPROJECT-2010\PLUGINS\ACCESS_RAR\DEBUG\ACCESS.OBJ
D:\STUDY\VLC\VLC-2.1.0.SUBPROJECT-2010\PLUGINS\ACCESS_RAR\DEBUG\ACCESS_RAR.DLL.EMBED.MANIFEST
D:\STUDY\VLC\VLC-2.1.0.SUBPROJECT-2010\PLUGINS\ACCESS_RAR\DEBUG\ACCESS_RAR.DLL.EMBED.MANIFEST.RES
D:\STUDY\VLC\VLC-2.1.0.SUBPROJECT-2010\PLUGINS\ACCESS_RAR\DEBUG\ACCESS_RAR.DLL.INTERMEDIATE.MANIFEST
D:\STUDY\VLC\VLC-2.1.0.SUBPROJECT-2010\PLUGINS\ACCESS_RAR\DEBUG\ACCESS_RAR.OBJ
D:\STUDY\VLC\VLC-2.1.0.SUBPROJECT-2010\PLUGINS\ACCESS_RAR\DEBUG\ACCESS_RAR.PCH
D:\STUDY\VLC\VLC-2.1.0.SUBPROJECT-2010\PLUGINS\ACCESS_RAR\DEBUG\ACCESS_RAR.RES
D:\Study\vlc\vlc-2.1.0.subproject-2010\plugins\access_rar\Debug\access_rar.write.1.tlog
D:\Study\vlc\vlc-2.1.0.subproject-2010\plugins\access_rar\Debug\access_rar_manifest.rc
D:\Study\vlc\vlc-2.1.0.subproject-2010\plugins\access_rar\Debug\cl.command.1.tlog
D:\Study\vlc\vlc-2.1.0.subproject-2010\plugins\access_rar\Debug\CL.read.1.tlog
D:\Study\vlc\vlc-2.1.0.subproject-2010\plugins\access_rar\Debug\CL.write.1.tlog
D:\Study\vlc\vlc-2.1.0.subproject-2010\plugins\access_rar\Debug\link.1052.read.1.tlog
D:\Study\vlc\vlc-2.1.0.subproject-2010\plugins\access_rar\Debug\link.1052.write.1.tlog
D:\Study\vlc\vlc-2.1.0.subproject-2010\plugins\access_rar\Debug\link.1052-cvtres.read.1.tlog
D:\Study\vlc\vlc-2.1.0.subproject-2010\plugins\access_rar\Debug\link.1052-cvtres.write.1.tlog
D:\Study\vlc\vlc-2.1.0.subproject-2010\plugins\access_rar\Debug\link.command.1.tlog
D:\Study\vlc\vlc-2.1.0.subproject-2010\plugins\access_rar\Debug\link.read.1.tlog
D:\Study\vlc\vlc-2.1.0.subproject-2010\plugins\access_rar\Debug\link.write.1.tlog
D:\Study\vlc\vlc-2.1.0.subproject-2010\plugins\access_rar\Debug\link-cvtres.read.1.tlog
D:\Study\vlc\vlc-2.1.0.subproject-2010\plugins\access_rar\Debug\link-cvtres.write.1.tlog
D:\Study\vlc\vlc-2.1.0.subproject-2010\plugins\access_rar\Debug\mt.command.1.tlog
D:\Study\vlc\vlc-2.1.0.subproject-2010\plugins\access_rar\Debug\mt.read.1.tlog
D:\Study\vlc\vlc-2.1.0.subproject-2010\plugins\access_rar\Debug\mt.write.1.tlog
D:\STUDY\VLC\VLC-2.1.0.SUBPROJECT-2010\PLUGINS\ACCESS_RAR\DEBUG\RAR.OBJ
D:\Study\vlc\vlc-2.1.0.subproject-2010\plugins\access_rar\Debug\rc.command.1.tlog
D:\Study\vlc\vlc-2.1.0.subproject-2010\plugins\access_rar\Debug\rc.read.1.tlog
D:\Study\vlc\vlc-2.1.0.subproject-2010\plugins\access_rar\Debug\rc.write.1.tlog
D:\STUDY\VLC\VLC-2.1.0.SUBPROJECT-2010\PLUGINS\ACCESS_RAR\DEBUG\STDAFX.OBJ
D:\Study\vlc\vlc-2.1.0.subproject-2010\plugins\access_rar\Debug\vc100.idb
D:\STUDY\VLC\VLC-2.1.0.SUBPROJECT-2010\PLUGINS\ACCESS_RAR\DEBUG\VC100.PDB
