D:\STUDY\VLC\VLC-2.1.0.SUBPROJECT-2010\DEBUG\PLUGINS\STREAM_OUT\LIBSTREAM_OUT_MOSAIC_BRIDGE_PLUGIN.DLL
D:\STUDY\VLC\VLC-2.1.0.SUBPROJECT-2010\DEBUG\PLUGINS\STREAM_OUT\LIBSTREAM_OUT_MOSAIC_BRIDGE_PLUGIN.ILK
D:\Study\vlc\vlc-2.1.0.subproject-2010\Debug\stream_out_mosaic_bridge.exp
D:\Study\vlc\vlc-2.1.0.subproject-2010\Debug\stream_out_mosaic_bridge.lib
D:\STUDY\VLC\VLC-2.1.0.SUBPROJECT-2010\DEBUG\STREAM_OUT_MOSAIC_BRIDGE.PDB
D:\Study\vlc\vlc-2.1.0.subproject-2010\plugins\stream_out_mosaic_bridge\Debug\cl.command.1.tlog
D:\Study\vlc\vlc-2.1.0.subproject-2010\plugins\stream_out_mosaic_bridge\Debug\CL.read.1.tlog
D:\Study\vlc\vlc-2.1.0.subproject-2010\plugins\stream_out_mosaic_bridge\Debug\CL.write.1.tlog
D:\Study\vlc\vlc-2.1.0.subproject-2010\plugins\stream_out_mosaic_bridge\Debug\link.12636.read.1.tlog
D:\Study\vlc\vlc-2.1.0.subproject-2010\plugins\stream_out_mosaic_bridge\Debug\link.12636.write.1.tlog
D:\Study\vlc\vlc-2.1.0.subproject-2010\plugins\stream_out_mosaic_bridge\Debug\link.12636-cvtres.read.1.tlog
D:\Study\vlc\vlc-2.1.0.subproject-2010\plugins\stream_out_mosaic_bridge\Debug\link.12636-cvtres.write.1.tlog
D:\Study\vlc\vlc-2.1.0.subproject-2010\plugins\stream_out_mosaic_bridge\Debug\link.command.1.tlog
D:\Study\vlc\vlc-2.1.0.subproject-2010\plugins\stream_out_mosaic_bridge\Debug\link.read.1.tlog
D:\Study\vlc\vlc-2.1.0.subproject-2010\plugins\stream_out_mosaic_bridge\Debug\link.write.1.tlog
D:\Study\vlc\vlc-2.1.0.subproject-2010\plugins\stream_out_mosaic_bridge\Debug\link-cvtres.read.1.tlog
D:\Study\vlc\vlc-2.1.0.subproject-2010\plugins\stream_out_mosaic_bridge\Debug\link-cvtres.write.1.tlog
D:\STUDY\VLC\VLC-2.1.0.SUBPROJECT-2010\PLUGINS\STREAM_OUT_MOSAIC_BRIDGE\DEBUG\MOSAIC_BRIDGE.OBJ
D:\Study\vlc\vlc-2.1.0.subproject-2010\plugins\stream_out_mosaic_bridge\Debug\mt.command.1.tlog
D:\Study\vlc\vlc-2.1.0.subproject-2010\plugins\stream_out_mosaic_bridge\Debug\mt.read.1.tlog
D:\Study\vlc\vlc-2.1.0.subproject-2010\plugins\stream_out_mosaic_bridge\Debug\mt.write.1.tlog
D:\Study\vlc\vlc-2.1.0.subproject-2010\plugins\stream_out_mosaic_bridge\Debug\rc.command.1.tlog
D:\Study\vlc\vlc-2.1.0.subproject-2010\plugins\stream_out_mosaic_bridge\Debug\rc.read.1.tlog
D:\Study\vlc\vlc-2.1.0.subproject-2010\plugins\stream_out_mosaic_bridge\Debug\rc.write.1.tlog
D:\STUDY\VLC\VLC-2.1.0.SUBPROJECT-2010\PLUGINS\STREAM_OUT_MOSAIC_BRIDGE\DEBUG\STDAFX.OBJ
D:\STUDY\VLC\VLC-2.1.0.SUBPROJECT-2010\PLUGINS\STREAM_OUT_MOSAIC_BRIDGE\DEBUG\STREAM_OUT_MOSAIC_BRIDGE.DLL.EMBED.MANIFEST
D:\STUDY\VLC\VLC-2.1.0.SUBPROJECT-2010\PLUGINS\STREAM_OUT_MOSAIC_BRIDGE\DEBUG\STREAM_OUT_MOSAIC_BRIDGE.DLL.EMBED.MANIFEST.RES
D:\STUDY\VLC\VLC-2.1.0.SUBPROJECT-2010\PLUGINS\STREAM_OUT_MOSAIC_BRIDGE\DEBUG\STREAM_OUT_MOSAIC_BRIDGE.DLL.INTERMEDIATE.MANIFEST
D:\STUDY\VLC\VLC-2.1.0.SUBPROJECT-2010\PLUGINS\STREAM_OUT_MOSAIC_BRIDGE\DEBUG\STREAM_OUT_MOSAIC_BRIDGE.OBJ
D:\STUDY\VLC\VLC-2.1.0.SUBPROJECT-2010\PLUGINS\STREAM_OUT_MOSAIC_BRIDGE\DEBUG\STREAM_OUT_MOSAIC_BRIDGE.PCH
D:\STUDY\VLC\VLC-2.1.0.SUBPROJECT-2010\PLUGINS\STREAM_OUT_MOSAIC_BRIDGE\DEBUG\STREAM_OUT_MOSAIC_BRIDGE.RES
D:\Study\vlc\vlc-2.1.0.subproject-2010\plugins\stream_out_mosaic_bridge\Debug\stream_out_mosaic_bridge.write.1.tlog
D:\Study\vlc\vlc-2.1.0.subproject-2010\plugins\stream_out_mosaic_bridge\Debug\stream_out_mosaic_bridge_manifest.rc
D:\Study\vlc\vlc-2.1.0.subproject-2010\plugins\stream_out_mosaic_bridge\Debug\vc100.idb
D:\STUDY\VLC\VLC-2.1.0.SUBPROJECT-2010\PLUGINS\STREAM_OUT_MOSAIC_BRIDGE\DEBUG\VC100.PDB
