D:\STUDY\VLC\VLC-2.1.0.SUBPROJECT-2010\DEBUG\PLUGINS\DEMUX\LIBSUBTITLE_PLUGIN.DLL
D:\STUDY\VLC\VLC-2.1.0.SUBPROJECT-2010\DEBUG\PLUGINS\DEMUX\LIBSUBTITLE_PLUGIN.ILK
D:\Study\vlc\vlc-2.1.0.subproject-2010\Debug\subtitle.exp
D:\Study\vlc\vlc-2.1.0.subproject-2010\Debug\subtitle.lib
D:\STUDY\VLC\VLC-2.1.0.SUBPROJECT-2010\DEBUG\SUBTITLE.PDB
D:\Study\vlc\vlc-2.1.0.subproject-2010\plugins\subtitle\Debug\cl.command.1.tlog
D:\Study\vlc\vlc-2.1.0.subproject-2010\plugins\subtitle\Debug\CL.read.1.tlog
D:\Study\vlc\vlc-2.1.0.subproject-2010\plugins\subtitle\Debug\CL.write.1.tlog
D:\Study\vlc\vlc-2.1.0.subproject-2010\plugins\subtitle\Debug\link.11140.read.1.tlog
D:\Study\vlc\vlc-2.1.0.subproject-2010\plugins\subtitle\Debug\link.11140.write.1.tlog
D:\Study\vlc\vlc-2.1.0.subproject-2010\plugins\subtitle\Debug\link.11140-cvtres.read.1.tlog
D:\Study\vlc\vlc-2.1.0.subproject-2010\plugins\subtitle\Debug\link.11140-cvtres.write.1.tlog
D:\Study\vlc\vlc-2.1.0.subproject-2010\plugins\subtitle\Debug\link.command.1.tlog
D:\Study\vlc\vlc-2.1.0.subproject-2010\plugins\subtitle\Debug\link.read.1.tlog
D:\Study\vlc\vlc-2.1.0.subproject-2010\plugins\subtitle\Debug\link.write.1.tlog
D:\Study\vlc\vlc-2.1.0.subproject-2010\plugins\subtitle\Debug\link-cvtres.read.1.tlog
D:\Study\vlc\vlc-2.1.0.subproject-2010\plugins\subtitle\Debug\link-cvtres.write.1.tlog
D:\Study\vlc\vlc-2.1.0.subproject-2010\plugins\subtitle\Debug\mt.command.1.tlog
D:\Study\vlc\vlc-2.1.0.subproject-2010\plugins\subtitle\Debug\mt.read.1.tlog
D:\Study\vlc\vlc-2.1.0.subproject-2010\plugins\subtitle\Debug\mt.write.1.tlog
D:\Study\vlc\vlc-2.1.0.subproject-2010\plugins\subtitle\Debug\rc.command.1.tlog
D:\Study\vlc\vlc-2.1.0.subproject-2010\plugins\subtitle\Debug\rc.read.1.tlog
D:\Study\vlc\vlc-2.1.0.subproject-2010\plugins\subtitle\Debug\rc.write.1.tlog
D:\STUDY\VLC\VLC-2.1.0.SUBPROJECT-2010\PLUGINS\SUBTITLE\DEBUG\STDAFX.OBJ
D:\STUDY\VLC\VLC-2.1.0.SUBPROJECT-2010\PLUGINS\SUBTITLE\DEBUG\SUBTITLE.DLL.EMBED.MANIFEST
D:\STUDY\VLC\VLC-2.1.0.SUBPROJECT-2010\PLUGINS\SUBTITLE\DEBUG\SUBTITLE.DLL.EMBED.MANIFEST.RES
D:\STUDY\VLC\VLC-2.1.0.SUBPROJECT-2010\PLUGINS\SUBTITLE\DEBUG\SUBTITLE.DLL.INTERMEDIATE.MANIFEST
D:\STUDY\VLC\VLC-2.1.0.SUBPROJECT-2010\PLUGINS\SUBTITLE\DEBUG\SUBTITLE.OBJ
D:\STUDY\VLC\VLC-2.1.0.SUBPROJECT-2010\PLUGINS\SUBTITLE\DEBUG\SUBTITLE.PCH
D:\STUDY\VLC\VLC-2.1.0.SUBPROJECT-2010\PLUGINS\SUBTITLE\DEBUG\SUBTITLE.RES
D:\Study\vlc\vlc-2.1.0.subproject-2010\plugins\subtitle\Debug\subtitle.write.1.tlog
D:\Study\vlc\vlc-2.1.0.subproject-2010\plugins\subtitle\Debug\subtitle_manifest.rc
D:\STUDY\VLC\VLC-2.1.0.SUBPROJECT-2010\PLUGINS\SUBTITLE\DEBUG\SUBTITLE1.OBJ
D:\Study\vlc\vlc-2.1.0.subproject-2010\plugins\subtitle\Debug\vc100.idb
D:\STUDY\VLC\VLC-2.1.0.SUBPROJECT-2010\PLUGINS\SUBTITLE\DEBUG\VC100.PDB
