D:\STUDY\VLC\VLC-2.1.0.SUBPROJECT-2010\DEBUG\PLUGINS\VIDEO_FILTER\LIBPOSTERIZE_PLUGIN.DLL
D:\STUDY\VLC\VLC-2.1.0.SUBPROJECT-2010\DEBUG\PLUGINS\VIDEO_FILTER\LIBPOSTERIZE_PLUGIN.ILK
D:\Study\vlc\vlc-2.1.0.subproject-2010\Debug\posterize.exp
D:\Study\vlc\vlc-2.1.0.subproject-2010\Debug\posterize.lib
D:\STUDY\VLC\VLC-2.1.0.SUBPROJECT-2010\DEBUG\POSTERIZE.PDB
D:\Study\vlc\vlc-2.1.0.subproject-2010\plugins\posterize\Debug\cl.command.1.tlog
D:\Study\vlc\vlc-2.1.0.subproject-2010\plugins\posterize\Debug\CL.read.1.tlog
D:\Study\vlc\vlc-2.1.0.subproject-2010\plugins\posterize\Debug\CL.write.1.tlog
D:\Study\vlc\vlc-2.1.0.subproject-2010\plugins\posterize\Debug\link.3364.read.1.tlog
D:\Study\vlc\vlc-2.1.0.subproject-2010\plugins\posterize\Debug\link.3364.write.1.tlog
D:\Study\vlc\vlc-2.1.0.subproject-2010\plugins\posterize\Debug\link.3364-cvtres.read.1.tlog
D:\Study\vlc\vlc-2.1.0.subproject-2010\plugins\posterize\Debug\link.3364-cvtres.write.1.tlog
D:\Study\vlc\vlc-2.1.0.subproject-2010\plugins\posterize\Debug\link.command.1.tlog
D:\Study\vlc\vlc-2.1.0.subproject-2010\plugins\posterize\Debug\link.read.1.tlog
D:\Study\vlc\vlc-2.1.0.subproject-2010\plugins\posterize\Debug\link.write.1.tlog
D:\Study\vlc\vlc-2.1.0.subproject-2010\plugins\posterize\Debug\link-cvtres.read.1.tlog
D:\Study\vlc\vlc-2.1.0.subproject-2010\plugins\posterize\Debug\link-cvtres.write.1.tlog
D:\Study\vlc\vlc-2.1.0.subproject-2010\plugins\posterize\Debug\mt.command.1.tlog
D:\Study\vlc\vlc-2.1.0.subproject-2010\plugins\posterize\Debug\mt.read.1.tlog
D:\Study\vlc\vlc-2.1.0.subproject-2010\plugins\posterize\Debug\mt.write.1.tlog
D:\STUDY\VLC\VLC-2.1.0.SUBPROJECT-2010\PLUGINS\POSTERIZE\DEBUG\POSTERIZE.DLL.EMBED.MANIFEST
D:\STUDY\VLC\VLC-2.1.0.SUBPROJECT-2010\PLUGINS\POSTERIZE\DEBUG\POSTERIZE.DLL.EMBED.MANIFEST.RES
D:\STUDY\VLC\VLC-2.1.0.SUBPROJECT-2010\PLUGINS\POSTERIZE\DEBUG\POSTERIZE.DLL.INTERMEDIATE.MANIFEST
D:\STUDY\VLC\VLC-2.1.0.SUBPROJECT-2010\PLUGINS\POSTERIZE\DEBUG\POSTERIZE.OBJ
D:\STUDY\VLC\VLC-2.1.0.SUBPROJECT-2010\PLUGINS\POSTERIZE\DEBUG\POSTERIZE.PCH
D:\STUDY\VLC\VLC-2.1.0.SUBPROJECT-2010\PLUGINS\POSTERIZE\DEBUG\POSTERIZE.RES
D:\Study\vlc\vlc-2.1.0.subproject-2010\plugins\posterize\Debug\posterize.write.1.tlog
D:\Study\vlc\vlc-2.1.0.subproject-2010\plugins\posterize\Debug\posterize_manifest.rc
D:\STUDY\VLC\VLC-2.1.0.SUBPROJECT-2010\PLUGINS\POSTERIZE\DEBUG\POSTERIZE1.OBJ
D:\Study\vlc\vlc-2.1.0.subproject-2010\plugins\posterize\Debug\rc.command.1.tlog
D:\Study\vlc\vlc-2.1.0.subproject-2010\plugins\posterize\Debug\rc.read.1.tlog
D:\Study\vlc\vlc-2.1.0.subproject-2010\plugins\posterize\Debug\rc.write.1.tlog
D:\STUDY\VLC\VLC-2.1.0.SUBPROJECT-2010\PLUGINS\POSTERIZE\DEBUG\STDAFX.OBJ
D:\Study\vlc\vlc-2.1.0.subproject-2010\plugins\posterize\Debug\vc100.idb
D:\STUDY\VLC\VLC-2.1.0.SUBPROJECT-2010\PLUGINS\POSTERIZE\DEBUG\VC100.PDB
