D:\Study\vlc\vlc-2.1.0.subproject-2010\Debug\compressor.exp
D:\Study\vlc\vlc-2.1.0.subproject-2010\Debug\compressor.lib
D:\STUDY\VLC\VLC-2.1.0.SUBPROJECT-2010\DEBUG\COMPRESSOR.PDB
D:\STUDY\VLC\VLC-2.1.0.SUBPROJECT-2010\DEBUG\PLUGINS\AUDIO_FILTER\LIBCOMPRESSOR_PLUGIN.DLL
D:\STUDY\VLC\VLC-2.1.0.SUBPROJECT-2010\DEBUG\PLUGINS\AUDIO_FILTER\LIBCOMPRESSOR_PLUGIN.ILK
D:\Study\vlc\vlc-2.1.0.subproject-2010\plugins\compressor\Debug\cl.command.1.tlog
D:\Study\vlc\vlc-2.1.0.subproject-2010\plugins\compressor\Debug\CL.read.1.tlog
D:\Study\vlc\vlc-2.1.0.subproject-2010\plugins\compressor\Debug\CL.write.1.tlog
D:\STUDY\VLC\VLC-2.1.0.SUBPROJECT-2010\PLUGINS\COMPRESSOR\DEBUG\COMPRESSOR.DLL.EMBED.MANIFEST
D:\STUDY\VLC\VLC-2.1.0.SUBPROJECT-2010\PLUGINS\COMPRESSOR\DEBUG\COMPRESSOR.DLL.EMBED.MANIFEST.RES
D:\STUDY\VLC\VLC-2.1.0.SUBPROJECT-2010\PLUGINS\COMPRESSOR\DEBUG\COMPRESSOR.DLL.INTERMEDIATE.MANIFEST
D:\STUDY\VLC\VLC-2.1.0.SUBPROJECT-2010\PLUGINS\COMPRESSOR\DEBUG\COMPRESSOR.OBJ
D:\STUDY\VLC\VLC-2.1.0.SUBPROJECT-2010\PLUGINS\COMPRESSOR\DEBUG\COMPRESSOR.PCH
D:\STUDY\VLC\VLC-2.1.0.SUBPROJECT-2010\PLUGINS\COMPRESSOR\DEBUG\COMPRESSOR.RES
D:\Study\vlc\vlc-2.1.0.subproject-2010\plugins\compressor\Debug\compressor.write.1.tlog
D:\Study\vlc\vlc-2.1.0.subproject-2010\plugins\compressor\Debug\compressor_manifest.rc
D:\STUDY\VLC\VLC-2.1.0.SUBPROJECT-2010\PLUGINS\COMPRESSOR\DEBUG\COMPRESSOR1.OBJ
D:\Study\vlc\vlc-2.1.0.subproject-2010\plugins\compressor\Debug\link.12448.read.1.tlog
D:\Study\vlc\vlc-2.1.0.subproject-2010\plugins\compressor\Debug\link.12448.write.1.tlog
D:\Study\vlc\vlc-2.1.0.subproject-2010\plugins\compressor\Debug\link.12448-cvtres.read.1.tlog
D:\Study\vlc\vlc-2.1.0.subproject-2010\plugins\compressor\Debug\link.12448-cvtres.write.1.tlog
D:\Study\vlc\vlc-2.1.0.subproject-2010\plugins\compressor\Debug\link.command.1.tlog
D:\Study\vlc\vlc-2.1.0.subproject-2010\plugins\compressor\Debug\link.read.1.tlog
D:\Study\vlc\vlc-2.1.0.subproject-2010\plugins\compressor\Debug\link.write.1.tlog
D:\Study\vlc\vlc-2.1.0.subproject-2010\plugins\compressor\Debug\link-cvtres.read.1.tlog
D:\Study\vlc\vlc-2.1.0.subproject-2010\plugins\compressor\Debug\link-cvtres.write.1.tlog
D:\Study\vlc\vlc-2.1.0.subproject-2010\plugins\compressor\Debug\mt.command.1.tlog
D:\Study\vlc\vlc-2.1.0.subproject-2010\plugins\compressor\Debug\mt.read.1.tlog
D:\Study\vlc\vlc-2.1.0.subproject-2010\plugins\compressor\Debug\mt.write.1.tlog
D:\Study\vlc\vlc-2.1.0.subproject-2010\plugins\compressor\Debug\rc.command.1.tlog
D:\Study\vlc\vlc-2.1.0.subproject-2010\plugins\compressor\Debug\rc.read.1.tlog
D:\Study\vlc\vlc-2.1.0.subproject-2010\plugins\compressor\Debug\rc.write.1.tlog
D:\STUDY\VLC\VLC-2.1.0.SUBPROJECT-2010\PLUGINS\COMPRESSOR\DEBUG\STDAFX.OBJ
D:\Study\vlc\vlc-2.1.0.subproject-2010\plugins\compressor\Debug\vc100.idb
D:\STUDY\VLC\VLC-2.1.0.SUBPROJECT-2010\PLUGINS\COMPRESSOR\DEBUG\VC100.PDB
