D:\STUDY\VLC\VLC-2.1.0.SUBPROJECT-2010\DEBUG\PLUGINS\CODEC\LIBQUICKTIME_PLUGIN.DLL
D:\STUDY\VLC\VLC-2.1.0.SUBPROJECT-2010\DEBUG\PLUGINS\CODEC\LIBQUICKTIME_PLUGIN.ILK
D:\Study\vlc\vlc-2.1.0.subproject-2010\Debug\quicktime.exp
D:\Study\vlc\vlc-2.1.0.subproject-2010\Debug\quicktime.lib
D:\STUDY\VLC\VLC-2.1.0.SUBPROJECT-2010\DEBUG\QUICKTIME.PDB
D:\Study\vlc\vlc-2.1.0.subproject-2010\plugins\quicktime\Debug\cl.command.1.tlog
D:\Study\vlc\vlc-2.1.0.subproject-2010\plugins\quicktime\Debug\CL.read.1.tlog
D:\Study\vlc\vlc-2.1.0.subproject-2010\plugins\quicktime\Debug\CL.write.1.tlog
D:\Study\vlc\vlc-2.1.0.subproject-2010\plugins\quicktime\Debug\link.580.read.1.tlog
D:\Study\vlc\vlc-2.1.0.subproject-2010\plugins\quicktime\Debug\link.580.write.1.tlog
D:\Study\vlc\vlc-2.1.0.subproject-2010\plugins\quicktime\Debug\link.580-cvtres.read.1.tlog
D:\Study\vlc\vlc-2.1.0.subproject-2010\plugins\quicktime\Debug\link.580-cvtres.write.1.tlog
D:\Study\vlc\vlc-2.1.0.subproject-2010\plugins\quicktime\Debug\link.command.1.tlog
D:\Study\vlc\vlc-2.1.0.subproject-2010\plugins\quicktime\Debug\link.read.1.tlog
D:\Study\vlc\vlc-2.1.0.subproject-2010\plugins\quicktime\Debug\link.write.1.tlog
D:\Study\vlc\vlc-2.1.0.subproject-2010\plugins\quicktime\Debug\link-cvtres.read.1.tlog
D:\Study\vlc\vlc-2.1.0.subproject-2010\plugins\quicktime\Debug\link-cvtres.write.1.tlog
D:\Study\vlc\vlc-2.1.0.subproject-2010\plugins\quicktime\Debug\mt.command.1.tlog
D:\Study\vlc\vlc-2.1.0.subproject-2010\plugins\quicktime\Debug\mt.read.1.tlog
D:\Study\vlc\vlc-2.1.0.subproject-2010\plugins\quicktime\Debug\mt.write.1.tlog
D:\STUDY\VLC\VLC-2.1.0.SUBPROJECT-2010\PLUGINS\QUICKTIME\DEBUG\QUICKTIME.DLL.EMBED.MANIFEST
D:\STUDY\VLC\VLC-2.1.0.SUBPROJECT-2010\PLUGINS\QUICKTIME\DEBUG\QUICKTIME.DLL.EMBED.MANIFEST.RES
D:\STUDY\VLC\VLC-2.1.0.SUBPROJECT-2010\PLUGINS\QUICKTIME\DEBUG\QUICKTIME.DLL.INTERMEDIATE.MANIFEST
D:\STUDY\VLC\VLC-2.1.0.SUBPROJECT-2010\PLUGINS\QUICKTIME\DEBUG\QUICKTIME.OBJ
D:\STUDY\VLC\VLC-2.1.0.SUBPROJECT-2010\PLUGINS\QUICKTIME\DEBUG\QUICKTIME.PCH
D:\STUDY\VLC\VLC-2.1.0.SUBPROJECT-2010\PLUGINS\QUICKTIME\DEBUG\QUICKTIME.RES
D:\Study\vlc\vlc-2.1.0.subproject-2010\plugins\quicktime\Debug\quicktime.write.1.tlog
D:\Study\vlc\vlc-2.1.0.subproject-2010\plugins\quicktime\Debug\quicktime_manifest.rc
D:\STUDY\VLC\VLC-2.1.0.SUBPROJECT-2010\PLUGINS\QUICKTIME\DEBUG\QUICKTIME1.OBJ
D:\Study\vlc\vlc-2.1.0.subproject-2010\plugins\quicktime\Debug\rc.command.1.tlog
D:\Study\vlc\vlc-2.1.0.subproject-2010\plugins\quicktime\Debug\rc.read.1.tlog
D:\Study\vlc\vlc-2.1.0.subproject-2010\plugins\quicktime\Debug\rc.write.1.tlog
D:\STUDY\VLC\VLC-2.1.0.SUBPROJECT-2010\PLUGINS\QUICKTIME\DEBUG\STDAFX.OBJ
D:\Study\vlc\vlc-2.1.0.subproject-2010\plugins\quicktime\Debug\vc100.idb
D:\STUDY\VLC\VLC-2.1.0.SUBPROJECT-2010\PLUGINS\QUICKTIME\DEBUG\VC100.PDB
