D:\Study\vlc\vlc-2.1.0.subproject-2010\Debug\audiobargraph_a.exp
D:\Study\vlc\vlc-2.1.0.subproject-2010\Debug\audiobargraph_a.lib
D:\STUDY\VLC\VLC-2.1.0.SUBPROJECT-2010\DEBUG\AUDIOBARGRAPH_A.PDB
D:\STUDY\VLC\VLC-2.1.0.SUBPROJECT-2010\DEBUG\PLUGINS\AUDIO_FILTER\LIBAUDIOBARGRAPH_A_PLUGIN.DLL
D:\STUDY\VLC\VLC-2.1.0.SUBPROJECT-2010\DEBUG\PLUGINS\AUDIO_FILTER\LIBAUDIOBARGRAPH_A_PLUGIN.ILK
D:\STUDY\VLC\VLC-2.1.0.SUBPROJECT-2010\PLUGINS\AUDIOBARGRAPH_A\DEBUG\AUDIOBARGRAPH_A.DLL.EMBED.MANIFEST
D:\STUDY\VLC\VLC-2.1.0.SUBPROJECT-2010\PLUGINS\AUDIOBARGRAPH_A\DEBUG\AUDIOBARGRAPH_A.DLL.EMBED.MANIFEST.RES
D:\STUDY\VLC\VLC-2.1.0.SUBPROJECT-2010\PLUGINS\AUDIOBARGRAPH_A\DEBUG\AUDIOBARGRAPH_A.DLL.INTERMEDIATE.MANIFEST
D:\STUDY\VLC\VLC-2.1.0.SUBPROJECT-2010\PLUGINS\AUDIOBARGRAPH_A\DEBUG\AUDIOBARGRAPH_A.OBJ
D:\STUDY\VLC\VLC-2.1.0.SUBPROJECT-2010\PLUGINS\AUDIOBARGRAPH_A\DEBUG\AUDIOBARGRAPH_A.PCH
D:\STUDY\VLC\VLC-2.1.0.SUBPROJECT-2010\PLUGINS\AUDIOBARGRAPH_A\DEBUG\AUDIOBARGRAPH_A.RES
D:\Study\vlc\vlc-2.1.0.subproject-2010\plugins\audiobargraph_a\Debug\audiobargraph_a.write.1.tlog
D:\Study\vlc\vlc-2.1.0.subproject-2010\plugins\audiobargraph_a\Debug\audiobargraph_a_manifest.rc
D:\STUDY\VLC\VLC-2.1.0.SUBPROJECT-2010\PLUGINS\AUDIOBARGRAPH_A\DEBUG\AUDIOBARGRAPH_A1.OBJ
D:\Study\vlc\vlc-2.1.0.subproject-2010\plugins\audiobargraph_a\Debug\cl.command.1.tlog
D:\Study\vlc\vlc-2.1.0.subproject-2010\plugins\audiobargraph_a\Debug\CL.read.1.tlog
D:\Study\vlc\vlc-2.1.0.subproject-2010\plugins\audiobargraph_a\Debug\CL.write.1.tlog
D:\Study\vlc\vlc-2.1.0.subproject-2010\plugins\audiobargraph_a\Debug\link.10544.read.1.tlog
D:\Study\vlc\vlc-2.1.0.subproject-2010\plugins\audiobargraph_a\Debug\link.10544.write.1.tlog
D:\Study\vlc\vlc-2.1.0.subproject-2010\plugins\audiobargraph_a\Debug\link.10544-cvtres.read.1.tlog
D:\Study\vlc\vlc-2.1.0.subproject-2010\plugins\audiobargraph_a\Debug\link.10544-cvtres.write.1.tlog
D:\Study\vlc\vlc-2.1.0.subproject-2010\plugins\audiobargraph_a\Debug\link.command.1.tlog
D:\Study\vlc\vlc-2.1.0.subproject-2010\plugins\audiobargraph_a\Debug\link.read.1.tlog
D:\Study\vlc\vlc-2.1.0.subproject-2010\plugins\audiobargraph_a\Debug\link.write.1.tlog
D:\Study\vlc\vlc-2.1.0.subproject-2010\plugins\audiobargraph_a\Debug\link-cvtres.read.1.tlog
D:\Study\vlc\vlc-2.1.0.subproject-2010\plugins\audiobargraph_a\Debug\link-cvtres.write.1.tlog
D:\Study\vlc\vlc-2.1.0.subproject-2010\plugins\audiobargraph_a\Debug\mt.command.1.tlog
D:\Study\vlc\vlc-2.1.0.subproject-2010\plugins\audiobargraph_a\Debug\mt.read.1.tlog
D:\Study\vlc\vlc-2.1.0.subproject-2010\plugins\audiobargraph_a\Debug\mt.write.1.tlog
D:\Study\vlc\vlc-2.1.0.subproject-2010\plugins\audiobargraph_a\Debug\rc.command.1.tlog
D:\Study\vlc\vlc-2.1.0.subproject-2010\plugins\audiobargraph_a\Debug\rc.read.1.tlog
D:\Study\vlc\vlc-2.1.0.subproject-2010\plugins\audiobargraph_a\Debug\rc.write.1.tlog
D:\STUDY\VLC\VLC-2.1.0.SUBPROJECT-2010\PLUGINS\AUDIOBARGRAPH_A\DEBUG\STDAFX.OBJ
D:\Study\vlc\vlc-2.1.0.subproject-2010\plugins\audiobargraph_a\Debug\vc100.idb
D:\STUDY\VLC\VLC-2.1.0.SUBPROJECT-2010\PLUGINS\AUDIOBARGRAPH_A\DEBUG\VC100.PDB
