D:\Study\vlc\vlc-2.1.0.subproject-2010\Debug\float_mixer.exp
D:\Study\vlc\vlc-2.1.0.subproject-2010\Debug\float_mixer.lib
D:\STUDY\VLC\VLC-2.1.0.SUBPROJECT-2010\DEBUG\FLOAT_MIXER.PDB
D:\STUDY\VLC\VLC-2.1.0.SUBPROJECT-2010\DEBUG\PLUGINS\AUDIO_MIXER\LIBFLOAT_MIXER_PLUGIN.DLL
D:\STUDY\VLC\VLC-2.1.0.SUBPROJECT-2010\DEBUG\PLUGINS\AUDIO_MIXER\LIBFLOAT_MIXER_PLUGIN.ILK
D:\Study\vlc\vlc-2.1.0.subproject-2010\plugins\float_mixer\Debug\cl.command.1.tlog
D:\Study\vlc\vlc-2.1.0.subproject-2010\plugins\float_mixer\Debug\CL.read.1.tlog
D:\Study\vlc\vlc-2.1.0.subproject-2010\plugins\float_mixer\Debug\CL.write.1.tlog
D:\STUDY\VLC\VLC-2.1.0.SUBPROJECT-2010\PLUGINS\FLOAT_MIXER\DEBUG\FLOAT.OBJ
D:\STUDY\VLC\VLC-2.1.0.SUBPROJECT-2010\PLUGINS\FLOAT_MIXER\DEBUG\FLOAT_MIXER.DLL.EMBED.MANIFEST
D:\STUDY\VLC\VLC-2.1.0.SUBPROJECT-2010\PLUGINS\FLOAT_MIXER\DEBUG\FLOAT_MIXER.DLL.EMBED.MANIFEST.RES
D:\STUDY\VLC\VLC-2.1.0.SUBPROJECT-2010\PLUGINS\FLOAT_MIXER\DEBUG\FLOAT_MIXER.DLL.INTERMEDIATE.MANIFEST
D:\STUDY\VLC\VLC-2.1.0.SUBPROJECT-2010\PLUGINS\FLOAT_MIXER\DEBUG\FLOAT_MIXER.OBJ
D:\STUDY\VLC\VLC-2.1.0.SUBPROJECT-2010\PLUGINS\FLOAT_MIXER\DEBUG\FLOAT_MIXER.PCH
D:\STUDY\VLC\VLC-2.1.0.SUBPROJECT-2010\PLUGINS\FLOAT_MIXER\DEBUG\FLOAT_MIXER.RES
D:\Study\vlc\vlc-2.1.0.subproject-2010\plugins\float_mixer\Debug\float_mixer.write.1.tlog
D:\Study\vlc\vlc-2.1.0.subproject-2010\plugins\float_mixer\Debug\float_mixer_manifest.rc
D:\Study\vlc\vlc-2.1.0.subproject-2010\plugins\float_mixer\Debug\link.3308.read.1.tlog
D:\Study\vlc\vlc-2.1.0.subproject-2010\plugins\float_mixer\Debug\link.3308.write.1.tlog
D:\Study\vlc\vlc-2.1.0.subproject-2010\plugins\float_mixer\Debug\link.3308-cvtres.read.1.tlog
D:\Study\vlc\vlc-2.1.0.subproject-2010\plugins\float_mixer\Debug\link.3308-cvtres.write.1.tlog
D:\Study\vlc\vlc-2.1.0.subproject-2010\plugins\float_mixer\Debug\link.command.1.tlog
D:\Study\vlc\vlc-2.1.0.subproject-2010\plugins\float_mixer\Debug\link.read.1.tlog
D:\Study\vlc\vlc-2.1.0.subproject-2010\plugins\float_mixer\Debug\link.write.1.tlog
D:\Study\vlc\vlc-2.1.0.subproject-2010\plugins\float_mixer\Debug\link-cvtres.read.1.tlog
D:\Study\vlc\vlc-2.1.0.subproject-2010\plugins\float_mixer\Debug\link-cvtres.write.1.tlog
D:\Study\vlc\vlc-2.1.0.subproject-2010\plugins\float_mixer\Debug\mt.command.1.tlog
D:\Study\vlc\vlc-2.1.0.subproject-2010\plugins\float_mixer\Debug\mt.read.1.tlog
D:\Study\vlc\vlc-2.1.0.subproject-2010\plugins\float_mixer\Debug\mt.write.1.tlog
D:\Study\vlc\vlc-2.1.0.subproject-2010\plugins\float_mixer\Debug\rc.command.1.tlog
D:\Study\vlc\vlc-2.1.0.subproject-2010\plugins\float_mixer\Debug\rc.read.1.tlog
D:\Study\vlc\vlc-2.1.0.subproject-2010\plugins\float_mixer\Debug\rc.write.1.tlog
D:\STUDY\VLC\VLC-2.1.0.SUBPROJECT-2010\PLUGINS\FLOAT_MIXER\DEBUG\STDAFX.OBJ
D:\Study\vlc\vlc-2.1.0.subproject-2010\plugins\float_mixer\Debug\vc100.idb
D:\STUDY\VLC\VLC-2.1.0.SUBPROJECT-2010\PLUGINS\FLOAT_MIXER\DEBUG\VC100.PDB
