D:\Study\vlc\vlc-2.1.0.subproject-2010\Debug\packetizer_flac.exp
D:\Study\vlc\vlc-2.1.0.subproject-2010\Debug\packetizer_flac.lib
D:\STUDY\VLC\VLC-2.1.0.SUBPROJECT-2010\DEBUG\PACKETIZER_FLAC.PDB
D:\STUDY\VLC\VLC-2.1.0.SUBPROJECT-2010\DEBUG\PLUGINS\PACKETIZER\LIBPACKETIZER_FLAC_PLUGIN.DLL
D:\STUDY\VLC\VLC-2.1.0.SUBPROJECT-2010\DEBUG\PLUGINS\PACKETIZER\LIBPACKETIZER_FLAC_PLUGIN.ILK
D:\Study\vlc\vlc-2.1.0.subproject-2010\plugins\packetizer_flac\Debug\cl.command.1.tlog
D:\Study\vlc\vlc-2.1.0.subproject-2010\plugins\packetizer_flac\Debug\CL.read.1.tlog
D:\Study\vlc\vlc-2.1.0.subproject-2010\plugins\packetizer_flac\Debug\CL.write.1.tlog
D:\STUDY\VLC\VLC-2.1.0.SUBPROJECT-2010\PLUGINS\PACKETIZER_FLAC\DEBUG\FLAC.OBJ
D:\Study\vlc\vlc-2.1.0.subproject-2010\plugins\packetizer_flac\Debug\link.9508.read.1.tlog
D:\Study\vlc\vlc-2.1.0.subproject-2010\plugins\packetizer_flac\Debug\link.9508.write.1.tlog
D:\Study\vlc\vlc-2.1.0.subproject-2010\plugins\packetizer_flac\Debug\link.9508-cvtres.read.1.tlog
D:\Study\vlc\vlc-2.1.0.subproject-2010\plugins\packetizer_flac\Debug\link.9508-cvtres.write.1.tlog
D:\Study\vlc\vlc-2.1.0.subproject-2010\plugins\packetizer_flac\Debug\link.command.1.tlog
D:\Study\vlc\vlc-2.1.0.subproject-2010\plugins\packetizer_flac\Debug\link.read.1.tlog
D:\Study\vlc\vlc-2.1.0.subproject-2010\plugins\packetizer_flac\Debug\link.write.1.tlog
D:\Study\vlc\vlc-2.1.0.subproject-2010\plugins\packetizer_flac\Debug\link-cvtres.read.1.tlog
D:\Study\vlc\vlc-2.1.0.subproject-2010\plugins\packetizer_flac\Debug\link-cvtres.write.1.tlog
D:\Study\vlc\vlc-2.1.0.subproject-2010\plugins\packetizer_flac\Debug\mt.command.1.tlog
D:\Study\vlc\vlc-2.1.0.subproject-2010\plugins\packetizer_flac\Debug\mt.read.1.tlog
D:\Study\vlc\vlc-2.1.0.subproject-2010\plugins\packetizer_flac\Debug\mt.write.1.tlog
D:\STUDY\VLC\VLC-2.1.0.SUBPROJECT-2010\PLUGINS\PACKETIZER_FLAC\DEBUG\PACKETIZER_FLAC.DLL.EMBED.MANIFEST
D:\STUDY\VLC\VLC-2.1.0.SUBPROJECT-2010\PLUGINS\PACKETIZER_FLAC\DEBUG\PACKETIZER_FLAC.DLL.EMBED.MANIFEST.RES
D:\STUDY\VLC\VLC-2.1.0.SUBPROJECT-2010\PLUGINS\PACKETIZER_FLAC\DEBUG\PACKETIZER_FLAC.DLL.INTERMEDIATE.MANIFEST
D:\STUDY\VLC\VLC-2.1.0.SUBPROJECT-2010\PLUGINS\PACKETIZER_FLAC\DEBUG\PACKETIZER_FLAC.OBJ
D:\STUDY\VLC\VLC-2.1.0.SUBPROJECT-2010\PLUGINS\PACKETIZER_FLAC\DEBUG\PACKETIZER_FLAC.PCH
D:\STUDY\VLC\VLC-2.1.0.SUBPROJECT-2010\PLUGINS\PACKETIZER_FLAC\DEBUG\PACKETIZER_FLAC.RES
D:\Study\vlc\vlc-2.1.0.subproject-2010\plugins\packetizer_flac\Debug\packetizer_flac.write.1.tlog
D:\Study\vlc\vlc-2.1.0.subproject-2010\plugins\packetizer_flac\Debug\packetizer_flac_manifest.rc
D:\Study\vlc\vlc-2.1.0.subproject-2010\plugins\packetizer_flac\Debug\rc.command.1.tlog
D:\Study\vlc\vlc-2.1.0.subproject-2010\plugins\packetizer_flac\Debug\rc.read.1.tlog
D:\Study\vlc\vlc-2.1.0.subproject-2010\plugins\packetizer_flac\Debug\rc.write.1.tlog
D:\STUDY\VLC\VLC-2.1.0.SUBPROJECT-2010\PLUGINS\PACKETIZER_FLAC\DEBUG\STDAFX.OBJ
D:\Study\vlc\vlc-2.1.0.subproject-2010\plugins\packetizer_flac\Debug\vc100.idb
D:\STUDY\VLC\VLC-2.1.0.SUBPROJECT-2010\PLUGINS\PACKETIZER_FLAC\DEBUG\VC100.PDB
