D:\Study\vlc\vlc-2.1.0.subproject-2010\Debug\i420_yuy2_sse2.exp
D:\Study\vlc\vlc-2.1.0.subproject-2010\Debug\i420_yuy2_sse2.lib
D:\STUDY\VLC\VLC-2.1.0.SUBPROJECT-2010\DEBUG\I420_YUY2_SSE2.PDB
D:\STUDY\VLC\VLC-2.1.0.SUBPROJECT-2010\DEBUG\PLUGINS\SSE2\LIBI420_YUY2_SSE2_PLUGIN.DLL
D:\STUDY\VLC\VLC-2.1.0.SUBPROJECT-2010\DEBUG\PLUGINS\SSE2\LIBI420_YUY2_SSE2_PLUGIN.ILK
D:\Study\vlc\vlc-2.1.0.subproject-2010\plugins\i420_yuy2_sse2\Debug\cl.command.1.tlog
D:\Study\vlc\vlc-2.1.0.subproject-2010\plugins\i420_yuy2_sse2\Debug\CL.read.1.tlog
D:\Study\vlc\vlc-2.1.0.subproject-2010\plugins\i420_yuy2_sse2\Debug\CL.write.1.tlog
D:\STUDY\VLC\VLC-2.1.0.SUBPROJECT-2010\PLUGINS\I420_YUY2_SSE2\DEBUG\I420_YUY2.OBJ
D:\STUDY\VLC\VLC-2.1.0.SUBPROJECT-2010\PLUGINS\I420_YUY2_SSE2\DEBUG\I420_YUY2_SSE2.DLL.EMBED.MANIFEST
D:\STUDY\VLC\VLC-2.1.0.SUBPROJECT-2010\PLUGINS\I420_YUY2_SSE2\DEBUG\I420_YUY2_SSE2.DLL.EMBED.MANIFEST.RES
D:\STUDY\VLC\VLC-2.1.0.SUBPROJECT-2010\PLUGINS\I420_YUY2_SSE2\DEBUG\I420_YUY2_SSE2.DLL.INTERMEDIATE.MANIFEST
D:\STUDY\VLC\VLC-2.1.0.SUBPROJECT-2010\PLUGINS\I420_YUY2_SSE2\DEBUG\I420_YUY2_SSE2.OBJ
D:\STUDY\VLC\VLC-2.1.0.SUBPROJECT-2010\PLUGINS\I420_YUY2_SSE2\DEBUG\I420_YUY2_SSE2.PCH
D:\STUDY\VLC\VLC-2.1.0.SUBPROJECT-2010\PLUGINS\I420_YUY2_SSE2\DEBUG\I420_YUY2_SSE2.RES
D:\Study\vlc\vlc-2.1.0.subproject-2010\plugins\i420_yuy2_sse2\Debug\i420_yuy2_sse2.write.1.tlog
D:\Study\vlc\vlc-2.1.0.subproject-2010\plugins\i420_yuy2_sse2\Debug\i420_yuy2_sse2_manifest.rc
D:\Study\vlc\vlc-2.1.0.subproject-2010\plugins\i420_yuy2_sse2\Debug\link.12492.read.1.tlog
D:\Study\vlc\vlc-2.1.0.subproject-2010\plugins\i420_yuy2_sse2\Debug\link.12492.write.1.tlog
D:\Study\vlc\vlc-2.1.0.subproject-2010\plugins\i420_yuy2_sse2\Debug\link.12492-cvtres.read.1.tlog
D:\Study\vlc\vlc-2.1.0.subproject-2010\plugins\i420_yuy2_sse2\Debug\link.12492-cvtres.write.1.tlog
D:\Study\vlc\vlc-2.1.0.subproject-2010\plugins\i420_yuy2_sse2\Debug\link.command.1.tlog
D:\Study\vlc\vlc-2.1.0.subproject-2010\plugins\i420_yuy2_sse2\Debug\link.read.1.tlog
D:\Study\vlc\vlc-2.1.0.subproject-2010\plugins\i420_yuy2_sse2\Debug\link.write.1.tlog
D:\Study\vlc\vlc-2.1.0.subproject-2010\plugins\i420_yuy2_sse2\Debug\link-cvtres.read.1.tlog
D:\Study\vlc\vlc-2.1.0.subproject-2010\plugins\i420_yuy2_sse2\Debug\link-cvtres.write.1.tlog
D:\Study\vlc\vlc-2.1.0.subproject-2010\plugins\i420_yuy2_sse2\Debug\mt.command.1.tlog
D:\Study\vlc\vlc-2.1.0.subproject-2010\plugins\i420_yuy2_sse2\Debug\mt.read.1.tlog
D:\Study\vlc\vlc-2.1.0.subproject-2010\plugins\i420_yuy2_sse2\Debug\mt.write.1.tlog
D:\Study\vlc\vlc-2.1.0.subproject-2010\plugins\i420_yuy2_sse2\Debug\rc.command.1.tlog
D:\Study\vlc\vlc-2.1.0.subproject-2010\plugins\i420_yuy2_sse2\Debug\rc.read.1.tlog
D:\Study\vlc\vlc-2.1.0.subproject-2010\plugins\i420_yuy2_sse2\Debug\rc.write.1.tlog
D:\STUDY\VLC\VLC-2.1.0.SUBPROJECT-2010\PLUGINS\I420_YUY2_SSE2\DEBUG\STDAFX.OBJ
D:\Study\vlc\vlc-2.1.0.subproject-2010\plugins\i420_yuy2_sse2\Debug\vc100.idb
D:\STUDY\VLC\VLC-2.1.0.SUBPROJECT-2010\PLUGINS\I420_YUY2_SSE2\DEBUG\VC100.PDB
