D:\Study\vlc\vlc-2.1.0.subproject-2010\Debug\i420_rgb.exp
D:\Study\vlc\vlc-2.1.0.subproject-2010\Debug\i420_rgb.lib
D:\STUDY\VLC\VLC-2.1.0.SUBPROJECT-2010\DEBUG\I420_RGB.PDB
D:\STUDY\VLC\VLC-2.1.0.SUBPROJECT-2010\DEBUG\PLUGINS\VIDEO_CHROMA\LIBI420_RGB_PLUGIN.DLL
D:\STUDY\VLC\VLC-2.1.0.SUBPROJECT-2010\DEBUG\PLUGINS\VIDEO_CHROMA\LIBI420_RGB_PLUGIN.ILK
D:\Study\vlc\vlc-2.1.0.subproject-2010\plugins\i420_rgb\Debug\cl.command.1.tlog
D:\Study\vlc\vlc-2.1.0.subproject-2010\plugins\i420_rgb\Debug\CL.read.1.tlog
D:\Study\vlc\vlc-2.1.0.subproject-2010\plugins\i420_rgb\Debug\CL.write.1.tlog
D:\STUDY\VLC\VLC-2.1.0.SUBPROJECT-2010\PLUGINS\I420_RGB\DEBUG\I420_RGB.DLL.EMBED.MANIFEST
D:\STUDY\VLC\VLC-2.1.0.SUBPROJECT-2010\PLUGINS\I420_RGB\DEBUG\I420_RGB.DLL.EMBED.MANIFEST.RES
D:\STUDY\VLC\VLC-2.1.0.SUBPROJECT-2010\PLUGINS\I420_RGB\DEBUG\I420_RGB.DLL.INTERMEDIATE.MANIFEST
D:\STUDY\VLC\VLC-2.1.0.SUBPROJECT-2010\PLUGINS\I420_RGB\DEBUG\I420_RGB.OBJ
D:\STUDY\VLC\VLC-2.1.0.SUBPROJECT-2010\PLUGINS\I420_RGB\DEBUG\I420_RGB.PCH
D:\STUDY\VLC\VLC-2.1.0.SUBPROJECT-2010\PLUGINS\I420_RGB\DEBUG\I420_RGB.RES
D:\Study\vlc\vlc-2.1.0.subproject-2010\plugins\i420_rgb\Debug\i420_rgb.write.1.tlog
D:\Study\vlc\vlc-2.1.0.subproject-2010\plugins\i420_rgb\Debug\i420_rgb_manifest.rc
D:\STUDY\VLC\VLC-2.1.0.SUBPROJECT-2010\PLUGINS\I420_RGB\DEBUG\I420_RGB1.OBJ
D:\STUDY\VLC\VLC-2.1.0.SUBPROJECT-2010\PLUGINS\I420_RGB\DEBUG\I420_RGB16.OBJ
D:\STUDY\VLC\VLC-2.1.0.SUBPROJECT-2010\PLUGINS\I420_RGB\DEBUG\I420_RGB8.OBJ
D:\Study\vlc\vlc-2.1.0.subproject-2010\plugins\i420_rgb\Debug\link.8876.read.1.tlog
D:\Study\vlc\vlc-2.1.0.subproject-2010\plugins\i420_rgb\Debug\link.8876.write.1.tlog
D:\Study\vlc\vlc-2.1.0.subproject-2010\plugins\i420_rgb\Debug\link.8876-cvtres.read.1.tlog
D:\Study\vlc\vlc-2.1.0.subproject-2010\plugins\i420_rgb\Debug\link.8876-cvtres.write.1.tlog
D:\Study\vlc\vlc-2.1.0.subproject-2010\plugins\i420_rgb\Debug\link.command.1.tlog
D:\Study\vlc\vlc-2.1.0.subproject-2010\plugins\i420_rgb\Debug\link.read.1.tlog
D:\Study\vlc\vlc-2.1.0.subproject-2010\plugins\i420_rgb\Debug\link.write.1.tlog
D:\Study\vlc\vlc-2.1.0.subproject-2010\plugins\i420_rgb\Debug\link-cvtres.read.1.tlog
D:\Study\vlc\vlc-2.1.0.subproject-2010\plugins\i420_rgb\Debug\link-cvtres.write.1.tlog
D:\Study\vlc\vlc-2.1.0.subproject-2010\plugins\i420_rgb\Debug\mt.command.1.tlog
D:\Study\vlc\vlc-2.1.0.subproject-2010\plugins\i420_rgb\Debug\mt.read.1.tlog
D:\Study\vlc\vlc-2.1.0.subproject-2010\plugins\i420_rgb\Debug\mt.write.1.tlog
D:\Study\vlc\vlc-2.1.0.subproject-2010\plugins\i420_rgb\Debug\rc.command.1.tlog
D:\Study\vlc\vlc-2.1.0.subproject-2010\plugins\i420_rgb\Debug\rc.read.1.tlog
D:\Study\vlc\vlc-2.1.0.subproject-2010\plugins\i420_rgb\Debug\rc.write.1.tlog
D:\STUDY\VLC\VLC-2.1.0.SUBPROJECT-2010\PLUGINS\I420_RGB\DEBUG\STDAFX.OBJ
D:\Study\vlc\vlc-2.1.0.subproject-2010\plugins\i420_rgb\Debug\vc100.idb
D:\STUDY\VLC\VLC-2.1.0.SUBPROJECT-2010\PLUGINS\I420_RGB\DEBUG\VC100.PDB
