D:\Study\vlc\vlc-2.1.0.subproject-2010\plugins\directdraw\Debug\cl.command.1.tlog
D:\Study\vlc\vlc-2.1.0.subproject-2010\plugins\directdraw\Debug\CL.read.1.tlog
D:\Study\vlc\vlc-2.1.0.subproject-2010\plugins\directdraw\Debug\CL.write.1.tlog
D:\STUDY\VLC\VLC-2.1.0.SUBPROJECT-2010\PLUGINS\DIRECTDRAW\DEBUG\COMMON.OBJ
D:\Study\vlc\vlc-2.1.0.subproject-2010\plugins\directdraw\Debug\directdraw.dll.embed.manifest
D:\STUDY\VLC\VLC-2.1.0.SUBPROJECT-2010\PLUGINS\DIRECTDRAW\DEBUG\DIRECTDRAW.DLL.EMBED.MANIFEST.RES
D:\STUDY\VLC\VLC-2.1.0.SUBPROJECT-2010\PLUGINS\DIRECTDRAW\DEBUG\DIRECTDRAW.OBJ
D:\STUDY\VLC\VLC-2.1.0.SUBPROJECT-2010\PLUGINS\DIRECTDRAW\DEBUG\DIRECTDRAW.PCH
D:\STUDY\VLC\VLC-2.1.0.SUBPROJECT-2010\PLUGINS\DIRECTDRAW\DEBUG\DIRECTDRAW.RES
D:\Study\vlc\vlc-2.1.0.subproject-2010\plugins\directdraw\Debug\directdraw.write.1.tlog
D:\Study\vlc\vlc-2.1.0.subproject-2010\plugins\directdraw\Debug\directdraw_manifest.rc
D:\STUDY\VLC\VLC-2.1.0.SUBPROJECT-2010\PLUGINS\DIRECTDRAW\DEBUG\DIRECTX.OBJ
D:\STUDY\VLC\VLC-2.1.0.SUBPROJECT-2010\PLUGINS\DIRECTDRAW\DEBUG\EVENTS.OBJ
D:\Study\vlc\vlc-2.1.0.subproject-2010\plugins\directdraw\Debug\link.command.1.tlog
D:\Study\vlc\vlc-2.1.0.subproject-2010\plugins\directdraw\Debug\link.read.1.tlog
D:\Study\vlc\vlc-2.1.0.subproject-2010\plugins\directdraw\Debug\link.write.1.tlog
D:\Study\vlc\vlc-2.1.0.subproject-2010\plugins\directdraw\Debug\rc.command.1.tlog
D:\Study\vlc\vlc-2.1.0.subproject-2010\plugins\directdraw\Debug\rc.read.1.tlog
D:\Study\vlc\vlc-2.1.0.subproject-2010\plugins\directdraw\Debug\rc.write.1.tlog
D:\STUDY\VLC\VLC-2.1.0.SUBPROJECT-2010\PLUGINS\DIRECTDRAW\DEBUG\STDAFX.OBJ
D:\Study\vlc\vlc-2.1.0.subproject-2010\plugins\directdraw\Debug\vc100.idb
D:\STUDY\VLC\VLC-2.1.0.SUBPROJECT-2010\PLUGINS\DIRECTDRAW\DEBUG\VC100.PDB
