D:\STUDY\VLC\VLC-2.1.0.SUBPROJECT-2010\DEBUG\PLUGINS\DEMUX\LIBPVA_PLUGIN.DLL
D:\STUDY\VLC\VLC-2.1.0.SUBPROJECT-2010\DEBUG\PLUGINS\DEMUX\LIBPVA_PLUGIN.ILK
D:\Study\vlc\vlc-2.1.0.subproject-2010\Debug\pva.exp
D:\Study\vlc\vlc-2.1.0.subproject-2010\Debug\pva.lib
D:\STUDY\VLC\VLC-2.1.0.SUBPROJECT-2010\DEBUG\PVA.PDB
D:\Study\vlc\vlc-2.1.0.subproject-2010\plugins\pva\Debug\cl.command.1.tlog
D:\Study\vlc\vlc-2.1.0.subproject-2010\plugins\pva\Debug\CL.read.1.tlog
D:\Study\vlc\vlc-2.1.0.subproject-2010\plugins\pva\Debug\CL.write.1.tlog
D:\Study\vlc\vlc-2.1.0.subproject-2010\plugins\pva\Debug\link.6416.read.1.tlog
D:\Study\vlc\vlc-2.1.0.subproject-2010\plugins\pva\Debug\link.6416.write.1.tlog
D:\Study\vlc\vlc-2.1.0.subproject-2010\plugins\pva\Debug\link.6416-cvtres.read.1.tlog
D:\Study\vlc\vlc-2.1.0.subproject-2010\plugins\pva\Debug\link.6416-cvtres.write.1.tlog
D:\Study\vlc\vlc-2.1.0.subproject-2010\plugins\pva\Debug\link.command.1.tlog
D:\Study\vlc\vlc-2.1.0.subproject-2010\plugins\pva\Debug\link.read.1.tlog
D:\Study\vlc\vlc-2.1.0.subproject-2010\plugins\pva\Debug\link.write.1.tlog
D:\Study\vlc\vlc-2.1.0.subproject-2010\plugins\pva\Debug\link-cvtres.read.1.tlog
D:\Study\vlc\vlc-2.1.0.subproject-2010\plugins\pva\Debug\link-cvtres.write.1.tlog
D:\Study\vlc\vlc-2.1.0.subproject-2010\plugins\pva\Debug\mt.command.1.tlog
D:\Study\vlc\vlc-2.1.0.subproject-2010\plugins\pva\Debug\mt.read.1.tlog
D:\Study\vlc\vlc-2.1.0.subproject-2010\plugins\pva\Debug\mt.write.1.tlog
D:\STUDY\VLC\VLC-2.1.0.SUBPROJECT-2010\PLUGINS\PVA\DEBUG\PVA.DLL.EMBED.MANIFEST
D:\STUDY\VLC\VLC-2.1.0.SUBPROJECT-2010\PLUGINS\PVA\DEBUG\PVA.DLL.EMBED.MANIFEST.RES
D:\STUDY\VLC\VLC-2.1.0.SUBPROJECT-2010\PLUGINS\PVA\DEBUG\PVA.DLL.INTERMEDIATE.MANIFEST
D:\STUDY\VLC\VLC-2.1.0.SUBPROJECT-2010\PLUGINS\PVA\DEBUG\PVA.OBJ
D:\STUDY\VLC\VLC-2.1.0.SUBPROJECT-2010\PLUGINS\PVA\DEBUG\PVA.PCH
D:\STUDY\VLC\VLC-2.1.0.SUBPROJECT-2010\PLUGINS\PVA\DEBUG\PVA.RES
D:\Study\vlc\vlc-2.1.0.subproject-2010\plugins\pva\Debug\pva.write.1.tlog
D:\Study\vlc\vlc-2.1.0.subproject-2010\plugins\pva\Debug\pva_manifest.rc
D:\STUDY\VLC\VLC-2.1.0.SUBPROJECT-2010\PLUGINS\PVA\DEBUG\PVA1.OBJ
D:\Study\vlc\vlc-2.1.0.subproject-2010\plugins\pva\Debug\rc.command.1.tlog
D:\Study\vlc\vlc-2.1.0.subproject-2010\plugins\pva\Debug\rc.read.1.tlog
D:\Study\vlc\vlc-2.1.0.subproject-2010\plugins\pva\Debug\rc.write.1.tlog
D:\STUDY\VLC\VLC-2.1.0.SUBPROJECT-2010\PLUGINS\PVA\DEBUG\STDAFX.OBJ
D:\Study\vlc\vlc-2.1.0.subproject-2010\plugins\pva\Debug\vc100.idb
D:\STUDY\VLC\VLC-2.1.0.SUBPROJECT-2010\PLUGINS\PVA\DEBUG\VC100.PDB
