D:\Study\vlc\vlc-2.1.0.subproject-2010\Debug\dtstospdif.exp
D:\Study\vlc\vlc-2.1.0.subproject-2010\Debug\dtstospdif.lib
D:\STUDY\VLC\VLC-2.1.0.SUBPROJECT-2010\DEBUG\DTSTOSPDIF.PDB
D:\STUDY\VLC\VLC-2.1.0.SUBPROJECT-2010\DEBUG\PLUGINS\AUDIO_FILTER\LIBDTSTOSPDIF_PLUGIN.DLL
D:\STUDY\VLC\VLC-2.1.0.SUBPROJECT-2010\DEBUG\PLUGINS\AUDIO_FILTER\LIBDTSTOSPDIF_PLUGIN.ILK
D:\Study\vlc\vlc-2.1.0.subproject-2010\plugins\dtstospdif\Debug\cl.command.1.tlog
D:\Study\vlc\vlc-2.1.0.subproject-2010\plugins\dtstospdif\Debug\CL.read.1.tlog
D:\Study\vlc\vlc-2.1.0.subproject-2010\plugins\dtstospdif\Debug\CL.write.1.tlog
D:\STUDY\VLC\VLC-2.1.0.SUBPROJECT-2010\PLUGINS\DTSTOSPDIF\DEBUG\DTSTOSPDIF.DLL.EMBED.MANIFEST
D:\STUDY\VLC\VLC-2.1.0.SUBPROJECT-2010\PLUGINS\DTSTOSPDIF\DEBUG\DTSTOSPDIF.DLL.EMBED.MANIFEST.RES
D:\STUDY\VLC\VLC-2.1.0.SUBPROJECT-2010\PLUGINS\DTSTOSPDIF\DEBUG\DTSTOSPDIF.DLL.INTERMEDIATE.MANIFEST
D:\STUDY\VLC\VLC-2.1.0.SUBPROJECT-2010\PLUGINS\DTSTOSPDIF\DEBUG\DTSTOSPDIF.OBJ
D:\STUDY\VLC\VLC-2.1.0.SUBPROJECT-2010\PLUGINS\DTSTOSPDIF\DEBUG\DTSTOSPDIF.PCH
D:\STUDY\VLC\VLC-2.1.0.SUBPROJECT-2010\PLUGINS\DTSTOSPDIF\DEBUG\DTSTOSPDIF.RES
D:\Study\vlc\vlc-2.1.0.subproject-2010\plugins\dtstospdif\Debug\dtstospdif.write.1.tlog
D:\Study\vlc\vlc-2.1.0.subproject-2010\plugins\dtstospdif\Debug\dtstospdif_manifest.rc
D:\STUDY\VLC\VLC-2.1.0.SUBPROJECT-2010\PLUGINS\DTSTOSPDIF\DEBUG\DTSTOSPDIF1.OBJ
D:\Study\vlc\vlc-2.1.0.subproject-2010\plugins\dtstospdif\Debug\link.4564.read.1.tlog
D:\Study\vlc\vlc-2.1.0.subproject-2010\plugins\dtstospdif\Debug\link.4564.write.1.tlog
D:\Study\vlc\vlc-2.1.0.subproject-2010\plugins\dtstospdif\Debug\link.4564-cvtres.read.1.tlog
D:\Study\vlc\vlc-2.1.0.subproject-2010\plugins\dtstospdif\Debug\link.4564-cvtres.write.1.tlog
D:\Study\vlc\vlc-2.1.0.subproject-2010\plugins\dtstospdif\Debug\link.command.1.tlog
D:\Study\vlc\vlc-2.1.0.subproject-2010\plugins\dtstospdif\Debug\link.read.1.tlog
D:\Study\vlc\vlc-2.1.0.subproject-2010\plugins\dtstospdif\Debug\link.write.1.tlog
D:\Study\vlc\vlc-2.1.0.subproject-2010\plugins\dtstospdif\Debug\link-cvtres.read.1.tlog
D:\Study\vlc\vlc-2.1.0.subproject-2010\plugins\dtstospdif\Debug\link-cvtres.write.1.tlog
D:\Study\vlc\vlc-2.1.0.subproject-2010\plugins\dtstospdif\Debug\mt.command.1.tlog
D:\Study\vlc\vlc-2.1.0.subproject-2010\plugins\dtstospdif\Debug\mt.read.1.tlog
D:\Study\vlc\vlc-2.1.0.subproject-2010\plugins\dtstospdif\Debug\mt.write.1.tlog
D:\Study\vlc\vlc-2.1.0.subproject-2010\plugins\dtstospdif\Debug\rc.command.1.tlog
D:\Study\vlc\vlc-2.1.0.subproject-2010\plugins\dtstospdif\Debug\rc.read.1.tlog
D:\Study\vlc\vlc-2.1.0.subproject-2010\plugins\dtstospdif\Debug\rc.write.1.tlog
D:\STUDY\VLC\VLC-2.1.0.SUBPROJECT-2010\PLUGINS\DTSTOSPDIF\DEBUG\STDAFX.OBJ
D:\Study\vlc\vlc-2.1.0.subproject-2010\plugins\dtstospdif\Debug\vc100.idb
D:\STUDY\VLC\VLC-2.1.0.SUBPROJECT-2010\PLUGINS\DTSTOSPDIF\DEBUG\VC100.PDB
