D:\Study\vlc\vlc-2.1.0.subproject-2010\Debug\crystalhd.exp
D:\Study\vlc\vlc-2.1.0.subproject-2010\Debug\crystalhd.lib
D:\STUDY\VLC\VLC-2.1.0.SUBPROJECT-2010\DEBUG\CRYSTALHD.PDB
D:\STUDY\VLC\VLC-2.1.0.SUBPROJECT-2010\DEBUG\PLUGINS\CODEC\LIBCRYSTALHD_PLUGIN.DLL
D:\STUDY\VLC\VLC-2.1.0.SUBPROJECT-2010\DEBUG\PLUGINS\CODEC\LIBCRYSTALHD_PLUGIN.ILK
D:\Study\vlc\vlc-2.1.0.subproject-2010\plugins\crystalhd\Debug\cl.command.1.tlog
D:\Study\vlc\vlc-2.1.0.subproject-2010\plugins\crystalhd\Debug\CL.read.1.tlog
D:\Study\vlc\vlc-2.1.0.subproject-2010\plugins\crystalhd\Debug\CL.write.1.tlog
D:\STUDY\VLC\VLC-2.1.0.SUBPROJECT-2010\PLUGINS\CRYSTALHD\DEBUG\CRYSTALHD.DLL.EMBED.MANIFEST
D:\STUDY\VLC\VLC-2.1.0.SUBPROJECT-2010\PLUGINS\CRYSTALHD\DEBUG\CRYSTALHD.DLL.EMBED.MANIFEST.RES
D:\STUDY\VLC\VLC-2.1.0.SUBPROJECT-2010\PLUGINS\CRYSTALHD\DEBUG\CRYSTALHD.DLL.INTERMEDIATE.MANIFEST
D:\STUDY\VLC\VLC-2.1.0.SUBPROJECT-2010\PLUGINS\CRYSTALHD\DEBUG\CRYSTALHD.OBJ
D:\STUDY\VLC\VLC-2.1.0.SUBPROJECT-2010\PLUGINS\CRYSTALHD\DEBUG\CRYSTALHD.PCH
D:\STUDY\VLC\VLC-2.1.0.SUBPROJECT-2010\PLUGINS\CRYSTALHD\DEBUG\CRYSTALHD.RES
D:\Study\vlc\vlc-2.1.0.subproject-2010\plugins\crystalhd\Debug\crystalhd.write.1.tlog
D:\Study\vlc\vlc-2.1.0.subproject-2010\plugins\crystalhd\Debug\crystalhd_manifest.rc
D:\STUDY\VLC\VLC-2.1.0.SUBPROJECT-2010\PLUGINS\CRYSTALHD\DEBUG\CRYSTALHD1.OBJ
D:\Study\vlc\vlc-2.1.0.subproject-2010\plugins\crystalhd\Debug\link.10596.read.1.tlog
D:\Study\vlc\vlc-2.1.0.subproject-2010\plugins\crystalhd\Debug\link.10596.write.1.tlog
D:\Study\vlc\vlc-2.1.0.subproject-2010\plugins\crystalhd\Debug\link.10596-cvtres.read.1.tlog
D:\Study\vlc\vlc-2.1.0.subproject-2010\plugins\crystalhd\Debug\link.10596-cvtres.write.1.tlog
D:\Study\vlc\vlc-2.1.0.subproject-2010\plugins\crystalhd\Debug\link.command.1.tlog
D:\Study\vlc\vlc-2.1.0.subproject-2010\plugins\crystalhd\Debug\link.read.1.tlog
D:\Study\vlc\vlc-2.1.0.subproject-2010\plugins\crystalhd\Debug\link.write.1.tlog
D:\Study\vlc\vlc-2.1.0.subproject-2010\plugins\crystalhd\Debug\link-cvtres.read.1.tlog
D:\Study\vlc\vlc-2.1.0.subproject-2010\plugins\crystalhd\Debug\link-cvtres.write.1.tlog
D:\Study\vlc\vlc-2.1.0.subproject-2010\plugins\crystalhd\Debug\mt.command.1.tlog
D:\Study\vlc\vlc-2.1.0.subproject-2010\plugins\crystalhd\Debug\mt.read.1.tlog
D:\Study\vlc\vlc-2.1.0.subproject-2010\plugins\crystalhd\Debug\mt.write.1.tlog
D:\Study\vlc\vlc-2.1.0.subproject-2010\plugins\crystalhd\Debug\rc.command.1.tlog
D:\Study\vlc\vlc-2.1.0.subproject-2010\plugins\crystalhd\Debug\rc.read.1.tlog
D:\Study\vlc\vlc-2.1.0.subproject-2010\plugins\crystalhd\Debug\rc.write.1.tlog
D:\STUDY\VLC\VLC-2.1.0.SUBPROJECT-2010\PLUGINS\CRYSTALHD\DEBUG\STDAFX.OBJ
D:\Study\vlc\vlc-2.1.0.subproject-2010\plugins\crystalhd\Debug\vc100.idb
D:\STUDY\VLC\VLC-2.1.0.SUBPROJECT-2010\PLUGINS\CRYSTALHD\DEBUG\VC100.PDB
