D:\Study\vlc\vlc-2.1.0.subproject-2010\Debug\karaoke.exp
D:\Study\vlc\vlc-2.1.0.subproject-2010\Debug\karaoke.lib
D:\STUDY\VLC\VLC-2.1.0.SUBPROJECT-2010\DEBUG\KARAOKE.PDB
D:\STUDY\VLC\VLC-2.1.0.SUBPROJECT-2010\DEBUG\PLUGINS\AUDIO_FILTER\LIBKARAOKE_PLUGIN.DLL
D:\STUDY\VLC\VLC-2.1.0.SUBPROJECT-2010\DEBUG\PLUGINS\AUDIO_FILTER\LIBKARAOKE_PLUGIN.ILK
D:\Study\vlc\vlc-2.1.0.subproject-2010\plugins\karaoke\Debug\cl.command.1.tlog
D:\Study\vlc\vlc-2.1.0.subproject-2010\plugins\karaoke\Debug\CL.read.1.tlog
D:\Study\vlc\vlc-2.1.0.subproject-2010\plugins\karaoke\Debug\CL.write.1.tlog
D:\STUDY\VLC\VLC-2.1.0.SUBPROJECT-2010\PLUGINS\KARAOKE\DEBUG\KARAOKE.DLL.EMBED.MANIFEST
D:\STUDY\VLC\VLC-2.1.0.SUBPROJECT-2010\PLUGINS\KARAOKE\DEBUG\KARAOKE.DLL.EMBED.MANIFEST.RES
D:\STUDY\VLC\VLC-2.1.0.SUBPROJECT-2010\PLUGINS\KARAOKE\DEBUG\KARAOKE.DLL.INTERMEDIATE.MANIFEST
D:\STUDY\VLC\VLC-2.1.0.SUBPROJECT-2010\PLUGINS\KARAOKE\DEBUG\KARAOKE.OBJ
D:\STUDY\VLC\VLC-2.1.0.SUBPROJECT-2010\PLUGINS\KARAOKE\DEBUG\KARAOKE.PCH
D:\STUDY\VLC\VLC-2.1.0.SUBPROJECT-2010\PLUGINS\KARAOKE\DEBUG\KARAOKE.RES
D:\Study\vlc\vlc-2.1.0.subproject-2010\plugins\karaoke\Debug\karaoke.write.1.tlog
D:\Study\vlc\vlc-2.1.0.subproject-2010\plugins\karaoke\Debug\karaoke_manifest.rc
D:\STUDY\VLC\VLC-2.1.0.SUBPROJECT-2010\PLUGINS\KARAOKE\DEBUG\KARAOKE1.OBJ
D:\Study\vlc\vlc-2.1.0.subproject-2010\plugins\karaoke\Debug\link.4076.read.1.tlog
D:\Study\vlc\vlc-2.1.0.subproject-2010\plugins\karaoke\Debug\link.4076.write.1.tlog
D:\Study\vlc\vlc-2.1.0.subproject-2010\plugins\karaoke\Debug\link.4076-cvtres.read.1.tlog
D:\Study\vlc\vlc-2.1.0.subproject-2010\plugins\karaoke\Debug\link.4076-cvtres.write.1.tlog
D:\Study\vlc\vlc-2.1.0.subproject-2010\plugins\karaoke\Debug\link.command.1.tlog
D:\Study\vlc\vlc-2.1.0.subproject-2010\plugins\karaoke\Debug\link.read.1.tlog
D:\Study\vlc\vlc-2.1.0.subproject-2010\plugins\karaoke\Debug\link.write.1.tlog
D:\Study\vlc\vlc-2.1.0.subproject-2010\plugins\karaoke\Debug\link-cvtres.read.1.tlog
D:\Study\vlc\vlc-2.1.0.subproject-2010\plugins\karaoke\Debug\link-cvtres.write.1.tlog
D:\Study\vlc\vlc-2.1.0.subproject-2010\plugins\karaoke\Debug\mt.command.1.tlog
D:\Study\vlc\vlc-2.1.0.subproject-2010\plugins\karaoke\Debug\mt.read.1.tlog
D:\Study\vlc\vlc-2.1.0.subproject-2010\plugins\karaoke\Debug\mt.write.1.tlog
D:\Study\vlc\vlc-2.1.0.subproject-2010\plugins\karaoke\Debug\rc.command.1.tlog
D:\Study\vlc\vlc-2.1.0.subproject-2010\plugins\karaoke\Debug\rc.read.1.tlog
D:\Study\vlc\vlc-2.1.0.subproject-2010\plugins\karaoke\Debug\rc.write.1.tlog
D:\STUDY\VLC\VLC-2.1.0.SUBPROJECT-2010\PLUGINS\KARAOKE\DEBUG\STDAFX.OBJ
D:\Study\vlc\vlc-2.1.0.subproject-2010\plugins\karaoke\Debug\vc100.idb
D:\STUDY\VLC\VLC-2.1.0.SUBPROJECT-2010\PLUGINS\KARAOKE\DEBUG\VC100.PDB
