D:\STUDY\VLC\VLC-2.1.0.SUBPROJECT-2010\DEBUG\PLUGINS\SERVICES_DISCOVERY\LIBPODCAST_PLUGIN.DLL
D:\STUDY\VLC\VLC-2.1.0.SUBPROJECT-2010\DEBUG\PLUGINS\SERVICES_DISCOVERY\LIBPODCAST_PLUGIN.ILK
D:\Study\vlc\vlc-2.1.0.subproject-2010\Debug\podcast.exp
D:\Study\vlc\vlc-2.1.0.subproject-2010\Debug\podcast.lib
D:\STUDY\VLC\VLC-2.1.0.SUBPROJECT-2010\DEBUG\PODCAST.PDB
D:\Study\vlc\vlc-2.1.0.subproject-2010\plugins\podcast\Debug\cl.command.1.tlog
D:\Study\vlc\vlc-2.1.0.subproject-2010\plugins\podcast\Debug\CL.read.1.tlog
D:\Study\vlc\vlc-2.1.0.subproject-2010\plugins\podcast\Debug\CL.write.1.tlog
D:\Study\vlc\vlc-2.1.0.subproject-2010\plugins\podcast\Debug\link.6752.read.1.tlog
D:\Study\vlc\vlc-2.1.0.subproject-2010\plugins\podcast\Debug\link.6752.write.1.tlog
D:\Study\vlc\vlc-2.1.0.subproject-2010\plugins\podcast\Debug\link.6752-cvtres.read.1.tlog
D:\Study\vlc\vlc-2.1.0.subproject-2010\plugins\podcast\Debug\link.6752-cvtres.write.1.tlog
D:\Study\vlc\vlc-2.1.0.subproject-2010\plugins\podcast\Debug\link.command.1.tlog
D:\Study\vlc\vlc-2.1.0.subproject-2010\plugins\podcast\Debug\link.read.1.tlog
D:\Study\vlc\vlc-2.1.0.subproject-2010\plugins\podcast\Debug\link.write.1.tlog
D:\Study\vlc\vlc-2.1.0.subproject-2010\plugins\podcast\Debug\link-cvtres.read.1.tlog
D:\Study\vlc\vlc-2.1.0.subproject-2010\plugins\podcast\Debug\link-cvtres.write.1.tlog
D:\Study\vlc\vlc-2.1.0.subproject-2010\plugins\podcast\Debug\mt.command.1.tlog
D:\Study\vlc\vlc-2.1.0.subproject-2010\plugins\podcast\Debug\mt.read.1.tlog
D:\Study\vlc\vlc-2.1.0.subproject-2010\plugins\podcast\Debug\mt.write.1.tlog
D:\STUDY\VLC\VLC-2.1.0.SUBPROJECT-2010\PLUGINS\PODCAST\DEBUG\PODCAST.DLL.EMBED.MANIFEST
D:\STUDY\VLC\VLC-2.1.0.SUBPROJECT-2010\PLUGINS\PODCAST\DEBUG\PODCAST.DLL.EMBED.MANIFEST.RES
D:\STUDY\VLC\VLC-2.1.0.SUBPROJECT-2010\PLUGINS\PODCAST\DEBUG\PODCAST.DLL.INTERMEDIATE.MANIFEST
D:\STUDY\VLC\VLC-2.1.0.SUBPROJECT-2010\PLUGINS\PODCAST\DEBUG\PODCAST.OBJ
D:\STUDY\VLC\VLC-2.1.0.SUBPROJECT-2010\PLUGINS\PODCAST\DEBUG\PODCAST.PCH
D:\STUDY\VLC\VLC-2.1.0.SUBPROJECT-2010\PLUGINS\PODCAST\DEBUG\PODCAST.RES
D:\Study\vlc\vlc-2.1.0.subproject-2010\plugins\podcast\Debug\podcast.write.1.tlog
D:\Study\vlc\vlc-2.1.0.subproject-2010\plugins\podcast\Debug\podcast_manifest.rc
D:\STUDY\VLC\VLC-2.1.0.SUBPROJECT-2010\PLUGINS\PODCAST\DEBUG\PODCAST1.OBJ
D:\Study\vlc\vlc-2.1.0.subproject-2010\plugins\podcast\Debug\rc.command.1.tlog
D:\Study\vlc\vlc-2.1.0.subproject-2010\plugins\podcast\Debug\rc.read.1.tlog
D:\Study\vlc\vlc-2.1.0.subproject-2010\plugins\podcast\Debug\rc.write.1.tlog
D:\STUDY\VLC\VLC-2.1.0.SUBPROJECT-2010\PLUGINS\PODCAST\DEBUG\STDAFX.OBJ
D:\Study\vlc\vlc-2.1.0.subproject-2010\plugins\podcast\Debug\vc100.idb
D:\STUDY\VLC\VLC-2.1.0.SUBPROJECT-2010\PLUGINS\PODCAST\DEBUG\VC100.PDB
