D:\Study\vlc\vlc-2.1.0.subproject-2010\Debug\freetype.exp
D:\Study\vlc\vlc-2.1.0.subproject-2010\Debug\freetype.lib
D:\STUDY\VLC\VLC-2.1.0.SUBPROJECT-2010\DEBUG\FREETYPE.PDB
D:\STUDY\VLC\VLC-2.1.0.SUBPROJECT-2010\DEBUG\PLUGINS\TEXT_RENDERER\LIBFREETYPE_PLUGIN.DLL
D:\STUDY\VLC\VLC-2.1.0.SUBPROJECT-2010\DEBUG\PLUGINS\TEXT_RENDERER\LIBFREETYPE_PLUGIN.ILK
D:\Study\vlc\vlc-2.1.0.subproject-2010\plugins\freetype\Debug\cl.command.1.tlog
D:\Study\vlc\vlc-2.1.0.subproject-2010\plugins\freetype\Debug\CL.read.1.tlog
D:\Study\vlc\vlc-2.1.0.subproject-2010\plugins\freetype\Debug\CL.write.1.tlog
D:\STUDY\VLC\VLC-2.1.0.SUBPROJECT-2010\PLUGINS\FREETYPE\DEBUG\FREETYPE.DLL.EMBED.MANIFEST
D:\STUDY\VLC\VLC-2.1.0.SUBPROJECT-2010\PLUGINS\FREETYPE\DEBUG\FREETYPE.DLL.EMBED.MANIFEST.RES
D:\STUDY\VLC\VLC-2.1.0.SUBPROJECT-2010\PLUGINS\FREETYPE\DEBUG\FREETYPE.DLL.INTERMEDIATE.MANIFEST
D:\STUDY\VLC\VLC-2.1.0.SUBPROJECT-2010\PLUGINS\FREETYPE\DEBUG\FREETYPE.OBJ
D:\STUDY\VLC\VLC-2.1.0.SUBPROJECT-2010\PLUGINS\FREETYPE\DEBUG\FREETYPE.PCH
D:\STUDY\VLC\VLC-2.1.0.SUBPROJECT-2010\PLUGINS\FREETYPE\DEBUG\FREETYPE.RES
D:\Study\vlc\vlc-2.1.0.subproject-2010\plugins\freetype\Debug\freetype.write.1.tlog
D:\Study\vlc\vlc-2.1.0.subproject-2010\plugins\freetype\Debug\freetype_manifest.rc
D:\STUDY\VLC\VLC-2.1.0.SUBPROJECT-2010\PLUGINS\FREETYPE\DEBUG\FREETYPE1.OBJ
D:\Study\vlc\vlc-2.1.0.subproject-2010\plugins\freetype\Debug\link.6080.read.1.tlog
D:\Study\vlc\vlc-2.1.0.subproject-2010\plugins\freetype\Debug\link.6080.write.1.tlog
D:\Study\vlc\vlc-2.1.0.subproject-2010\plugins\freetype\Debug\link.6080-cvtres.read.1.tlog
D:\Study\vlc\vlc-2.1.0.subproject-2010\plugins\freetype\Debug\link.6080-cvtres.write.1.tlog
D:\Study\vlc\vlc-2.1.0.subproject-2010\plugins\freetype\Debug\link.command.1.tlog
D:\Study\vlc\vlc-2.1.0.subproject-2010\plugins\freetype\Debug\link.read.1.tlog
D:\Study\vlc\vlc-2.1.0.subproject-2010\plugins\freetype\Debug\link.write.1.tlog
D:\Study\vlc\vlc-2.1.0.subproject-2010\plugins\freetype\Debug\link-cvtres.read.1.tlog
D:\Study\vlc\vlc-2.1.0.subproject-2010\plugins\freetype\Debug\link-cvtres.write.1.tlog
D:\Study\vlc\vlc-2.1.0.subproject-2010\plugins\freetype\Debug\mt.command.1.tlog
D:\Study\vlc\vlc-2.1.0.subproject-2010\plugins\freetype\Debug\mt.read.1.tlog
D:\Study\vlc\vlc-2.1.0.subproject-2010\plugins\freetype\Debug\mt.write.1.tlog
D:\Study\vlc\vlc-2.1.0.subproject-2010\plugins\freetype\Debug\rc.command.1.tlog
D:\Study\vlc\vlc-2.1.0.subproject-2010\plugins\freetype\Debug\rc.read.1.tlog
D:\Study\vlc\vlc-2.1.0.subproject-2010\plugins\freetype\Debug\rc.write.1.tlog
D:\STUDY\VLC\VLC-2.1.0.SUBPROJECT-2010\PLUGINS\FREETYPE\DEBUG\STDAFX.OBJ
D:\Study\vlc\vlc-2.1.0.subproject-2010\plugins\freetype\Debug\vc100.idb
D:\STUDY\VLC\VLC-2.1.0.SUBPROJECT-2010\PLUGINS\FREETYPE\DEBUG\VC100.PDB
