D:\Study\vlc\vlc-2.1.0.subproject-2010\Debug\param_eq.exp
D:\Study\vlc\vlc-2.1.0.subproject-2010\Debug\param_eq.lib
D:\STUDY\VLC\VLC-2.1.0.SUBPROJECT-2010\DEBUG\PARAM_EQ.PDB
D:\STUDY\VLC\VLC-2.1.0.SUBPROJECT-2010\DEBUG\PLUGINS\AUDIO_FILTER\LIBPARAM_EQ_PLUGIN.DLL
D:\STUDY\VLC\VLC-2.1.0.SUBPROJECT-2010\DEBUG\PLUGINS\AUDIO_FILTER\LIBPARAM_EQ_PLUGIN.ILK
D:\Study\vlc\vlc-2.1.0.subproject-2010\plugins\param_eq\Debug\cl.command.1.tlog
D:\Study\vlc\vlc-2.1.0.subproject-2010\plugins\param_eq\Debug\CL.read.1.tlog
D:\Study\vlc\vlc-2.1.0.subproject-2010\plugins\param_eq\Debug\CL.write.1.tlog
D:\Study\vlc\vlc-2.1.0.subproject-2010\plugins\param_eq\Debug\link.10728.read.1.tlog
D:\Study\vlc\vlc-2.1.0.subproject-2010\plugins\param_eq\Debug\link.10728.write.1.tlog
D:\Study\vlc\vlc-2.1.0.subproject-2010\plugins\param_eq\Debug\link.10728-cvtres.read.1.tlog
D:\Study\vlc\vlc-2.1.0.subproject-2010\plugins\param_eq\Debug\link.10728-cvtres.write.1.tlog
D:\Study\vlc\vlc-2.1.0.subproject-2010\plugins\param_eq\Debug\link.command.1.tlog
D:\Study\vlc\vlc-2.1.0.subproject-2010\plugins\param_eq\Debug\link.read.1.tlog
D:\Study\vlc\vlc-2.1.0.subproject-2010\plugins\param_eq\Debug\link.write.1.tlog
D:\Study\vlc\vlc-2.1.0.subproject-2010\plugins\param_eq\Debug\link-cvtres.read.1.tlog
D:\Study\vlc\vlc-2.1.0.subproject-2010\plugins\param_eq\Debug\link-cvtres.write.1.tlog
D:\Study\vlc\vlc-2.1.0.subproject-2010\plugins\param_eq\Debug\mt.command.1.tlog
D:\Study\vlc\vlc-2.1.0.subproject-2010\plugins\param_eq\Debug\mt.read.1.tlog
D:\Study\vlc\vlc-2.1.0.subproject-2010\plugins\param_eq\Debug\mt.write.1.tlog
D:\STUDY\VLC\VLC-2.1.0.SUBPROJECT-2010\PLUGINS\PARAM_EQ\DEBUG\PARAM_EQ.DLL.EMBED.MANIFEST
D:\STUDY\VLC\VLC-2.1.0.SUBPROJECT-2010\PLUGINS\PARAM_EQ\DEBUG\PARAM_EQ.DLL.EMBED.MANIFEST.RES
D:\STUDY\VLC\VLC-2.1.0.SUBPROJECT-2010\PLUGINS\PARAM_EQ\DEBUG\PARAM_EQ.DLL.INTERMEDIATE.MANIFEST
D:\STUDY\VLC\VLC-2.1.0.SUBPROJECT-2010\PLUGINS\PARAM_EQ\DEBUG\PARAM_EQ.OBJ
D:\STUDY\VLC\VLC-2.1.0.SUBPROJECT-2010\PLUGINS\PARAM_EQ\DEBUG\PARAM_EQ.PCH
D:\STUDY\VLC\VLC-2.1.0.SUBPROJECT-2010\PLUGINS\PARAM_EQ\DEBUG\PARAM_EQ.RES
D:\Study\vlc\vlc-2.1.0.subproject-2010\plugins\param_eq\Debug\param_eq.write.1.tlog
D:\Study\vlc\vlc-2.1.0.subproject-2010\plugins\param_eq\Debug\param_eq_manifest.rc
D:\STUDY\VLC\VLC-2.1.0.SUBPROJECT-2010\PLUGINS\PARAM_EQ\DEBUG\PARAM_EQ1.OBJ
D:\Study\vlc\vlc-2.1.0.subproject-2010\plugins\param_eq\Debug\rc.command.1.tlog
D:\Study\vlc\vlc-2.1.0.subproject-2010\plugins\param_eq\Debug\rc.read.1.tlog
D:\Study\vlc\vlc-2.1.0.subproject-2010\plugins\param_eq\Debug\rc.write.1.tlog
D:\STUDY\VLC\VLC-2.1.0.SUBPROJECT-2010\PLUGINS\PARAM_EQ\DEBUG\STDAFX.OBJ
D:\Study\vlc\vlc-2.1.0.subproject-2010\plugins\param_eq\Debug\vc100.idb
D:\STUDY\VLC\VLC-2.1.0.SUBPROJECT-2010\PLUGINS\PARAM_EQ\DEBUG\VC100.PDB
