D:\Study\vlc\vlc-2.1.0.subproject-2010\Debug\packetizer_h264.exp
D:\Study\vlc\vlc-2.1.0.subproject-2010\Debug\packetizer_h264.lib
D:\STUDY\VLC\VLC-2.1.0.SUBPROJECT-2010\DEBUG\PACKETIZER_H264.PDB
D:\STUDY\VLC\VLC-2.1.0.SUBPROJECT-2010\DEBUG\PLUGINS\PACKETIZER\LIBPACKETIZER_H264_PLUGIN.DLL
D:\STUDY\VLC\VLC-2.1.0.SUBPROJECT-2010\DEBUG\PLUGINS\PACKETIZER\LIBPACKETIZER_H264_PLUGIN.ILK
D:\Study\vlc\vlc-2.1.0.subproject-2010\plugins\packetizer_h264\Debug\cl.command.1.tlog
D:\Study\vlc\vlc-2.1.0.subproject-2010\plugins\packetizer_h264\Debug\CL.read.1.tlog
D:\Study\vlc\vlc-2.1.0.subproject-2010\plugins\packetizer_h264\Debug\CL.write.1.tlog
D:\STUDY\VLC\VLC-2.1.0.SUBPROJECT-2010\PLUGINS\PACKETIZER_H264\DEBUG\H264.OBJ
D:\Study\vlc\vlc-2.1.0.subproject-2010\plugins\packetizer_h264\Debug\link.9060.read.1.tlog
D:\Study\vlc\vlc-2.1.0.subproject-2010\plugins\packetizer_h264\Debug\link.9060.write.1.tlog
D:\Study\vlc\vlc-2.1.0.subproject-2010\plugins\packetizer_h264\Debug\link.9060-cvtres.read.1.tlog
D:\Study\vlc\vlc-2.1.0.subproject-2010\plugins\packetizer_h264\Debug\link.9060-cvtres.write.1.tlog
D:\Study\vlc\vlc-2.1.0.subproject-2010\plugins\packetizer_h264\Debug\link.command.1.tlog
D:\Study\vlc\vlc-2.1.0.subproject-2010\plugins\packetizer_h264\Debug\link.read.1.tlog
D:\Study\vlc\vlc-2.1.0.subproject-2010\plugins\packetizer_h264\Debug\link.write.1.tlog
D:\Study\vlc\vlc-2.1.0.subproject-2010\plugins\packetizer_h264\Debug\link-cvtres.read.1.tlog
D:\Study\vlc\vlc-2.1.0.subproject-2010\plugins\packetizer_h264\Debug\link-cvtres.write.1.tlog
D:\Study\vlc\vlc-2.1.0.subproject-2010\plugins\packetizer_h264\Debug\mt.command.1.tlog
D:\Study\vlc\vlc-2.1.0.subproject-2010\plugins\packetizer_h264\Debug\mt.read.1.tlog
D:\Study\vlc\vlc-2.1.0.subproject-2010\plugins\packetizer_h264\Debug\mt.write.1.tlog
D:\STUDY\VLC\VLC-2.1.0.SUBPROJECT-2010\PLUGINS\PACKETIZER_H264\DEBUG\PACKETIZER_H264.DLL.EMBED.MANIFEST
D:\STUDY\VLC\VLC-2.1.0.SUBPROJECT-2010\PLUGINS\PACKETIZER_H264\DEBUG\PACKETIZER_H264.DLL.EMBED.MANIFEST.RES
D:\STUDY\VLC\VLC-2.1.0.SUBPROJECT-2010\PLUGINS\PACKETIZER_H264\DEBUG\PACKETIZER_H264.DLL.INTERMEDIATE.MANIFEST
D:\STUDY\VLC\VLC-2.1.0.SUBPROJECT-2010\PLUGINS\PACKETIZER_H264\DEBUG\PACKETIZER_H264.OBJ
D:\STUDY\VLC\VLC-2.1.0.SUBPROJECT-2010\PLUGINS\PACKETIZER_H264\DEBUG\PACKETIZER_H264.PCH
D:\STUDY\VLC\VLC-2.1.0.SUBPROJECT-2010\PLUGINS\PACKETIZER_H264\DEBUG\PACKETIZER_H264.RES
D:\Study\vlc\vlc-2.1.0.subproject-2010\plugins\packetizer_h264\Debug\packetizer_h264.write.1.tlog
D:\Study\vlc\vlc-2.1.0.subproject-2010\plugins\packetizer_h264\Debug\packetizer_h264_manifest.rc
D:\Study\vlc\vlc-2.1.0.subproject-2010\plugins\packetizer_h264\Debug\rc.command.1.tlog
D:\Study\vlc\vlc-2.1.0.subproject-2010\plugins\packetizer_h264\Debug\rc.read.1.tlog
D:\Study\vlc\vlc-2.1.0.subproject-2010\plugins\packetizer_h264\Debug\rc.write.1.tlog
D:\STUDY\VLC\VLC-2.1.0.SUBPROJECT-2010\PLUGINS\PACKETIZER_H264\DEBUG\STDAFX.OBJ
D:\Study\vlc\vlc-2.1.0.subproject-2010\plugins\packetizer_h264\Debug\vc100.idb
D:\STUDY\VLC\VLC-2.1.0.SUBPROJECT-2010\PLUGINS\PACKETIZER_H264\DEBUG\VC100.PDB
