D:\Study\vlc\vlc-2.1.0.subproject-2010\Debug\gradfun.exp
D:\Study\vlc\vlc-2.1.0.subproject-2010\Debug\gradfun.lib
D:\STUDY\VLC\VLC-2.1.0.SUBPROJECT-2010\DEBUG\GRADFUN.PDB
D:\STUDY\VLC\VLC-2.1.0.SUBPROJECT-2010\DEBUG\PLUGINS\VIDEO_FILTER\LIBGRADFUN_PLUGIN.DLL
D:\STUDY\VLC\VLC-2.1.0.SUBPROJECT-2010\DEBUG\PLUGINS\VIDEO_FILTER\LIBGRADFUN_PLUGIN.ILK
D:\Study\vlc\vlc-2.1.0.subproject-2010\plugins\gradfun\Debug\cl.command.1.tlog
D:\Study\vlc\vlc-2.1.0.subproject-2010\plugins\gradfun\Debug\CL.read.1.tlog
D:\Study\vlc\vlc-2.1.0.subproject-2010\plugins\gradfun\Debug\CL.write.1.tlog
D:\STUDY\VLC\VLC-2.1.0.SUBPROJECT-2010\PLUGINS\GRADFUN\DEBUG\GRADFUN.DLL.EMBED.MANIFEST
D:\STUDY\VLC\VLC-2.1.0.SUBPROJECT-2010\PLUGINS\GRADFUN\DEBUG\GRADFUN.DLL.EMBED.MANIFEST.RES
D:\STUDY\VLC\VLC-2.1.0.SUBPROJECT-2010\PLUGINS\GRADFUN\DEBUG\GRADFUN.DLL.INTERMEDIATE.MANIFEST
D:\STUDY\VLC\VLC-2.1.0.SUBPROJECT-2010\PLUGINS\GRADFUN\DEBUG\GRADFUN.OBJ
D:\STUDY\VLC\VLC-2.1.0.SUBPROJECT-2010\PLUGINS\GRADFUN\DEBUG\GRADFUN.PCH
D:\STUDY\VLC\VLC-2.1.0.SUBPROJECT-2010\PLUGINS\GRADFUN\DEBUG\GRADFUN.RES
D:\Study\vlc\vlc-2.1.0.subproject-2010\plugins\gradfun\Debug\gradfun.write.1.tlog
D:\Study\vlc\vlc-2.1.0.subproject-2010\plugins\gradfun\Debug\gradfun_manifest.rc
D:\STUDY\VLC\VLC-2.1.0.SUBPROJECT-2010\PLUGINS\GRADFUN\DEBUG\GRADFUN1.OBJ
D:\Study\vlc\vlc-2.1.0.subproject-2010\plugins\gradfun\Debug\link.4780.read.1.tlog
D:\Study\vlc\vlc-2.1.0.subproject-2010\plugins\gradfun\Debug\link.4780.write.1.tlog
D:\Study\vlc\vlc-2.1.0.subproject-2010\plugins\gradfun\Debug\link.4780-cvtres.read.1.tlog
D:\Study\vlc\vlc-2.1.0.subproject-2010\plugins\gradfun\Debug\link.4780-cvtres.write.1.tlog
D:\Study\vlc\vlc-2.1.0.subproject-2010\plugins\gradfun\Debug\link.command.1.tlog
D:\Study\vlc\vlc-2.1.0.subproject-2010\plugins\gradfun\Debug\link.read.1.tlog
D:\Study\vlc\vlc-2.1.0.subproject-2010\plugins\gradfun\Debug\link.write.1.tlog
D:\Study\vlc\vlc-2.1.0.subproject-2010\plugins\gradfun\Debug\link-cvtres.read.1.tlog
D:\Study\vlc\vlc-2.1.0.subproject-2010\plugins\gradfun\Debug\link-cvtres.write.1.tlog
D:\Study\vlc\vlc-2.1.0.subproject-2010\plugins\gradfun\Debug\mt.command.1.tlog
D:\Study\vlc\vlc-2.1.0.subproject-2010\plugins\gradfun\Debug\mt.read.1.tlog
D:\Study\vlc\vlc-2.1.0.subproject-2010\plugins\gradfun\Debug\mt.write.1.tlog
D:\Study\vlc\vlc-2.1.0.subproject-2010\plugins\gradfun\Debug\rc.command.1.tlog
D:\Study\vlc\vlc-2.1.0.subproject-2010\plugins\gradfun\Debug\rc.read.1.tlog
D:\Study\vlc\vlc-2.1.0.subproject-2010\plugins\gradfun\Debug\rc.write.1.tlog
D:\STUDY\VLC\VLC-2.1.0.SUBPROJECT-2010\PLUGINS\GRADFUN\DEBUG\STDAFX.OBJ
D:\Study\vlc\vlc-2.1.0.subproject-2010\plugins\gradfun\Debug\vc100.idb
D:\STUDY\VLC\VLC-2.1.0.SUBPROJECT-2010\PLUGINS\GRADFUN\DEBUG\VC100.PDB
