D:\STUDY\VLC\VLC-2.1.0.SUBPROJECT-2010\DEBUG\PLUGINS\MISC\LIBVOD_RTSP_PLUGIN.DLL
D:\STUDY\VLC\VLC-2.1.0.SUBPROJECT-2010\DEBUG\PLUGINS\MISC\LIBVOD_RTSP_PLUGIN.ILK
D:\Study\vlc\vlc-2.1.0.subproject-2010\Debug\vod_rtsp.exp
D:\Study\vlc\vlc-2.1.0.subproject-2010\Debug\vod_rtsp.lib
D:\STUDY\VLC\VLC-2.1.0.SUBPROJECT-2010\DEBUG\VOD_RTSP.PDB
D:\Study\vlc\vlc-2.1.0.subproject-2010\plugins\vod_rtsp\Debug\cl.command.1.tlog
D:\Study\vlc\vlc-2.1.0.subproject-2010\plugins\vod_rtsp\Debug\CL.read.1.tlog
D:\Study\vlc\vlc-2.1.0.subproject-2010\plugins\vod_rtsp\Debug\CL.write.1.tlog
D:\Study\vlc\vlc-2.1.0.subproject-2010\plugins\vod_rtsp\Debug\link.11412.read.1.tlog
D:\Study\vlc\vlc-2.1.0.subproject-2010\plugins\vod_rtsp\Debug\link.11412.write.1.tlog
D:\Study\vlc\vlc-2.1.0.subproject-2010\plugins\vod_rtsp\Debug\link.11412-cvtres.read.1.tlog
D:\Study\vlc\vlc-2.1.0.subproject-2010\plugins\vod_rtsp\Debug\link.11412-cvtres.write.1.tlog
D:\Study\vlc\vlc-2.1.0.subproject-2010\plugins\vod_rtsp\Debug\link.command.1.tlog
D:\Study\vlc\vlc-2.1.0.subproject-2010\plugins\vod_rtsp\Debug\link.read.1.tlog
D:\Study\vlc\vlc-2.1.0.subproject-2010\plugins\vod_rtsp\Debug\link.write.1.tlog
D:\Study\vlc\vlc-2.1.0.subproject-2010\plugins\vod_rtsp\Debug\link-cvtres.read.1.tlog
D:\Study\vlc\vlc-2.1.0.subproject-2010\plugins\vod_rtsp\Debug\link-cvtres.write.1.tlog
D:\Study\vlc\vlc-2.1.0.subproject-2010\plugins\vod_rtsp\Debug\mt.command.1.tlog
D:\Study\vlc\vlc-2.1.0.subproject-2010\plugins\vod_rtsp\Debug\mt.read.1.tlog
D:\Study\vlc\vlc-2.1.0.subproject-2010\plugins\vod_rtsp\Debug\mt.write.1.tlog
D:\Study\vlc\vlc-2.1.0.subproject-2010\plugins\vod_rtsp\Debug\rc.command.1.tlog
D:\Study\vlc\vlc-2.1.0.subproject-2010\plugins\vod_rtsp\Debug\rc.read.1.tlog
D:\Study\vlc\vlc-2.1.0.subproject-2010\plugins\vod_rtsp\Debug\rc.write.1.tlog
D:\STUDY\VLC\VLC-2.1.0.SUBPROJECT-2010\PLUGINS\VOD_RTSP\DEBUG\RTSP.OBJ
D:\STUDY\VLC\VLC-2.1.0.SUBPROJECT-2010\PLUGINS\VOD_RTSP\DEBUG\STDAFX.OBJ
D:\Study\vlc\vlc-2.1.0.subproject-2010\plugins\vod_rtsp\Debug\vc100.idb
D:\STUDY\VLC\VLC-2.1.0.SUBPROJECT-2010\PLUGINS\VOD_RTSP\DEBUG\VC100.PDB
D:\STUDY\VLC\VLC-2.1.0.SUBPROJECT-2010\PLUGINS\VOD_RTSP\DEBUG\VOD_RTSP.DLL.EMBED.MANIFEST
D:\STUDY\VLC\VLC-2.1.0.SUBPROJECT-2010\PLUGINS\VOD_RTSP\DEBUG\VOD_RTSP.DLL.EMBED.MANIFEST.RES
D:\STUDY\VLC\VLC-2.1.0.SUBPROJECT-2010\PLUGINS\VOD_RTSP\DEBUG\VOD_RTSP.DLL.INTERMEDIATE.MANIFEST
D:\STUDY\VLC\VLC-2.1.0.SUBPROJECT-2010\PLUGINS\VOD_RTSP\DEBUG\VOD_RTSP.OBJ
D:\STUDY\VLC\VLC-2.1.0.SUBPROJECT-2010\PLUGINS\VOD_RTSP\DEBUG\VOD_RTSP.PCH
D:\STUDY\VLC\VLC-2.1.0.SUBPROJECT-2010\PLUGINS\VOD_RTSP\DEBUG\VOD_RTSP.RES
D:\Study\vlc\vlc-2.1.0.subproject-2010\plugins\vod_rtsp\Debug\vod_rtsp.write.1.tlog
D:\Study\vlc\vlc-2.1.0.subproject-2010\plugins\vod_rtsp\Debug\vod_rtsp_manifest.rc
