D:\Study\vlc\vlc-2.1.0.subproject-2010\Debug\logo.exp
D:\Study\vlc\vlc-2.1.0.subproject-2010\Debug\logo.lib
D:\STUDY\VLC\VLC-2.1.0.SUBPROJECT-2010\DEBUG\LOGO.PDB
D:\STUDY\VLC\VLC-2.1.0.SUBPROJECT-2010\DEBUG\PLUGINS\VIDEO_FILTER\LIBLOGO_PLUGIN.DLL
D:\STUDY\VLC\VLC-2.1.0.SUBPROJECT-2010\DEBUG\PLUGINS\VIDEO_FILTER\LIBLOGO_PLUGIN.ILK
D:\Study\vlc\vlc-2.1.0.subproject-2010\plugins\logo\Debug\cl.command.1.tlog
D:\Study\vlc\vlc-2.1.0.subproject-2010\plugins\logo\Debug\CL.read.1.tlog
D:\Study\vlc\vlc-2.1.0.subproject-2010\plugins\logo\Debug\CL.write.1.tlog
D:\Study\vlc\vlc-2.1.0.subproject-2010\plugins\logo\Debug\link.6036.read.1.tlog
D:\Study\vlc\vlc-2.1.0.subproject-2010\plugins\logo\Debug\link.6036.write.1.tlog
D:\Study\vlc\vlc-2.1.0.subproject-2010\plugins\logo\Debug\link.6036-cvtres.read.1.tlog
D:\Study\vlc\vlc-2.1.0.subproject-2010\plugins\logo\Debug\link.6036-cvtres.write.1.tlog
D:\Study\vlc\vlc-2.1.0.subproject-2010\plugins\logo\Debug\link.command.1.tlog
D:\Study\vlc\vlc-2.1.0.subproject-2010\plugins\logo\Debug\link.read.1.tlog
D:\Study\vlc\vlc-2.1.0.subproject-2010\plugins\logo\Debug\link.write.1.tlog
D:\Study\vlc\vlc-2.1.0.subproject-2010\plugins\logo\Debug\link-cvtres.read.1.tlog
D:\Study\vlc\vlc-2.1.0.subproject-2010\plugins\logo\Debug\link-cvtres.write.1.tlog
D:\STUDY\VLC\VLC-2.1.0.SUBPROJECT-2010\PLUGINS\LOGO\DEBUG\LOGO.DLL.EMBED.MANIFEST
D:\STUDY\VLC\VLC-2.1.0.SUBPROJECT-2010\PLUGINS\LOGO\DEBUG\LOGO.DLL.EMBED.MANIFEST.RES
D:\STUDY\VLC\VLC-2.1.0.SUBPROJECT-2010\PLUGINS\LOGO\DEBUG\LOGO.DLL.INTERMEDIATE.MANIFEST
D:\STUDY\VLC\VLC-2.1.0.SUBPROJECT-2010\PLUGINS\LOGO\DEBUG\LOGO.OBJ
D:\STUDY\VLC\VLC-2.1.0.SUBPROJECT-2010\PLUGINS\LOGO\DEBUG\LOGO.PCH
D:\STUDY\VLC\VLC-2.1.0.SUBPROJECT-2010\PLUGINS\LOGO\DEBUG\LOGO.RES
D:\Study\vlc\vlc-2.1.0.subproject-2010\plugins\logo\Debug\logo.write.1.tlog
D:\Study\vlc\vlc-2.1.0.subproject-2010\plugins\logo\Debug\logo_manifest.rc
D:\STUDY\VLC\VLC-2.1.0.SUBPROJECT-2010\PLUGINS\LOGO\DEBUG\LOGO1.OBJ
D:\Study\vlc\vlc-2.1.0.subproject-2010\plugins\logo\Debug\mt.command.1.tlog
D:\Study\vlc\vlc-2.1.0.subproject-2010\plugins\logo\Debug\mt.read.1.tlog
D:\Study\vlc\vlc-2.1.0.subproject-2010\plugins\logo\Debug\mt.write.1.tlog
D:\Study\vlc\vlc-2.1.0.subproject-2010\plugins\logo\Debug\rc.command.1.tlog
D:\Study\vlc\vlc-2.1.0.subproject-2010\plugins\logo\Debug\rc.read.1.tlog
D:\Study\vlc\vlc-2.1.0.subproject-2010\plugins\logo\Debug\rc.write.1.tlog
D:\STUDY\VLC\VLC-2.1.0.SUBPROJECT-2010\PLUGINS\LOGO\DEBUG\STDAFX.OBJ
D:\Study\vlc\vlc-2.1.0.subproject-2010\plugins\logo\Debug\vc100.idb
D:\STUDY\VLC\VLC-2.1.0.SUBPROJECT-2010\PLUGINS\LOGO\DEBUG\VC100.PDB
