D:\Study\vlc\vlc-2.1.0.subproject-2010\Debug\access_output_livehttp.exp
D:\Study\vlc\vlc-2.1.0.subproject-2010\Debug\access_output_livehttp.lib
D:\STUDY\VLC\VLC-2.1.0.SUBPROJECT-2010\DEBUG\ACCESS_OUTPUT_LIVEHTTP.PDB
D:\STUDY\VLC\VLC-2.1.0.SUBPROJECT-2010\DEBUG\PLUGINS\ACCESS_OUTPUT\LIBACCESS_OUTPUT_LIVEHTTP_PLUGIN.DLL
D:\STUDY\VLC\VLC-2.1.0.SUBPROJECT-2010\DEBUG\PLUGINS\ACCESS_OUTPUT\LIBACCESS_OUTPUT_LIVEHTTP_PLUGIN.ILK
D:\STUDY\VLC\VLC-2.1.0.SUBPROJECT-2010\PLUGINS\ACCESS_OUTPUT_LIVEHTTP\DEBUG\ACCESS_OUTPUT_LIVEHTTP.DLL.EMBED.MANIFEST
D:\STUDY\VLC\VLC-2.1.0.SUBPROJECT-2010\PLUGINS\ACCESS_OUTPUT_LIVEHTTP\DEBUG\ACCESS_OUTPUT_LIVEHTTP.DLL.EMBED.MANIFEST.RES
D:\STUDY\VLC\VLC-2.1.0.SUBPROJECT-2010\PLUGINS\ACCESS_OUTPUT_LIVEHTTP\DEBUG\ACCESS_OUTPUT_LIVEHTTP.DLL.INTERMEDIATE.MANIFEST
D:\STUDY\VLC\VLC-2.1.0.SUBPROJECT-2010\PLUGINS\ACCESS_OUTPUT_LIVEHTTP\DEBUG\ACCESS_OUTPUT_LIVEHTTP.OBJ
D:\STUDY\VLC\VLC-2.1.0.SUBPROJECT-2010\PLUGINS\ACCESS_OUTPUT_LIVEHTTP\DEBUG\ACCESS_OUTPUT_LIVEHTTP.PCH
D:\STUDY\VLC\VLC-2.1.0.SUBPROJECT-2010\PLUGINS\ACCESS_OUTPUT_LIVEHTTP\DEBUG\ACCESS_OUTPUT_LIVEHTTP.RES
D:\Study\vlc\vlc-2.1.0.subproject-2010\plugins\access_output_livehttp\Debug\access_output_livehttp.write.1.tlog
D:\Study\vlc\vlc-2.1.0.subproject-2010\plugins\access_output_livehttp\Debug\access_output_livehttp_manifest.rc
D:\Study\vlc\vlc-2.1.0.subproject-2010\plugins\access_output_livehttp\Debug\cl.command.1.tlog
D:\Study\vlc\vlc-2.1.0.subproject-2010\plugins\access_output_livehttp\Debug\CL.read.1.tlog
D:\Study\vlc\vlc-2.1.0.subproject-2010\plugins\access_output_livehttp\Debug\CL.write.1.tlog
D:\Study\vlc\vlc-2.1.0.subproject-2010\plugins\access_output_livehttp\Debug\link.7732.read.1.tlog
D:\Study\vlc\vlc-2.1.0.subproject-2010\plugins\access_output_livehttp\Debug\link.7732.write.1.tlog
D:\Study\vlc\vlc-2.1.0.subproject-2010\plugins\access_output_livehttp\Debug\link.7732-cvtres.read.1.tlog
D:\Study\vlc\vlc-2.1.0.subproject-2010\plugins\access_output_livehttp\Debug\link.7732-cvtres.write.1.tlog
D:\Study\vlc\vlc-2.1.0.subproject-2010\plugins\access_output_livehttp\Debug\link.command.1.tlog
D:\Study\vlc\vlc-2.1.0.subproject-2010\plugins\access_output_livehttp\Debug\link.read.1.tlog
D:\Study\vlc\vlc-2.1.0.subproject-2010\plugins\access_output_livehttp\Debug\link.write.1.tlog
D:\Study\vlc\vlc-2.1.0.subproject-2010\plugins\access_output_livehttp\Debug\link-cvtres.read.1.tlog
D:\Study\vlc\vlc-2.1.0.subproject-2010\plugins\access_output_livehttp\Debug\link-cvtres.write.1.tlog
D:\STUDY\VLC\VLC-2.1.0.SUBPROJECT-2010\PLUGINS\ACCESS_OUTPUT_LIVEHTTP\DEBUG\LIVEHTTP.OBJ
D:\Study\vlc\vlc-2.1.0.subproject-2010\plugins\access_output_livehttp\Debug\mt.command.1.tlog
D:\Study\vlc\vlc-2.1.0.subproject-2010\plugins\access_output_livehttp\Debug\mt.read.1.tlog
D:\Study\vlc\vlc-2.1.0.subproject-2010\plugins\access_output_livehttp\Debug\mt.write.1.tlog
D:\Study\vlc\vlc-2.1.0.subproject-2010\plugins\access_output_livehttp\Debug\rc.command.1.tlog
D:\Study\vlc\vlc-2.1.0.subproject-2010\plugins\access_output_livehttp\Debug\rc.read.1.tlog
D:\Study\vlc\vlc-2.1.0.subproject-2010\plugins\access_output_livehttp\Debug\rc.write.1.tlog
D:\STUDY\VLC\VLC-2.1.0.SUBPROJECT-2010\PLUGINS\ACCESS_OUTPUT_LIVEHTTP\DEBUG\STDAFX.OBJ
D:\Study\vlc\vlc-2.1.0.subproject-2010\plugins\access_output_livehttp\Debug\vc100.idb
D:\STUDY\VLC\VLC-2.1.0.SUBPROJECT-2010\PLUGINS\ACCESS_OUTPUT_LIVEHTTP\DEBUG\VC100.PDB
