D:\Study\vlc\vlc-2.1.0.subproject-2010\Debug\fluidsynth.exp
D:\Study\vlc\vlc-2.1.0.subproject-2010\Debug\fluidsynth.lib
D:\STUDY\VLC\VLC-2.1.0.SUBPROJECT-2010\DEBUG\FLUIDSYNTH.PDB
D:\STUDY\VLC\VLC-2.1.0.SUBPROJECT-2010\DEBUG\PLUGINS\CODEC\LIBFLUIDSYNTH_PLUGIN.DLL
D:\STUDY\VLC\VLC-2.1.0.SUBPROJECT-2010\DEBUG\PLUGINS\CODEC\LIBFLUIDSYNTH_PLUGIN.ILK
D:\Study\vlc\vlc-2.1.0.subproject-2010\plugins\fluidsynth\Debug\cl.command.1.tlog
D:\Study\vlc\vlc-2.1.0.subproject-2010\plugins\fluidsynth\Debug\CL.read.1.tlog
D:\Study\vlc\vlc-2.1.0.subproject-2010\plugins\fluidsynth\Debug\CL.write.1.tlog
D:\STUDY\VLC\VLC-2.1.0.SUBPROJECT-2010\PLUGINS\FLUIDSYNTH\DEBUG\FLUIDSYNTH.DLL.EMBED.MANIFEST
D:\STUDY\VLC\VLC-2.1.0.SUBPROJECT-2010\PLUGINS\FLUIDSYNTH\DEBUG\FLUIDSYNTH.DLL.EMBED.MANIFEST.RES
D:\STUDY\VLC\VLC-2.1.0.SUBPROJECT-2010\PLUGINS\FLUIDSYNTH\DEBUG\FLUIDSYNTH.DLL.INTERMEDIATE.MANIFEST
D:\STUDY\VLC\VLC-2.1.0.SUBPROJECT-2010\PLUGINS\FLUIDSYNTH\DEBUG\FLUIDSYNTH.OBJ
D:\STUDY\VLC\VLC-2.1.0.SUBPROJECT-2010\PLUGINS\FLUIDSYNTH\DEBUG\FLUIDSYNTH.PCH
D:\STUDY\VLC\VLC-2.1.0.SUBPROJECT-2010\PLUGINS\FLUIDSYNTH\DEBUG\FLUIDSYNTH.RES
D:\Study\vlc\vlc-2.1.0.subproject-2010\plugins\fluidsynth\Debug\fluidsynth.write.1.tlog
D:\Study\vlc\vlc-2.1.0.subproject-2010\plugins\fluidsynth\Debug\fluidsynth_manifest.rc
D:\STUDY\VLC\VLC-2.1.0.SUBPROJECT-2010\PLUGINS\FLUIDSYNTH\DEBUG\FLUIDSYNTH1.OBJ
D:\Study\vlc\vlc-2.1.0.subproject-2010\plugins\fluidsynth\Debug\link.4780.read.1.tlog
D:\Study\vlc\vlc-2.1.0.subproject-2010\plugins\fluidsynth\Debug\link.4780.write.1.tlog
D:\Study\vlc\vlc-2.1.0.subproject-2010\plugins\fluidsynth\Debug\link.4780-cvtres.read.1.tlog
D:\Study\vlc\vlc-2.1.0.subproject-2010\plugins\fluidsynth\Debug\link.4780-cvtres.write.1.tlog
D:\Study\vlc\vlc-2.1.0.subproject-2010\plugins\fluidsynth\Debug\link.command.1.tlog
D:\Study\vlc\vlc-2.1.0.subproject-2010\plugins\fluidsynth\Debug\link.read.1.tlog
D:\Study\vlc\vlc-2.1.0.subproject-2010\plugins\fluidsynth\Debug\link.write.1.tlog
D:\Study\vlc\vlc-2.1.0.subproject-2010\plugins\fluidsynth\Debug\link-cvtres.read.1.tlog
D:\Study\vlc\vlc-2.1.0.subproject-2010\plugins\fluidsynth\Debug\link-cvtres.write.1.tlog
D:\Study\vlc\vlc-2.1.0.subproject-2010\plugins\fluidsynth\Debug\mt.command.1.tlog
D:\Study\vlc\vlc-2.1.0.subproject-2010\plugins\fluidsynth\Debug\mt.read.1.tlog
D:\Study\vlc\vlc-2.1.0.subproject-2010\plugins\fluidsynth\Debug\mt.write.1.tlog
D:\Study\vlc\vlc-2.1.0.subproject-2010\plugins\fluidsynth\Debug\rc.command.1.tlog
D:\Study\vlc\vlc-2.1.0.subproject-2010\plugins\fluidsynth\Debug\rc.read.1.tlog
D:\Study\vlc\vlc-2.1.0.subproject-2010\plugins\fluidsynth\Debug\rc.write.1.tlog
D:\STUDY\VLC\VLC-2.1.0.SUBPROJECT-2010\PLUGINS\FLUIDSYNTH\DEBUG\STDAFX.OBJ
D:\Study\vlc\vlc-2.1.0.subproject-2010\plugins\fluidsynth\Debug\vc100.idb
D:\STUDY\VLC\VLC-2.1.0.SUBPROJECT-2010\PLUGINS\FLUIDSYNTH\DEBUG\VC100.PDB
