D:\Study\vlc\vlc-2.1.0.subproject-2010\Debug\integer_mixer.exp
D:\Study\vlc\vlc-2.1.0.subproject-2010\Debug\integer_mixer.lib
D:\STUDY\VLC\VLC-2.1.0.SUBPROJECT-2010\DEBUG\INTEGER_MIXER.PDB
D:\STUDY\VLC\VLC-2.1.0.SUBPROJECT-2010\DEBUG\PLUGINS\AUDIO_MIXER\LIBINTEGER_MIXER_PLUGIN.DLL
D:\STUDY\VLC\VLC-2.1.0.SUBPROJECT-2010\DEBUG\PLUGINS\AUDIO_MIXER\LIBINTEGER_MIXER_PLUGIN.ILK
D:\Study\vlc\vlc-2.1.0.subproject-2010\plugins\integer_mixer\Debug\cl.command.1.tlog
D:\Study\vlc\vlc-2.1.0.subproject-2010\plugins\integer_mixer\Debug\CL.read.1.tlog
D:\Study\vlc\vlc-2.1.0.subproject-2010\plugins\integer_mixer\Debug\CL.write.1.tlog
D:\STUDY\VLC\VLC-2.1.0.SUBPROJECT-2010\PLUGINS\INTEGER_MIXER\DEBUG\INTEGER.OBJ
D:\STUDY\VLC\VLC-2.1.0.SUBPROJECT-2010\PLUGINS\INTEGER_MIXER\DEBUG\INTEGER_MIXER.DLL.EMBED.MANIFEST
D:\STUDY\VLC\VLC-2.1.0.SUBPROJECT-2010\PLUGINS\INTEGER_MIXER\DEBUG\INTEGER_MIXER.DLL.EMBED.MANIFEST.RES
D:\STUDY\VLC\VLC-2.1.0.SUBPROJECT-2010\PLUGINS\INTEGER_MIXER\DEBUG\INTEGER_MIXER.DLL.INTERMEDIATE.MANIFEST
D:\STUDY\VLC\VLC-2.1.0.SUBPROJECT-2010\PLUGINS\INTEGER_MIXER\DEBUG\INTEGER_MIXER.OBJ
D:\STUDY\VLC\VLC-2.1.0.SUBPROJECT-2010\PLUGINS\INTEGER_MIXER\DEBUG\INTEGER_MIXER.PCH
D:\STUDY\VLC\VLC-2.1.0.SUBPROJECT-2010\PLUGINS\INTEGER_MIXER\DEBUG\INTEGER_MIXER.RES
D:\Study\vlc\vlc-2.1.0.subproject-2010\plugins\integer_mixer\Debug\integer_mixer.write.1.tlog
D:\Study\vlc\vlc-2.1.0.subproject-2010\plugins\integer_mixer\Debug\integer_mixer_manifest.rc
D:\Study\vlc\vlc-2.1.0.subproject-2010\plugins\integer_mixer\Debug\link.7492.read.1.tlog
D:\Study\vlc\vlc-2.1.0.subproject-2010\plugins\integer_mixer\Debug\link.7492.write.1.tlog
D:\Study\vlc\vlc-2.1.0.subproject-2010\plugins\integer_mixer\Debug\link.7492-cvtres.read.1.tlog
D:\Study\vlc\vlc-2.1.0.subproject-2010\plugins\integer_mixer\Debug\link.7492-cvtres.write.1.tlog
D:\Study\vlc\vlc-2.1.0.subproject-2010\plugins\integer_mixer\Debug\link.command.1.tlog
D:\Study\vlc\vlc-2.1.0.subproject-2010\plugins\integer_mixer\Debug\link.read.1.tlog
D:\Study\vlc\vlc-2.1.0.subproject-2010\plugins\integer_mixer\Debug\link.write.1.tlog
D:\Study\vlc\vlc-2.1.0.subproject-2010\plugins\integer_mixer\Debug\link-cvtres.read.1.tlog
D:\Study\vlc\vlc-2.1.0.subproject-2010\plugins\integer_mixer\Debug\link-cvtres.write.1.tlog
D:\Study\vlc\vlc-2.1.0.subproject-2010\plugins\integer_mixer\Debug\mt.command.1.tlog
D:\Study\vlc\vlc-2.1.0.subproject-2010\plugins\integer_mixer\Debug\mt.read.1.tlog
D:\Study\vlc\vlc-2.1.0.subproject-2010\plugins\integer_mixer\Debug\mt.write.1.tlog
D:\Study\vlc\vlc-2.1.0.subproject-2010\plugins\integer_mixer\Debug\rc.command.1.tlog
D:\Study\vlc\vlc-2.1.0.subproject-2010\plugins\integer_mixer\Debug\rc.read.1.tlog
D:\Study\vlc\vlc-2.1.0.subproject-2010\plugins\integer_mixer\Debug\rc.write.1.tlog
D:\STUDY\VLC\VLC-2.1.0.SUBPROJECT-2010\PLUGINS\INTEGER_MIXER\DEBUG\STDAFX.OBJ
D:\Study\vlc\vlc-2.1.0.subproject-2010\plugins\integer_mixer\Debug\vc100.idb
D:\STUDY\VLC\VLC-2.1.0.SUBPROJECT-2010\PLUGINS\INTEGER_MIXER\DEBUG\VC100.PDB
