D:\Study\vlc\vlc-2.1.0.subproject-2010\Debug\mux_ogg.exp
D:\Study\vlc\vlc-2.1.0.subproject-2010\Debug\mux_ogg.lib
D:\STUDY\VLC\VLC-2.1.0.SUBPROJECT-2010\DEBUG\MUX_OGG.PDB
D:\STUDY\VLC\VLC-2.1.0.SUBPROJECT-2010\DEBUG\PLUGINS\MUX\LIBMUX_OGG_PLUGIN.DLL
D:\STUDY\VLC\VLC-2.1.0.SUBPROJECT-2010\DEBUG\PLUGINS\MUX\LIBMUX_OGG_PLUGIN.ILK
D:\Study\vlc\vlc-2.1.0.subproject-2010\plugins\mux_ogg\Debug\cl.command.1.tlog
D:\Study\vlc\vlc-2.1.0.subproject-2010\plugins\mux_ogg\Debug\CL.read.1.tlog
D:\Study\vlc\vlc-2.1.0.subproject-2010\plugins\mux_ogg\Debug\CL.write.1.tlog
D:\Study\vlc\vlc-2.1.0.subproject-2010\plugins\mux_ogg\Debug\link.5296.read.1.tlog
D:\Study\vlc\vlc-2.1.0.subproject-2010\plugins\mux_ogg\Debug\link.5296.write.1.tlog
D:\Study\vlc\vlc-2.1.0.subproject-2010\plugins\mux_ogg\Debug\link.5296-cvtres.read.1.tlog
D:\Study\vlc\vlc-2.1.0.subproject-2010\plugins\mux_ogg\Debug\link.5296-cvtres.write.1.tlog
D:\Study\vlc\vlc-2.1.0.subproject-2010\plugins\mux_ogg\Debug\link.command.1.tlog
D:\Study\vlc\vlc-2.1.0.subproject-2010\plugins\mux_ogg\Debug\link.read.1.tlog
D:\Study\vlc\vlc-2.1.0.subproject-2010\plugins\mux_ogg\Debug\link.write.1.tlog
D:\Study\vlc\vlc-2.1.0.subproject-2010\plugins\mux_ogg\Debug\link-cvtres.read.1.tlog
D:\Study\vlc\vlc-2.1.0.subproject-2010\plugins\mux_ogg\Debug\link-cvtres.write.1.tlog
D:\Study\vlc\vlc-2.1.0.subproject-2010\plugins\mux_ogg\Debug\mt.command.1.tlog
D:\Study\vlc\vlc-2.1.0.subproject-2010\plugins\mux_ogg\Debug\mt.read.1.tlog
D:\Study\vlc\vlc-2.1.0.subproject-2010\plugins\mux_ogg\Debug\mt.write.1.tlog
D:\STUDY\VLC\VLC-2.1.0.SUBPROJECT-2010\PLUGINS\MUX_OGG\DEBUG\MUX_OGG.DLL.EMBED.MANIFEST
D:\STUDY\VLC\VLC-2.1.0.SUBPROJECT-2010\PLUGINS\MUX_OGG\DEBUG\MUX_OGG.DLL.EMBED.MANIFEST.RES
D:\STUDY\VLC\VLC-2.1.0.SUBPROJECT-2010\PLUGINS\MUX_OGG\DEBUG\MUX_OGG.DLL.INTERMEDIATE.MANIFEST
D:\STUDY\VLC\VLC-2.1.0.SUBPROJECT-2010\PLUGINS\MUX_OGG\DEBUG\MUX_OGG.OBJ
D:\STUDY\VLC\VLC-2.1.0.SUBPROJECT-2010\PLUGINS\MUX_OGG\DEBUG\MUX_OGG.PCH
D:\STUDY\VLC\VLC-2.1.0.SUBPROJECT-2010\PLUGINS\MUX_OGG\DEBUG\MUX_OGG.RES
D:\Study\vlc\vlc-2.1.0.subproject-2010\plugins\mux_ogg\Debug\mux_ogg.write.1.tlog
D:\Study\vlc\vlc-2.1.0.subproject-2010\plugins\mux_ogg\Debug\mux_ogg_manifest.rc
D:\STUDY\VLC\VLC-2.1.0.SUBPROJECT-2010\PLUGINS\MUX_OGG\DEBUG\OGG.OBJ
D:\Study\vlc\vlc-2.1.0.subproject-2010\plugins\mux_ogg\Debug\rc.command.1.tlog
D:\Study\vlc\vlc-2.1.0.subproject-2010\plugins\mux_ogg\Debug\rc.read.1.tlog
D:\Study\vlc\vlc-2.1.0.subproject-2010\plugins\mux_ogg\Debug\rc.write.1.tlog
D:\STUDY\VLC\VLC-2.1.0.SUBPROJECT-2010\PLUGINS\MUX_OGG\DEBUG\STDAFX.OBJ
D:\Study\vlc\vlc-2.1.0.subproject-2010\plugins\mux_ogg\Debug\vc100.idb
D:\STUDY\VLC\VLC-2.1.0.SUBPROJECT-2010\PLUGINS\MUX_OGG\DEBUG\VC100.PDB
