D:\STUDY\VLC\VLC-2.1.0.SUBPROJECT-2010\DEBUG\PLUGINS\AUDIO_FILTER\LIBTRIVIAL_CHANNEL_MIXER_PLUGIN.DLL
D:\STUDY\VLC\VLC-2.1.0.SUBPROJECT-2010\DEBUG\PLUGINS\AUDIO_FILTER\LIBTRIVIAL_CHANNEL_MIXER_PLUGIN.ILK
D:\Study\vlc\vlc-2.1.0.subproject-2010\Debug\trivial_channel_mixer.exp
D:\Study\vlc\vlc-2.1.0.subproject-2010\Debug\trivial_channel_mixer.lib
D:\STUDY\VLC\VLC-2.1.0.SUBPROJECT-2010\DEBUG\TRIVIAL_CHANNEL_MIXER.PDB
D:\Study\vlc\vlc-2.1.0.subproject-2010\plugins\trivial_channel_mixer\Debug\cl.command.1.tlog
D:\Study\vlc\vlc-2.1.0.subproject-2010\plugins\trivial_channel_mixer\Debug\CL.read.1.tlog
D:\Study\vlc\vlc-2.1.0.subproject-2010\plugins\trivial_channel_mixer\Debug\CL.write.1.tlog
D:\Study\vlc\vlc-2.1.0.subproject-2010\plugins\trivial_channel_mixer\Debug\link.13212.read.1.tlog
D:\Study\vlc\vlc-2.1.0.subproject-2010\plugins\trivial_channel_mixer\Debug\link.13212.write.1.tlog
D:\Study\vlc\vlc-2.1.0.subproject-2010\plugins\trivial_channel_mixer\Debug\link.13212-cvtres.read.1.tlog
D:\Study\vlc\vlc-2.1.0.subproject-2010\plugins\trivial_channel_mixer\Debug\link.13212-cvtres.write.1.tlog
D:\Study\vlc\vlc-2.1.0.subproject-2010\plugins\trivial_channel_mixer\Debug\link.command.1.tlog
D:\Study\vlc\vlc-2.1.0.subproject-2010\plugins\trivial_channel_mixer\Debug\link.read.1.tlog
D:\Study\vlc\vlc-2.1.0.subproject-2010\plugins\trivial_channel_mixer\Debug\link.write.1.tlog
D:\Study\vlc\vlc-2.1.0.subproject-2010\plugins\trivial_channel_mixer\Debug\link-cvtres.read.1.tlog
D:\Study\vlc\vlc-2.1.0.subproject-2010\plugins\trivial_channel_mixer\Debug\link-cvtres.write.1.tlog
D:\Study\vlc\vlc-2.1.0.subproject-2010\plugins\trivial_channel_mixer\Debug\mt.command.1.tlog
D:\Study\vlc\vlc-2.1.0.subproject-2010\plugins\trivial_channel_mixer\Debug\mt.read.1.tlog
D:\Study\vlc\vlc-2.1.0.subproject-2010\plugins\trivial_channel_mixer\Debug\mt.write.1.tlog
D:\Study\vlc\vlc-2.1.0.subproject-2010\plugins\trivial_channel_mixer\Debug\rc.command.1.tlog
D:\Study\vlc\vlc-2.1.0.subproject-2010\plugins\trivial_channel_mixer\Debug\rc.read.1.tlog
D:\Study\vlc\vlc-2.1.0.subproject-2010\plugins\trivial_channel_mixer\Debug\rc.write.1.tlog
D:\STUDY\VLC\VLC-2.1.0.SUBPROJECT-2010\PLUGINS\TRIVIAL_CHANNEL_MIXER\DEBUG\STDAFX.OBJ
D:\STUDY\VLC\VLC-2.1.0.SUBPROJECT-2010\PLUGINS\TRIVIAL_CHANNEL_MIXER\DEBUG\TRIVIAL.OBJ
D:\STUDY\VLC\VLC-2.1.0.SUBPROJECT-2010\PLUGINS\TRIVIAL_CHANNEL_MIXER\DEBUG\TRIVIAL_CHANNEL_MIXER.DLL.EMBED.MANIFEST
D:\STUDY\VLC\VLC-2.1.0.SUBPROJECT-2010\PLUGINS\TRIVIAL_CHANNEL_MIXER\DEBUG\TRIVIAL_CHANNEL_MIXER.DLL.EMBED.MANIFEST.RES
D:\STUDY\VLC\VLC-2.1.0.SUBPROJECT-2010\PLUGINS\TRIVIAL_CHANNEL_MIXER\DEBUG\TRIVIAL_CHANNEL_MIXER.DLL.INTERMEDIATE.MANIFEST
D:\STUDY\VLC\VLC-2.1.0.SUBPROJECT-2010\PLUGINS\TRIVIAL_CHANNEL_MIXER\DEBUG\TRIVIAL_CHANNEL_MIXER.OBJ
D:\STUDY\VLC\VLC-2.1.0.SUBPROJECT-2010\PLUGINS\TRIVIAL_CHANNEL_MIXER\DEBUG\TRIVIAL_CHANNEL_MIXER.PCH
D:\STUDY\VLC\VLC-2.1.0.SUBPROJECT-2010\PLUGINS\TRIVIAL_CHANNEL_MIXER\DEBUG\TRIVIAL_CHANNEL_MIXER.RES
D:\Study\vlc\vlc-2.1.0.subproject-2010\plugins\trivial_channel_mixer\Debug\trivial_channel_mixer.write.1.tlog
D:\Study\vlc\vlc-2.1.0.subproject-2010\plugins\trivial_channel_mixer\Debug\trivial_channel_mixer_manifest.rc
D:\Study\vlc\vlc-2.1.0.subproject-2010\plugins\trivial_channel_mixer\Debug\vc100.idb
D:\STUDY\VLC\VLC-2.1.0.SUBPROJECT-2010\PLUGINS\TRIVIAL_CHANNEL_MIXER\DEBUG\VC100.PDB
