D:\STUDY\VLC\VLC-2.1.0.SUBPROJECT-2010\DEBUG\PLUGINS\CODEC\LIBULEADDVAUDIO_PLUGIN.DLL
D:\STUDY\VLC\VLC-2.1.0.SUBPROJECT-2010\DEBUG\PLUGINS\CODEC\LIBULEADDVAUDIO_PLUGIN.ILK
D:\Study\vlc\vlc-2.1.0.subproject-2010\Debug\uleaddvaudio.exp
D:\Study\vlc\vlc-2.1.0.subproject-2010\Debug\uleaddvaudio.lib
D:\STUDY\VLC\VLC-2.1.0.SUBPROJECT-2010\DEBUG\ULEADDVAUDIO.PDB
D:\Study\vlc\vlc-2.1.0.subproject-2010\plugins\uleaddvaudio\Debug\cl.command.1.tlog
D:\Study\vlc\vlc-2.1.0.subproject-2010\plugins\uleaddvaudio\Debug\CL.read.1.tlog
D:\Study\vlc\vlc-2.1.0.subproject-2010\plugins\uleaddvaudio\Debug\CL.write.1.tlog
D:\Study\vlc\vlc-2.1.0.subproject-2010\plugins\uleaddvaudio\Debug\link.13108.read.1.tlog
D:\Study\vlc\vlc-2.1.0.subproject-2010\plugins\uleaddvaudio\Debug\link.13108.write.1.tlog
D:\Study\vlc\vlc-2.1.0.subproject-2010\plugins\uleaddvaudio\Debug\link.13108-cvtres.read.1.tlog
D:\Study\vlc\vlc-2.1.0.subproject-2010\plugins\uleaddvaudio\Debug\link.13108-cvtres.write.1.tlog
D:\Study\vlc\vlc-2.1.0.subproject-2010\plugins\uleaddvaudio\Debug\link.command.1.tlog
D:\Study\vlc\vlc-2.1.0.subproject-2010\plugins\uleaddvaudio\Debug\link.read.1.tlog
D:\Study\vlc\vlc-2.1.0.subproject-2010\plugins\uleaddvaudio\Debug\link.write.1.tlog
D:\Study\vlc\vlc-2.1.0.subproject-2010\plugins\uleaddvaudio\Debug\link-cvtres.read.1.tlog
D:\Study\vlc\vlc-2.1.0.subproject-2010\plugins\uleaddvaudio\Debug\link-cvtres.write.1.tlog
D:\Study\vlc\vlc-2.1.0.subproject-2010\plugins\uleaddvaudio\Debug\mt.command.1.tlog
D:\Study\vlc\vlc-2.1.0.subproject-2010\plugins\uleaddvaudio\Debug\mt.read.1.tlog
D:\Study\vlc\vlc-2.1.0.subproject-2010\plugins\uleaddvaudio\Debug\mt.write.1.tlog
D:\Study\vlc\vlc-2.1.0.subproject-2010\plugins\uleaddvaudio\Debug\rc.command.1.tlog
D:\Study\vlc\vlc-2.1.0.subproject-2010\plugins\uleaddvaudio\Debug\rc.read.1.tlog
D:\Study\vlc\vlc-2.1.0.subproject-2010\plugins\uleaddvaudio\Debug\rc.write.1.tlog
D:\STUDY\VLC\VLC-2.1.0.SUBPROJECT-2010\PLUGINS\ULEADDVAUDIO\DEBUG\STDAFX.OBJ
D:\STUDY\VLC\VLC-2.1.0.SUBPROJECT-2010\PLUGINS\ULEADDVAUDIO\DEBUG\ULEADDVAUDIO.DLL.EMBED.MANIFEST
D:\STUDY\VLC\VLC-2.1.0.SUBPROJECT-2010\PLUGINS\ULEADDVAUDIO\DEBUG\ULEADDVAUDIO.DLL.EMBED.MANIFEST.RES
D:\STUDY\VLC\VLC-2.1.0.SUBPROJECT-2010\PLUGINS\ULEADDVAUDIO\DEBUG\ULEADDVAUDIO.DLL.INTERMEDIATE.MANIFEST
D:\STUDY\VLC\VLC-2.1.0.SUBPROJECT-2010\PLUGINS\ULEADDVAUDIO\DEBUG\ULEADDVAUDIO.OBJ
D:\STUDY\VLC\VLC-2.1.0.SUBPROJECT-2010\PLUGINS\ULEADDVAUDIO\DEBUG\ULEADDVAUDIO.PCH
D:\STUDY\VLC\VLC-2.1.0.SUBPROJECT-2010\PLUGINS\ULEADDVAUDIO\DEBUG\ULEADDVAUDIO.RES
D:\Study\vlc\vlc-2.1.0.subproject-2010\plugins\uleaddvaudio\Debug\uleaddvaudio.write.1.tlog
D:\Study\vlc\vlc-2.1.0.subproject-2010\plugins\uleaddvaudio\Debug\uleaddvaudio_manifest.rc
D:\STUDY\VLC\VLC-2.1.0.SUBPROJECT-2010\PLUGINS\ULEADDVAUDIO\DEBUG\ULEADDVAUDIO1.OBJ
D:\Study\vlc\vlc-2.1.0.subproject-2010\plugins\uleaddvaudio\Debug\vc100.idb
D:\STUDY\VLC\VLC-2.1.0.SUBPROJECT-2010\PLUGINS\ULEADDVAUDIO\DEBUG\VC100.PDB
