D:\STUDY\VLC\VLC-2.1.0.SUBPROJECT-2010\DEBUG\PLUGINS\AUDIO_FILTER\LIBUGLY_RESAMPLER_PLUGIN.DLL
D:\STUDY\VLC\VLC-2.1.0.SUBPROJECT-2010\DEBUG\PLUGINS\AUDIO_FILTER\LIBUGLY_RESAMPLER_PLUGIN.ILK
D:\Study\vlc\vlc-2.1.0.subproject-2010\Debug\ugly_resampler.exp
D:\Study\vlc\vlc-2.1.0.subproject-2010\Debug\ugly_resampler.lib
D:\STUDY\VLC\VLC-2.1.0.SUBPROJECT-2010\DEBUG\UGLY_RESAMPLER.PDB
D:\Study\vlc\vlc-2.1.0.subproject-2010\plugins\ugly_resampler\Debug\cl.command.1.tlog
D:\Study\vlc\vlc-2.1.0.subproject-2010\plugins\ugly_resampler\Debug\CL.read.1.tlog
D:\Study\vlc\vlc-2.1.0.subproject-2010\plugins\ugly_resampler\Debug\CL.write.1.tlog
D:\Study\vlc\vlc-2.1.0.subproject-2010\plugins\ugly_resampler\Debug\link.7548.read.1.tlog
D:\Study\vlc\vlc-2.1.0.subproject-2010\plugins\ugly_resampler\Debug\link.7548.write.1.tlog
D:\Study\vlc\vlc-2.1.0.subproject-2010\plugins\ugly_resampler\Debug\link.7548-cvtres.read.1.tlog
D:\Study\vlc\vlc-2.1.0.subproject-2010\plugins\ugly_resampler\Debug\link.7548-cvtres.write.1.tlog
D:\Study\vlc\vlc-2.1.0.subproject-2010\plugins\ugly_resampler\Debug\link.command.1.tlog
D:\Study\vlc\vlc-2.1.0.subproject-2010\plugins\ugly_resampler\Debug\link.read.1.tlog
D:\Study\vlc\vlc-2.1.0.subproject-2010\plugins\ugly_resampler\Debug\link.write.1.tlog
D:\Study\vlc\vlc-2.1.0.subproject-2010\plugins\ugly_resampler\Debug\link-cvtres.read.1.tlog
D:\Study\vlc\vlc-2.1.0.subproject-2010\plugins\ugly_resampler\Debug\link-cvtres.write.1.tlog
D:\Study\vlc\vlc-2.1.0.subproject-2010\plugins\ugly_resampler\Debug\mt.command.1.tlog
D:\Study\vlc\vlc-2.1.0.subproject-2010\plugins\ugly_resampler\Debug\mt.read.1.tlog
D:\Study\vlc\vlc-2.1.0.subproject-2010\plugins\ugly_resampler\Debug\mt.write.1.tlog
D:\Study\vlc\vlc-2.1.0.subproject-2010\plugins\ugly_resampler\Debug\rc.command.1.tlog
D:\Study\vlc\vlc-2.1.0.subproject-2010\plugins\ugly_resampler\Debug\rc.read.1.tlog
D:\Study\vlc\vlc-2.1.0.subproject-2010\plugins\ugly_resampler\Debug\rc.write.1.tlog
D:\STUDY\VLC\VLC-2.1.0.SUBPROJECT-2010\PLUGINS\UGLY_RESAMPLER\DEBUG\STDAFX.OBJ
D:\STUDY\VLC\VLC-2.1.0.SUBPROJECT-2010\PLUGINS\UGLY_RESAMPLER\DEBUG\UGLY.OBJ
D:\STUDY\VLC\VLC-2.1.0.SUBPROJECT-2010\PLUGINS\UGLY_RESAMPLER\DEBUG\UGLY_RESAMPLER.DLL.EMBED.MANIFEST
D:\STUDY\VLC\VLC-2.1.0.SUBPROJECT-2010\PLUGINS\UGLY_RESAMPLER\DEBUG\UGLY_RESAMPLER.DLL.EMBED.MANIFEST.RES
D:\STUDY\VLC\VLC-2.1.0.SUBPROJECT-2010\PLUGINS\UGLY_RESAMPLER\DEBUG\UGLY_RESAMPLER.DLL.INTERMEDIATE.MANIFEST
D:\STUDY\VLC\VLC-2.1.0.SUBPROJECT-2010\PLUGINS\UGLY_RESAMPLER\DEBUG\UGLY_RESAMPLER.OBJ
D:\STUDY\VLC\VLC-2.1.0.SUBPROJECT-2010\PLUGINS\UGLY_RESAMPLER\DEBUG\UGLY_RESAMPLER.PCH
D:\STUDY\VLC\VLC-2.1.0.SUBPROJECT-2010\PLUGINS\UGLY_RESAMPLER\DEBUG\UGLY_RESAMPLER.RES
D:\Study\vlc\vlc-2.1.0.subproject-2010\plugins\ugly_resampler\Debug\ugly_resampler.write.1.tlog
D:\Study\vlc\vlc-2.1.0.subproject-2010\plugins\ugly_resampler\Debug\ugly_resampler_manifest.rc
D:\Study\vlc\vlc-2.1.0.subproject-2010\plugins\ugly_resampler\Debug\vc100.idb
D:\STUDY\VLC\VLC-2.1.0.SUBPROJECT-2010\PLUGINS\UGLY_RESAMPLER\DEBUG\VC100.PDB
