D:\Study\vlc\vlc-2.1.0.subproject-2010\Debug\motionblur.exp
D:\Study\vlc\vlc-2.1.0.subproject-2010\Debug\motionblur.lib
D:\STUDY\VLC\VLC-2.1.0.SUBPROJECT-2010\DEBUG\MOTIONBLUR.PDB
D:\STUDY\VLC\VLC-2.1.0.SUBPROJECT-2010\DEBUG\PLUGINS\VIDEO_FILTER\LIBMOTIONBLUR_PLUGIN.DLL
D:\STUDY\VLC\VLC-2.1.0.SUBPROJECT-2010\DEBUG\PLUGINS\VIDEO_FILTER\LIBMOTIONBLUR_PLUGIN.ILK
D:\Study\vlc\vlc-2.1.0.subproject-2010\plugins\motionblur\Debug\cl.command.1.tlog
D:\Study\vlc\vlc-2.1.0.subproject-2010\plugins\motionblur\Debug\CL.read.1.tlog
D:\Study\vlc\vlc-2.1.0.subproject-2010\plugins\motionblur\Debug\CL.write.1.tlog
D:\Study\vlc\vlc-2.1.0.subproject-2010\plugins\motionblur\Debug\link.1728.read.1.tlog
D:\Study\vlc\vlc-2.1.0.subproject-2010\plugins\motionblur\Debug\link.1728.write.1.tlog
D:\Study\vlc\vlc-2.1.0.subproject-2010\plugins\motionblur\Debug\link.1728-cvtres.read.1.tlog
D:\Study\vlc\vlc-2.1.0.subproject-2010\plugins\motionblur\Debug\link.1728-cvtres.write.1.tlog
D:\Study\vlc\vlc-2.1.0.subproject-2010\plugins\motionblur\Debug\link.command.1.tlog
D:\Study\vlc\vlc-2.1.0.subproject-2010\plugins\motionblur\Debug\link.read.1.tlog
D:\Study\vlc\vlc-2.1.0.subproject-2010\plugins\motionblur\Debug\link.write.1.tlog
D:\Study\vlc\vlc-2.1.0.subproject-2010\plugins\motionblur\Debug\link-cvtres.read.1.tlog
D:\Study\vlc\vlc-2.1.0.subproject-2010\plugins\motionblur\Debug\link-cvtres.write.1.tlog
D:\STUDY\VLC\VLC-2.1.0.SUBPROJECT-2010\PLUGINS\MOTIONBLUR\DEBUG\MOTIONBLUR.DLL.EMBED.MANIFEST
D:\STUDY\VLC\VLC-2.1.0.SUBPROJECT-2010\PLUGINS\MOTIONBLUR\DEBUG\MOTIONBLUR.DLL.EMBED.MANIFEST.RES
D:\STUDY\VLC\VLC-2.1.0.SUBPROJECT-2010\PLUGINS\MOTIONBLUR\DEBUG\MOTIONBLUR.DLL.INTERMEDIATE.MANIFEST
D:\STUDY\VLC\VLC-2.1.0.SUBPROJECT-2010\PLUGINS\MOTIONBLUR\DEBUG\MOTIONBLUR.OBJ
D:\STUDY\VLC\VLC-2.1.0.SUBPROJECT-2010\PLUGINS\MOTIONBLUR\DEBUG\MOTIONBLUR.PCH
D:\STUDY\VLC\VLC-2.1.0.SUBPROJECT-2010\PLUGINS\MOTIONBLUR\DEBUG\MOTIONBLUR.RES
D:\Study\vlc\vlc-2.1.0.subproject-2010\plugins\motionblur\Debug\motionblur.write.1.tlog
D:\Study\vlc\vlc-2.1.0.subproject-2010\plugins\motionblur\Debug\motionblur_manifest.rc
D:\STUDY\VLC\VLC-2.1.0.SUBPROJECT-2010\PLUGINS\MOTIONBLUR\DEBUG\MOTIONBLUR1.OBJ
D:\Study\vlc\vlc-2.1.0.subproject-2010\plugins\motionblur\Debug\mt.command.1.tlog
D:\Study\vlc\vlc-2.1.0.subproject-2010\plugins\motionblur\Debug\mt.read.1.tlog
D:\Study\vlc\vlc-2.1.0.subproject-2010\plugins\motionblur\Debug\mt.write.1.tlog
D:\Study\vlc\vlc-2.1.0.subproject-2010\plugins\motionblur\Debug\rc.command.1.tlog
D:\Study\vlc\vlc-2.1.0.subproject-2010\plugins\motionblur\Debug\rc.read.1.tlog
D:\Study\vlc\vlc-2.1.0.subproject-2010\plugins\motionblur\Debug\rc.write.1.tlog
D:\STUDY\VLC\VLC-2.1.0.SUBPROJECT-2010\PLUGINS\MOTIONBLUR\DEBUG\STDAFX.OBJ
D:\Study\vlc\vlc-2.1.0.subproject-2010\plugins\motionblur\Debug\vc100.idb
D:\STUDY\VLC\VLC-2.1.0.SUBPROJECT-2010\PLUGINS\MOTIONBLUR\DEBUG\VC100.PDB
