D:\Study\vlc\vlc-2.1.0.subproject-2010\Debug\dash.exp
D:\Study\vlc\vlc-2.1.0.subproject-2010\Debug\dash.lib
D:\STUDY\VLC\VLC-2.1.0.SUBPROJECT-2010\DEBUG\DASH.PDB
D:\STUDY\VLC\VLC-2.1.0.SUBPROJECT-2010\DEBUG\PLUGINS\STREAM_FILTER\LIBDASH_PLUGIN.DLL
D:\STUDY\VLC\VLC-2.1.0.SUBPROJECT-2010\DEBUG\PLUGINS\STREAM_FILTER\LIBDASH_PLUGIN.ILK
D:\STUDY\VLC\VLC-2.1.0.SUBPROJECT-2010\PLUGINS\DASH\DEBUG\ABSTRACTADAPTATIONLOGIC.OBJ
D:\STUDY\VLC\VLC-2.1.0.SUBPROJECT-2010\PLUGINS\DASH\DEBUG\ADAPTATIONLOGICFACTORY.OBJ
D:\STUDY\VLC\VLC-2.1.0.SUBPROJECT-2010\PLUGINS\DASH\DEBUG\ADAPTATIONSET.OBJ
D:\STUDY\VLC\VLC-2.1.0.SUBPROJECT-2010\PLUGINS\DASH\DEBUG\ALWAYSBESTADAPTATIONLOGIC.OBJ
D:\STUDY\VLC\VLC-2.1.0.SUBPROJECT-2010\PLUGINS\DASH\DEBUG\BASICCMMANAGER.OBJ
D:\STUDY\VLC\VLC-2.1.0.SUBPROJECT-2010\PLUGINS\DASH\DEBUG\BASICCMPARSER.OBJ
D:\STUDY\VLC\VLC-2.1.0.SUBPROJECT-2010\PLUGINS\DASH\DEBUG\BLOCKBUFFER.OBJ
D:\STUDY\VLC\VLC-2.1.0.SUBPROJECT-2010\PLUGINS\DASH\DEBUG\CHUNK.OBJ
D:\Study\vlc\vlc-2.1.0.subproject-2010\plugins\dash\Debug\cl.command.1.tlog
D:\Study\vlc\vlc-2.1.0.subproject-2010\plugins\dash\Debug\CL.read.1.tlog
D:\Study\vlc\vlc-2.1.0.subproject-2010\plugins\dash\Debug\CL.write.1.tlog
D:\STUDY\VLC\VLC-2.1.0.SUBPROJECT-2010\PLUGINS\DASH\DEBUG\COMMONATTRIBUTESELEMENTS.OBJ
D:\STUDY\VLC\VLC-2.1.0.SUBPROJECT-2010\PLUGINS\DASH\DEBUG\CONTENTDESCRIPTION.OBJ
D:\STUDY\VLC\VLC-2.1.0.SUBPROJECT-2010\PLUGINS\DASH\DEBUG\DASH.DLL.EMBED.MANIFEST
D:\STUDY\VLC\VLC-2.1.0.SUBPROJECT-2010\PLUGINS\DASH\DEBUG\DASH.DLL.EMBED.MANIFEST.RES
D:\STUDY\VLC\VLC-2.1.0.SUBPROJECT-2010\PLUGINS\DASH\DEBUG\DASH.DLL.INTERMEDIATE.MANIFEST
D:\STUDY\VLC\VLC-2.1.0.SUBPROJECT-2010\PLUGINS\DASH\DEBUG\DASH.OBJ
D:\STUDY\VLC\VLC-2.1.0.SUBPROJECT-2010\PLUGINS\DASH\DEBUG\DASH.PCH
D:\STUDY\VLC\VLC-2.1.0.SUBPROJECT-2010\PLUGINS\DASH\DEBUG\DASH.RES
D:\Study\vlc\vlc-2.1.0.subproject-2010\plugins\dash\Debug\dash.write.1.tlog
D:\Study\vlc\vlc-2.1.0.subproject-2010\plugins\dash\Debug\dash_manifest.rc
D:\STUDY\VLC\VLC-2.1.0.SUBPROJECT-2010\PLUGINS\DASH\DEBUG\DASH1.OBJ
D:\STUDY\VLC\VLC-2.1.0.SUBPROJECT-2010\PLUGINS\DASH\DEBUG\DASHDOWNLOADER.OBJ
D:\STUDY\VLC\VLC-2.1.0.SUBPROJECT-2010\PLUGINS\DASH\DEBUG\DASHMANAGER.OBJ
D:\STUDY\VLC\VLC-2.1.0.SUBPROJECT-2010\PLUGINS\DASH\DEBUG\DOMHELPER.OBJ
D:\STUDY\VLC\VLC-2.1.0.SUBPROJECT-2010\PLUGINS\DASH\DEBUG\DOMPARSER.OBJ
D:\STUDY\VLC\VLC-2.1.0.SUBPROJECT-2010\PLUGINS\DASH\DEBUG\HELPER.OBJ
D:\STUDY\VLC\VLC-2.1.0.SUBPROJECT-2010\PLUGINS\DASH\DEBUG\HTTPCONNECTION.OBJ
D:\STUDY\VLC\VLC-2.1.0.SUBPROJECT-2010\PLUGINS\DASH\DEBUG\HTTPCONNECTIONMANAGER.OBJ
D:\STUDY\VLC\VLC-2.1.0.SUBPROJECT-2010\PLUGINS\DASH\DEBUG\ISOFFMAINMANAGER.OBJ
D:\STUDY\VLC\VLC-2.1.0.SUBPROJECT-2010\PLUGINS\DASH\DEBUG\ISOFFMAINPARSER.OBJ
D:\Study\vlc\vlc-2.1.0.subproject-2010\plugins\dash\Debug\link.5132.read.1.tlog
D:\Study\vlc\vlc-2.1.0.subproject-2010\plugins\dash\Debug\link.5132.write.1.tlog
D:\Study\vlc\vlc-2.1.0.subproject-2010\plugins\dash\Debug\link.5132-cvtres.read.1.tlog
D:\Study\vlc\vlc-2.1.0.subproject-2010\plugins\dash\Debug\link.5132-cvtres.write.1.tlog
D:\Study\vlc\vlc-2.1.0.subproject-2010\plugins\dash\Debug\link.command.1.tlog
D:\Study\vlc\vlc-2.1.0.subproject-2010\plugins\dash\Debug\link.read.1.tlog
D:\Study\vlc\vlc-2.1.0.subproject-2010\plugins\dash\Debug\link.write.1.tlog
D:\Study\vlc\vlc-2.1.0.subproject-2010\plugins\dash\Debug\link-cvtres.read.1.tlog
D:\Study\vlc\vlc-2.1.0.subproject-2010\plugins\dash\Debug\link-cvtres.write.1.tlog
D:\STUDY\VLC\VLC-2.1.0.SUBPROJECT-2010\PLUGINS\DASH\DEBUG\MPD.OBJ
D:\STUDY\VLC\VLC-2.1.0.SUBPROJECT-2010\PLUGINS\DASH\DEBUG\MPDFACTORY.OBJ
D:\STUDY\VLC\VLC-2.1.0.SUBPROJECT-2010\PLUGINS\DASH\DEBUG\MPDMANAGERFACTORY.OBJ
D:\Study\vlc\vlc-2.1.0.subproject-2010\plugins\dash\Debug\mt.command.1.tlog
D:\Study\vlc\vlc-2.1.0.subproject-2010\plugins\dash\Debug\mt.read.1.tlog
D:\Study\vlc\vlc-2.1.0.subproject-2010\plugins\dash\Debug\mt.write.1.tlog
D:\STUDY\VLC\VLC-2.1.0.SUBPROJECT-2010\PLUGINS\DASH\DEBUG\NODE.OBJ
D:\STUDY\VLC\VLC-2.1.0.SUBPROJECT-2010\PLUGINS\DASH\DEBUG\PERIOD.OBJ
D:\STUDY\VLC\VLC-2.1.0.SUBPROJECT-2010\PLUGINS\DASH\DEBUG\PERSISTENTCONNECTION.OBJ
D:\STUDY\VLC\VLC-2.1.0.SUBPROJECT-2010\PLUGINS\DASH\DEBUG\PROGRAMINFORMATION.OBJ
D:\STUDY\VLC\VLC-2.1.0.SUBPROJECT-2010\PLUGINS\DASH\DEBUG\RATEBASEDADAPTATIONLOGIC.OBJ
D:\Study\vlc\vlc-2.1.0.subproject-2010\plugins\dash\Debug\rc.command.1.tlog
D:\Study\vlc\vlc-2.1.0.subproject-2010\plugins\dash\Debug\rc.read.1.tlog
D:\Study\vlc\vlc-2.1.0.subproject-2010\plugins\dash\Debug\rc.write.1.tlog
D:\STUDY\VLC\VLC-2.1.0.SUBPROJECT-2010\PLUGINS\DASH\DEBUG\REPRESENTATION.OBJ
D:\STUDY\VLC\VLC-2.1.0.SUBPROJECT-2010\PLUGINS\DASH\DEBUG\SEGMENT.OBJ
D:\STUDY\VLC\VLC-2.1.0.SUBPROJECT-2010\PLUGINS\DASH\DEBUG\SEGMENTBASE.OBJ
D:\STUDY\VLC\VLC-2.1.0.SUBPROJECT-2010\PLUGINS\DASH\DEBUG\SEGMENTINFO.OBJ
D:\STUDY\VLC\VLC-2.1.0.SUBPROJECT-2010\PLUGINS\DASH\DEBUG\SEGMENTINFOCOMMON.OBJ
D:\STUDY\VLC\VLC-2.1.0.SUBPROJECT-2010\PLUGINS\DASH\DEBUG\SEGMENTINFODEFAULT.OBJ
D:\STUDY\VLC\VLC-2.1.0.SUBPROJECT-2010\PLUGINS\DASH\DEBUG\SEGMENTLIST.OBJ
D:\STUDY\VLC\VLC-2.1.0.SUBPROJECT-2010\PLUGINS\DASH\DEBUG\SEGMENTTEMPLATE.OBJ
D:\STUDY\VLC\VLC-2.1.0.SUBPROJECT-2010\PLUGINS\DASH\DEBUG\SEGMENTTIMELINE.OBJ
D:\STUDY\VLC\VLC-2.1.0.SUBPROJECT-2010\PLUGINS\DASH\DEBUG\STDAFX.OBJ
D:\STUDY\VLC\VLC-2.1.0.SUBPROJECT-2010\PLUGINS\DASH\DEBUG\TRICKMODETYPE.OBJ
D:\Study\vlc\vlc-2.1.0.subproject-2010\plugins\dash\Debug\vc100.idb
D:\STUDY\VLC\VLC-2.1.0.SUBPROJECT-2010\PLUGINS\DASH\DEBUG\VC100.PDB
