D:\Study\vlc\vlc-2.1.0.subproject-2010\Debug\hotkeys.exp
D:\Study\vlc\vlc-2.1.0.subproject-2010\Debug\hotkeys.lib
D:\STUDY\VLC\VLC-2.1.0.SUBPROJECT-2010\DEBUG\HOTKEYS.PDB
D:\STUDY\VLC\VLC-2.1.0.SUBPROJECT-2010\DEBUG\PLUGINS\CONTROL\LIBHOTKEYS_PLUGIN.DLL
D:\STUDY\VLC\VLC-2.1.0.SUBPROJECT-2010\DEBUG\PLUGINS\CONTROL\LIBHOTKEYS_PLUGIN.ILK
D:\Study\vlc\vlc-2.1.0.subproject-2010\plugins\hotkeys\Debug\cl.command.1.tlog
D:\Study\vlc\vlc-2.1.0.subproject-2010\plugins\hotkeys\Debug\CL.read.1.tlog
D:\Study\vlc\vlc-2.1.0.subproject-2010\plugins\hotkeys\Debug\CL.write.1.tlog
D:\STUDY\VLC\VLC-2.1.0.SUBPROJECT-2010\PLUGINS\HOTKEYS\DEBUG\HOTKEYS.DLL.EMBED.MANIFEST
D:\STUDY\VLC\VLC-2.1.0.SUBPROJECT-2010\PLUGINS\HOTKEYS\DEBUG\HOTKEYS.DLL.EMBED.MANIFEST.RES
D:\STUDY\VLC\VLC-2.1.0.SUBPROJECT-2010\PLUGINS\HOTKEYS\DEBUG\HOTKEYS.DLL.INTERMEDIATE.MANIFEST
D:\STUDY\VLC\VLC-2.1.0.SUBPROJECT-2010\PLUGINS\HOTKEYS\DEBUG\HOTKEYS.OBJ
D:\STUDY\VLC\VLC-2.1.0.SUBPROJECT-2010\PLUGINS\HOTKEYS\DEBUG\HOTKEYS.PCH
D:\STUDY\VLC\VLC-2.1.0.SUBPROJECT-2010\PLUGINS\HOTKEYS\DEBUG\HOTKEYS.RES
D:\Study\vlc\vlc-2.1.0.subproject-2010\plugins\hotkeys\Debug\hotkeys.write.1.tlog
D:\Study\vlc\vlc-2.1.0.subproject-2010\plugins\hotkeys\Debug\hotkeys_manifest.rc
D:\STUDY\VLC\VLC-2.1.0.SUBPROJECT-2010\PLUGINS\HOTKEYS\DEBUG\HOTKEYS1.OBJ
D:\Study\vlc\vlc-2.1.0.subproject-2010\plugins\hotkeys\Debug\link.9096.read.1.tlog
D:\Study\vlc\vlc-2.1.0.subproject-2010\plugins\hotkeys\Debug\link.9096.write.1.tlog
D:\Study\vlc\vlc-2.1.0.subproject-2010\plugins\hotkeys\Debug\link.9096-cvtres.read.1.tlog
D:\Study\vlc\vlc-2.1.0.subproject-2010\plugins\hotkeys\Debug\link.9096-cvtres.write.1.tlog
D:\Study\vlc\vlc-2.1.0.subproject-2010\plugins\hotkeys\Debug\link.command.1.tlog
D:\Study\vlc\vlc-2.1.0.subproject-2010\plugins\hotkeys\Debug\link.read.1.tlog
D:\Study\vlc\vlc-2.1.0.subproject-2010\plugins\hotkeys\Debug\link.write.1.tlog
D:\Study\vlc\vlc-2.1.0.subproject-2010\plugins\hotkeys\Debug\link-cvtres.read.1.tlog
D:\Study\vlc\vlc-2.1.0.subproject-2010\plugins\hotkeys\Debug\link-cvtres.write.1.tlog
D:\Study\vlc\vlc-2.1.0.subproject-2010\plugins\hotkeys\Debug\mt.command.1.tlog
D:\Study\vlc\vlc-2.1.0.subproject-2010\plugins\hotkeys\Debug\mt.read.1.tlog
D:\Study\vlc\vlc-2.1.0.subproject-2010\plugins\hotkeys\Debug\mt.write.1.tlog
D:\Study\vlc\vlc-2.1.0.subproject-2010\plugins\hotkeys\Debug\rc.command.1.tlog
D:\Study\vlc\vlc-2.1.0.subproject-2010\plugins\hotkeys\Debug\rc.read.1.tlog
D:\Study\vlc\vlc-2.1.0.subproject-2010\plugins\hotkeys\Debug\rc.write.1.tlog
D:\STUDY\VLC\VLC-2.1.0.SUBPROJECT-2010\PLUGINS\HOTKEYS\DEBUG\STDAFX.OBJ
D:\Study\vlc\vlc-2.1.0.subproject-2010\plugins\hotkeys\Debug\vc100.idb
D:\STUDY\VLC\VLC-2.1.0.SUBPROJECT-2010\PLUGINS\HOTKEYS\DEBUG\VC100.PDB
