D:\Study\vlc\vlc-2.1.0.subproject-2010\Debug\a52tofloat32.exp
D:\Study\vlc\vlc-2.1.0.subproject-2010\Debug\a52tofloat32.lib
D:\STUDY\VLC\VLC-2.1.0.SUBPROJECT-2010\DEBUG\A52TOFLOAT32.PDB
D:\STUDY\VLC\VLC-2.1.0.SUBPROJECT-2010\DEBUG\PLUGINS\AUDIO_FILTER\LIBA52TOFLOAT32_PLUGIN.DLL
D:\STUDY\VLC\VLC-2.1.0.SUBPROJECT-2010\DEBUG\PLUGINS\AUDIO_FILTER\LIBA52TOFLOAT32_PLUGIN.ILK
D:\STUDY\VLC\VLC-2.1.0.SUBPROJECT-2010\PLUGINS\A52TOFLOAT32\DEBUG\A52TOFLOAT32.DLL.EMBED.MANIFEST
D:\STUDY\VLC\VLC-2.1.0.SUBPROJECT-2010\PLUGINS\A52TOFLOAT32\DEBUG\A52TOFLOAT32.DLL.EMBED.MANIFEST.RES
D:\STUDY\VLC\VLC-2.1.0.SUBPROJECT-2010\PLUGINS\A52TOFLOAT32\DEBUG\A52TOFLOAT32.DLL.INTERMEDIATE.MANIFEST
D:\STUDY\VLC\VLC-2.1.0.SUBPROJECT-2010\PLUGINS\A52TOFLOAT32\DEBUG\A52TOFLOAT32.OBJ
D:\STUDY\VLC\VLC-2.1.0.SUBPROJECT-2010\PLUGINS\A52TOFLOAT32\DEBUG\A52TOFLOAT32.PCH
D:\STUDY\VLC\VLC-2.1.0.SUBPROJECT-2010\PLUGINS\A52TOFLOAT32\DEBUG\A52TOFLOAT32.RES
D:\Study\vlc\vlc-2.1.0.subproject-2010\plugins\a52tofloat32\Debug\a52tofloat32.write.1.tlog
D:\Study\vlc\vlc-2.1.0.subproject-2010\plugins\a52tofloat32\Debug\a52tofloat32_manifest.rc
D:\STUDY\VLC\VLC-2.1.0.SUBPROJECT-2010\PLUGINS\A52TOFLOAT32\DEBUG\A52TOFLOAT321.OBJ
D:\Study\vlc\vlc-2.1.0.subproject-2010\plugins\a52tofloat32\Debug\cl.command.1.tlog
D:\Study\vlc\vlc-2.1.0.subproject-2010\plugins\a52tofloat32\Debug\CL.read.1.tlog
D:\Study\vlc\vlc-2.1.0.subproject-2010\plugins\a52tofloat32\Debug\CL.write.1.tlog
D:\Study\vlc\vlc-2.1.0.subproject-2010\plugins\a52tofloat32\Debug\link.5436.read.1.tlog
D:\Study\vlc\vlc-2.1.0.subproject-2010\plugins\a52tofloat32\Debug\link.5436.write.1.tlog
D:\Study\vlc\vlc-2.1.0.subproject-2010\plugins\a52tofloat32\Debug\link.5436-cvtres.read.1.tlog
D:\Study\vlc\vlc-2.1.0.subproject-2010\plugins\a52tofloat32\Debug\link.5436-cvtres.write.1.tlog
D:\Study\vlc\vlc-2.1.0.subproject-2010\plugins\a52tofloat32\Debug\link.command.1.tlog
D:\Study\vlc\vlc-2.1.0.subproject-2010\plugins\a52tofloat32\Debug\link.read.1.tlog
D:\Study\vlc\vlc-2.1.0.subproject-2010\plugins\a52tofloat32\Debug\link.write.1.tlog
D:\Study\vlc\vlc-2.1.0.subproject-2010\plugins\a52tofloat32\Debug\link-cvtres.read.1.tlog
D:\Study\vlc\vlc-2.1.0.subproject-2010\plugins\a52tofloat32\Debug\link-cvtres.write.1.tlog
D:\Study\vlc\vlc-2.1.0.subproject-2010\plugins\a52tofloat32\Debug\mt.command.1.tlog
D:\Study\vlc\vlc-2.1.0.subproject-2010\plugins\a52tofloat32\Debug\mt.read.1.tlog
D:\Study\vlc\vlc-2.1.0.subproject-2010\plugins\a52tofloat32\Debug\mt.write.1.tlog
D:\Study\vlc\vlc-2.1.0.subproject-2010\plugins\a52tofloat32\Debug\rc.command.1.tlog
D:\Study\vlc\vlc-2.1.0.subproject-2010\plugins\a52tofloat32\Debug\rc.read.1.tlog
D:\Study\vlc\vlc-2.1.0.subproject-2010\plugins\a52tofloat32\Debug\rc.write.1.tlog
D:\STUDY\VLC\VLC-2.1.0.SUBPROJECT-2010\PLUGINS\A52TOFLOAT32\DEBUG\STDAFX.OBJ
D:\Study\vlc\vlc-2.1.0.subproject-2010\plugins\a52tofloat32\Debug\vc100.idb
D:\STUDY\VLC\VLC-2.1.0.SUBPROJECT-2010\PLUGINS\A52TOFLOAT32\DEBUG\VC100.PDB
