D:\Study\vlc\vlc-2.1.0.subproject-2010\Debug\access_output_file.exp
D:\Study\vlc\vlc-2.1.0.subproject-2010\Debug\access_output_file.lib
D:\STUDY\VLC\VLC-2.1.0.SUBPROJECT-2010\DEBUG\ACCESS_OUTPUT_FILE.PDB
D:\STUDY\VLC\VLC-2.1.0.SUBPROJECT-2010\DEBUG\PLUGINS\ACCESS_OUTPUT\LIBACCESS_OUTPUT_FILE_PLUGIN.DLL
D:\STUDY\VLC\VLC-2.1.0.SUBPROJECT-2010\DEBUG\PLUGINS\ACCESS_OUTPUT\LIBACCESS_OUTPUT_FILE_PLUGIN.ILK
D:\STUDY\VLC\VLC-2.1.0.SUBPROJECT-2010\PLUGINS\ACCESS_OUTPUT_FILE\DEBUG\ACCESS_OUTPUT_FILE.DLL.EMBED.MANIFEST
D:\STUDY\VLC\VLC-2.1.0.SUBPROJECT-2010\PLUGINS\ACCESS_OUTPUT_FILE\DEBUG\ACCESS_OUTPUT_FILE.DLL.EMBED.MANIFEST.RES
D:\STUDY\VLC\VLC-2.1.0.SUBPROJECT-2010\PLUGINS\ACCESS_OUTPUT_FILE\DEBUG\ACCESS_OUTPUT_FILE.DLL.INTERMEDIATE.MANIFEST
D:\STUDY\VLC\VLC-2.1.0.SUBPROJECT-2010\PLUGINS\ACCESS_OUTPUT_FILE\DEBUG\ACCESS_OUTPUT_FILE.OBJ
D:\STUDY\VLC\VLC-2.1.0.SUBPROJECT-2010\PLUGINS\ACCESS_OUTPUT_FILE\DEBUG\ACCESS_OUTPUT_FILE.PCH
D:\STUDY\VLC\VLC-2.1.0.SUBPROJECT-2010\PLUGINS\ACCESS_OUTPUT_FILE\DEBUG\ACCESS_OUTPUT_FILE.RES
D:\Study\vlc\vlc-2.1.0.subproject-2010\plugins\access_output_file\Debug\access_output_file.write.1.tlog
D:\Study\vlc\vlc-2.1.0.subproject-2010\plugins\access_output_file\Debug\access_output_file_manifest.rc
D:\Study\vlc\vlc-2.1.0.subproject-2010\plugins\access_output_file\Debug\cl.command.1.tlog
D:\Study\vlc\vlc-2.1.0.subproject-2010\plugins\access_output_file\Debug\CL.read.1.tlog
D:\Study\vlc\vlc-2.1.0.subproject-2010\plugins\access_output_file\Debug\CL.write.1.tlog
D:\STUDY\VLC\VLC-2.1.0.SUBPROJECT-2010\PLUGINS\ACCESS_OUTPUT_FILE\DEBUG\FILE.OBJ
D:\Study\vlc\vlc-2.1.0.subproject-2010\plugins\access_output_file\Debug\link.1192.read.1.tlog
D:\Study\vlc\vlc-2.1.0.subproject-2010\plugins\access_output_file\Debug\link.1192.write.1.tlog
D:\Study\vlc\vlc-2.1.0.subproject-2010\plugins\access_output_file\Debug\link.1192-cvtres.read.1.tlog
D:\Study\vlc\vlc-2.1.0.subproject-2010\plugins\access_output_file\Debug\link.1192-cvtres.write.1.tlog
D:\Study\vlc\vlc-2.1.0.subproject-2010\plugins\access_output_file\Debug\link.command.1.tlog
D:\Study\vlc\vlc-2.1.0.subproject-2010\plugins\access_output_file\Debug\link.read.1.tlog
D:\Study\vlc\vlc-2.1.0.subproject-2010\plugins\access_output_file\Debug\link.write.1.tlog
D:\Study\vlc\vlc-2.1.0.subproject-2010\plugins\access_output_file\Debug\link-cvtres.read.1.tlog
D:\Study\vlc\vlc-2.1.0.subproject-2010\plugins\access_output_file\Debug\link-cvtres.write.1.tlog
D:\Study\vlc\vlc-2.1.0.subproject-2010\plugins\access_output_file\Debug\mt.command.1.tlog
D:\Study\vlc\vlc-2.1.0.subproject-2010\plugins\access_output_file\Debug\mt.read.1.tlog
D:\Study\vlc\vlc-2.1.0.subproject-2010\plugins\access_output_file\Debug\mt.write.1.tlog
D:\Study\vlc\vlc-2.1.0.subproject-2010\plugins\access_output_file\Debug\rc.command.1.tlog
D:\Study\vlc\vlc-2.1.0.subproject-2010\plugins\access_output_file\Debug\rc.read.1.tlog
D:\Study\vlc\vlc-2.1.0.subproject-2010\plugins\access_output_file\Debug\rc.write.1.tlog
D:\STUDY\VLC\VLC-2.1.0.SUBPROJECT-2010\PLUGINS\ACCESS_OUTPUT_FILE\DEBUG\STDAFX.OBJ
D:\Study\vlc\vlc-2.1.0.subproject-2010\plugins\access_output_file\Debug\vc100.idb
D:\STUDY\VLC\VLC-2.1.0.SUBPROJECT-2010\PLUGINS\ACCESS_OUTPUT_FILE\DEBUG\VC100.PDB
