D:\Study\vlc\vlc-2.1.0.subproject-2010\Debug\nsv.exp
D:\Study\vlc\vlc-2.1.0.subproject-2010\Debug\nsv.lib
D:\STUDY\VLC\VLC-2.1.0.SUBPROJECT-2010\DEBUG\NSV.PDB
D:\STUDY\VLC\VLC-2.1.0.SUBPROJECT-2010\DEBUG\PLUGINS\DEMUX\LIBNSV_PLUGIN.DLL
D:\STUDY\VLC\VLC-2.1.0.SUBPROJECT-2010\DEBUG\PLUGINS\DEMUX\LIBNSV_PLUGIN.ILK
D:\Study\vlc\vlc-2.1.0.subproject-2010\plugins\nsv\Debug\cl.command.1.tlog
D:\Study\vlc\vlc-2.1.0.subproject-2010\plugins\nsv\Debug\CL.read.1.tlog
D:\Study\vlc\vlc-2.1.0.subproject-2010\plugins\nsv\Debug\CL.write.1.tlog
D:\Study\vlc\vlc-2.1.0.subproject-2010\plugins\nsv\Debug\link.596.read.1.tlog
D:\Study\vlc\vlc-2.1.0.subproject-2010\plugins\nsv\Debug\link.596.write.1.tlog
D:\Study\vlc\vlc-2.1.0.subproject-2010\plugins\nsv\Debug\link.596-cvtres.read.1.tlog
D:\Study\vlc\vlc-2.1.0.subproject-2010\plugins\nsv\Debug\link.596-cvtres.write.1.tlog
D:\Study\vlc\vlc-2.1.0.subproject-2010\plugins\nsv\Debug\link.command.1.tlog
D:\Study\vlc\vlc-2.1.0.subproject-2010\plugins\nsv\Debug\link.read.1.tlog
D:\Study\vlc\vlc-2.1.0.subproject-2010\plugins\nsv\Debug\link.write.1.tlog
D:\Study\vlc\vlc-2.1.0.subproject-2010\plugins\nsv\Debug\link-cvtres.read.1.tlog
D:\Study\vlc\vlc-2.1.0.subproject-2010\plugins\nsv\Debug\link-cvtres.write.1.tlog
D:\Study\vlc\vlc-2.1.0.subproject-2010\plugins\nsv\Debug\mt.command.1.tlog
D:\Study\vlc\vlc-2.1.0.subproject-2010\plugins\nsv\Debug\mt.read.1.tlog
D:\Study\vlc\vlc-2.1.0.subproject-2010\plugins\nsv\Debug\mt.write.1.tlog
D:\STUDY\VLC\VLC-2.1.0.SUBPROJECT-2010\PLUGINS\NSV\DEBUG\NSV.DLL.EMBED.MANIFEST
D:\STUDY\VLC\VLC-2.1.0.SUBPROJECT-2010\PLUGINS\NSV\DEBUG\NSV.DLL.EMBED.MANIFEST.RES
D:\STUDY\VLC\VLC-2.1.0.SUBPROJECT-2010\PLUGINS\NSV\DEBUG\NSV.DLL.INTERMEDIATE.MANIFEST
D:\STUDY\VLC\VLC-2.1.0.SUBPROJECT-2010\PLUGINS\NSV\DEBUG\NSV.OBJ
D:\STUDY\VLC\VLC-2.1.0.SUBPROJECT-2010\PLUGINS\NSV\DEBUG\NSV.PCH
D:\STUDY\VLC\VLC-2.1.0.SUBPROJECT-2010\PLUGINS\NSV\DEBUG\NSV.RES
D:\Study\vlc\vlc-2.1.0.subproject-2010\plugins\nsv\Debug\nsv.write.1.tlog
D:\Study\vlc\vlc-2.1.0.subproject-2010\plugins\nsv\Debug\nsv_manifest.rc
D:\STUDY\VLC\VLC-2.1.0.SUBPROJECT-2010\PLUGINS\NSV\DEBUG\NUV.OBJ
D:\Study\vlc\vlc-2.1.0.subproject-2010\plugins\nsv\Debug\rc.command.1.tlog
D:\Study\vlc\vlc-2.1.0.subproject-2010\plugins\nsv\Debug\rc.read.1.tlog
D:\Study\vlc\vlc-2.1.0.subproject-2010\plugins\nsv\Debug\rc.write.1.tlog
D:\STUDY\VLC\VLC-2.1.0.SUBPROJECT-2010\PLUGINS\NSV\DEBUG\STDAFX.OBJ
D:\Study\vlc\vlc-2.1.0.subproject-2010\plugins\nsv\Debug\vc100.idb
D:\STUDY\VLC\VLC-2.1.0.SUBPROJECT-2010\PLUGINS\NSV\DEBUG\VC100.PDB
