D:\STUDY\VLC\VLC-2.1.0.SUBPROJECT-2010\DEBUG\PLUGINS\AUDIO_OUTPUT\LIBWAVEOUT_PLUGIN.DLL
D:\STUDY\VLC\VLC-2.1.0.SUBPROJECT-2010\DEBUG\PLUGINS\AUDIO_OUTPUT\LIBWAVEOUT_PLUGIN.ILK
D:\Study\vlc\vlc-2.1.0.subproject-2010\Debug\waveout.exp
D:\Study\vlc\vlc-2.1.0.subproject-2010\Debug\waveout.lib
D:\STUDY\VLC\VLC-2.1.0.SUBPROJECT-2010\DEBUG\WAVEOUT.PDB
D:\Study\vlc\vlc-2.1.0.subproject-2010\plugins\waveout\Debug\cl.command.1.tlog
D:\Study\vlc\vlc-2.1.0.subproject-2010\plugins\waveout\Debug\CL.read.1.tlog
D:\Study\vlc\vlc-2.1.0.subproject-2010\plugins\waveout\Debug\CL.write.1.tlog
D:\Study\vlc\vlc-2.1.0.subproject-2010\plugins\waveout\Debug\link.11808.read.1.tlog
D:\Study\vlc\vlc-2.1.0.subproject-2010\plugins\waveout\Debug\link.11808.write.1.tlog
D:\Study\vlc\vlc-2.1.0.subproject-2010\plugins\waveout\Debug\link.11808-cvtres.read.1.tlog
D:\Study\vlc\vlc-2.1.0.subproject-2010\plugins\waveout\Debug\link.11808-cvtres.write.1.tlog
D:\Study\vlc\vlc-2.1.0.subproject-2010\plugins\waveout\Debug\link.command.1.tlog
D:\Study\vlc\vlc-2.1.0.subproject-2010\plugins\waveout\Debug\link.read.1.tlog
D:\Study\vlc\vlc-2.1.0.subproject-2010\plugins\waveout\Debug\link.write.1.tlog
D:\Study\vlc\vlc-2.1.0.subproject-2010\plugins\waveout\Debug\link-cvtres.read.1.tlog
D:\Study\vlc\vlc-2.1.0.subproject-2010\plugins\waveout\Debug\link-cvtres.write.1.tlog
D:\Study\vlc\vlc-2.1.0.subproject-2010\plugins\waveout\Debug\mt.command.1.tlog
D:\Study\vlc\vlc-2.1.0.subproject-2010\plugins\waveout\Debug\mt.read.1.tlog
D:\Study\vlc\vlc-2.1.0.subproject-2010\plugins\waveout\Debug\mt.write.1.tlog
D:\Study\vlc\vlc-2.1.0.subproject-2010\plugins\waveout\Debug\rc.command.1.tlog
D:\Study\vlc\vlc-2.1.0.subproject-2010\plugins\waveout\Debug\rc.read.1.tlog
D:\Study\vlc\vlc-2.1.0.subproject-2010\plugins\waveout\Debug\rc.write.1.tlog
D:\STUDY\VLC\VLC-2.1.0.SUBPROJECT-2010\PLUGINS\WAVEOUT\DEBUG\STDAFX.OBJ
D:\Study\vlc\vlc-2.1.0.subproject-2010\plugins\waveout\Debug\vc100.idb
D:\STUDY\VLC\VLC-2.1.0.SUBPROJECT-2010\PLUGINS\WAVEOUT\DEBUG\VC100.PDB
D:\STUDY\VLC\VLC-2.1.0.SUBPROJECT-2010\PLUGINS\WAVEOUT\DEBUG\WAVEOUT.DLL.EMBED.MANIFEST
D:\STUDY\VLC\VLC-2.1.0.SUBPROJECT-2010\PLUGINS\WAVEOUT\DEBUG\WAVEOUT.DLL.EMBED.MANIFEST.RES
D:\STUDY\VLC\VLC-2.1.0.SUBPROJECT-2010\PLUGINS\WAVEOUT\DEBUG\WAVEOUT.DLL.INTERMEDIATE.MANIFEST
D:\STUDY\VLC\VLC-2.1.0.SUBPROJECT-2010\PLUGINS\WAVEOUT\DEBUG\WAVEOUT.OBJ
D:\STUDY\VLC\VLC-2.1.0.SUBPROJECT-2010\PLUGINS\WAVEOUT\DEBUG\WAVEOUT.PCH
D:\STUDY\VLC\VLC-2.1.0.SUBPROJECT-2010\PLUGINS\WAVEOUT\DEBUG\WAVEOUT.RES
D:\Study\vlc\vlc-2.1.0.subproject-2010\plugins\waveout\Debug\waveout.write.1.tlog
D:\Study\vlc\vlc-2.1.0.subproject-2010\plugins\waveout\Debug\waveout_manifest.rc
D:\STUDY\VLC\VLC-2.1.0.SUBPROJECT-2010\PLUGINS\WAVEOUT\DEBUG\WAVEOUT1.OBJ
