D:\Study\vlc\vlc-2.1.0.subproject-2010\Debug\a52tospdif.exp
D:\Study\vlc\vlc-2.1.0.subproject-2010\Debug\a52tospdif.lib
D:\STUDY\VLC\VLC-2.1.0.SUBPROJECT-2010\DEBUG\A52TOSPDIF.PDB
D:\STUDY\VLC\VLC-2.1.0.SUBPROJECT-2010\DEBUG\PLUGINS\AUDIO_FILTER\LIBA52TOSPDIF_PLUGIN.DLL
D:\STUDY\VLC\VLC-2.1.0.SUBPROJECT-2010\DEBUG\PLUGINS\AUDIO_FILTER\LIBA52TOSPDIF_PLUGIN.ILK
D:\STUDY\VLC\VLC-2.1.0.SUBPROJECT-2010\PLUGINS\A52TOSPDIF\DEBUG\A52TOSPDIF.DLL.EMBED.MANIFEST
D:\STUDY\VLC\VLC-2.1.0.SUBPROJECT-2010\PLUGINS\A52TOSPDIF\DEBUG\A52TOSPDIF.DLL.EMBED.MANIFEST.RES
D:\STUDY\VLC\VLC-2.1.0.SUBPROJECT-2010\PLUGINS\A52TOSPDIF\DEBUG\A52TOSPDIF.DLL.INTERMEDIATE.MANIFEST
D:\STUDY\VLC\VLC-2.1.0.SUBPROJECT-2010\PLUGINS\A52TOSPDIF\DEBUG\A52TOSPDIF.OBJ
D:\STUDY\VLC\VLC-2.1.0.SUBPROJECT-2010\PLUGINS\A52TOSPDIF\DEBUG\A52TOSPDIF.PCH
D:\STUDY\VLC\VLC-2.1.0.SUBPROJECT-2010\PLUGINS\A52TOSPDIF\DEBUG\A52TOSPDIF.RES
D:\Study\vlc\vlc-2.1.0.subproject-2010\plugins\a52tospdif\Debug\a52tospdif.write.1.tlog
D:\Study\vlc\vlc-2.1.0.subproject-2010\plugins\a52tospdif\Debug\a52tospdif_manifest.rc
D:\STUDY\VLC\VLC-2.1.0.SUBPROJECT-2010\PLUGINS\A52TOSPDIF\DEBUG\A52TOSPDIF1.OBJ
D:\Study\vlc\vlc-2.1.0.subproject-2010\plugins\a52tospdif\Debug\cl.command.1.tlog
D:\Study\vlc\vlc-2.1.0.subproject-2010\plugins\a52tospdif\Debug\CL.read.1.tlog
D:\Study\vlc\vlc-2.1.0.subproject-2010\plugins\a52tospdif\Debug\CL.write.1.tlog
D:\Study\vlc\vlc-2.1.0.subproject-2010\plugins\a52tospdif\Debug\link.768.read.1.tlog
D:\Study\vlc\vlc-2.1.0.subproject-2010\plugins\a52tospdif\Debug\link.768.write.1.tlog
D:\Study\vlc\vlc-2.1.0.subproject-2010\plugins\a52tospdif\Debug\link.768-cvtres.read.1.tlog
D:\Study\vlc\vlc-2.1.0.subproject-2010\plugins\a52tospdif\Debug\link.768-cvtres.write.1.tlog
D:\Study\vlc\vlc-2.1.0.subproject-2010\plugins\a52tospdif\Debug\link.command.1.tlog
D:\Study\vlc\vlc-2.1.0.subproject-2010\plugins\a52tospdif\Debug\link.read.1.tlog
D:\Study\vlc\vlc-2.1.0.subproject-2010\plugins\a52tospdif\Debug\link.write.1.tlog
D:\Study\vlc\vlc-2.1.0.subproject-2010\plugins\a52tospdif\Debug\link-cvtres.read.1.tlog
D:\Study\vlc\vlc-2.1.0.subproject-2010\plugins\a52tospdif\Debug\link-cvtres.write.1.tlog
D:\Study\vlc\vlc-2.1.0.subproject-2010\plugins\a52tospdif\Debug\mt.command.1.tlog
D:\Study\vlc\vlc-2.1.0.subproject-2010\plugins\a52tospdif\Debug\mt.read.1.tlog
D:\Study\vlc\vlc-2.1.0.subproject-2010\plugins\a52tospdif\Debug\mt.write.1.tlog
D:\Study\vlc\vlc-2.1.0.subproject-2010\plugins\a52tospdif\Debug\rc.command.1.tlog
D:\Study\vlc\vlc-2.1.0.subproject-2010\plugins\a52tospdif\Debug\rc.read.1.tlog
D:\Study\vlc\vlc-2.1.0.subproject-2010\plugins\a52tospdif\Debug\rc.write.1.tlog
D:\STUDY\VLC\VLC-2.1.0.SUBPROJECT-2010\PLUGINS\A52TOSPDIF\DEBUG\STDAFX.OBJ
D:\Study\vlc\vlc-2.1.0.subproject-2010\plugins\a52tospdif\Debug\vc100.idb
D:\STUDY\VLC\VLC-2.1.0.SUBPROJECT-2010\PLUGINS\A52TOSPDIF\DEBUG\VC100.PDB
