D:\Study\vlc\vlc-2.1.0.subproject-2010\Debug\croppadd.exp
D:\Study\vlc\vlc-2.1.0.subproject-2010\Debug\croppadd.lib
D:\STUDY\VLC\VLC-2.1.0.SUBPROJECT-2010\DEBUG\CROPPADD.PDB
D:\STUDY\VLC\VLC-2.1.0.SUBPROJECT-2010\DEBUG\PLUGINS\VIDEO_FILTER\LIBCROPPADD_PLUGIN.DLL
D:\STUDY\VLC\VLC-2.1.0.SUBPROJECT-2010\DEBUG\PLUGINS\VIDEO_FILTER\LIBCROPPADD_PLUGIN.ILK
D:\Study\vlc\vlc-2.1.0.subproject-2010\plugins\croppadd\Debug\cl.command.1.tlog
D:\Study\vlc\vlc-2.1.0.subproject-2010\plugins\croppadd\Debug\CL.read.1.tlog
D:\Study\vlc\vlc-2.1.0.subproject-2010\plugins\croppadd\Debug\CL.write.1.tlog
D:\STUDY\VLC\VLC-2.1.0.SUBPROJECT-2010\PLUGINS\CROPPADD\DEBUG\CROPPADD.DLL.EMBED.MANIFEST
D:\STUDY\VLC\VLC-2.1.0.SUBPROJECT-2010\PLUGINS\CROPPADD\DEBUG\CROPPADD.DLL.EMBED.MANIFEST.RES
D:\STUDY\VLC\VLC-2.1.0.SUBPROJECT-2010\PLUGINS\CROPPADD\DEBUG\CROPPADD.DLL.INTERMEDIATE.MANIFEST
D:\STUDY\VLC\VLC-2.1.0.SUBPROJECT-2010\PLUGINS\CROPPADD\DEBUG\CROPPADD.OBJ
D:\STUDY\VLC\VLC-2.1.0.SUBPROJECT-2010\PLUGINS\CROPPADD\DEBUG\CROPPADD.PCH
D:\STUDY\VLC\VLC-2.1.0.SUBPROJECT-2010\PLUGINS\CROPPADD\DEBUG\CROPPADD.RES
D:\Study\vlc\vlc-2.1.0.subproject-2010\plugins\croppadd\Debug\croppadd.write.1.tlog
D:\Study\vlc\vlc-2.1.0.subproject-2010\plugins\croppadd\Debug\croppadd_manifest.rc
D:\STUDY\VLC\VLC-2.1.0.SUBPROJECT-2010\PLUGINS\CROPPADD\DEBUG\CROPPADD1.OBJ
D:\Study\vlc\vlc-2.1.0.subproject-2010\plugins\croppadd\Debug\link.3960.read.1.tlog
D:\Study\vlc\vlc-2.1.0.subproject-2010\plugins\croppadd\Debug\link.3960.write.1.tlog
D:\Study\vlc\vlc-2.1.0.subproject-2010\plugins\croppadd\Debug\link.3960-cvtres.read.1.tlog
D:\Study\vlc\vlc-2.1.0.subproject-2010\plugins\croppadd\Debug\link.3960-cvtres.write.1.tlog
D:\Study\vlc\vlc-2.1.0.subproject-2010\plugins\croppadd\Debug\link.command.1.tlog
D:\Study\vlc\vlc-2.1.0.subproject-2010\plugins\croppadd\Debug\link.read.1.tlog
D:\Study\vlc\vlc-2.1.0.subproject-2010\plugins\croppadd\Debug\link.write.1.tlog
D:\Study\vlc\vlc-2.1.0.subproject-2010\plugins\croppadd\Debug\link-cvtres.read.1.tlog
D:\Study\vlc\vlc-2.1.0.subproject-2010\plugins\croppadd\Debug\link-cvtres.write.1.tlog
D:\Study\vlc\vlc-2.1.0.subproject-2010\plugins\croppadd\Debug\mt.command.1.tlog
D:\Study\vlc\vlc-2.1.0.subproject-2010\plugins\croppadd\Debug\mt.read.1.tlog
D:\Study\vlc\vlc-2.1.0.subproject-2010\plugins\croppadd\Debug\mt.write.1.tlog
D:\Study\vlc\vlc-2.1.0.subproject-2010\plugins\croppadd\Debug\rc.command.1.tlog
D:\Study\vlc\vlc-2.1.0.subproject-2010\plugins\croppadd\Debug\rc.read.1.tlog
D:\Study\vlc\vlc-2.1.0.subproject-2010\plugins\croppadd\Debug\rc.write.1.tlog
D:\STUDY\VLC\VLC-2.1.0.SUBPROJECT-2010\PLUGINS\CROPPADD\DEBUG\STDAFX.OBJ
D:\Study\vlc\vlc-2.1.0.subproject-2010\plugins\croppadd\Debug\vc100.idb
D:\STUDY\VLC\VLC-2.1.0.SUBPROJECT-2010\PLUGINS\CROPPADD\DEBUG\VC100.PDB
