D:\STUDY\VLC\VLC-2.1.0.SUBPROJECT-2010\DEBUG\PLUGINS\MISC\LIBSTATS_PLUGIN.DLL
D:\STUDY\VLC\VLC-2.1.0.SUBPROJECT-2010\DEBUG\PLUGINS\MISC\LIBSTATS_PLUGIN.ILK
D:\Study\vlc\vlc-2.1.0.subproject-2010\Debug\stats.exp
D:\Study\vlc\vlc-2.1.0.subproject-2010\Debug\stats.lib
D:\STUDY\VLC\VLC-2.1.0.SUBPROJECT-2010\DEBUG\STATS.PDB
D:\Study\vlc\vlc-2.1.0.subproject-2010\plugins\stats\Debug\cl.command.1.tlog
D:\Study\vlc\vlc-2.1.0.subproject-2010\plugins\stats\Debug\CL.read.1.tlog
D:\Study\vlc\vlc-2.1.0.subproject-2010\plugins\stats\Debug\CL.write.1.tlog
D:\Study\vlc\vlc-2.1.0.subproject-2010\plugins\stats\Debug\link.7224.read.1.tlog
D:\Study\vlc\vlc-2.1.0.subproject-2010\plugins\stats\Debug\link.7224.write.1.tlog
D:\Study\vlc\vlc-2.1.0.subproject-2010\plugins\stats\Debug\link.7224-cvtres.read.1.tlog
D:\Study\vlc\vlc-2.1.0.subproject-2010\plugins\stats\Debug\link.7224-cvtres.write.1.tlog
D:\Study\vlc\vlc-2.1.0.subproject-2010\plugins\stats\Debug\link.command.1.tlog
D:\Study\vlc\vlc-2.1.0.subproject-2010\plugins\stats\Debug\link.read.1.tlog
D:\Study\vlc\vlc-2.1.0.subproject-2010\plugins\stats\Debug\link.write.1.tlog
D:\Study\vlc\vlc-2.1.0.subproject-2010\plugins\stats\Debug\link-cvtres.read.1.tlog
D:\Study\vlc\vlc-2.1.0.subproject-2010\plugins\stats\Debug\link-cvtres.write.1.tlog
D:\Study\vlc\vlc-2.1.0.subproject-2010\plugins\stats\Debug\mt.command.1.tlog
D:\Study\vlc\vlc-2.1.0.subproject-2010\plugins\stats\Debug\mt.read.1.tlog
D:\Study\vlc\vlc-2.1.0.subproject-2010\plugins\stats\Debug\mt.write.1.tlog
D:\Study\vlc\vlc-2.1.0.subproject-2010\plugins\stats\Debug\rc.command.1.tlog
D:\Study\vlc\vlc-2.1.0.subproject-2010\plugins\stats\Debug\rc.read.1.tlog
D:\Study\vlc\vlc-2.1.0.subproject-2010\plugins\stats\Debug\rc.write.1.tlog
D:\STUDY\VLC\VLC-2.1.0.SUBPROJECT-2010\PLUGINS\STATS\DEBUG\STATS.DLL.EMBED.MANIFEST
D:\STUDY\VLC\VLC-2.1.0.SUBPROJECT-2010\PLUGINS\STATS\DEBUG\STATS.DLL.EMBED.MANIFEST.RES
D:\STUDY\VLC\VLC-2.1.0.SUBPROJECT-2010\PLUGINS\STATS\DEBUG\STATS.DLL.INTERMEDIATE.MANIFEST
D:\STUDY\VLC\VLC-2.1.0.SUBPROJECT-2010\PLUGINS\STATS\DEBUG\STATS.OBJ
D:\STUDY\VLC\VLC-2.1.0.SUBPROJECT-2010\PLUGINS\STATS\DEBUG\STATS.PCH
D:\STUDY\VLC\VLC-2.1.0.SUBPROJECT-2010\PLUGINS\STATS\DEBUG\STATS.RES
D:\Study\vlc\vlc-2.1.0.subproject-2010\plugins\stats\Debug\stats.write.1.tlog
D:\Study\vlc\vlc-2.1.0.subproject-2010\plugins\stats\Debug\stats_manifest.rc
D:\STUDY\VLC\VLC-2.1.0.SUBPROJECT-2010\PLUGINS\STATS\DEBUG\STATS1.OBJ
D:\STUDY\VLC\VLC-2.1.0.SUBPROJECT-2010\PLUGINS\STATS\DEBUG\STDAFX.OBJ
D:\Study\vlc\vlc-2.1.0.subproject-2010\plugins\stats\Debug\vc100.idb
D:\STUDY\VLC\VLC-2.1.0.SUBPROJECT-2010\PLUGINS\STATS\DEBUG\VC100.PDB
