D:\Study\vlc\vlc-2.1.0.subproject-2010\Debug\access_mms.exp
D:\Study\vlc\vlc-2.1.0.subproject-2010\Debug\access_mms.lib
D:\STUDY\VLC\VLC-2.1.0.SUBPROJECT-2010\DEBUG\ACCESS_MMS.PDB
D:\STUDY\VLC\VLC-2.1.0.SUBPROJECT-2010\DEBUG\PLUGINS\ACCESS\LIBACCESS_MMS_PLUGIN.DLL
D:\STUDY\VLC\VLC-2.1.0.SUBPROJECT-2010\DEBUG\PLUGINS\ACCESS\LIBACCESS_MMS_PLUGIN.ILK
D:\STUDY\VLC\VLC-2.1.0.SUBPROJECT-2010\PLUGINS\ACCESS_MMS\DEBUG\ACCESS_MMS.DLL.EMBED.MANIFEST
D:\STUDY\VLC\VLC-2.1.0.SUBPROJECT-2010\PLUGINS\ACCESS_MMS\DEBUG\ACCESS_MMS.DLL.EMBED.MANIFEST.RES
D:\STUDY\VLC\VLC-2.1.0.SUBPROJECT-2010\PLUGINS\ACCESS_MMS\DEBUG\ACCESS_MMS.DLL.INTERMEDIATE.MANIFEST
D:\STUDY\VLC\VLC-2.1.0.SUBPROJECT-2010\PLUGINS\ACCESS_MMS\DEBUG\ACCESS_MMS.OBJ
D:\STUDY\VLC\VLC-2.1.0.SUBPROJECT-2010\PLUGINS\ACCESS_MMS\DEBUG\ACCESS_MMS.PCH
D:\STUDY\VLC\VLC-2.1.0.SUBPROJECT-2010\PLUGINS\ACCESS_MMS\DEBUG\ACCESS_MMS.RES
D:\Study\vlc\vlc-2.1.0.subproject-2010\plugins\access_mms\Debug\access_mms.write.1.tlog
D:\Study\vlc\vlc-2.1.0.subproject-2010\plugins\access_mms\Debug\access_mms_manifest.rc
D:\STUDY\VLC\VLC-2.1.0.SUBPROJECT-2010\PLUGINS\ACCESS_MMS\DEBUG\ASF.OBJ
D:\STUDY\VLC\VLC-2.1.0.SUBPROJECT-2010\PLUGINS\ACCESS_MMS\DEBUG\BUFFER.OBJ
D:\Study\vlc\vlc-2.1.0.subproject-2010\plugins\access_mms\Debug\cl.command.1.tlog
D:\Study\vlc\vlc-2.1.0.subproject-2010\plugins\access_mms\Debug\CL.read.1.tlog
D:\Study\vlc\vlc-2.1.0.subproject-2010\plugins\access_mms\Debug\CL.write.1.tlog
D:\Study\vlc\vlc-2.1.0.subproject-2010\plugins\access_mms\Debug\link.7644.read.1.tlog
D:\Study\vlc\vlc-2.1.0.subproject-2010\plugins\access_mms\Debug\link.7644.write.1.tlog
D:\Study\vlc\vlc-2.1.0.subproject-2010\plugins\access_mms\Debug\link.7644-cvtres.read.1.tlog
D:\Study\vlc\vlc-2.1.0.subproject-2010\plugins\access_mms\Debug\link.7644-cvtres.write.1.tlog
D:\Study\vlc\vlc-2.1.0.subproject-2010\plugins\access_mms\Debug\link.command.1.tlog
D:\Study\vlc\vlc-2.1.0.subproject-2010\plugins\access_mms\Debug\link.read.1.tlog
D:\Study\vlc\vlc-2.1.0.subproject-2010\plugins\access_mms\Debug\link.write.1.tlog
D:\Study\vlc\vlc-2.1.0.subproject-2010\plugins\access_mms\Debug\link-cvtres.read.1.tlog
D:\Study\vlc\vlc-2.1.0.subproject-2010\plugins\access_mms\Debug\link-cvtres.write.1.tlog
D:\STUDY\VLC\VLC-2.1.0.SUBPROJECT-2010\PLUGINS\ACCESS_MMS\DEBUG\MMS.OBJ
D:\STUDY\VLC\VLC-2.1.0.SUBPROJECT-2010\PLUGINS\ACCESS_MMS\DEBUG\MMSH.OBJ
D:\STUDY\VLC\VLC-2.1.0.SUBPROJECT-2010\PLUGINS\ACCESS_MMS\DEBUG\MMSTU.OBJ
D:\Study\vlc\vlc-2.1.0.subproject-2010\plugins\access_mms\Debug\mt.command.1.tlog
D:\Study\vlc\vlc-2.1.0.subproject-2010\plugins\access_mms\Debug\mt.read.1.tlog
D:\Study\vlc\vlc-2.1.0.subproject-2010\plugins\access_mms\Debug\mt.write.1.tlog
D:\Study\vlc\vlc-2.1.0.subproject-2010\plugins\access_mms\Debug\rc.command.1.tlog
D:\Study\vlc\vlc-2.1.0.subproject-2010\plugins\access_mms\Debug\rc.read.1.tlog
D:\Study\vlc\vlc-2.1.0.subproject-2010\plugins\access_mms\Debug\rc.write.1.tlog
D:\STUDY\VLC\VLC-2.1.0.SUBPROJECT-2010\PLUGINS\ACCESS_MMS\DEBUG\STDAFX.OBJ
D:\Study\vlc\vlc-2.1.0.subproject-2010\plugins\access_mms\Debug\vc100.idb
D:\STUDY\VLC\VLC-2.1.0.SUBPROJECT-2010\PLUGINS\ACCESS_MMS\DEBUG\VC100.PDB
