D:\Study\vlc\vlc-2.1.0.subproject-2010\Debug\directsound.exp
D:\Study\vlc\vlc-2.1.0.subproject-2010\Debug\directsound.lib
D:\STUDY\VLC\VLC-2.1.0.SUBPROJECT-2010\DEBUG\DIRECTSOUND.PDB
D:\STUDY\VLC\VLC-2.1.0.SUBPROJECT-2010\DEBUG\PLUGINS\AUDIO_OUTPUT\LIBDIRECTSOUND_PLUGIN.DLL
D:\STUDY\VLC\VLC-2.1.0.SUBPROJECT-2010\DEBUG\PLUGINS\AUDIO_OUTPUT\LIBDIRECTSOUND_PLUGIN.ILK
D:\Study\vlc\vlc-2.1.0.subproject-2010\plugins\directsound\Debug\cl.command.1.tlog
D:\Study\vlc\vlc-2.1.0.subproject-2010\plugins\directsound\Debug\CL.read.1.tlog
D:\Study\vlc\vlc-2.1.0.subproject-2010\plugins\directsound\Debug\CL.write.1.tlog
D:\STUDY\VLC\VLC-2.1.0.SUBPROJECT-2010\PLUGINS\DIRECTSOUND\DEBUG\DIRECTSOUND.DLL.EMBED.MANIFEST
D:\STUDY\VLC\VLC-2.1.0.SUBPROJECT-2010\PLUGINS\DIRECTSOUND\DEBUG\DIRECTSOUND.DLL.EMBED.MANIFEST.RES
D:\STUDY\VLC\VLC-2.1.0.SUBPROJECT-2010\PLUGINS\DIRECTSOUND\DEBUG\DIRECTSOUND.DLL.INTERMEDIATE.MANIFEST
D:\STUDY\VLC\VLC-2.1.0.SUBPROJECT-2010\PLUGINS\DIRECTSOUND\DEBUG\DIRECTSOUND.OBJ
D:\STUDY\VLC\VLC-2.1.0.SUBPROJECT-2010\PLUGINS\DIRECTSOUND\DEBUG\DIRECTSOUND.PCH
D:\STUDY\VLC\VLC-2.1.0.SUBPROJECT-2010\PLUGINS\DIRECTSOUND\DEBUG\DIRECTSOUND.RES
D:\Study\vlc\vlc-2.1.0.subproject-2010\plugins\directsound\Debug\directsound.write.1.tlog
D:\Study\vlc\vlc-2.1.0.subproject-2010\plugins\directsound\Debug\directsound_manifest.rc
D:\STUDY\VLC\VLC-2.1.0.SUBPROJECT-2010\PLUGINS\DIRECTSOUND\DEBUG\DIRECTX.OBJ
D:\Study\vlc\vlc-2.1.0.subproject-2010\plugins\directsound\Debug\link.8384.read.1.tlog
D:\Study\vlc\vlc-2.1.0.subproject-2010\plugins\directsound\Debug\link.8384.write.1.tlog
D:\Study\vlc\vlc-2.1.0.subproject-2010\plugins\directsound\Debug\link.8384-cvtres.read.1.tlog
D:\Study\vlc\vlc-2.1.0.subproject-2010\plugins\directsound\Debug\link.8384-cvtres.write.1.tlog
D:\Study\vlc\vlc-2.1.0.subproject-2010\plugins\directsound\Debug\link.command.1.tlog
D:\Study\vlc\vlc-2.1.0.subproject-2010\plugins\directsound\Debug\link.read.1.tlog
D:\Study\vlc\vlc-2.1.0.subproject-2010\plugins\directsound\Debug\link.write.1.tlog
D:\Study\vlc\vlc-2.1.0.subproject-2010\plugins\directsound\Debug\link-cvtres.read.1.tlog
D:\Study\vlc\vlc-2.1.0.subproject-2010\plugins\directsound\Debug\link-cvtres.write.1.tlog
D:\Study\vlc\vlc-2.1.0.subproject-2010\plugins\directsound\Debug\mt.command.1.tlog
D:\Study\vlc\vlc-2.1.0.subproject-2010\plugins\directsound\Debug\mt.read.1.tlog
D:\Study\vlc\vlc-2.1.0.subproject-2010\plugins\directsound\Debug\mt.write.1.tlog
D:\Study\vlc\vlc-2.1.0.subproject-2010\plugins\directsound\Debug\rc.command.1.tlog
D:\Study\vlc\vlc-2.1.0.subproject-2010\plugins\directsound\Debug\rc.read.1.tlog
D:\Study\vlc\vlc-2.1.0.subproject-2010\plugins\directsound\Debug\rc.write.1.tlog
D:\STUDY\VLC\VLC-2.1.0.SUBPROJECT-2010\PLUGINS\DIRECTSOUND\DEBUG\STDAFX.OBJ
D:\Study\vlc\vlc-2.1.0.subproject-2010\plugins\directsound\Debug\vc100.idb
D:\STUDY\VLC\VLC-2.1.0.SUBPROJECT-2010\PLUGINS\DIRECTSOUND\DEBUG\VC100.PDB
