D:\STUDY\VLC\VLC-2.1.0.SUBPROJECT-2010\DEBUG\PLUGINS\AUDIO_FILTER\LIBSTEREO_WIDEN_PLUGIN.DLL
D:\STUDY\VLC\VLC-2.1.0.SUBPROJECT-2010\DEBUG\PLUGINS\AUDIO_FILTER\LIBSTEREO_WIDEN_PLUGIN.ILK
D:\Study\vlc\vlc-2.1.0.subproject-2010\Debug\stereo_widen.exp
D:\Study\vlc\vlc-2.1.0.subproject-2010\Debug\stereo_widen.lib
D:\STUDY\VLC\VLC-2.1.0.SUBPROJECT-2010\DEBUG\STEREO_WIDEN.PDB
D:\Study\vlc\vlc-2.1.0.subproject-2010\plugins\stereo_widen\Debug\cl.command.1.tlog
D:\Study\vlc\vlc-2.1.0.subproject-2010\plugins\stereo_widen\Debug\CL.read.1.tlog
D:\Study\vlc\vlc-2.1.0.subproject-2010\plugins\stereo_widen\Debug\CL.write.1.tlog
D:\Study\vlc\vlc-2.1.0.subproject-2010\plugins\stereo_widen\Debug\link.12808.read.1.tlog
D:\Study\vlc\vlc-2.1.0.subproject-2010\plugins\stereo_widen\Debug\link.12808.write.1.tlog
D:\Study\vlc\vlc-2.1.0.subproject-2010\plugins\stereo_widen\Debug\link.12808-cvtres.read.1.tlog
D:\Study\vlc\vlc-2.1.0.subproject-2010\plugins\stereo_widen\Debug\link.12808-cvtres.write.1.tlog
D:\Study\vlc\vlc-2.1.0.subproject-2010\plugins\stereo_widen\Debug\link.command.1.tlog
D:\Study\vlc\vlc-2.1.0.subproject-2010\plugins\stereo_widen\Debug\link.read.1.tlog
D:\Study\vlc\vlc-2.1.0.subproject-2010\plugins\stereo_widen\Debug\link.write.1.tlog
D:\Study\vlc\vlc-2.1.0.subproject-2010\plugins\stereo_widen\Debug\link-cvtres.read.1.tlog
D:\Study\vlc\vlc-2.1.0.subproject-2010\plugins\stereo_widen\Debug\link-cvtres.write.1.tlog
D:\Study\vlc\vlc-2.1.0.subproject-2010\plugins\stereo_widen\Debug\mt.command.1.tlog
D:\Study\vlc\vlc-2.1.0.subproject-2010\plugins\stereo_widen\Debug\mt.read.1.tlog
D:\Study\vlc\vlc-2.1.0.subproject-2010\plugins\stereo_widen\Debug\mt.write.1.tlog
D:\Study\vlc\vlc-2.1.0.subproject-2010\plugins\stereo_widen\Debug\rc.command.1.tlog
D:\Study\vlc\vlc-2.1.0.subproject-2010\plugins\stereo_widen\Debug\rc.read.1.tlog
D:\Study\vlc\vlc-2.1.0.subproject-2010\plugins\stereo_widen\Debug\rc.write.1.tlog
D:\STUDY\VLC\VLC-2.1.0.SUBPROJECT-2010\PLUGINS\STEREO_WIDEN\DEBUG\STDAFX.OBJ
D:\STUDY\VLC\VLC-2.1.0.SUBPROJECT-2010\PLUGINS\STEREO_WIDEN\DEBUG\STEREO_WIDEN.DLL.EMBED.MANIFEST
D:\STUDY\VLC\VLC-2.1.0.SUBPROJECT-2010\PLUGINS\STEREO_WIDEN\DEBUG\STEREO_WIDEN.DLL.EMBED.MANIFEST.RES
D:\STUDY\VLC\VLC-2.1.0.SUBPROJECT-2010\PLUGINS\STEREO_WIDEN\DEBUG\STEREO_WIDEN.DLL.INTERMEDIATE.MANIFEST
D:\STUDY\VLC\VLC-2.1.0.SUBPROJECT-2010\PLUGINS\STEREO_WIDEN\DEBUG\STEREO_WIDEN.OBJ
D:\STUDY\VLC\VLC-2.1.0.SUBPROJECT-2010\PLUGINS\STEREO_WIDEN\DEBUG\STEREO_WIDEN.PCH
D:\STUDY\VLC\VLC-2.1.0.SUBPROJECT-2010\PLUGINS\STEREO_WIDEN\DEBUG\STEREO_WIDEN.RES
D:\Study\vlc\vlc-2.1.0.subproject-2010\plugins\stereo_widen\Debug\stereo_widen.write.1.tlog
D:\Study\vlc\vlc-2.1.0.subproject-2010\plugins\stereo_widen\Debug\stereo_widen_manifest.rc
D:\STUDY\VLC\VLC-2.1.0.SUBPROJECT-2010\PLUGINS\STEREO_WIDEN\DEBUG\STEREO_WIDEN1.OBJ
D:\Study\vlc\vlc-2.1.0.subproject-2010\plugins\stereo_widen\Debug\vc100.idb
D:\STUDY\VLC\VLC-2.1.0.SUBPROJECT-2010\PLUGINS\STEREO_WIDEN\DEBUG\VC100.PDB
