D:\Study\vlc\vlc-2.1.0.subproject-2010\Debug\packetizer_copy.exp
D:\Study\vlc\vlc-2.1.0.subproject-2010\Debug\packetizer_copy.lib
D:\STUDY\VLC\VLC-2.1.0.SUBPROJECT-2010\DEBUG\PACKETIZER_COPY.PDB
D:\STUDY\VLC\VLC-2.1.0.SUBPROJECT-2010\DEBUG\PLUGINS\PACKETIZER\LIBPACKETIZER_COPY_PLUGIN.DLL
D:\STUDY\VLC\VLC-2.1.0.SUBPROJECT-2010\DEBUG\PLUGINS\PACKETIZER\LIBPACKETIZER_COPY_PLUGIN.ILK
D:\Study\vlc\vlc-2.1.0.subproject-2010\plugins\packetizer_copy\Debug\cl.command.1.tlog
D:\Study\vlc\vlc-2.1.0.subproject-2010\plugins\packetizer_copy\Debug\CL.read.1.tlog
D:\Study\vlc\vlc-2.1.0.subproject-2010\plugins\packetizer_copy\Debug\CL.write.1.tlog
D:\STUDY\VLC\VLC-2.1.0.SUBPROJECT-2010\PLUGINS\PACKETIZER_COPY\DEBUG\COPY.OBJ
D:\Study\vlc\vlc-2.1.0.subproject-2010\plugins\packetizer_copy\Debug\link.7824.read.1.tlog
D:\Study\vlc\vlc-2.1.0.subproject-2010\plugins\packetizer_copy\Debug\link.7824.write.1.tlog
D:\Study\vlc\vlc-2.1.0.subproject-2010\plugins\packetizer_copy\Debug\link.7824-cvtres.read.1.tlog
D:\Study\vlc\vlc-2.1.0.subproject-2010\plugins\packetizer_copy\Debug\link.7824-cvtres.write.1.tlog
D:\Study\vlc\vlc-2.1.0.subproject-2010\plugins\packetizer_copy\Debug\link.command.1.tlog
D:\Study\vlc\vlc-2.1.0.subproject-2010\plugins\packetizer_copy\Debug\link.read.1.tlog
D:\Study\vlc\vlc-2.1.0.subproject-2010\plugins\packetizer_copy\Debug\link.write.1.tlog
D:\Study\vlc\vlc-2.1.0.subproject-2010\plugins\packetizer_copy\Debug\link-cvtres.read.1.tlog
D:\Study\vlc\vlc-2.1.0.subproject-2010\plugins\packetizer_copy\Debug\link-cvtres.write.1.tlog
D:\Study\vlc\vlc-2.1.0.subproject-2010\plugins\packetizer_copy\Debug\mt.command.1.tlog
D:\Study\vlc\vlc-2.1.0.subproject-2010\plugins\packetizer_copy\Debug\mt.read.1.tlog
D:\Study\vlc\vlc-2.1.0.subproject-2010\plugins\packetizer_copy\Debug\mt.write.1.tlog
D:\STUDY\VLC\VLC-2.1.0.SUBPROJECT-2010\PLUGINS\PACKETIZER_COPY\DEBUG\PACKETIZER_COPY.DLL.EMBED.MANIFEST
D:\STUDY\VLC\VLC-2.1.0.SUBPROJECT-2010\PLUGINS\PACKETIZER_COPY\DEBUG\PACKETIZER_COPY.DLL.EMBED.MANIFEST.RES
D:\STUDY\VLC\VLC-2.1.0.SUBPROJECT-2010\PLUGINS\PACKETIZER_COPY\DEBUG\PACKETIZER_COPY.DLL.INTERMEDIATE.MANIFEST
D:\STUDY\VLC\VLC-2.1.0.SUBPROJECT-2010\PLUGINS\PACKETIZER_COPY\DEBUG\PACKETIZER_COPY.OBJ
D:\STUDY\VLC\VLC-2.1.0.SUBPROJECT-2010\PLUGINS\PACKETIZER_COPY\DEBUG\PACKETIZER_COPY.PCH
D:\STUDY\VLC\VLC-2.1.0.SUBPROJECT-2010\PLUGINS\PACKETIZER_COPY\DEBUG\PACKETIZER_COPY.RES
D:\Study\vlc\vlc-2.1.0.subproject-2010\plugins\packetizer_copy\Debug\packetizer_copy.write.1.tlog
D:\Study\vlc\vlc-2.1.0.subproject-2010\plugins\packetizer_copy\Debug\packetizer_copy_manifest.rc
D:\Study\vlc\vlc-2.1.0.subproject-2010\plugins\packetizer_copy\Debug\rc.command.1.tlog
D:\Study\vlc\vlc-2.1.0.subproject-2010\plugins\packetizer_copy\Debug\rc.read.1.tlog
D:\Study\vlc\vlc-2.1.0.subproject-2010\plugins\packetizer_copy\Debug\rc.write.1.tlog
D:\STUDY\VLC\VLC-2.1.0.SUBPROJECT-2010\PLUGINS\PACKETIZER_COPY\DEBUG\STDAFX.OBJ
D:\Study\vlc\vlc-2.1.0.subproject-2010\plugins\packetizer_copy\Debug\vc100.idb
D:\STUDY\VLC\VLC-2.1.0.SUBPROJECT-2010\PLUGINS\PACKETIZER_COPY\DEBUG\VC100.PDB
