D:\STUDY\VLC\VLC-2.1.0.SUBPROJECT-2010\DEBUG\PLUGINS\DEMUX\LIBREAL_PLUGIN.DLL
D:\STUDY\VLC\VLC-2.1.0.SUBPROJECT-2010\DEBUG\PLUGINS\DEMUX\LIBREAL_PLUGIN.ILK
D:\Study\vlc\vlc-2.1.0.subproject-2010\Debug\real.exp
D:\Study\vlc\vlc-2.1.0.subproject-2010\Debug\real.lib
D:\STUDY\VLC\VLC-2.1.0.SUBPROJECT-2010\DEBUG\REAL.PDB
D:\Study\vlc\vlc-2.1.0.subproject-2010\plugins\real\Debug\cl.command.1.tlog
D:\Study\vlc\vlc-2.1.0.subproject-2010\plugins\real\Debug\CL.read.1.tlog
D:\Study\vlc\vlc-2.1.0.subproject-2010\plugins\real\Debug\CL.write.1.tlog
D:\Study\vlc\vlc-2.1.0.subproject-2010\plugins\real\Debug\link.10316.read.1.tlog
D:\Study\vlc\vlc-2.1.0.subproject-2010\plugins\real\Debug\link.10316.write.1.tlog
D:\Study\vlc\vlc-2.1.0.subproject-2010\plugins\real\Debug\link.10316-cvtres.read.1.tlog
D:\Study\vlc\vlc-2.1.0.subproject-2010\plugins\real\Debug\link.10316-cvtres.write.1.tlog
D:\Study\vlc\vlc-2.1.0.subproject-2010\plugins\real\Debug\link.command.1.tlog
D:\Study\vlc\vlc-2.1.0.subproject-2010\plugins\real\Debug\link.read.1.tlog
D:\Study\vlc\vlc-2.1.0.subproject-2010\plugins\real\Debug\link.write.1.tlog
D:\Study\vlc\vlc-2.1.0.subproject-2010\plugins\real\Debug\link-cvtres.read.1.tlog
D:\Study\vlc\vlc-2.1.0.subproject-2010\plugins\real\Debug\link-cvtres.write.1.tlog
D:\Study\vlc\vlc-2.1.0.subproject-2010\plugins\real\Debug\mt.command.1.tlog
D:\Study\vlc\vlc-2.1.0.subproject-2010\plugins\real\Debug\mt.read.1.tlog
D:\Study\vlc\vlc-2.1.0.subproject-2010\plugins\real\Debug\mt.write.1.tlog
D:\Study\vlc\vlc-2.1.0.subproject-2010\plugins\real\Debug\rc.command.1.tlog
D:\Study\vlc\vlc-2.1.0.subproject-2010\plugins\real\Debug\rc.read.1.tlog
D:\Study\vlc\vlc-2.1.0.subproject-2010\plugins\real\Debug\rc.write.1.tlog
D:\STUDY\VLC\VLC-2.1.0.SUBPROJECT-2010\PLUGINS\REAL\DEBUG\REAL.DLL.EMBED.MANIFEST
D:\STUDY\VLC\VLC-2.1.0.SUBPROJECT-2010\PLUGINS\REAL\DEBUG\REAL.DLL.EMBED.MANIFEST.RES
D:\STUDY\VLC\VLC-2.1.0.SUBPROJECT-2010\PLUGINS\REAL\DEBUG\REAL.DLL.INTERMEDIATE.MANIFEST
D:\STUDY\VLC\VLC-2.1.0.SUBPROJECT-2010\PLUGINS\REAL\DEBUG\REAL.OBJ
D:\STUDY\VLC\VLC-2.1.0.SUBPROJECT-2010\PLUGINS\REAL\DEBUG\REAL.PCH
D:\STUDY\VLC\VLC-2.1.0.SUBPROJECT-2010\PLUGINS\REAL\DEBUG\REAL.RES
D:\Study\vlc\vlc-2.1.0.subproject-2010\plugins\real\Debug\real.write.1.tlog
D:\Study\vlc\vlc-2.1.0.subproject-2010\plugins\real\Debug\real_manifest.rc
D:\STUDY\VLC\VLC-2.1.0.SUBPROJECT-2010\PLUGINS\REAL\DEBUG\REAL1.OBJ
D:\STUDY\VLC\VLC-2.1.0.SUBPROJECT-2010\PLUGINS\REAL\DEBUG\STDAFX.OBJ
D:\Study\vlc\vlc-2.1.0.subproject-2010\plugins\real\Debug\vc100.idb
D:\STUDY\VLC\VLC-2.1.0.SUBPROJECT-2010\PLUGINS\REAL\DEBUG\VC100.PDB
