D:\Study\vlc\vlc-2.1.0.subproject-2010\Debug\live555.exp
D:\Study\vlc\vlc-2.1.0.subproject-2010\Debug\live555.lib
D:\STUDY\VLC\VLC-2.1.0.SUBPROJECT-2010\DEBUG\LIVE555.PDB
D:\STUDY\VLC\VLC-2.1.0.SUBPROJECT-2010\DEBUG\PLUGINS\ACCESS\LIBLIVE555_PLUGIN.DLL
D:\STUDY\VLC\VLC-2.1.0.SUBPROJECT-2010\DEBUG\PLUGINS\ACCESS\LIBLIVE555_PLUGIN.ILK
D:\STUDY\VLC\VLC-2.1.0.SUBPROJECT-2010\PLUGINS\LIVE555\DEBUG\AACAUDIOMATROSKAFILESERVERMEDIASUBSESSION.OBJ
D:\STUDY\VLC\VLC-2.1.0.SUBPROJECT-2010\PLUGINS\LIVE555\DEBUG\AC3AUDIOFILESERVERMEDIASUBSESSION.OBJ
D:\STUDY\VLC\VLC-2.1.0.SUBPROJECT-2010\PLUGINS\LIVE555\DEBUG\AC3AUDIOMATROSKAFILESERVERMEDIASUBSESSION.OBJ
D:\STUDY\VLC\VLC-2.1.0.SUBPROJECT-2010\PLUGINS\LIVE555\DEBUG\AC3AUDIORTPSINK.OBJ
D:\STUDY\VLC\VLC-2.1.0.SUBPROJECT-2010\PLUGINS\LIVE555\DEBUG\AC3AUDIORTPSOURCE.OBJ
D:\STUDY\VLC\VLC-2.1.0.SUBPROJECT-2010\PLUGINS\LIVE555\DEBUG\AC3AUDIOSTREAMFRAMER.OBJ
D:\STUDY\VLC\VLC-2.1.0.SUBPROJECT-2010\PLUGINS\LIVE555\DEBUG\ADTSAUDIOFILESERVERMEDIASUBSESSION.OBJ
D:\STUDY\VLC\VLC-2.1.0.SUBPROJECT-2010\PLUGINS\LIVE555\DEBUG\ADTSAUDIOFILESOURCE.OBJ
D:\STUDY\VLC\VLC-2.1.0.SUBPROJECT-2010\PLUGINS\LIVE555\DEBUG\AMRAUDIOFILESERVERMEDIASUBSESSION.OBJ
D:\STUDY\VLC\VLC-2.1.0.SUBPROJECT-2010\PLUGINS\LIVE555\DEBUG\AMRAUDIOFILESINK.OBJ
D:\STUDY\VLC\VLC-2.1.0.SUBPROJECT-2010\PLUGINS\LIVE555\DEBUG\AMRAUDIOFILESOURCE.OBJ
D:\STUDY\VLC\VLC-2.1.0.SUBPROJECT-2010\PLUGINS\LIVE555\DEBUG\AMRAUDIORTPSINK.OBJ
D:\STUDY\VLC\VLC-2.1.0.SUBPROJECT-2010\PLUGINS\LIVE555\DEBUG\AMRAUDIORTPSOURCE.OBJ
D:\STUDY\VLC\VLC-2.1.0.SUBPROJECT-2010\PLUGINS\LIVE555\DEBUG\AMRAUDIOSOURCE.OBJ
D:\STUDY\VLC\VLC-2.1.0.SUBPROJECT-2010\PLUGINS\LIVE555\DEBUG\ASF.OBJ
D:\STUDY\VLC\VLC-2.1.0.SUBPROJECT-2010\PLUGINS\LIVE555\DEBUG\AUDIOINPUTDEVICE.OBJ
D:\STUDY\VLC\VLC-2.1.0.SUBPROJECT-2010\PLUGINS\LIVE555\DEBUG\AUDIORTPSINK.OBJ
D:\STUDY\VLC\VLC-2.1.0.SUBPROJECT-2010\PLUGINS\LIVE555\DEBUG\AVIFILESINK.OBJ
D:\STUDY\VLC\VLC-2.1.0.SUBPROJECT-2010\PLUGINS\LIVE555\DEBUG\BASE64.OBJ
D:\STUDY\VLC\VLC-2.1.0.SUBPROJECT-2010\PLUGINS\LIVE555\DEBUG\BASICHASHTABLE.OBJ
D:\STUDY\VLC\VLC-2.1.0.SUBPROJECT-2010\PLUGINS\LIVE555\DEBUG\BASICTASKSCHEDULER.OBJ
D:\STUDY\VLC\VLC-2.1.0.SUBPROJECT-2010\PLUGINS\LIVE555\DEBUG\BASICTASKSCHEDULER0.OBJ
D:\STUDY\VLC\VLC-2.1.0.SUBPROJECT-2010\PLUGINS\LIVE555\DEBUG\BASICUDPSINK.OBJ
D:\STUDY\VLC\VLC-2.1.0.SUBPROJECT-2010\PLUGINS\LIVE555\DEBUG\BASICUDPSOURCE.OBJ
D:\STUDY\VLC\VLC-2.1.0.SUBPROJECT-2010\PLUGINS\LIVE555\DEBUG\BASICUSAGEENVIRONMENT.OBJ
D:\STUDY\VLC\VLC-2.1.0.SUBPROJECT-2010\PLUGINS\LIVE555\DEBUG\BASICUSAGEENVIRONMENT0.OBJ
D:\STUDY\VLC\VLC-2.1.0.SUBPROJECT-2010\PLUGINS\LIVE555\DEBUG\BITVECTOR.OBJ
D:\STUDY\VLC\VLC-2.1.0.SUBPROJECT-2010\PLUGINS\LIVE555\DEBUG\BUFFER.OBJ
D:\STUDY\VLC\VLC-2.1.0.SUBPROJECT-2010\PLUGINS\LIVE555\DEBUG\BYTESTREAMFILESOURCE.OBJ
D:\STUDY\VLC\VLC-2.1.0.SUBPROJECT-2010\PLUGINS\LIVE555\DEBUG\BYTESTREAMMEMORYBUFFERSOURCE.OBJ
D:\STUDY\VLC\VLC-2.1.0.SUBPROJECT-2010\PLUGINS\LIVE555\DEBUG\BYTESTREAMMULTIFILESOURCE.OBJ
D:\Study\vlc\vlc-2.1.0.subproject-2010\plugins\live555\Debug\cl.command.1.tlog
D:\Study\vlc\vlc-2.1.0.subproject-2010\plugins\live555\Debug\CL.read.1.tlog
D:\Study\vlc\vlc-2.1.0.subproject-2010\plugins\live555\Debug\CL.write.1.tlog
D:\STUDY\VLC\VLC-2.1.0.SUBPROJECT-2010\PLUGINS\LIVE555\DEBUG\DARWININJECTOR.OBJ
D:\STUDY\VLC\VLC-2.1.0.SUBPROJECT-2010\PLUGINS\LIVE555\DEBUG\DELAYQUEUE.OBJ
D:\STUDY\VLC\VLC-2.1.0.SUBPROJECT-2010\PLUGINS\LIVE555\DEBUG\DEVICESOURCE.OBJ
D:\STUDY\VLC\VLC-2.1.0.SUBPROJECT-2010\PLUGINS\LIVE555\DEBUG\DIGESTAUTHENTICATION.OBJ
D:\STUDY\VLC\VLC-2.1.0.SUBPROJECT-2010\PLUGINS\LIVE555\DEBUG\DVVIDEOFILESERVERMEDIASUBSESSION.OBJ
D:\STUDY\VLC\VLC-2.1.0.SUBPROJECT-2010\PLUGINS\LIVE555\DEBUG\DVVIDEORTPSINK.OBJ
D:\STUDY\VLC\VLC-2.1.0.SUBPROJECT-2010\PLUGINS\LIVE555\DEBUG\DVVIDEORTPSOURCE.OBJ
D:\STUDY\VLC\VLC-2.1.0.SUBPROJECT-2010\PLUGINS\LIVE555\DEBUG\DVVIDEOSTREAMFRAMER.OBJ
D:\STUDY\VLC\VLC-2.1.0.SUBPROJECT-2010\PLUGINS\LIVE555\DEBUG\EBMLNUMBER.OBJ
D:\STUDY\VLC\VLC-2.1.0.SUBPROJECT-2010\PLUGINS\LIVE555\DEBUG\FILESERVERMEDIASUBSESSION.OBJ
D:\STUDY\VLC\VLC-2.1.0.SUBPROJECT-2010\PLUGINS\LIVE555\DEBUG\FILESINK.OBJ
D:\STUDY\VLC\VLC-2.1.0.SUBPROJECT-2010\PLUGINS\LIVE555\DEBUG\FRAMEDFILESOURCE.OBJ
D:\STUDY\VLC\VLC-2.1.0.SUBPROJECT-2010\PLUGINS\LIVE555\DEBUG\FRAMEDFILTER.OBJ
D:\STUDY\VLC\VLC-2.1.0.SUBPROJECT-2010\PLUGINS\LIVE555\DEBUG\FRAMEDSOURCE.OBJ
D:\STUDY\VLC\VLC-2.1.0.SUBPROJECT-2010\PLUGINS\LIVE555\DEBUG\GROUPEID.OBJ
D:\STUDY\VLC\VLC-2.1.0.SUBPROJECT-2010\PLUGINS\LIVE555\DEBUG\GROUPSOCK.OBJ
D:\STUDY\VLC\VLC-2.1.0.SUBPROJECT-2010\PLUGINS\LIVE555\DEBUG\GROUPSOCKHELPER.OBJ
D:\STUDY\VLC\VLC-2.1.0.SUBPROJECT-2010\PLUGINS\LIVE555\DEBUG\GSMAUDIORTPSINK.OBJ
D:\STUDY\VLC\VLC-2.1.0.SUBPROJECT-2010\PLUGINS\LIVE555\DEBUG\H261VIDEORTPSOURCE.OBJ
D:\STUDY\VLC\VLC-2.1.0.SUBPROJECT-2010\PLUGINS\LIVE555\DEBUG\H263PLUSVIDEOFILESERVERMEDIASUBSESSION.OBJ
D:\STUDY\VLC\VLC-2.1.0.SUBPROJECT-2010\PLUGINS\LIVE555\DEBUG\H263PLUSVIDEORTPSINK.OBJ
D:\STUDY\VLC\VLC-2.1.0.SUBPROJECT-2010\PLUGINS\LIVE555\DEBUG\H263PLUSVIDEORTPSOURCE.OBJ
D:\STUDY\VLC\VLC-2.1.0.SUBPROJECT-2010\PLUGINS\LIVE555\DEBUG\H263PLUSVIDEOSTREAMFRAMER.OBJ
D:\STUDY\VLC\VLC-2.1.0.SUBPROJECT-2010\PLUGINS\LIVE555\DEBUG\H263PLUSVIDEOSTREAMPARSER.OBJ
D:\STUDY\VLC\VLC-2.1.0.SUBPROJECT-2010\PLUGINS\LIVE555\DEBUG\H264VIDEOFILESERVERMEDIASUBSESSION.OBJ
D:\STUDY\VLC\VLC-2.1.0.SUBPROJECT-2010\PLUGINS\LIVE555\DEBUG\H264VIDEOFILESINK.OBJ
D:\STUDY\VLC\VLC-2.1.0.SUBPROJECT-2010\PLUGINS\LIVE555\DEBUG\H264VIDEOMATROSKAFILESERVERMEDIASUBSESSION.OBJ
D:\STUDY\VLC\VLC-2.1.0.SUBPROJECT-2010\PLUGINS\LIVE555\DEBUG\H264VIDEORTPSINK.OBJ
D:\STUDY\VLC\VLC-2.1.0.SUBPROJECT-2010\PLUGINS\LIVE555\DEBUG\H264VIDEORTPSOURCE.OBJ
D:\STUDY\VLC\VLC-2.1.0.SUBPROJECT-2010\PLUGINS\LIVE555\DEBUG\H264VIDEOSTREAMDISCRETEFRAMER.OBJ
D:\STUDY\VLC\VLC-2.1.0.SUBPROJECT-2010\PLUGINS\LIVE555\DEBUG\H264VIDEOSTREAMFRAMER.OBJ
D:\STUDY\VLC\VLC-2.1.0.SUBPROJECT-2010\PLUGINS\LIVE555\DEBUG\HASHTABLE.OBJ
D:\STUDY\VLC\VLC-2.1.0.SUBPROJECT-2010\PLUGINS\LIVE555\DEBUG\INET.OBJ
D:\STUDY\VLC\VLC-2.1.0.SUBPROJECT-2010\PLUGINS\LIVE555\DEBUG\INPUTFILE.OBJ
D:\STUDY\VLC\VLC-2.1.0.SUBPROJECT-2010\PLUGINS\LIVE555\DEBUG\IOHANDLERS.OBJ
D:\STUDY\VLC\VLC-2.1.0.SUBPROJECT-2010\PLUGINS\LIVE555\DEBUG\JPEGVIDEORTPSINK.OBJ
D:\STUDY\VLC\VLC-2.1.0.SUBPROJECT-2010\PLUGINS\LIVE555\DEBUG\JPEGVIDEORTPSOURCE.OBJ
D:\STUDY\VLC\VLC-2.1.0.SUBPROJECT-2010\PLUGINS\LIVE555\DEBUG\JPEGVIDEOSOURCE.OBJ
D:\Study\vlc\vlc-2.1.0.subproject-2010\plugins\live555\Debug\link.12368.read.1.tlog
D:\Study\vlc\vlc-2.1.0.subproject-2010\plugins\live555\Debug\link.12368.write.1.tlog
D:\Study\vlc\vlc-2.1.0.subproject-2010\plugins\live555\Debug\link.12368-cvtres.read.1.tlog
D:\Study\vlc\vlc-2.1.0.subproject-2010\plugins\live555\Debug\link.12368-cvtres.write.1.tlog
D:\Study\vlc\vlc-2.1.0.subproject-2010\plugins\live555\Debug\link.command.1.tlog
D:\Study\vlc\vlc-2.1.0.subproject-2010\plugins\live555\Debug\link.read.1.tlog
D:\Study\vlc\vlc-2.1.0.subproject-2010\plugins\live555\Debug\link.write.1.tlog
D:\Study\vlc\vlc-2.1.0.subproject-2010\plugins\live555\Debug\link-cvtres.read.1.tlog
D:\Study\vlc\vlc-2.1.0.subproject-2010\plugins\live555\Debug\link-cvtres.write.1.tlog
D:\STUDY\VLC\VLC-2.1.0.SUBPROJECT-2010\PLUGINS\LIVE555\DEBUG\LIVE555.DLL.EMBED.MANIFEST
D:\STUDY\VLC\VLC-2.1.0.SUBPROJECT-2010\PLUGINS\LIVE555\DEBUG\LIVE555.DLL.EMBED.MANIFEST.RES
D:\STUDY\VLC\VLC-2.1.0.SUBPROJECT-2010\PLUGINS\LIVE555\DEBUG\LIVE555.DLL.INTERMEDIATE.MANIFEST
D:\STUDY\VLC\VLC-2.1.0.SUBPROJECT-2010\PLUGINS\LIVE555\DEBUG\LIVE555.OBJ
D:\STUDY\VLC\VLC-2.1.0.SUBPROJECT-2010\PLUGINS\LIVE555\DEBUG\LIVE555.PCH
D:\STUDY\VLC\VLC-2.1.0.SUBPROJECT-2010\PLUGINS\LIVE555\DEBUG\LIVE555.RES
D:\Study\vlc\vlc-2.1.0.subproject-2010\plugins\live555\Debug\live555.write.1.tlog
D:\Study\vlc\vlc-2.1.0.subproject-2010\plugins\live555\Debug\live555_manifest.rc
D:\STUDY\VLC\VLC-2.1.0.SUBPROJECT-2010\PLUGINS\LIVE555\DEBUG\LIVE5551.OBJ
D:\STUDY\VLC\VLC-2.1.0.SUBPROJECT-2010\PLUGINS\LIVE555\DEBUG\LOCALE.OBJ
D:\STUDY\VLC\VLC-2.1.0.SUBPROJECT-2010\PLUGINS\LIVE555\DEBUG\MATROSKADEMUXEDTRACK.OBJ
D:\STUDY\VLC\VLC-2.1.0.SUBPROJECT-2010\PLUGINS\LIVE555\DEBUG\MATROSKAFILE.OBJ
D:\STUDY\VLC\VLC-2.1.0.SUBPROJECT-2010\PLUGINS\LIVE555\DEBUG\MATROSKAFILEPARSER.OBJ
D:\STUDY\VLC\VLC-2.1.0.SUBPROJECT-2010\PLUGINS\LIVE555\DEBUG\MATROSKAFILESERVERDEMUX.OBJ
D:\STUDY\VLC\VLC-2.1.0.SUBPROJECT-2010\PLUGINS\LIVE555\DEBUG\MEDIA.OBJ
D:\STUDY\VLC\VLC-2.1.0.SUBPROJECT-2010\PLUGINS\LIVE555\DEBUG\MEDIASESSION.OBJ
D:\STUDY\VLC\VLC-2.1.0.SUBPROJECT-2010\PLUGINS\LIVE555\DEBUG\MEDIASINK.OBJ
D:\STUDY\VLC\VLC-2.1.0.SUBPROJECT-2010\PLUGINS\LIVE555\DEBUG\MEDIASOURCE.OBJ
D:\STUDY\VLC\VLC-2.1.0.SUBPROJECT-2010\PLUGINS\LIVE555\DEBUG\MP3ADU.OBJ
D:\STUDY\VLC\VLC-2.1.0.SUBPROJECT-2010\PLUGINS\LIVE555\DEBUG\MP3ADUDESCRIPTOR.OBJ
D:\STUDY\VLC\VLC-2.1.0.SUBPROJECT-2010\PLUGINS\LIVE555\DEBUG\MP3ADUINTERLEAVING.OBJ
D:\STUDY\VLC\VLC-2.1.0.SUBPROJECT-2010\PLUGINS\LIVE555\DEBUG\MP3ADURTPSINK.OBJ
D:\STUDY\VLC\VLC-2.1.0.SUBPROJECT-2010\PLUGINS\LIVE555\DEBUG\MP3ADURTPSOURCE.OBJ
D:\STUDY\VLC\VLC-2.1.0.SUBPROJECT-2010\PLUGINS\LIVE555\DEBUG\MP3ADUTRANSCODER.OBJ
D:\STUDY\VLC\VLC-2.1.0.SUBPROJECT-2010\PLUGINS\LIVE555\DEBUG\MP3AUDIOFILESERVERMEDIASUBSESSION.OBJ
D:\STUDY\VLC\VLC-2.1.0.SUBPROJECT-2010\PLUGINS\LIVE555\DEBUG\MP3AUDIOMATROSKAFILESERVERMEDIASUBSESSION.OBJ
D:\STUDY\VLC\VLC-2.1.0.SUBPROJECT-2010\PLUGINS\LIVE555\DEBUG\MP3FILESOURCE.OBJ
D:\STUDY\VLC\VLC-2.1.0.SUBPROJECT-2010\PLUGINS\LIVE555\DEBUG\MP3HTTPSOURCE.OBJ
D:\STUDY\VLC\VLC-2.1.0.SUBPROJECT-2010\PLUGINS\LIVE555\DEBUG\MP3INTERNALS.OBJ
D:\STUDY\VLC\VLC-2.1.0.SUBPROJECT-2010\PLUGINS\LIVE555\DEBUG\MP3INTERNALSHUFFMAN.OBJ
D:\STUDY\VLC\VLC-2.1.0.SUBPROJECT-2010\PLUGINS\LIVE555\DEBUG\MP3INTERNALSHUFFMANTABLE.OBJ
D:\STUDY\VLC\VLC-2.1.0.SUBPROJECT-2010\PLUGINS\LIVE555\DEBUG\MP3STREAMSTATE.OBJ
D:\STUDY\VLC\VLC-2.1.0.SUBPROJECT-2010\PLUGINS\LIVE555\DEBUG\MP3TRANSCODER.OBJ
D:\STUDY\VLC\VLC-2.1.0.SUBPROJECT-2010\PLUGINS\LIVE555\DEBUG\MPEG1OR2AUDIORTPSINK.OBJ
D:\STUDY\VLC\VLC-2.1.0.SUBPROJECT-2010\PLUGINS\LIVE555\DEBUG\MPEG1OR2AUDIORTPSOURCE.OBJ
D:\STUDY\VLC\VLC-2.1.0.SUBPROJECT-2010\PLUGINS\LIVE555\DEBUG\MPEG1OR2AUDIOSTREAMFRAMER.OBJ
D:\STUDY\VLC\VLC-2.1.0.SUBPROJECT-2010\PLUGINS\LIVE555\DEBUG\MPEG1OR2DEMUX.OBJ
D:\STUDY\VLC\VLC-2.1.0.SUBPROJECT-2010\PLUGINS\LIVE555\DEBUG\MPEG1OR2DEMUXEDELEMENTARYSTREAM.OBJ
D:\STUDY\VLC\VLC-2.1.0.SUBPROJECT-2010\PLUGINS\LIVE555\DEBUG\MPEG1OR2DEMUXEDSERVERMEDIASUBSESSION.OBJ
D:\STUDY\VLC\VLC-2.1.0.SUBPROJECT-2010\PLUGINS\LIVE555\DEBUG\MPEG1OR2FILESERVERDEMUX.OBJ
D:\STUDY\VLC\VLC-2.1.0.SUBPROJECT-2010\PLUGINS\LIVE555\DEBUG\MPEG1OR2VIDEOFILESERVERMEDIASUBSESSION.OBJ
D:\STUDY\VLC\VLC-2.1.0.SUBPROJECT-2010\PLUGINS\LIVE555\DEBUG\MPEG1OR2VIDEORTPSINK.OBJ
D:\STUDY\VLC\VLC-2.1.0.SUBPROJECT-2010\PLUGINS\LIVE555\DEBUG\MPEG1OR2VIDEORTPSOURCE.OBJ
D:\STUDY\VLC\VLC-2.1.0.SUBPROJECT-2010\PLUGINS\LIVE555\DEBUG\MPEG1OR2VIDEOSTREAMDISCRETEFRAMER.OBJ
D:\STUDY\VLC\VLC-2.1.0.SUBPROJECT-2010\PLUGINS\LIVE555\DEBUG\MPEG1OR2VIDEOSTREAMFRAMER.OBJ
D:\STUDY\VLC\VLC-2.1.0.SUBPROJECT-2010\PLUGINS\LIVE555\DEBUG\MPEG2INDEXFROMTRANSPORTSTREAM.OBJ
D:\STUDY\VLC\VLC-2.1.0.SUBPROJECT-2010\PLUGINS\LIVE555\DEBUG\MPEG2TRANSPORTFILESERVERMEDIASUBSESSION.OBJ
D:\STUDY\VLC\VLC-2.1.0.SUBPROJECT-2010\PLUGINS\LIVE555\DEBUG\MPEG2TRANSPORTSTREAMFRAMER.OBJ
D:\STUDY\VLC\VLC-2.1.0.SUBPROJECT-2010\PLUGINS\LIVE555\DEBUG\MPEG2TRANSPORTSTREAMFROMESSOURCE.OBJ
D:\STUDY\VLC\VLC-2.1.0.SUBPROJECT-2010\PLUGINS\LIVE555\DEBUG\MPEG2TRANSPORTSTREAMFROMPESSOURCE.OBJ
D:\STUDY\VLC\VLC-2.1.0.SUBPROJECT-2010\PLUGINS\LIVE555\DEBUG\MPEG2TRANSPORTSTREAMINDEXFILE.OBJ
D:\STUDY\VLC\VLC-2.1.0.SUBPROJECT-2010\PLUGINS\LIVE555\DEBUG\MPEG2TRANSPORTSTREAMMULTIPLEXOR.OBJ
D:\STUDY\VLC\VLC-2.1.0.SUBPROJECT-2010\PLUGINS\LIVE555\DEBUG\MPEG2TRANSPORTSTREAMTRICKMODEFILTER.OBJ
D:\STUDY\VLC\VLC-2.1.0.SUBPROJECT-2010\PLUGINS\LIVE555\DEBUG\MPEG4ESVIDEORTPSINK.OBJ
D:\STUDY\VLC\VLC-2.1.0.SUBPROJECT-2010\PLUGINS\LIVE555\DEBUG\MPEG4ESVIDEORTPSOURCE.OBJ
D:\STUDY\VLC\VLC-2.1.0.SUBPROJECT-2010\PLUGINS\LIVE555\DEBUG\MPEG4GENERICRTPSINK.OBJ
D:\STUDY\VLC\VLC-2.1.0.SUBPROJECT-2010\PLUGINS\LIVE555\DEBUG\MPEG4GENERICRTPSOURCE.OBJ
D:\STUDY\VLC\VLC-2.1.0.SUBPROJECT-2010\PLUGINS\LIVE555\DEBUG\MPEG4LATMAUDIORTPSINK.OBJ
D:\STUDY\VLC\VLC-2.1.0.SUBPROJECT-2010\PLUGINS\LIVE555\DEBUG\MPEG4LATMAUDIORTPSOURCE.OBJ
D:\STUDY\VLC\VLC-2.1.0.SUBPROJECT-2010\PLUGINS\LIVE555\DEBUG\MPEG4VIDEOFILESERVERMEDIASUBSESSION.OBJ
D:\STUDY\VLC\VLC-2.1.0.SUBPROJECT-2010\PLUGINS\LIVE555\DEBUG\MPEG4VIDEOSTREAMDISCRETEFRAMER.OBJ
D:\STUDY\VLC\VLC-2.1.0.SUBPROJECT-2010\PLUGINS\LIVE555\DEBUG\MPEG4VIDEOSTREAMFRAMER.OBJ
D:\STUDY\VLC\VLC-2.1.0.SUBPROJECT-2010\PLUGINS\LIVE555\DEBUG\MPEGVIDEOSTREAMFRAMER.OBJ
D:\STUDY\VLC\VLC-2.1.0.SUBPROJECT-2010\PLUGINS\LIVE555\DEBUG\MPEGVIDEOSTREAMPARSER.OBJ
D:\Study\vlc\vlc-2.1.0.subproject-2010\plugins\live555\Debug\mt.command.1.tlog
D:\Study\vlc\vlc-2.1.0.subproject-2010\plugins\live555\Debug\mt.read.1.tlog
D:\Study\vlc\vlc-2.1.0.subproject-2010\plugins\live555\Debug\mt.write.1.tlog
D:\STUDY\VLC\VLC-2.1.0.SUBPROJECT-2010\PLUGINS\LIVE555\DEBUG\MULTIFRAMEDRTPSINK.OBJ
D:\STUDY\VLC\VLC-2.1.0.SUBPROJECT-2010\PLUGINS\LIVE555\DEBUG\MULTIFRAMEDRTPSOURCE.OBJ
D:\STUDY\VLC\VLC-2.1.0.SUBPROJECT-2010\PLUGINS\LIVE555\DEBUG\NETADDRESS.OBJ
D:\STUDY\VLC\VLC-2.1.0.SUBPROJECT-2010\PLUGINS\LIVE555\DEBUG\NETINTERFACE.OBJ
D:\STUDY\VLC\VLC-2.1.0.SUBPROJECT-2010\PLUGINS\LIVE555\DEBUG\ONDEMANDSERVERMEDIASUBSESSION.OBJ
D:\STUDY\VLC\VLC-2.1.0.SUBPROJECT-2010\PLUGINS\LIVE555\DEBUG\OUR_MD5.OBJ
D:\STUDY\VLC\VLC-2.1.0.SUBPROJECT-2010\PLUGINS\LIVE555\DEBUG\OUR_MD5HL.OBJ
D:\STUDY\VLC\VLC-2.1.0.SUBPROJECT-2010\PLUGINS\LIVE555\DEBUG\OUTPUTFILE.OBJ
D:\STUDY\VLC\VLC-2.1.0.SUBPROJECT-2010\PLUGINS\LIVE555\DEBUG\PASSIVESERVERMEDIASUBSESSION.OBJ
D:\STUDY\VLC\VLC-2.1.0.SUBPROJECT-2010\PLUGINS\LIVE555\DEBUG\QCELPAUDIORTPSOURCE.OBJ
D:\STUDY\VLC\VLC-2.1.0.SUBPROJECT-2010\PLUGINS\LIVE555\DEBUG\QUICKTIMEFILESINK.OBJ
D:\STUDY\VLC\VLC-2.1.0.SUBPROJECT-2010\PLUGINS\LIVE555\DEBUG\QUICKTIMEGENERICRTPSOURCE.OBJ
D:\Study\vlc\vlc-2.1.0.subproject-2010\plugins\live555\Debug\rc.command.1.tlog
D:\Study\vlc\vlc-2.1.0.subproject-2010\plugins\live555\Debug\rc.read.1.tlog
D:\Study\vlc\vlc-2.1.0.subproject-2010\plugins\live555\Debug\rc.write.1.tlog
D:\STUDY\VLC\VLC-2.1.0.SUBPROJECT-2010\PLUGINS\LIVE555\DEBUG\RTCP.OBJ
D:\STUDY\VLC\VLC-2.1.0.SUBPROJECT-2010\PLUGINS\LIVE555\DEBUG\RTCP_FROM_SPEC.OBJ
D:\STUDY\VLC\VLC-2.1.0.SUBPROJECT-2010\PLUGINS\LIVE555\DEBUG\RTPINTERFACE.OBJ
D:\STUDY\VLC\VLC-2.1.0.SUBPROJECT-2010\PLUGINS\LIVE555\DEBUG\RTPSINK.OBJ
D:\STUDY\VLC\VLC-2.1.0.SUBPROJECT-2010\PLUGINS\LIVE555\DEBUG\RTPSOURCE.OBJ
D:\STUDY\VLC\VLC-2.1.0.SUBPROJECT-2010\PLUGINS\LIVE555\DEBUG\RTSPCLIENT.OBJ
D:\STUDY\VLC\VLC-2.1.0.SUBPROJECT-2010\PLUGINS\LIVE555\DEBUG\RTSPCOMMON.OBJ
D:\STUDY\VLC\VLC-2.1.0.SUBPROJECT-2010\PLUGINS\LIVE555\DEBUG\RTSPSERVER.OBJ
D:\STUDY\VLC\VLC-2.1.0.SUBPROJECT-2010\PLUGINS\LIVE555\DEBUG\RTSPSERVERSUPPORTINGHTTPSTREAMING.OBJ
D:\STUDY\VLC\VLC-2.1.0.SUBPROJECT-2010\PLUGINS\LIVE555\DEBUG\SERVERMEDIASESSION.OBJ
D:\STUDY\VLC\VLC-2.1.0.SUBPROJECT-2010\PLUGINS\LIVE555\DEBUG\SIMPLERTPSINK.OBJ
D:\STUDY\VLC\VLC-2.1.0.SUBPROJECT-2010\PLUGINS\LIVE555\DEBUG\SIMPLERTPSOURCE.OBJ
D:\STUDY\VLC\VLC-2.1.0.SUBPROJECT-2010\PLUGINS\LIVE555\DEBUG\SIPCLIENT.OBJ
D:\STUDY\VLC\VLC-2.1.0.SUBPROJECT-2010\PLUGINS\LIVE555\DEBUG\STDAFX.OBJ
D:\STUDY\VLC\VLC-2.1.0.SUBPROJECT-2010\PLUGINS\LIVE555\DEBUG\STRDUP.OBJ
D:\STUDY\VLC\VLC-2.1.0.SUBPROJECT-2010\PLUGINS\LIVE555\DEBUG\STREAMPARSER.OBJ
D:\STUDY\VLC\VLC-2.1.0.SUBPROJECT-2010\PLUGINS\LIVE555\DEBUG\T140TEXTMATROSKAFILESERVERMEDIASUBSESSION.OBJ
D:\STUDY\VLC\VLC-2.1.0.SUBPROJECT-2010\PLUGINS\LIVE555\DEBUG\T140TEXTRTPSINK.OBJ
D:\STUDY\VLC\VLC-2.1.0.SUBPROJECT-2010\PLUGINS\LIVE555\DEBUG\TCPSTREAMSINK.OBJ
D:\STUDY\VLC\VLC-2.1.0.SUBPROJECT-2010\PLUGINS\LIVE555\DEBUG\TEXTRTPSINK.OBJ
D:\STUDY\VLC\VLC-2.1.0.SUBPROJECT-2010\PLUGINS\LIVE555\DEBUG\ULAWAUDIOFILTER.OBJ
D:\STUDY\VLC\VLC-2.1.0.SUBPROJECT-2010\PLUGINS\LIVE555\DEBUG\USAGEENVIRONMENT.OBJ
D:\Study\vlc\vlc-2.1.0.subproject-2010\plugins\live555\Debug\vc100.idb
D:\STUDY\VLC\VLC-2.1.0.SUBPROJECT-2010\PLUGINS\LIVE555\DEBUG\VC100.PDB
D:\STUDY\VLC\VLC-2.1.0.SUBPROJECT-2010\PLUGINS\LIVE555\DEBUG\VIDEORTPSINK.OBJ
D:\STUDY\VLC\VLC-2.1.0.SUBPROJECT-2010\PLUGINS\LIVE555\DEBUG\VORBISAUDIOMATROSKAFILESERVERMEDIASUBSESSION.OBJ
D:\STUDY\VLC\VLC-2.1.0.SUBPROJECT-2010\PLUGINS\LIVE555\DEBUG\VORBISAUDIORTPSINK.OBJ
D:\STUDY\VLC\VLC-2.1.0.SUBPROJECT-2010\PLUGINS\LIVE555\DEBUG\VORBISAUDIORTPSOURCE.OBJ
D:\STUDY\VLC\VLC-2.1.0.SUBPROJECT-2010\PLUGINS\LIVE555\DEBUG\VP8VIDEOMATROSKAFILESERVERMEDIASUBSESSION.OBJ
D:\STUDY\VLC\VLC-2.1.0.SUBPROJECT-2010\PLUGINS\LIVE555\DEBUG\VP8VIDEORTPSINK.OBJ
D:\STUDY\VLC\VLC-2.1.0.SUBPROJECT-2010\PLUGINS\LIVE555\DEBUG\VP8VIDEORTPSOURCE.OBJ
D:\STUDY\VLC\VLC-2.1.0.SUBPROJECT-2010\PLUGINS\LIVE555\DEBUG\WAVAUDIOFILESERVERMEDIASUBSESSION.OBJ
D:\STUDY\VLC\VLC-2.1.0.SUBPROJECT-2010\PLUGINS\LIVE555\DEBUG\WAVAUDIOFILESOURCE.OBJ
