D:\Study\vlc\vlc-2.1.0.subproject-2010\Debug\deinterlace.exp
D:\Study\vlc\vlc-2.1.0.subproject-2010\Debug\deinterlace.lib
D:\STUDY\VLC\VLC-2.1.0.SUBPROJECT-2010\DEBUG\DEINTERLACE.PDB
D:\STUDY\VLC\VLC-2.1.0.SUBPROJECT-2010\DEBUG\PLUGINS\VIDEO_FILTER\LIBDEINTERLACE_PLUGIN.DLL
D:\STUDY\VLC\VLC-2.1.0.SUBPROJECT-2010\DEBUG\PLUGINS\VIDEO_FILTER\LIBDEINTERLACE_PLUGIN.ILK
D:\STUDY\VLC\VLC-2.1.0.SUBPROJECT-2010\PLUGINS\DEINTERLACE\DEBUG\ALGO_BASIC.OBJ
D:\STUDY\VLC\VLC-2.1.0.SUBPROJECT-2010\PLUGINS\DEINTERLACE\DEBUG\ALGO_IVTC.OBJ
D:\STUDY\VLC\VLC-2.1.0.SUBPROJECT-2010\PLUGINS\DEINTERLACE\DEBUG\ALGO_PHOSPHOR.OBJ
D:\STUDY\VLC\VLC-2.1.0.SUBPROJECT-2010\PLUGINS\DEINTERLACE\DEBUG\ALGO_X.OBJ
D:\STUDY\VLC\VLC-2.1.0.SUBPROJECT-2010\PLUGINS\DEINTERLACE\DEBUG\ALGO_YADIF.OBJ
D:\Study\vlc\vlc-2.1.0.subproject-2010\plugins\deinterlace\Debug\cl.command.1.tlog
D:\Study\vlc\vlc-2.1.0.subproject-2010\plugins\deinterlace\Debug\CL.read.1.tlog
D:\Study\vlc\vlc-2.1.0.subproject-2010\plugins\deinterlace\Debug\CL.write.1.tlog
D:\STUDY\VLC\VLC-2.1.0.SUBPROJECT-2010\PLUGINS\DEINTERLACE\DEBUG\DEINTERLACE.DLL.EMBED.MANIFEST
D:\STUDY\VLC\VLC-2.1.0.SUBPROJECT-2010\PLUGINS\DEINTERLACE\DEBUG\DEINTERLACE.DLL.EMBED.MANIFEST.RES
D:\STUDY\VLC\VLC-2.1.0.SUBPROJECT-2010\PLUGINS\DEINTERLACE\DEBUG\DEINTERLACE.DLL.INTERMEDIATE.MANIFEST
D:\STUDY\VLC\VLC-2.1.0.SUBPROJECT-2010\PLUGINS\DEINTERLACE\DEBUG\DEINTERLACE.OBJ
D:\STUDY\VLC\VLC-2.1.0.SUBPROJECT-2010\PLUGINS\DEINTERLACE\DEBUG\DEINTERLACE.PCH
D:\STUDY\VLC\VLC-2.1.0.SUBPROJECT-2010\PLUGINS\DEINTERLACE\DEBUG\DEINTERLACE.RES
D:\Study\vlc\vlc-2.1.0.subproject-2010\plugins\deinterlace\Debug\deinterlace.write.1.tlog
D:\Study\vlc\vlc-2.1.0.subproject-2010\plugins\deinterlace\Debug\deinterlace_manifest.rc
D:\STUDY\VLC\VLC-2.1.0.SUBPROJECT-2010\PLUGINS\DEINTERLACE\DEBUG\DEINTERLACE1.OBJ
D:\STUDY\VLC\VLC-2.1.0.SUBPROJECT-2010\PLUGINS\DEINTERLACE\DEBUG\HELPERS.OBJ
D:\Study\vlc\vlc-2.1.0.subproject-2010\plugins\deinterlace\Debug\link.12544.read.1.tlog
D:\Study\vlc\vlc-2.1.0.subproject-2010\plugins\deinterlace\Debug\link.12544.write.1.tlog
D:\Study\vlc\vlc-2.1.0.subproject-2010\plugins\deinterlace\Debug\link.12544-cvtres.read.1.tlog
D:\Study\vlc\vlc-2.1.0.subproject-2010\plugins\deinterlace\Debug\link.12544-cvtres.write.1.tlog
D:\Study\vlc\vlc-2.1.0.subproject-2010\plugins\deinterlace\Debug\link.command.1.tlog
D:\Study\vlc\vlc-2.1.0.subproject-2010\plugins\deinterlace\Debug\link.read.1.tlog
D:\Study\vlc\vlc-2.1.0.subproject-2010\plugins\deinterlace\Debug\link.write.1.tlog
D:\Study\vlc\vlc-2.1.0.subproject-2010\plugins\deinterlace\Debug\link-cvtres.read.1.tlog
D:\Study\vlc\vlc-2.1.0.subproject-2010\plugins\deinterlace\Debug\link-cvtres.write.1.tlog
D:\STUDY\VLC\VLC-2.1.0.SUBPROJECT-2010\PLUGINS\DEINTERLACE\DEBUG\MERGE.OBJ
D:\Study\vlc\vlc-2.1.0.subproject-2010\plugins\deinterlace\Debug\mt.command.1.tlog
D:\Study\vlc\vlc-2.1.0.subproject-2010\plugins\deinterlace\Debug\mt.read.1.tlog
D:\Study\vlc\vlc-2.1.0.subproject-2010\plugins\deinterlace\Debug\mt.write.1.tlog
D:\Study\vlc\vlc-2.1.0.subproject-2010\plugins\deinterlace\Debug\rc.command.1.tlog
D:\Study\vlc\vlc-2.1.0.subproject-2010\plugins\deinterlace\Debug\rc.read.1.tlog
D:\Study\vlc\vlc-2.1.0.subproject-2010\plugins\deinterlace\Debug\rc.write.1.tlog
D:\STUDY\VLC\VLC-2.1.0.SUBPROJECT-2010\PLUGINS\DEINTERLACE\DEBUG\STDAFX.OBJ
D:\Study\vlc\vlc-2.1.0.subproject-2010\plugins\deinterlace\Debug\vc100.idb
D:\STUDY\VLC\VLC-2.1.0.SUBPROJECT-2010\PLUGINS\DEINTERLACE\DEBUG\VC100.PDB
