D:\STUDY\VLC\VLC-2.1.0.SUBPROJECT-2010\DEBUG\PLUGINS\CODEC\LIBRAWVIDEO_PLUGIN.DLL
D:\STUDY\VLC\VLC-2.1.0.SUBPROJECT-2010\DEBUG\PLUGINS\CODEC\LIBRAWVIDEO_PLUGIN.ILK
D:\Study\vlc\vlc-2.1.0.subproject-2010\Debug\rawvideo.exp
D:\Study\vlc\vlc-2.1.0.subproject-2010\Debug\rawvideo.lib
D:\STUDY\VLC\VLC-2.1.0.SUBPROJECT-2010\DEBUG\RAWVIDEO.PDB
D:\Study\vlc\vlc-2.1.0.subproject-2010\plugins\rawvideo\Debug\cl.command.1.tlog
D:\Study\vlc\vlc-2.1.0.subproject-2010\plugins\rawvideo\Debug\CL.read.1.tlog
D:\Study\vlc\vlc-2.1.0.subproject-2010\plugins\rawvideo\Debug\CL.write.1.tlog
D:\Study\vlc\vlc-2.1.0.subproject-2010\plugins\rawvideo\Debug\link.5768.read.1.tlog
D:\Study\vlc\vlc-2.1.0.subproject-2010\plugins\rawvideo\Debug\link.5768.write.1.tlog
D:\Study\vlc\vlc-2.1.0.subproject-2010\plugins\rawvideo\Debug\link.5768-cvtres.read.1.tlog
D:\Study\vlc\vlc-2.1.0.subproject-2010\plugins\rawvideo\Debug\link.5768-cvtres.write.1.tlog
D:\Study\vlc\vlc-2.1.0.subproject-2010\plugins\rawvideo\Debug\link.command.1.tlog
D:\Study\vlc\vlc-2.1.0.subproject-2010\plugins\rawvideo\Debug\link.read.1.tlog
D:\Study\vlc\vlc-2.1.0.subproject-2010\plugins\rawvideo\Debug\link.write.1.tlog
D:\Study\vlc\vlc-2.1.0.subproject-2010\plugins\rawvideo\Debug\link-cvtres.read.1.tlog
D:\Study\vlc\vlc-2.1.0.subproject-2010\plugins\rawvideo\Debug\link-cvtres.write.1.tlog
D:\Study\vlc\vlc-2.1.0.subproject-2010\plugins\rawvideo\Debug\mt.command.1.tlog
D:\Study\vlc\vlc-2.1.0.subproject-2010\plugins\rawvideo\Debug\mt.read.1.tlog
D:\Study\vlc\vlc-2.1.0.subproject-2010\plugins\rawvideo\Debug\mt.write.1.tlog
D:\STUDY\VLC\VLC-2.1.0.SUBPROJECT-2010\PLUGINS\RAWVIDEO\DEBUG\RAWVIDEO.DLL.EMBED.MANIFEST
D:\STUDY\VLC\VLC-2.1.0.SUBPROJECT-2010\PLUGINS\RAWVIDEO\DEBUG\RAWVIDEO.DLL.EMBED.MANIFEST.RES
D:\STUDY\VLC\VLC-2.1.0.SUBPROJECT-2010\PLUGINS\RAWVIDEO\DEBUG\RAWVIDEO.DLL.INTERMEDIATE.MANIFEST
D:\STUDY\VLC\VLC-2.1.0.SUBPROJECT-2010\PLUGINS\RAWVIDEO\DEBUG\RAWVIDEO.OBJ
D:\STUDY\VLC\VLC-2.1.0.SUBPROJECT-2010\PLUGINS\RAWVIDEO\DEBUG\RAWVIDEO.PCH
D:\STUDY\VLC\VLC-2.1.0.SUBPROJECT-2010\PLUGINS\RAWVIDEO\DEBUG\RAWVIDEO.RES
D:\Study\vlc\vlc-2.1.0.subproject-2010\plugins\rawvideo\Debug\rawvideo.write.1.tlog
D:\Study\vlc\vlc-2.1.0.subproject-2010\plugins\rawvideo\Debug\rawvideo_manifest.rc
D:\STUDY\VLC\VLC-2.1.0.SUBPROJECT-2010\PLUGINS\RAWVIDEO\DEBUG\RAWVIDEO1.OBJ
D:\Study\vlc\vlc-2.1.0.subproject-2010\plugins\rawvideo\Debug\rc.command.1.tlog
D:\Study\vlc\vlc-2.1.0.subproject-2010\plugins\rawvideo\Debug\rc.read.1.tlog
D:\Study\vlc\vlc-2.1.0.subproject-2010\plugins\rawvideo\Debug\rc.write.1.tlog
D:\STUDY\VLC\VLC-2.1.0.SUBPROJECT-2010\PLUGINS\RAWVIDEO\DEBUG\STDAFX.OBJ
D:\Study\vlc\vlc-2.1.0.subproject-2010\plugins\rawvideo\Debug\vc100.idb
D:\STUDY\VLC\VLC-2.1.0.SUBPROJECT-2010\PLUGINS\RAWVIDEO\DEBUG\VC100.PDB
