D:\Study\vlc\vlc-2.1.0.subproject-2010\Debug\dvdnav.exp
D:\Study\vlc\vlc-2.1.0.subproject-2010\Debug\dvdnav.lib
D:\STUDY\VLC\VLC-2.1.0.SUBPROJECT-2010\DEBUG\DVDNAV.PDB
D:\STUDY\VLC\VLC-2.1.0.SUBPROJECT-2010\DEBUG\PLUGINS\ACCESS\LIBDVDNAV_PLUGIN.DLL
D:\STUDY\VLC\VLC-2.1.0.SUBPROJECT-2010\DEBUG\PLUGINS\ACCESS\LIBDVDNAV_PLUGIN.ILK
D:\Study\vlc\vlc-2.1.0.subproject-2010\plugins\dvdnav\Debug\cl.command.1.tlog
D:\Study\vlc\vlc-2.1.0.subproject-2010\plugins\dvdnav\Debug\CL.read.1.tlog
D:\Study\vlc\vlc-2.1.0.subproject-2010\plugins\dvdnav\Debug\CL.write.1.tlog
D:\STUDY\VLC\VLC-2.1.0.SUBPROJECT-2010\PLUGINS\DVDNAV\DEBUG\DVDNAV.DLL.EMBED.MANIFEST
D:\STUDY\VLC\VLC-2.1.0.SUBPROJECT-2010\PLUGINS\DVDNAV\DEBUG\DVDNAV.DLL.EMBED.MANIFEST.RES
D:\STUDY\VLC\VLC-2.1.0.SUBPROJECT-2010\PLUGINS\DVDNAV\DEBUG\DVDNAV.DLL.INTERMEDIATE.MANIFEST
D:\STUDY\VLC\VLC-2.1.0.SUBPROJECT-2010\PLUGINS\DVDNAV\DEBUG\DVDNAV.OBJ
D:\STUDY\VLC\VLC-2.1.0.SUBPROJECT-2010\PLUGINS\DVDNAV\DEBUG\DVDNAV.PCH
D:\STUDY\VLC\VLC-2.1.0.SUBPROJECT-2010\PLUGINS\DVDNAV\DEBUG\DVDNAV.RES
D:\Study\vlc\vlc-2.1.0.subproject-2010\plugins\dvdnav\Debug\dvdnav.write.1.tlog
D:\Study\vlc\vlc-2.1.0.subproject-2010\plugins\dvdnav\Debug\dvdnav_manifest.rc
D:\STUDY\VLC\VLC-2.1.0.SUBPROJECT-2010\PLUGINS\DVDNAV\DEBUG\DVDNAV1.OBJ
D:\Study\vlc\vlc-2.1.0.subproject-2010\plugins\dvdnav\Debug\link.5380.read.1.tlog
D:\Study\vlc\vlc-2.1.0.subproject-2010\plugins\dvdnav\Debug\link.5380.write.1.tlog
D:\Study\vlc\vlc-2.1.0.subproject-2010\plugins\dvdnav\Debug\link.5380-cvtres.read.1.tlog
D:\Study\vlc\vlc-2.1.0.subproject-2010\plugins\dvdnav\Debug\link.5380-cvtres.write.1.tlog
D:\Study\vlc\vlc-2.1.0.subproject-2010\plugins\dvdnav\Debug\link.command.1.tlog
D:\Study\vlc\vlc-2.1.0.subproject-2010\plugins\dvdnav\Debug\link.read.1.tlog
D:\Study\vlc\vlc-2.1.0.subproject-2010\plugins\dvdnav\Debug\link.write.1.tlog
D:\Study\vlc\vlc-2.1.0.subproject-2010\plugins\dvdnav\Debug\link-cvtres.read.1.tlog
D:\Study\vlc\vlc-2.1.0.subproject-2010\plugins\dvdnav\Debug\link-cvtres.write.1.tlog
D:\Study\vlc\vlc-2.1.0.subproject-2010\plugins\dvdnav\Debug\mt.command.1.tlog
D:\Study\vlc\vlc-2.1.0.subproject-2010\plugins\dvdnav\Debug\mt.read.1.tlog
D:\Study\vlc\vlc-2.1.0.subproject-2010\plugins\dvdnav\Debug\mt.write.1.tlog
D:\Study\vlc\vlc-2.1.0.subproject-2010\plugins\dvdnav\Debug\rc.command.1.tlog
D:\Study\vlc\vlc-2.1.0.subproject-2010\plugins\dvdnav\Debug\rc.read.1.tlog
D:\Study\vlc\vlc-2.1.0.subproject-2010\plugins\dvdnav\Debug\rc.write.1.tlog
D:\STUDY\VLC\VLC-2.1.0.SUBPROJECT-2010\PLUGINS\DVDNAV\DEBUG\STDAFX.OBJ
D:\Study\vlc\vlc-2.1.0.subproject-2010\plugins\dvdnav\Debug\vc100.idb
D:\STUDY\VLC\VLC-2.1.0.SUBPROJECT-2010\PLUGINS\DVDNAV\DEBUG\VC100.PDB
