D:\Study\vlc\vlc-2.1.0.subproject-2010\Debug\gestures.exp
D:\Study\vlc\vlc-2.1.0.subproject-2010\Debug\gestures.lib
D:\STUDY\VLC\VLC-2.1.0.SUBPROJECT-2010\DEBUG\GESTURES.PDB
D:\STUDY\VLC\VLC-2.1.0.SUBPROJECT-2010\DEBUG\PLUGINS\CONTROL\LIBGESTURES_PLUGIN.DLL
D:\STUDY\VLC\VLC-2.1.0.SUBPROJECT-2010\DEBUG\PLUGINS\CONTROL\LIBGESTURES_PLUGIN.ILK
D:\Study\vlc\vlc-2.1.0.subproject-2010\plugins\gestures\Debug\cl.command.1.tlog
D:\Study\vlc\vlc-2.1.0.subproject-2010\plugins\gestures\Debug\CL.read.1.tlog
D:\Study\vlc\vlc-2.1.0.subproject-2010\plugins\gestures\Debug\CL.write.1.tlog
D:\STUDY\VLC\VLC-2.1.0.SUBPROJECT-2010\PLUGINS\GESTURES\DEBUG\GESTURES.DLL.EMBED.MANIFEST
D:\STUDY\VLC\VLC-2.1.0.SUBPROJECT-2010\PLUGINS\GESTURES\DEBUG\GESTURES.DLL.EMBED.MANIFEST.RES
D:\STUDY\VLC\VLC-2.1.0.SUBPROJECT-2010\PLUGINS\GESTURES\DEBUG\GESTURES.DLL.INTERMEDIATE.MANIFEST
D:\STUDY\VLC\VLC-2.1.0.SUBPROJECT-2010\PLUGINS\GESTURES\DEBUG\GESTURES.OBJ
D:\STUDY\VLC\VLC-2.1.0.SUBPROJECT-2010\PLUGINS\GESTURES\DEBUG\GESTURES.PCH
D:\STUDY\VLC\VLC-2.1.0.SUBPROJECT-2010\PLUGINS\GESTURES\DEBUG\GESTURES.RES
D:\Study\vlc\vlc-2.1.0.subproject-2010\plugins\gestures\Debug\gestures.write.1.tlog
D:\Study\vlc\vlc-2.1.0.subproject-2010\plugins\gestures\Debug\gestures_manifest.rc
D:\STUDY\VLC\VLC-2.1.0.SUBPROJECT-2010\PLUGINS\GESTURES\DEBUG\GESTURES1.OBJ
D:\Study\vlc\vlc-2.1.0.subproject-2010\plugins\gestures\Debug\link.9468.read.1.tlog
D:\Study\vlc\vlc-2.1.0.subproject-2010\plugins\gestures\Debug\link.9468.write.1.tlog
D:\Study\vlc\vlc-2.1.0.subproject-2010\plugins\gestures\Debug\link.9468-cvtres.read.1.tlog
D:\Study\vlc\vlc-2.1.0.subproject-2010\plugins\gestures\Debug\link.9468-cvtres.write.1.tlog
D:\Study\vlc\vlc-2.1.0.subproject-2010\plugins\gestures\Debug\link.command.1.tlog
D:\Study\vlc\vlc-2.1.0.subproject-2010\plugins\gestures\Debug\link.read.1.tlog
D:\Study\vlc\vlc-2.1.0.subproject-2010\plugins\gestures\Debug\link.write.1.tlog
D:\Study\vlc\vlc-2.1.0.subproject-2010\plugins\gestures\Debug\link-cvtres.read.1.tlog
D:\Study\vlc\vlc-2.1.0.subproject-2010\plugins\gestures\Debug\link-cvtres.write.1.tlog
D:\Study\vlc\vlc-2.1.0.subproject-2010\plugins\gestures\Debug\mt.command.1.tlog
D:\Study\vlc\vlc-2.1.0.subproject-2010\plugins\gestures\Debug\mt.read.1.tlog
D:\Study\vlc\vlc-2.1.0.subproject-2010\plugins\gestures\Debug\mt.write.1.tlog
D:\Study\vlc\vlc-2.1.0.subproject-2010\plugins\gestures\Debug\rc.command.1.tlog
D:\Study\vlc\vlc-2.1.0.subproject-2010\plugins\gestures\Debug\rc.read.1.tlog
D:\Study\vlc\vlc-2.1.0.subproject-2010\plugins\gestures\Debug\rc.write.1.tlog
D:\STUDY\VLC\VLC-2.1.0.SUBPROJECT-2010\PLUGINS\GESTURES\DEBUG\STDAFX.OBJ
D:\Study\vlc\vlc-2.1.0.subproject-2010\plugins\gestures\Debug\vc100.idb
D:\STUDY\VLC\VLC-2.1.0.SUBPROJECT-2010\PLUGINS\GESTURES\DEBUG\VC100.PDB
