D:\STUDY\VLC\VLC-2.1.0.SUBPROJECT-2010\DEBUG\PLUGINS\DEMUX\LIBRAWAUD_PLUGIN.DLL
D:\STUDY\VLC\VLC-2.1.0.SUBPROJECT-2010\DEBUG\PLUGINS\DEMUX\LIBRAWAUD_PLUGIN.ILK
D:\Study\vlc\vlc-2.1.0.subproject-2010\Debug\rawaud.exp
D:\Study\vlc\vlc-2.1.0.subproject-2010\Debug\rawaud.lib
D:\STUDY\VLC\VLC-2.1.0.SUBPROJECT-2010\DEBUG\RAWAUD.PDB
D:\Study\vlc\vlc-2.1.0.subproject-2010\plugins\rawaud\Debug\cl.command.1.tlog
D:\Study\vlc\vlc-2.1.0.subproject-2010\plugins\rawaud\Debug\CL.read.1.tlog
D:\Study\vlc\vlc-2.1.0.subproject-2010\plugins\rawaud\Debug\CL.write.1.tlog
D:\Study\vlc\vlc-2.1.0.subproject-2010\plugins\rawaud\Debug\link.5744.read.1.tlog
D:\Study\vlc\vlc-2.1.0.subproject-2010\plugins\rawaud\Debug\link.5744.write.1.tlog
D:\Study\vlc\vlc-2.1.0.subproject-2010\plugins\rawaud\Debug\link.5744-cvtres.read.1.tlog
D:\Study\vlc\vlc-2.1.0.subproject-2010\plugins\rawaud\Debug\link.5744-cvtres.write.1.tlog
D:\Study\vlc\vlc-2.1.0.subproject-2010\plugins\rawaud\Debug\link.command.1.tlog
D:\Study\vlc\vlc-2.1.0.subproject-2010\plugins\rawaud\Debug\link.read.1.tlog
D:\Study\vlc\vlc-2.1.0.subproject-2010\plugins\rawaud\Debug\link.write.1.tlog
D:\Study\vlc\vlc-2.1.0.subproject-2010\plugins\rawaud\Debug\link-cvtres.read.1.tlog
D:\Study\vlc\vlc-2.1.0.subproject-2010\plugins\rawaud\Debug\link-cvtres.write.1.tlog
D:\Study\vlc\vlc-2.1.0.subproject-2010\plugins\rawaud\Debug\mt.command.1.tlog
D:\Study\vlc\vlc-2.1.0.subproject-2010\plugins\rawaud\Debug\mt.read.1.tlog
D:\Study\vlc\vlc-2.1.0.subproject-2010\plugins\rawaud\Debug\mt.write.1.tlog
D:\STUDY\VLC\VLC-2.1.0.SUBPROJECT-2010\PLUGINS\RAWAUD\DEBUG\RAWAUD.DLL.EMBED.MANIFEST
D:\STUDY\VLC\VLC-2.1.0.SUBPROJECT-2010\PLUGINS\RAWAUD\DEBUG\RAWAUD.DLL.EMBED.MANIFEST.RES
D:\STUDY\VLC\VLC-2.1.0.SUBPROJECT-2010\PLUGINS\RAWAUD\DEBUG\RAWAUD.DLL.INTERMEDIATE.MANIFEST
D:\STUDY\VLC\VLC-2.1.0.SUBPROJECT-2010\PLUGINS\RAWAUD\DEBUG\RAWAUD.OBJ
D:\STUDY\VLC\VLC-2.1.0.SUBPROJECT-2010\PLUGINS\RAWAUD\DEBUG\RAWAUD.PCH
D:\STUDY\VLC\VLC-2.1.0.SUBPROJECT-2010\PLUGINS\RAWAUD\DEBUG\RAWAUD.RES
D:\Study\vlc\vlc-2.1.0.subproject-2010\plugins\rawaud\Debug\rawaud.write.1.tlog
D:\Study\vlc\vlc-2.1.0.subproject-2010\plugins\rawaud\Debug\rawaud_manifest.rc
D:\STUDY\VLC\VLC-2.1.0.SUBPROJECT-2010\PLUGINS\RAWAUD\DEBUG\RAWAUD1.OBJ
D:\Study\vlc\vlc-2.1.0.subproject-2010\plugins\rawaud\Debug\rc.command.1.tlog
D:\Study\vlc\vlc-2.1.0.subproject-2010\plugins\rawaud\Debug\rc.read.1.tlog
D:\Study\vlc\vlc-2.1.0.subproject-2010\plugins\rawaud\Debug\rc.write.1.tlog
D:\STUDY\VLC\VLC-2.1.0.SUBPROJECT-2010\PLUGINS\RAWAUD\DEBUG\STDAFX.OBJ
D:\Study\vlc\vlc-2.1.0.subproject-2010\plugins\rawaud\Debug\vc100.idb
D:\STUDY\VLC\VLC-2.1.0.SUBPROJECT-2010\PLUGINS\RAWAUD\DEBUG\VC100.PDB
