D:\STUDY\VLC\VLC-2.1.0.SUBPROJECT-2010\DEBUG\PLUGINS\CODEC\LIBVORBIS_PLUGIN.DLL
D:\STUDY\VLC\VLC-2.1.0.SUBPROJECT-2010\DEBUG\PLUGINS\CODEC\LIBVORBIS_PLUGIN.ILK
D:\Study\vlc\vlc-2.1.0.subproject-2010\Debug\vorbis.exp
D:\Study\vlc\vlc-2.1.0.subproject-2010\Debug\vorbis.lib
D:\STUDY\VLC\VLC-2.1.0.SUBPROJECT-2010\DEBUG\VORBIS.PDB
D:\Study\vlc\vlc-2.1.0.subproject-2010\plugins\vorbis\Debug\cl.command.1.tlog
D:\Study\vlc\vlc-2.1.0.subproject-2010\plugins\vorbis\Debug\CL.read.1.tlog
D:\Study\vlc\vlc-2.1.0.subproject-2010\plugins\vorbis\Debug\CL.write.1.tlog
D:\Study\vlc\vlc-2.1.0.subproject-2010\plugins\vorbis\Debug\link.12292.read.1.tlog
D:\Study\vlc\vlc-2.1.0.subproject-2010\plugins\vorbis\Debug\link.12292.write.1.tlog
D:\Study\vlc\vlc-2.1.0.subproject-2010\plugins\vorbis\Debug\link.12292-cvtres.read.1.tlog
D:\Study\vlc\vlc-2.1.0.subproject-2010\plugins\vorbis\Debug\link.12292-cvtres.write.1.tlog
D:\Study\vlc\vlc-2.1.0.subproject-2010\plugins\vorbis\Debug\link.command.1.tlog
D:\Study\vlc\vlc-2.1.0.subproject-2010\plugins\vorbis\Debug\link.read.1.tlog
D:\Study\vlc\vlc-2.1.0.subproject-2010\plugins\vorbis\Debug\link.write.1.tlog
D:\Study\vlc\vlc-2.1.0.subproject-2010\plugins\vorbis\Debug\link-cvtres.read.1.tlog
D:\Study\vlc\vlc-2.1.0.subproject-2010\plugins\vorbis\Debug\link-cvtres.write.1.tlog
D:\Study\vlc\vlc-2.1.0.subproject-2010\plugins\vorbis\Debug\mt.command.1.tlog
D:\Study\vlc\vlc-2.1.0.subproject-2010\plugins\vorbis\Debug\mt.read.1.tlog
D:\Study\vlc\vlc-2.1.0.subproject-2010\plugins\vorbis\Debug\mt.write.1.tlog
D:\Study\vlc\vlc-2.1.0.subproject-2010\plugins\vorbis\Debug\rc.command.1.tlog
D:\Study\vlc\vlc-2.1.0.subproject-2010\plugins\vorbis\Debug\rc.read.1.tlog
D:\Study\vlc\vlc-2.1.0.subproject-2010\plugins\vorbis\Debug\rc.write.1.tlog
D:\STUDY\VLC\VLC-2.1.0.SUBPROJECT-2010\PLUGINS\VORBIS\DEBUG\STDAFX.OBJ
D:\Study\vlc\vlc-2.1.0.subproject-2010\plugins\vorbis\Debug\vc100.idb
D:\STUDY\VLC\VLC-2.1.0.SUBPROJECT-2010\PLUGINS\VORBIS\DEBUG\VC100.PDB
D:\STUDY\VLC\VLC-2.1.0.SUBPROJECT-2010\PLUGINS\VORBIS\DEBUG\VORBIS.DLL.EMBED.MANIFEST
D:\STUDY\VLC\VLC-2.1.0.SUBPROJECT-2010\PLUGINS\VORBIS\DEBUG\VORBIS.DLL.EMBED.MANIFEST.RES
D:\STUDY\VLC\VLC-2.1.0.SUBPROJECT-2010\PLUGINS\VORBIS\DEBUG\VORBIS.DLL.INTERMEDIATE.MANIFEST
D:\STUDY\VLC\VLC-2.1.0.SUBPROJECT-2010\PLUGINS\VORBIS\DEBUG\VORBIS.OBJ
D:\STUDY\VLC\VLC-2.1.0.SUBPROJECT-2010\PLUGINS\VORBIS\DEBUG\VORBIS.PCH
D:\STUDY\VLC\VLC-2.1.0.SUBPROJECT-2010\PLUGINS\VORBIS\DEBUG\VORBIS.RES
D:\Study\vlc\vlc-2.1.0.subproject-2010\plugins\vorbis\Debug\vorbis.write.1.tlog
D:\Study\vlc\vlc-2.1.0.subproject-2010\plugins\vorbis\Debug\vorbis_manifest.rc
D:\STUDY\VLC\VLC-2.1.0.SUBPROJECT-2010\PLUGINS\VORBIS\DEBUG\VORBIS1.OBJ
