D:\Study\vlc\vlc-2.1.0.subproject-2010\Debug\oldrc.exp
D:\Study\vlc\vlc-2.1.0.subproject-2010\Debug\oldrc.lib
D:\STUDY\VLC\VLC-2.1.0.SUBPROJECT-2010\DEBUG\OLDRC.PDB
D:\STUDY\VLC\VLC-2.1.0.SUBPROJECT-2010\DEBUG\PLUGINS\CONTROL\LIBOLDRC_PLUGIN.DLL
D:\STUDY\VLC\VLC-2.1.0.SUBPROJECT-2010\DEBUG\PLUGINS\CONTROL\LIBOLDRC_PLUGIN.ILK
D:\Study\vlc\vlc-2.1.0.subproject-2010\plugins\oldrc\Debug\cl.command.1.tlog
D:\Study\vlc\vlc-2.1.0.subproject-2010\plugins\oldrc\Debug\CL.read.1.tlog
D:\Study\vlc\vlc-2.1.0.subproject-2010\plugins\oldrc\Debug\CL.write.1.tlog
D:\Study\vlc\vlc-2.1.0.subproject-2010\plugins\oldrc\Debug\link.12752.read.1.tlog
D:\Study\vlc\vlc-2.1.0.subproject-2010\plugins\oldrc\Debug\link.12752.write.1.tlog
D:\Study\vlc\vlc-2.1.0.subproject-2010\plugins\oldrc\Debug\link.12752-cvtres.read.1.tlog
D:\Study\vlc\vlc-2.1.0.subproject-2010\plugins\oldrc\Debug\link.12752-cvtres.write.1.tlog
D:\Study\vlc\vlc-2.1.0.subproject-2010\plugins\oldrc\Debug\link.command.1.tlog
D:\Study\vlc\vlc-2.1.0.subproject-2010\plugins\oldrc\Debug\link.read.1.tlog
D:\Study\vlc\vlc-2.1.0.subproject-2010\plugins\oldrc\Debug\link.write.1.tlog
D:\Study\vlc\vlc-2.1.0.subproject-2010\plugins\oldrc\Debug\link-cvtres.read.1.tlog
D:\Study\vlc\vlc-2.1.0.subproject-2010\plugins\oldrc\Debug\link-cvtres.write.1.tlog
D:\Study\vlc\vlc-2.1.0.subproject-2010\plugins\oldrc\Debug\mt.command.1.tlog
D:\Study\vlc\vlc-2.1.0.subproject-2010\plugins\oldrc\Debug\mt.read.1.tlog
D:\Study\vlc\vlc-2.1.0.subproject-2010\plugins\oldrc\Debug\mt.write.1.tlog
D:\STUDY\VLC\VLC-2.1.0.SUBPROJECT-2010\PLUGINS\OLDRC\DEBUG\OLDRC.DLL.EMBED.MANIFEST
D:\STUDY\VLC\VLC-2.1.0.SUBPROJECT-2010\PLUGINS\OLDRC\DEBUG\OLDRC.DLL.EMBED.MANIFEST.RES
D:\STUDY\VLC\VLC-2.1.0.SUBPROJECT-2010\PLUGINS\OLDRC\DEBUG\OLDRC.DLL.INTERMEDIATE.MANIFEST
D:\STUDY\VLC\VLC-2.1.0.SUBPROJECT-2010\PLUGINS\OLDRC\DEBUG\OLDRC.OBJ
D:\STUDY\VLC\VLC-2.1.0.SUBPROJECT-2010\PLUGINS\OLDRC\DEBUG\OLDRC.PCH
D:\STUDY\VLC\VLC-2.1.0.SUBPROJECT-2010\PLUGINS\OLDRC\DEBUG\OLDRC.RES
D:\Study\vlc\vlc-2.1.0.subproject-2010\plugins\oldrc\Debug\oldrc.write.1.tlog
D:\Study\vlc\vlc-2.1.0.subproject-2010\plugins\oldrc\Debug\oldrc_manifest.rc
D:\Study\vlc\vlc-2.1.0.subproject-2010\plugins\oldrc\Debug\rc.command.1.tlog
D:\STUDY\VLC\VLC-2.1.0.SUBPROJECT-2010\PLUGINS\OLDRC\DEBUG\RC.OBJ
D:\Study\vlc\vlc-2.1.0.subproject-2010\plugins\oldrc\Debug\rc.read.1.tlog
D:\Study\vlc\vlc-2.1.0.subproject-2010\plugins\oldrc\Debug\rc.write.1.tlog
D:\STUDY\VLC\VLC-2.1.0.SUBPROJECT-2010\PLUGINS\OLDRC\DEBUG\STDAFX.OBJ
D:\Study\vlc\vlc-2.1.0.subproject-2010\plugins\oldrc\Debug\vc100.idb
D:\STUDY\VLC\VLC-2.1.0.SUBPROJECT-2010\PLUGINS\OLDRC\DEBUG\VC100.PDB
