D:\STUDY\VLC\VLC-2.1.0.SUBPROJECT-2010\DEBUG\PLUGINS\ACCESS\LIBSTREAM_FILTER_RAR_PLUGIN.DLL
D:\STUDY\VLC\VLC-2.1.0.SUBPROJECT-2010\DEBUG\PLUGINS\ACCESS\LIBSTREAM_FILTER_RAR_PLUGIN.ILK
D:\Study\vlc\vlc-2.1.0.subproject-2010\Debug\stream_filter_rar.exp
D:\Study\vlc\vlc-2.1.0.subproject-2010\Debug\stream_filter_rar.lib
D:\STUDY\VLC\VLC-2.1.0.SUBPROJECT-2010\DEBUG\STREAM_FILTER_RAR.PDB
D:\Study\vlc\vlc-2.1.0.subproject-2010\plugins\stream_filter_rar\Debug\cl.command.1.tlog
D:\Study\vlc\vlc-2.1.0.subproject-2010\plugins\stream_filter_rar\Debug\CL.read.1.tlog
D:\Study\vlc\vlc-2.1.0.subproject-2010\plugins\stream_filter_rar\Debug\CL.write.1.tlog
D:\Study\vlc\vlc-2.1.0.subproject-2010\plugins\stream_filter_rar\Debug\link.3368.read.1.tlog
D:\Study\vlc\vlc-2.1.0.subproject-2010\plugins\stream_filter_rar\Debug\link.3368.write.1.tlog
D:\Study\vlc\vlc-2.1.0.subproject-2010\plugins\stream_filter_rar\Debug\link.3368-cvtres.read.1.tlog
D:\Study\vlc\vlc-2.1.0.subproject-2010\plugins\stream_filter_rar\Debug\link.3368-cvtres.write.1.tlog
D:\Study\vlc\vlc-2.1.0.subproject-2010\plugins\stream_filter_rar\Debug\link.command.1.tlog
D:\Study\vlc\vlc-2.1.0.subproject-2010\plugins\stream_filter_rar\Debug\link.read.1.tlog
D:\Study\vlc\vlc-2.1.0.subproject-2010\plugins\stream_filter_rar\Debug\link.write.1.tlog
D:\Study\vlc\vlc-2.1.0.subproject-2010\plugins\stream_filter_rar\Debug\link-cvtres.read.1.tlog
D:\Study\vlc\vlc-2.1.0.subproject-2010\plugins\stream_filter_rar\Debug\link-cvtres.write.1.tlog
D:\Study\vlc\vlc-2.1.0.subproject-2010\plugins\stream_filter_rar\Debug\mt.command.1.tlog
D:\Study\vlc\vlc-2.1.0.subproject-2010\plugins\stream_filter_rar\Debug\mt.read.1.tlog
D:\Study\vlc\vlc-2.1.0.subproject-2010\plugins\stream_filter_rar\Debug\mt.write.1.tlog
D:\STUDY\VLC\VLC-2.1.0.SUBPROJECT-2010\PLUGINS\STREAM_FILTER_RAR\DEBUG\RAR.OBJ
D:\Study\vlc\vlc-2.1.0.subproject-2010\plugins\stream_filter_rar\Debug\rc.command.1.tlog
D:\Study\vlc\vlc-2.1.0.subproject-2010\plugins\stream_filter_rar\Debug\rc.read.1.tlog
D:\Study\vlc\vlc-2.1.0.subproject-2010\plugins\stream_filter_rar\Debug\rc.write.1.tlog
D:\STUDY\VLC\VLC-2.1.0.SUBPROJECT-2010\PLUGINS\STREAM_FILTER_RAR\DEBUG\STDAFX.OBJ
D:\STUDY\VLC\VLC-2.1.0.SUBPROJECT-2010\PLUGINS\STREAM_FILTER_RAR\DEBUG\STREAM.OBJ
D:\STUDY\VLC\VLC-2.1.0.SUBPROJECT-2010\PLUGINS\STREAM_FILTER_RAR\DEBUG\STREAM_FILTER_RAR.DLL.EMBED.MANIFEST
D:\STUDY\VLC\VLC-2.1.0.SUBPROJECT-2010\PLUGINS\STREAM_FILTER_RAR\DEBUG\STREAM_FILTER_RAR.DLL.EMBED.MANIFEST.RES
D:\STUDY\VLC\VLC-2.1.0.SUBPROJECT-2010\PLUGINS\STREAM_FILTER_RAR\DEBUG\STREAM_FILTER_RAR.DLL.INTERMEDIATE.MANIFEST
D:\STUDY\VLC\VLC-2.1.0.SUBPROJECT-2010\PLUGINS\STREAM_FILTER_RAR\DEBUG\STREAM_FILTER_RAR.OBJ
D:\STUDY\VLC\VLC-2.1.0.SUBPROJECT-2010\PLUGINS\STREAM_FILTER_RAR\DEBUG\STREAM_FILTER_RAR.PCH
D:\STUDY\VLC\VLC-2.1.0.SUBPROJECT-2010\PLUGINS\STREAM_FILTER_RAR\DEBUG\STREAM_FILTER_RAR.RES
D:\Study\vlc\vlc-2.1.0.subproject-2010\plugins\stream_filter_rar\Debug\stream_filter_rar.write.1.tlog
D:\Study\vlc\vlc-2.1.0.subproject-2010\plugins\stream_filter_rar\Debug\stream_filter_rar_manifest.rc
D:\Study\vlc\vlc-2.1.0.subproject-2010\plugins\stream_filter_rar\Debug\vc100.idb
D:\STUDY\VLC\VLC-2.1.0.SUBPROJECT-2010\PLUGINS\STREAM_FILTER_RAR\DEBUG\VC100.PDB
