D:\STUDY\VLC\VLC-2.1.0.SUBPROJECT-2010\DEBUG\PLUGINS\DEMUX\LIBRAWDV_PLUGIN.DLL
D:\STUDY\VLC\VLC-2.1.0.SUBPROJECT-2010\DEBUG\PLUGINS\DEMUX\LIBRAWDV_PLUGIN.ILK
D:\Study\vlc\vlc-2.1.0.subproject-2010\Debug\rawdv.exp
D:\Study\vlc\vlc-2.1.0.subproject-2010\Debug\rawdv.lib
D:\STUDY\VLC\VLC-2.1.0.SUBPROJECT-2010\DEBUG\RAWDV.PDB
D:\Study\vlc\vlc-2.1.0.subproject-2010\plugins\rawdv\Debug\cl.command.1.tlog
D:\Study\vlc\vlc-2.1.0.subproject-2010\plugins\rawdv\Debug\CL.read.1.tlog
D:\Study\vlc\vlc-2.1.0.subproject-2010\plugins\rawdv\Debug\CL.write.1.tlog
D:\Study\vlc\vlc-2.1.0.subproject-2010\plugins\rawdv\Debug\link.4480.read.1.tlog
D:\Study\vlc\vlc-2.1.0.subproject-2010\plugins\rawdv\Debug\link.4480.write.1.tlog
D:\Study\vlc\vlc-2.1.0.subproject-2010\plugins\rawdv\Debug\link.4480-cvtres.read.1.tlog
D:\Study\vlc\vlc-2.1.0.subproject-2010\plugins\rawdv\Debug\link.4480-cvtres.write.1.tlog
D:\Study\vlc\vlc-2.1.0.subproject-2010\plugins\rawdv\Debug\link.command.1.tlog
D:\Study\vlc\vlc-2.1.0.subproject-2010\plugins\rawdv\Debug\link.read.1.tlog
D:\Study\vlc\vlc-2.1.0.subproject-2010\plugins\rawdv\Debug\link.write.1.tlog
D:\Study\vlc\vlc-2.1.0.subproject-2010\plugins\rawdv\Debug\link-cvtres.read.1.tlog
D:\Study\vlc\vlc-2.1.0.subproject-2010\plugins\rawdv\Debug\link-cvtres.write.1.tlog
D:\Study\vlc\vlc-2.1.0.subproject-2010\plugins\rawdv\Debug\mt.command.1.tlog
D:\Study\vlc\vlc-2.1.0.subproject-2010\plugins\rawdv\Debug\mt.read.1.tlog
D:\Study\vlc\vlc-2.1.0.subproject-2010\plugins\rawdv\Debug\mt.write.1.tlog
D:\STUDY\VLC\VLC-2.1.0.SUBPROJECT-2010\PLUGINS\RAWDV\DEBUG\RAWDV.DLL.EMBED.MANIFEST
D:\STUDY\VLC\VLC-2.1.0.SUBPROJECT-2010\PLUGINS\RAWDV\DEBUG\RAWDV.DLL.EMBED.MANIFEST.RES
D:\STUDY\VLC\VLC-2.1.0.SUBPROJECT-2010\PLUGINS\RAWDV\DEBUG\RAWDV.DLL.INTERMEDIATE.MANIFEST
D:\STUDY\VLC\VLC-2.1.0.SUBPROJECT-2010\PLUGINS\RAWDV\DEBUG\RAWDV.OBJ
D:\STUDY\VLC\VLC-2.1.0.SUBPROJECT-2010\PLUGINS\RAWDV\DEBUG\RAWDV.PCH
D:\STUDY\VLC\VLC-2.1.0.SUBPROJECT-2010\PLUGINS\RAWDV\DEBUG\RAWDV.RES
D:\Study\vlc\vlc-2.1.0.subproject-2010\plugins\rawdv\Debug\rawdv.write.1.tlog
D:\Study\vlc\vlc-2.1.0.subproject-2010\plugins\rawdv\Debug\rawdv_manifest.rc
D:\STUDY\VLC\VLC-2.1.0.SUBPROJECT-2010\PLUGINS\RAWDV\DEBUG\RAWDV1.OBJ
D:\Study\vlc\vlc-2.1.0.subproject-2010\plugins\rawdv\Debug\rc.command.1.tlog
D:\Study\vlc\vlc-2.1.0.subproject-2010\plugins\rawdv\Debug\rc.read.1.tlog
D:\Study\vlc\vlc-2.1.0.subproject-2010\plugins\rawdv\Debug\rc.write.1.tlog
D:\STUDY\VLC\VLC-2.1.0.SUBPROJECT-2010\PLUGINS\RAWDV\DEBUG\STDAFX.OBJ
D:\Study\vlc\vlc-2.1.0.subproject-2010\plugins\rawdv\Debug\vc100.idb
D:\STUDY\VLC\VLC-2.1.0.SUBPROJECT-2010\PLUGINS\RAWDV\DEBUG\VC100.PDB
