D:\Study\vlc\vlc-2.1.0.subproject-2010\Debug\packetizer_mpeg4video.exp
D:\Study\vlc\vlc-2.1.0.subproject-2010\Debug\packetizer_mpeg4video.lib
D:\STUDY\VLC\VLC-2.1.0.SUBPROJECT-2010\DEBUG\PACKETIZER_MPEG4VIDEO.PDB
D:\STUDY\VLC\VLC-2.1.0.SUBPROJECT-2010\DEBUG\PLUGINS\PACKETIZER\LIBPACKETIZER_MPEG4VIDEO_PLUGIN.DLL
D:\STUDY\VLC\VLC-2.1.0.SUBPROJECT-2010\DEBUG\PLUGINS\PACKETIZER\LIBPACKETIZER_MPEG4VIDEO_PLUGIN.ILK
D:\Study\vlc\vlc-2.1.0.subproject-2010\plugins\packetizer_mpeg4video\Debug\cl.command.1.tlog
D:\Study\vlc\vlc-2.1.0.subproject-2010\plugins\packetizer_mpeg4video\Debug\CL.read.1.tlog
D:\Study\vlc\vlc-2.1.0.subproject-2010\plugins\packetizer_mpeg4video\Debug\CL.write.1.tlog
D:\Study\vlc\vlc-2.1.0.subproject-2010\plugins\packetizer_mpeg4video\Debug\link.6808.read.1.tlog
D:\Study\vlc\vlc-2.1.0.subproject-2010\plugins\packetizer_mpeg4video\Debug\link.6808.write.1.tlog
D:\Study\vlc\vlc-2.1.0.subproject-2010\plugins\packetizer_mpeg4video\Debug\link.6808-cvtres.read.1.tlog
D:\Study\vlc\vlc-2.1.0.subproject-2010\plugins\packetizer_mpeg4video\Debug\link.6808-cvtres.write.1.tlog
D:\Study\vlc\vlc-2.1.0.subproject-2010\plugins\packetizer_mpeg4video\Debug\link.command.1.tlog
D:\Study\vlc\vlc-2.1.0.subproject-2010\plugins\packetizer_mpeg4video\Debug\link.read.1.tlog
D:\Study\vlc\vlc-2.1.0.subproject-2010\plugins\packetizer_mpeg4video\Debug\link.write.1.tlog
D:\Study\vlc\vlc-2.1.0.subproject-2010\plugins\packetizer_mpeg4video\Debug\link-cvtres.read.1.tlog
D:\Study\vlc\vlc-2.1.0.subproject-2010\plugins\packetizer_mpeg4video\Debug\link-cvtres.write.1.tlog
D:\STUDY\VLC\VLC-2.1.0.SUBPROJECT-2010\PLUGINS\PACKETIZER_MPEG4VIDEO\DEBUG\MPEG4VIDEO.OBJ
D:\Study\vlc\vlc-2.1.0.subproject-2010\plugins\packetizer_mpeg4video\Debug\mt.command.1.tlog
D:\Study\vlc\vlc-2.1.0.subproject-2010\plugins\packetizer_mpeg4video\Debug\mt.read.1.tlog
D:\Study\vlc\vlc-2.1.0.subproject-2010\plugins\packetizer_mpeg4video\Debug\mt.write.1.tlog
D:\STUDY\VLC\VLC-2.1.0.SUBPROJECT-2010\PLUGINS\PACKETIZER_MPEG4VIDEO\DEBUG\PACKETIZER_MPEG4VIDEO.DLL.EMBED.MANIFEST
D:\STUDY\VLC\VLC-2.1.0.SUBPROJECT-2010\PLUGINS\PACKETIZER_MPEG4VIDEO\DEBUG\PACKETIZER_MPEG4VIDEO.DLL.EMBED.MANIFEST.RES
D:\STUDY\VLC\VLC-2.1.0.SUBPROJECT-2010\PLUGINS\PACKETIZER_MPEG4VIDEO\DEBUG\PACKETIZER_MPEG4VIDEO.DLL.INTERMEDIATE.MANIFEST
D:\STUDY\VLC\VLC-2.1.0.SUBPROJECT-2010\PLUGINS\PACKETIZER_MPEG4VIDEO\DEBUG\PACKETIZER_MPEG4VIDEO.OBJ
D:\STUDY\VLC\VLC-2.1.0.SUBPROJECT-2010\PLUGINS\PACKETIZER_MPEG4VIDEO\DEBUG\PACKETIZER_MPEG4VIDEO.PCH
D:\STUDY\VLC\VLC-2.1.0.SUBPROJECT-2010\PLUGINS\PACKETIZER_MPEG4VIDEO\DEBUG\PACKETIZER_MPEG4VIDEO.RES
D:\Study\vlc\vlc-2.1.0.subproject-2010\plugins\packetizer_mpeg4video\Debug\packetizer_mpeg4video.write.1.tlog
D:\Study\vlc\vlc-2.1.0.subproject-2010\plugins\packetizer_mpeg4video\Debug\packetizer_mpeg4video_manifest.rc
D:\Study\vlc\vlc-2.1.0.subproject-2010\plugins\packetizer_mpeg4video\Debug\rc.command.1.tlog
D:\Study\vlc\vlc-2.1.0.subproject-2010\plugins\packetizer_mpeg4video\Debug\rc.read.1.tlog
D:\Study\vlc\vlc-2.1.0.subproject-2010\plugins\packetizer_mpeg4video\Debug\rc.write.1.tlog
D:\STUDY\VLC\VLC-2.1.0.SUBPROJECT-2010\PLUGINS\PACKETIZER_MPEG4VIDEO\DEBUG\STDAFX.OBJ
D:\Study\vlc\vlc-2.1.0.subproject-2010\plugins\packetizer_mpeg4video\Debug\vc100.idb
D:\STUDY\VLC\VLC-2.1.0.SUBPROJECT-2010\PLUGINS\PACKETIZER_MPEG4VIDEO\DEBUG\VC100.PDB
