D:\STUDY\VLC\VLC-2.1.0.SUBPROJECT-2010\DEBUG\PLUGINS\CODEC\LIBSCHROEDINGER_PLUGIN.DLL
D:\STUDY\VLC\VLC-2.1.0.SUBPROJECT-2010\DEBUG\PLUGINS\CODEC\LIBSCHROEDINGER_PLUGIN.ILK
D:\Study\vlc\vlc-2.1.0.subproject-2010\Debug\schroedinger.exp
D:\Study\vlc\vlc-2.1.0.subproject-2010\Debug\schroedinger.lib
D:\STUDY\VLC\VLC-2.1.0.SUBPROJECT-2010\DEBUG\SCHROEDINGER.PDB
D:\Study\vlc\vlc-2.1.0.subproject-2010\plugins\schroedinger\Debug\cl.command.1.tlog
D:\Study\vlc\vlc-2.1.0.subproject-2010\plugins\schroedinger\Debug\CL.read.1.tlog
D:\Study\vlc\vlc-2.1.0.subproject-2010\plugins\schroedinger\Debug\CL.write.1.tlog
D:\Study\vlc\vlc-2.1.0.subproject-2010\plugins\schroedinger\Debug\link.11944.read.1.tlog
D:\Study\vlc\vlc-2.1.0.subproject-2010\plugins\schroedinger\Debug\link.11944.write.1.tlog
D:\Study\vlc\vlc-2.1.0.subproject-2010\plugins\schroedinger\Debug\link.11944-cvtres.read.1.tlog
D:\Study\vlc\vlc-2.1.0.subproject-2010\plugins\schroedinger\Debug\link.11944-cvtres.write.1.tlog
D:\Study\vlc\vlc-2.1.0.subproject-2010\plugins\schroedinger\Debug\link.command.1.tlog
D:\Study\vlc\vlc-2.1.0.subproject-2010\plugins\schroedinger\Debug\link.read.1.tlog
D:\Study\vlc\vlc-2.1.0.subproject-2010\plugins\schroedinger\Debug\link.write.1.tlog
D:\Study\vlc\vlc-2.1.0.subproject-2010\plugins\schroedinger\Debug\link-cvtres.read.1.tlog
D:\Study\vlc\vlc-2.1.0.subproject-2010\plugins\schroedinger\Debug\link-cvtres.write.1.tlog
D:\Study\vlc\vlc-2.1.0.subproject-2010\plugins\schroedinger\Debug\mt.command.1.tlog
D:\Study\vlc\vlc-2.1.0.subproject-2010\plugins\schroedinger\Debug\mt.read.1.tlog
D:\Study\vlc\vlc-2.1.0.subproject-2010\plugins\schroedinger\Debug\mt.write.1.tlog
D:\Study\vlc\vlc-2.1.0.subproject-2010\plugins\schroedinger\Debug\rc.command.1.tlog
D:\Study\vlc\vlc-2.1.0.subproject-2010\plugins\schroedinger\Debug\rc.read.1.tlog
D:\Study\vlc\vlc-2.1.0.subproject-2010\plugins\schroedinger\Debug\rc.write.1.tlog
D:\STUDY\VLC\VLC-2.1.0.SUBPROJECT-2010\PLUGINS\SCHROEDINGER\DEBUG\SCHROEDINGER.DLL.EMBED.MANIFEST
D:\STUDY\VLC\VLC-2.1.0.SUBPROJECT-2010\PLUGINS\SCHROEDINGER\DEBUG\SCHROEDINGER.DLL.EMBED.MANIFEST.RES
D:\STUDY\VLC\VLC-2.1.0.SUBPROJECT-2010\PLUGINS\SCHROEDINGER\DEBUG\SCHROEDINGER.DLL.INTERMEDIATE.MANIFEST
D:\STUDY\VLC\VLC-2.1.0.SUBPROJECT-2010\PLUGINS\SCHROEDINGER\DEBUG\SCHROEDINGER.OBJ
D:\STUDY\VLC\VLC-2.1.0.SUBPROJECT-2010\PLUGINS\SCHROEDINGER\DEBUG\SCHROEDINGER.PCH
D:\STUDY\VLC\VLC-2.1.0.SUBPROJECT-2010\PLUGINS\SCHROEDINGER\DEBUG\SCHROEDINGER.RES
D:\Study\vlc\vlc-2.1.0.subproject-2010\plugins\schroedinger\Debug\schroedinger.write.1.tlog
D:\Study\vlc\vlc-2.1.0.subproject-2010\plugins\schroedinger\Debug\schroedinger_manifest.rc
D:\STUDY\VLC\VLC-2.1.0.SUBPROJECT-2010\PLUGINS\SCHROEDINGER\DEBUG\SCHROEDINGER1.OBJ
D:\STUDY\VLC\VLC-2.1.0.SUBPROJECT-2010\PLUGINS\SCHROEDINGER\DEBUG\STDAFX.OBJ
D:\Study\vlc\vlc-2.1.0.subproject-2010\plugins\schroedinger\Debug\vc100.idb
D:\STUDY\VLC\VLC-2.1.0.SUBPROJECT-2010\PLUGINS\SCHROEDINGER\DEBUG\VC100.PDB
