D:\Study\vlc\vlc-2.1.0.subproject-2010\Debug\dolby_surround_decoder.exp
D:\Study\vlc\vlc-2.1.0.subproject-2010\Debug\dolby_surround_decoder.lib
D:\STUDY\VLC\VLC-2.1.0.SUBPROJECT-2010\DEBUG\DOLBY_SURROUND_DECODER.PDB
D:\STUDY\VLC\VLC-2.1.0.SUBPROJECT-2010\DEBUG\PLUGINS\AUDIO_FILTER\LIBDOLBY_SURROUND_DECODER_PLUGIN.DLL
D:\STUDY\VLC\VLC-2.1.0.SUBPROJECT-2010\DEBUG\PLUGINS\AUDIO_FILTER\LIBDOLBY_SURROUND_DECODER_PLUGIN.ILK
D:\Study\vlc\vlc-2.1.0.subproject-2010\plugins\dolby_surround_decoder\Debug\cl.command.1.tlog
D:\Study\vlc\vlc-2.1.0.subproject-2010\plugins\dolby_surround_decoder\Debug\CL.read.1.tlog
D:\Study\vlc\vlc-2.1.0.subproject-2010\plugins\dolby_surround_decoder\Debug\CL.write.1.tlog
D:\STUDY\VLC\VLC-2.1.0.SUBPROJECT-2010\PLUGINS\DOLBY_SURROUND_DECODER\DEBUG\DOLBY.OBJ
D:\STUDY\VLC\VLC-2.1.0.SUBPROJECT-2010\PLUGINS\DOLBY_SURROUND_DECODER\DEBUG\DOLBY_SURROUND_DECODER.DLL.EMBED.MANIFEST
D:\STUDY\VLC\VLC-2.1.0.SUBPROJECT-2010\PLUGINS\DOLBY_SURROUND_DECODER\DEBUG\DOLBY_SURROUND_DECODER.DLL.EMBED.MANIFEST.RES
D:\STUDY\VLC\VLC-2.1.0.SUBPROJECT-2010\PLUGINS\DOLBY_SURROUND_DECODER\DEBUG\DOLBY_SURROUND_DECODER.DLL.INTERMEDIATE.MANIFEST
D:\STUDY\VLC\VLC-2.1.0.SUBPROJECT-2010\PLUGINS\DOLBY_SURROUND_DECODER\DEBUG\DOLBY_SURROUND_DECODER.OBJ
D:\STUDY\VLC\VLC-2.1.0.SUBPROJECT-2010\PLUGINS\DOLBY_SURROUND_DECODER\DEBUG\DOLBY_SURROUND_DECODER.PCH
D:\STUDY\VLC\VLC-2.1.0.SUBPROJECT-2010\PLUGINS\DOLBY_SURROUND_DECODER\DEBUG\DOLBY_SURROUND_DECODER.RES
D:\Study\vlc\vlc-2.1.0.subproject-2010\plugins\dolby_surround_decoder\Debug\dolby_surround_decoder.write.1.tlog
D:\Study\vlc\vlc-2.1.0.subproject-2010\plugins\dolby_surround_decoder\Debug\dolby_surround_decoder_manifest.rc
D:\Study\vlc\vlc-2.1.0.subproject-2010\plugins\dolby_surround_decoder\Debug\link.10956.read.1.tlog
D:\Study\vlc\vlc-2.1.0.subproject-2010\plugins\dolby_surround_decoder\Debug\link.10956.write.1.tlog
D:\Study\vlc\vlc-2.1.0.subproject-2010\plugins\dolby_surround_decoder\Debug\link.10956-cvtres.read.1.tlog
D:\Study\vlc\vlc-2.1.0.subproject-2010\plugins\dolby_surround_decoder\Debug\link.10956-cvtres.write.1.tlog
D:\Study\vlc\vlc-2.1.0.subproject-2010\plugins\dolby_surround_decoder\Debug\link.command.1.tlog
D:\Study\vlc\vlc-2.1.0.subproject-2010\plugins\dolby_surround_decoder\Debug\link.read.1.tlog
D:\Study\vlc\vlc-2.1.0.subproject-2010\plugins\dolby_surround_decoder\Debug\link.write.1.tlog
D:\Study\vlc\vlc-2.1.0.subproject-2010\plugins\dolby_surround_decoder\Debug\link-cvtres.read.1.tlog
D:\Study\vlc\vlc-2.1.0.subproject-2010\plugins\dolby_surround_decoder\Debug\link-cvtres.write.1.tlog
D:\Study\vlc\vlc-2.1.0.subproject-2010\plugins\dolby_surround_decoder\Debug\mt.command.1.tlog
D:\Study\vlc\vlc-2.1.0.subproject-2010\plugins\dolby_surround_decoder\Debug\mt.read.1.tlog
D:\Study\vlc\vlc-2.1.0.subproject-2010\plugins\dolby_surround_decoder\Debug\mt.write.1.tlog
D:\Study\vlc\vlc-2.1.0.subproject-2010\plugins\dolby_surround_decoder\Debug\rc.command.1.tlog
D:\Study\vlc\vlc-2.1.0.subproject-2010\plugins\dolby_surround_decoder\Debug\rc.read.1.tlog
D:\Study\vlc\vlc-2.1.0.subproject-2010\plugins\dolby_surround_decoder\Debug\rc.write.1.tlog
D:\STUDY\VLC\VLC-2.1.0.SUBPROJECT-2010\PLUGINS\DOLBY_SURROUND_DECODER\DEBUG\STDAFX.OBJ
D:\Study\vlc\vlc-2.1.0.subproject-2010\plugins\dolby_surround_decoder\Debug\vc100.idb
D:\STUDY\VLC\VLC-2.1.0.SUBPROJECT-2010\PLUGINS\DOLBY_SURROUND_DECODER\DEBUG\VC100.PDB
