D:\Study\vlc\vlc-2.1.0.subproject-2010\Debug\bluescreen.exp
D:\Study\vlc\vlc-2.1.0.subproject-2010\Debug\bluescreen.lib
D:\STUDY\VLC\VLC-2.1.0.SUBPROJECT-2010\DEBUG\BLUESCREEN.PDB
D:\STUDY\VLC\VLC-2.1.0.SUBPROJECT-2010\DEBUG\PLUGINS\VIDEO_FILTER\LIBBLUESCREEN_PLUGIN.DLL
D:\STUDY\VLC\VLC-2.1.0.SUBPROJECT-2010\DEBUG\PLUGINS\VIDEO_FILTER\LIBBLUESCREEN_PLUGIN.ILK
D:\STUDY\VLC\VLC-2.1.0.SUBPROJECT-2010\PLUGINS\BLUESCREEN\DEBUG\BLUESCREEN.DLL.EMBED.MANIFEST
D:\STUDY\VLC\VLC-2.1.0.SUBPROJECT-2010\PLUGINS\BLUESCREEN\DEBUG\BLUESCREEN.DLL.EMBED.MANIFEST.RES
D:\STUDY\VLC\VLC-2.1.0.SUBPROJECT-2010\PLUGINS\BLUESCREEN\DEBUG\BLUESCREEN.DLL.INTERMEDIATE.MANIFEST
D:\STUDY\VLC\VLC-2.1.0.SUBPROJECT-2010\PLUGINS\BLUESCREEN\DEBUG\BLUESCREEN.OBJ
D:\STUDY\VLC\VLC-2.1.0.SUBPROJECT-2010\PLUGINS\BLUESCREEN\DEBUG\BLUESCREEN.PCH
D:\STUDY\VLC\VLC-2.1.0.SUBPROJECT-2010\PLUGINS\BLUESCREEN\DEBUG\BLUESCREEN.RES
D:\Study\vlc\vlc-2.1.0.subproject-2010\plugins\bluescreen\Debug\bluescreen.write.1.tlog
D:\Study\vlc\vlc-2.1.0.subproject-2010\plugins\bluescreen\Debug\bluescreen_manifest.rc
D:\STUDY\VLC\VLC-2.1.0.SUBPROJECT-2010\PLUGINS\BLUESCREEN\DEBUG\BLUESCREEN1.OBJ
D:\Study\vlc\vlc-2.1.0.subproject-2010\plugins\bluescreen\Debug\cl.command.1.tlog
D:\Study\vlc\vlc-2.1.0.subproject-2010\plugins\bluescreen\Debug\CL.read.1.tlog
D:\Study\vlc\vlc-2.1.0.subproject-2010\plugins\bluescreen\Debug\CL.write.1.tlog
D:\Study\vlc\vlc-2.1.0.subproject-2010\plugins\bluescreen\Debug\link.3620.read.1.tlog
D:\Study\vlc\vlc-2.1.0.subproject-2010\plugins\bluescreen\Debug\link.3620.write.1.tlog
D:\Study\vlc\vlc-2.1.0.subproject-2010\plugins\bluescreen\Debug\link.3620-cvtres.read.1.tlog
D:\Study\vlc\vlc-2.1.0.subproject-2010\plugins\bluescreen\Debug\link.3620-cvtres.write.1.tlog
D:\Study\vlc\vlc-2.1.0.subproject-2010\plugins\bluescreen\Debug\link.command.1.tlog
D:\Study\vlc\vlc-2.1.0.subproject-2010\plugins\bluescreen\Debug\link.read.1.tlog
D:\Study\vlc\vlc-2.1.0.subproject-2010\plugins\bluescreen\Debug\link.write.1.tlog
D:\Study\vlc\vlc-2.1.0.subproject-2010\plugins\bluescreen\Debug\link-cvtres.read.1.tlog
D:\Study\vlc\vlc-2.1.0.subproject-2010\plugins\bluescreen\Debug\link-cvtres.write.1.tlog
D:\Study\vlc\vlc-2.1.0.subproject-2010\plugins\bluescreen\Debug\mt.command.1.tlog
D:\Study\vlc\vlc-2.1.0.subproject-2010\plugins\bluescreen\Debug\mt.read.1.tlog
D:\Study\vlc\vlc-2.1.0.subproject-2010\plugins\bluescreen\Debug\mt.write.1.tlog
D:\Study\vlc\vlc-2.1.0.subproject-2010\plugins\bluescreen\Debug\rc.command.1.tlog
D:\Study\vlc\vlc-2.1.0.subproject-2010\plugins\bluescreen\Debug\rc.read.1.tlog
D:\Study\vlc\vlc-2.1.0.subproject-2010\plugins\bluescreen\Debug\rc.write.1.tlog
D:\STUDY\VLC\VLC-2.1.0.SUBPROJECT-2010\PLUGINS\BLUESCREEN\DEBUG\STDAFX.OBJ
D:\Study\vlc\vlc-2.1.0.subproject-2010\plugins\bluescreen\Debug\vc100.idb
D:\STUDY\VLC\VLC-2.1.0.SUBPROJECT-2010\PLUGINS\BLUESCREEN\DEBUG\VC100.PDB
