D:\STUDY\VLC\VLC-2.1.0.SUBPROJECT-2010\DEBUG\PLUGINS\CODEC\LIBSUBSDEC_PLUGIN.DLL
D:\STUDY\VLC\VLC-2.1.0.SUBPROJECT-2010\DEBUG\PLUGINS\CODEC\LIBSUBSDEC_PLUGIN.ILK
D:\Study\vlc\vlc-2.1.0.subproject-2010\Debug\subsdec.exp
D:\Study\vlc\vlc-2.1.0.subproject-2010\Debug\subsdec.lib
D:\STUDY\VLC\VLC-2.1.0.SUBPROJECT-2010\DEBUG\SUBSDEC.PDB
D:\Study\vlc\vlc-2.1.0.subproject-2010\plugins\subsdec\Debug\cl.command.1.tlog
D:\Study\vlc\vlc-2.1.0.subproject-2010\plugins\subsdec\Debug\CL.read.1.tlog
D:\Study\vlc\vlc-2.1.0.subproject-2010\plugins\subsdec\Debug\CL.write.1.tlog
D:\Study\vlc\vlc-2.1.0.subproject-2010\plugins\subsdec\Debug\link.7616.read.1.tlog
D:\Study\vlc\vlc-2.1.0.subproject-2010\plugins\subsdec\Debug\link.7616.write.1.tlog
D:\Study\vlc\vlc-2.1.0.subproject-2010\plugins\subsdec\Debug\link.7616-cvtres.read.1.tlog
D:\Study\vlc\vlc-2.1.0.subproject-2010\plugins\subsdec\Debug\link.7616-cvtres.write.1.tlog
D:\Study\vlc\vlc-2.1.0.subproject-2010\plugins\subsdec\Debug\link.command.1.tlog
D:\Study\vlc\vlc-2.1.0.subproject-2010\plugins\subsdec\Debug\link.read.1.tlog
D:\Study\vlc\vlc-2.1.0.subproject-2010\plugins\subsdec\Debug\link.write.1.tlog
D:\Study\vlc\vlc-2.1.0.subproject-2010\plugins\subsdec\Debug\link-cvtres.read.1.tlog
D:\Study\vlc\vlc-2.1.0.subproject-2010\plugins\subsdec\Debug\link-cvtres.write.1.tlog
D:\Study\vlc\vlc-2.1.0.subproject-2010\plugins\subsdec\Debug\mt.command.1.tlog
D:\Study\vlc\vlc-2.1.0.subproject-2010\plugins\subsdec\Debug\mt.read.1.tlog
D:\Study\vlc\vlc-2.1.0.subproject-2010\plugins\subsdec\Debug\mt.write.1.tlog
D:\Study\vlc\vlc-2.1.0.subproject-2010\plugins\subsdec\Debug\rc.command.1.tlog
D:\Study\vlc\vlc-2.1.0.subproject-2010\plugins\subsdec\Debug\rc.read.1.tlog
D:\Study\vlc\vlc-2.1.0.subproject-2010\plugins\subsdec\Debug\rc.write.1.tlog
D:\STUDY\VLC\VLC-2.1.0.SUBPROJECT-2010\PLUGINS\SUBSDEC\DEBUG\STDAFX.OBJ
D:\STUDY\VLC\VLC-2.1.0.SUBPROJECT-2010\PLUGINS\SUBSDEC\DEBUG\SUBSDEC.DLL.EMBED.MANIFEST
D:\STUDY\VLC\VLC-2.1.0.SUBPROJECT-2010\PLUGINS\SUBSDEC\DEBUG\SUBSDEC.DLL.EMBED.MANIFEST.RES
D:\STUDY\VLC\VLC-2.1.0.SUBPROJECT-2010\PLUGINS\SUBSDEC\DEBUG\SUBSDEC.DLL.INTERMEDIATE.MANIFEST
D:\STUDY\VLC\VLC-2.1.0.SUBPROJECT-2010\PLUGINS\SUBSDEC\DEBUG\SUBSDEC.OBJ
D:\STUDY\VLC\VLC-2.1.0.SUBPROJECT-2010\PLUGINS\SUBSDEC\DEBUG\SUBSDEC.PCH
D:\STUDY\VLC\VLC-2.1.0.SUBPROJECT-2010\PLUGINS\SUBSDEC\DEBUG\SUBSDEC.RES
D:\Study\vlc\vlc-2.1.0.subproject-2010\plugins\subsdec\Debug\subsdec.write.1.tlog
D:\Study\vlc\vlc-2.1.0.subproject-2010\plugins\subsdec\Debug\subsdec_manifest.rc
D:\STUDY\VLC\VLC-2.1.0.SUBPROJECT-2010\PLUGINS\SUBSDEC\DEBUG\SUBSDEC1.OBJ
D:\Study\vlc\vlc-2.1.0.subproject-2010\plugins\subsdec\Debug\vc100.idb
D:\STUDY\VLC\VLC-2.1.0.SUBPROJECT-2010\PLUGINS\SUBSDEC\DEBUG\VC100.PDB
