D:\STUDY\VLC\VLC-2.1.0.SUBPROJECT-2010\DEBUG\PLUGINS\SERVICES_DISCOVERY\LIBUPNP_PLUGIN.DLL
D:\STUDY\VLC\VLC-2.1.0.SUBPROJECT-2010\DEBUG\PLUGINS\SERVICES_DISCOVERY\LIBUPNP_PLUGIN.ILK
D:\Study\vlc\vlc-2.1.0.subproject-2010\Debug\upnp.exp
D:\Study\vlc\vlc-2.1.0.subproject-2010\Debug\upnp.lib
D:\STUDY\VLC\VLC-2.1.0.SUBPROJECT-2010\DEBUG\UPNP.PDB
D:\Study\vlc\vlc-2.1.0.subproject-2010\plugins\upnp\Debug\cl.command.1.tlog
D:\Study\vlc\vlc-2.1.0.subproject-2010\plugins\upnp\Debug\CL.read.1.tlog
D:\Study\vlc\vlc-2.1.0.subproject-2010\plugins\upnp\Debug\CL.write.1.tlog
D:\Study\vlc\vlc-2.1.0.subproject-2010\plugins\upnp\Debug\link.8252.read.1.tlog
D:\Study\vlc\vlc-2.1.0.subproject-2010\plugins\upnp\Debug\link.8252.write.1.tlog
D:\Study\vlc\vlc-2.1.0.subproject-2010\plugins\upnp\Debug\link.8252-cvtres.read.1.tlog
D:\Study\vlc\vlc-2.1.0.subproject-2010\plugins\upnp\Debug\link.8252-cvtres.write.1.tlog
D:\Study\vlc\vlc-2.1.0.subproject-2010\plugins\upnp\Debug\link.command.1.tlog
D:\Study\vlc\vlc-2.1.0.subproject-2010\plugins\upnp\Debug\link.read.1.tlog
D:\Study\vlc\vlc-2.1.0.subproject-2010\plugins\upnp\Debug\link.write.1.tlog
D:\Study\vlc\vlc-2.1.0.subproject-2010\plugins\upnp\Debug\link-cvtres.read.1.tlog
D:\Study\vlc\vlc-2.1.0.subproject-2010\plugins\upnp\Debug\link-cvtres.write.1.tlog
D:\Study\vlc\vlc-2.1.0.subproject-2010\plugins\upnp\Debug\mt.command.1.tlog
D:\Study\vlc\vlc-2.1.0.subproject-2010\plugins\upnp\Debug\mt.read.1.tlog
D:\Study\vlc\vlc-2.1.0.subproject-2010\plugins\upnp\Debug\mt.write.1.tlog
D:\Study\vlc\vlc-2.1.0.subproject-2010\plugins\upnp\Debug\rc.command.1.tlog
D:\Study\vlc\vlc-2.1.0.subproject-2010\plugins\upnp\Debug\rc.read.1.tlog
D:\Study\vlc\vlc-2.1.0.subproject-2010\plugins\upnp\Debug\rc.write.1.tlog
D:\STUDY\VLC\VLC-2.1.0.SUBPROJECT-2010\PLUGINS\UPNP\DEBUG\STDAFX.OBJ
D:\STUDY\VLC\VLC-2.1.0.SUBPROJECT-2010\PLUGINS\UPNP\DEBUG\UPNP.DLL.EMBED.MANIFEST
D:\STUDY\VLC\VLC-2.1.0.SUBPROJECT-2010\PLUGINS\UPNP\DEBUG\UPNP.DLL.EMBED.MANIFEST.RES
D:\STUDY\VLC\VLC-2.1.0.SUBPROJECT-2010\PLUGINS\UPNP\DEBUG\UPNP.DLL.INTERMEDIATE.MANIFEST
D:\STUDY\VLC\VLC-2.1.0.SUBPROJECT-2010\PLUGINS\UPNP\DEBUG\UPNP.OBJ
D:\STUDY\VLC\VLC-2.1.0.SUBPROJECT-2010\PLUGINS\UPNP\DEBUG\UPNP.PCH
D:\STUDY\VLC\VLC-2.1.0.SUBPROJECT-2010\PLUGINS\UPNP\DEBUG\UPNP.RES
D:\Study\vlc\vlc-2.1.0.subproject-2010\plugins\upnp\Debug\upnp.write.1.tlog
D:\Study\vlc\vlc-2.1.0.subproject-2010\plugins\upnp\Debug\upnp_manifest.rc
D:\STUDY\VLC\VLC-2.1.0.SUBPROJECT-2010\PLUGINS\UPNP\DEBUG\UPNP1.OBJ
D:\Study\vlc\vlc-2.1.0.subproject-2010\plugins\upnp\Debug\vc100.idb
D:\STUDY\VLC\VLC-2.1.0.SUBPROJECT-2010\PLUGINS\UPNP\DEBUG\VC100.PDB
