D:\STUDY\VLC\VLC-2.1.0.SUBPROJECT-2010\DEBUG\LIBVLCCORE.DLL
D:\Study\vlc\vlc-2.1.0.subproject-2010\Debug\libvlccore.exp
D:\STUDY\VLC\VLC-2.1.0.SUBPROJECT-2010\DEBUG\LIBVLCCORE.ILK
D:\Study\vlc\vlc-2.1.0.subproject-2010\Debug\libvlccore.lib
D:\STUDY\VLC\VLC-2.1.0.SUBPROJECT-2010\DEBUG\LIBVLCCORE.PDB
D:\STUDY\VLC\VLC-2.1.0.SUBPROJECT-2010\LIBVLCCORE\DEBUG\ACCESS.OBJ
D:\STUDY\VLC\VLC-2.1.0.SUBPROJECT-2010\LIBVLCCORE\DEBUG\ANNOUNCE.OBJ
D:\STUDY\VLC\VLC-2.1.0.SUBPROJECT-2010\LIBVLCCORE\DEBUG\AOUT.OBJ
D:\STUDY\VLC\VLC-2.1.0.SUBPROJECT-2010\LIBVLCCORE\DEBUG\ART.OBJ
D:\STUDY\VLC\VLC-2.1.0.SUBPROJECT-2010\LIBVLCCORE\DEBUG\BANK.OBJ
D:\STUDY\VLC\VLC-2.1.0.SUBPROJECT-2010\LIBVLCCORE\DEBUG\BLOCK.OBJ
D:\STUDY\VLC\VLC-2.1.0.SUBPROJECT-2010\LIBVLCCORE\DEBUG\CACHE.OBJ
D:\STUDY\VLC\VLC-2.1.0.SUBPROJECT-2010\LIBVLCCORE\DEBUG\CHAIN.OBJ
D:\STUDY\VLC\VLC-2.1.0.SUBPROJECT-2010\LIBVLCCORE\DEBUG\CHARSET.OBJ
D:\Study\vlc\vlc-2.1.0.subproject-2010\libvlccore\Debug\cl.command.1.tlog
D:\Study\vlc\vlc-2.1.0.subproject-2010\libvlccore\Debug\CL.read.1.tlog
D:\Study\vlc\vlc-2.1.0.subproject-2010\libvlccore\Debug\CL.write.1.tlog
D:\STUDY\VLC\VLC-2.1.0.SUBPROJECT-2010\LIBVLCCORE\DEBUG\CLOCK.OBJ
D:\STUDY\VLC\VLC-2.1.0.SUBPROJECT-2010\LIBVLCCORE\DEBUG\CMDLINE.OBJ
D:\STUDY\VLC\VLC-2.1.0.SUBPROJECT-2010\LIBVLCCORE\DEBUG\COMMON.OBJ
D:\STUDY\VLC\VLC-2.1.0.SUBPROJECT-2010\LIBVLCCORE\DEBUG\CONTROL.OBJ
D:\STUDY\VLC\VLC-2.1.0.SUBPROJECT-2010\LIBVLCCORE\DEBUG\CONTROL1.OBJ
D:\STUDY\VLC\VLC-2.1.0.SUBPROJECT-2010\LIBVLCCORE\DEBUG\CONTROL2.OBJ
D:\STUDY\VLC\VLC-2.1.0.SUBPROJECT-2010\LIBVLCCORE\DEBUG\CORE.OBJ
D:\STUDY\VLC\VLC-2.1.0.SUBPROJECT-2010\LIBVLCCORE\DEBUG\CPU.OBJ
D:\STUDY\VLC\VLC-2.1.0.SUBPROJECT-2010\LIBVLCCORE\DEBUG\DEC.OBJ
D:\STUDY\VLC\VLC-2.1.0.SUBPROJECT-2010\LIBVLCCORE\DEBUG\DECODER.OBJ
D:\STUDY\VLC\VLC-2.1.0.SUBPROJECT-2010\LIBVLCCORE\DEBUG\DECODER_SYNCHRO.OBJ
D:\STUDY\VLC\VLC-2.1.0.SUBPROJECT-2010\LIBVLCCORE\DEBUG\DEMUX.OBJ
D:\STUDY\VLC\VLC-2.1.0.SUBPROJECT-2010\LIBVLCCORE\DEBUG\DIALOG.OBJ
D:\STUDY\VLC\VLC-2.1.0.SUBPROJECT-2010\LIBVLCCORE\DEBUG\DIRS1.OBJ
D:\STUDY\VLC\VLC-2.1.0.SUBPROJECT-2010\LIBVLCCORE\DEBUG\DISPLAY.OBJ
D:\STUDY\VLC\VLC-2.1.0.SUBPROJECT-2010\LIBVLCCORE\DEBUG\ENGINE.OBJ
D:\STUDY\VLC\VLC-2.1.0.SUBPROJECT-2010\LIBVLCCORE\DEBUG\ENTRY.OBJ
D:\STUDY\VLC\VLC-2.1.0.SUBPROJECT-2010\LIBVLCCORE\DEBUG\EPG.OBJ
D:\STUDY\VLC\VLC-2.1.0.SUBPROJECT-2010\LIBVLCCORE\DEBUG\ERROR.OBJ
D:\STUDY\VLC\VLC-2.1.0.SUBPROJECT-2010\LIBVLCCORE\DEBUG\ES_FORMAT.OBJ
D:\STUDY\VLC\VLC-2.1.0.SUBPROJECT-2010\LIBVLCCORE\DEBUG\ES_OUT.OBJ
D:\STUDY\VLC\VLC-2.1.0.SUBPROJECT-2010\LIBVLCCORE\DEBUG\ES_OUT_TIMESHIFT.OBJ
D:\STUDY\VLC\VLC-2.1.0.SUBPROJECT-2010\LIBVLCCORE\DEBUG\EVENT.OBJ
D:\STUDY\VLC\VLC-2.1.0.SUBPROJECT-2010\LIBVLCCORE\DEBUG\EVENTS.OBJ
D:\STUDY\VLC\VLC-2.1.0.SUBPROJECT-2010\LIBVLCCORE\DEBUG\EXIT.OBJ
D:\STUDY\VLC\VLC-2.1.0.SUBPROJECT-2010\LIBVLCCORE\DEBUG\FETCHER.OBJ
D:\STUDY\VLC\VLC-2.1.0.SUBPROJECT-2010\LIBVLCCORE\DEBUG\FILE.OBJ
D:\STUDY\VLC\VLC-2.1.0.SUBPROJECT-2010\LIBVLCCORE\DEBUG\FILESYSTEM.OBJ
D:\STUDY\VLC\VLC-2.1.0.SUBPROJECT-2010\LIBVLCCORE\DEBUG\FILESYSTEM1.OBJ
D:\STUDY\VLC\VLC-2.1.0.SUBPROJECT-2010\LIBVLCCORE\DEBUG\FILTER.OBJ
D:\STUDY\VLC\VLC-2.1.0.SUBPROJECT-2010\LIBVLCCORE\DEBUG\FILTER_CHAIN.OBJ
D:\STUDY\VLC\VLC-2.1.0.SUBPROJECT-2010\LIBVLCCORE\DEBUG\FILTERS.OBJ
D:\STUDY\VLC\VLC-2.1.0.SUBPROJECT-2010\LIBVLCCORE\DEBUG\FINGERPRINTER.OBJ
D:\STUDY\VLC\VLC-2.1.0.SUBPROJECT-2010\LIBVLCCORE\DEBUG\FOURCC.OBJ
D:\STUDY\VLC\VLC-2.1.0.SUBPROJECT-2010\LIBVLCCORE\DEBUG\GETADDRINFO.OBJ
D:\STUDY\VLC\VLC-2.1.0.SUBPROJECT-2010\LIBVLCCORE\DEBUG\GETOPT2.OBJ
D:\STUDY\VLC\VLC-2.1.0.SUBPROJECT-2010\LIBVLCCORE\DEBUG\HELP.OBJ
D:\STUDY\VLC\VLC-2.1.0.SUBPROJECT-2010\LIBVLCCORE\DEBUG\HTTP_AUTH.OBJ
D:\STUDY\VLC\VLC-2.1.0.SUBPROJECT-2010\LIBVLCCORE\DEBUG\HTTPD.OBJ
D:\STUDY\VLC\VLC-2.1.0.SUBPROJECT-2010\LIBVLCCORE\DEBUG\IMAGE.OBJ
D:\STUDY\VLC\VLC-2.1.0.SUBPROJECT-2010\LIBVLCCORE\DEBUG\INHIBIT.OBJ
D:\STUDY\VLC\VLC-2.1.0.SUBPROJECT-2010\LIBVLCCORE\DEBUG\INPUT1.OBJ
D:\STUDY\VLC\VLC-2.1.0.SUBPROJECT-2010\LIBVLCCORE\DEBUG\INTERFACE.OBJ
D:\STUDY\VLC\VLC-2.1.0.SUBPROJECT-2010\LIBVLCCORE\DEBUG\INTERLACING.OBJ
D:\STUDY\VLC\VLC-2.1.0.SUBPROJECT-2010\LIBVLCCORE\DEBUG\INTF1.OBJ
D:\STUDY\VLC\VLC-2.1.0.SUBPROJECT-2010\LIBVLCCORE\DEBUG\IO.OBJ
D:\STUDY\VLC\VLC-2.1.0.SUBPROJECT-2010\LIBVLCCORE\DEBUG\ISO_LANG.OBJ
D:\STUDY\VLC\VLC-2.1.0.SUBPROJECT-2010\LIBVLCCORE\DEBUG\ITEM.OBJ
D:\STUDY\VLC\VLC-2.1.0.SUBPROJECT-2010\LIBVLCCORE\DEBUG\ITEM1.OBJ
D:\STUDY\VLC\VLC-2.1.0.SUBPROJECT-2010\LIBVLCCORE\DEBUG\KEYS.OBJ
D:\STUDY\VLC\VLC-2.1.0.SUBPROJECT-2010\LIBVLCCORE\DEBUG\LIBC.OBJ
D:\STUDY\VLC\VLC-2.1.0.SUBPROJECT-2010\LIBVLCCORE\DEBUG\LIBVLC.OBJ
D:\STUDY\VLC\VLC-2.1.0.SUBPROJECT-2010\LIBVLCCORE\DEBUG\LIBVLCCORE.DLL.EMBED.MANIFEST
D:\STUDY\VLC\VLC-2.1.0.SUBPROJECT-2010\LIBVLCCORE\DEBUG\LIBVLCCORE.DLL.EMBED.MANIFEST.RES
D:\STUDY\VLC\VLC-2.1.0.SUBPROJECT-2010\LIBVLCCORE\DEBUG\LIBVLCCORE.DLL.INTERMEDIATE.MANIFEST
D:\STUDY\VLC\VLC-2.1.0.SUBPROJECT-2010\LIBVLCCORE\DEBUG\LIBVLCCORE.OBJ
D:\STUDY\VLC\VLC-2.1.0.SUBPROJECT-2010\LIBVLCCORE\DEBUG\LIBVLCCORE.PCH
D:\STUDY\VLC\VLC-2.1.0.SUBPROJECT-2010\LIBVLCCORE\DEBUG\LIBVLCCORE.RES
D:\Study\vlc\vlc-2.1.0.subproject-2010\libvlccore\Debug\libvlccore.write.1.tlog
D:\Study\vlc\vlc-2.1.0.subproject-2010\libvlccore\Debug\libvlccore_manifest.rc
D:\STUDY\VLC\VLC-2.1.0.SUBPROJECT-2010\LIBVLCCORE\DEBUG\LIBVLC-MODULE.OBJ
D:\Study\vlc\vlc-2.1.0.subproject-2010\libvlccore\Debug\link.12980.read.1.tlog
D:\Study\vlc\vlc-2.1.0.subproject-2010\libvlccore\Debug\link.12980.write.1.tlog
D:\Study\vlc\vlc-2.1.0.subproject-2010\libvlccore\Debug\link.12980-cvtres.read.1.tlog
D:\Study\vlc\vlc-2.1.0.subproject-2010\libvlccore\Debug\link.12980-cvtres.write.1.tlog
D:\Study\vlc\vlc-2.1.0.subproject-2010\libvlccore\Debug\link.command.1.tlog
D:\Study\vlc\vlc-2.1.0.subproject-2010\libvlccore\Debug\link.read.1.tlog
D:\Study\vlc\vlc-2.1.0.subproject-2010\libvlccore\Debug\link.write.1.tlog
D:\Study\vlc\vlc-2.1.0.subproject-2010\libvlccore\Debug\link-cvtres.read.1.tlog
D:\Study\vlc\vlc-2.1.0.subproject-2010\libvlccore\Debug\link-cvtres.write.1.tlog
D:\STUDY\VLC\VLC-2.1.0.SUBPROJECT-2010\LIBVLCCORE\DEBUG\LOADSAVE.OBJ
D:\STUDY\VLC\VLC-2.1.0.SUBPROJECT-2010\LIBVLCCORE\DEBUG\MD5.OBJ
D:\STUDY\VLC\VLC-2.1.0.SUBPROJECT-2010\LIBVLCCORE\DEBUG\MESSAGES.OBJ
D:\STUDY\VLC\VLC-2.1.0.SUBPROJECT-2010\LIBVLCCORE\DEBUG\META.OBJ
D:\STUDY\VLC\VLC-2.1.0.SUBPROJECT-2010\LIBVLCCORE\DEBUG\MIME.OBJ
D:\STUDY\VLC\VLC-2.1.0.SUBPROJECT-2010\LIBVLCCORE\DEBUG\MISSING.OBJ
D:\STUDY\VLC\VLC-2.1.0.SUBPROJECT-2010\LIBVLCCORE\DEBUG\MODULES.OBJ
D:\Study\vlc\vlc-2.1.0.subproject-2010\libvlccore\Debug\mt.command.1.tlog
D:\Study\vlc\vlc-2.1.0.subproject-2010\libvlccore\Debug\mt.read.1.tlog
D:\Study\vlc\vlc-2.1.0.subproject-2010\libvlccore\Debug\mt.write.1.tlog
D:\STUDY\VLC\VLC-2.1.0.SUBPROJECT-2010\LIBVLCCORE\DEBUG\MTIME.OBJ
D:\STUDY\VLC\VLC-2.1.0.SUBPROJECT-2010\LIBVLCCORE\DEBUG\NETCONF.OBJ
D:\STUDY\VLC\VLC-2.1.0.SUBPROJECT-2010\LIBVLCCORE\DEBUG\OBJECTS.OBJ
D:\STUDY\VLC\VLC-2.1.0.SUBPROJECT-2010\LIBVLCCORE\DEBUG\OPENGL.OBJ
D:\STUDY\VLC\VLC-2.1.0.SUBPROJECT-2010\LIBVLCCORE\DEBUG\OUTPUT.OBJ
D:\STUDY\VLC\VLC-2.1.0.SUBPROJECT-2010\LIBVLCCORE\DEBUG\PICTURE.OBJ
D:\STUDY\VLC\VLC-2.1.0.SUBPROJECT-2010\LIBVLCCORE\DEBUG\PICTURE_FIFO.OBJ
D:\STUDY\VLC\VLC-2.1.0.SUBPROJECT-2010\LIBVLCCORE\DEBUG\PICTURE_POOL.OBJ
D:\STUDY\VLC\VLC-2.1.0.SUBPROJECT-2010\LIBVLCCORE\DEBUG\PLUGIN.OBJ
D:\STUDY\VLC\VLC-2.1.0.SUBPROJECT-2010\LIBVLCCORE\DEBUG\PREPARSER.OBJ
D:\STUDY\VLC\VLC-2.1.0.SUBPROJECT-2010\LIBVLCCORE\DEBUG\PROBE.OBJ
D:\STUDY\VLC\VLC-2.1.0.SUBPROJECT-2010\LIBVLCCORE\DEBUG\RAND.OBJ
D:\STUDY\VLC\VLC-2.1.0.SUBPROJECT-2010\LIBVLCCORE\DEBUG\RAND1.OBJ
D:\Study\vlc\vlc-2.1.0.subproject-2010\libvlccore\Debug\rc.command.1.tlog
D:\Study\vlc\vlc-2.1.0.subproject-2010\libvlccore\Debug\rc.read.1.tlog
D:\Study\vlc\vlc-2.1.0.subproject-2010\libvlccore\Debug\rc.write.1.tlog
D:\STUDY\VLC\VLC-2.1.0.SUBPROJECT-2010\LIBVLCCORE\DEBUG\RESOURCE.OBJ
D:\STUDY\VLC\VLC-2.1.0.SUBPROJECT-2010\LIBVLCCORE\DEBUG\REVISION.OBJ
D:\STUDY\VLC\VLC-2.1.0.SUBPROJECT-2010\LIBVLCCORE\DEBUG\ROOTBIND.OBJ
D:\STUDY\VLC\VLC-2.1.0.SUBPROJECT-2010\LIBVLCCORE\DEBUG\SAP.OBJ
D:\STUDY\VLC\VLC-2.1.0.SUBPROJECT-2010\LIBVLCCORE\DEBUG\SDP.OBJ
D:\STUDY\VLC\VLC-2.1.0.SUBPROJECT-2010\LIBVLCCORE\DEBUG\SEARCH.OBJ
D:\STUDY\VLC\VLC-2.1.0.SUBPROJECT-2010\LIBVLCCORE\DEBUG\SERVICES_DISCOVERY.OBJ
D:\STUDY\VLC\VLC-2.1.0.SUBPROJECT-2010\LIBVLCCORE\DEBUG\SNAPSHOT.OBJ
D:\STUDY\VLC\VLC-2.1.0.SUBPROJECT-2010\LIBVLCCORE\DEBUG\SORT.OBJ
D:\STUDY\VLC\VLC-2.1.0.SUBPROJECT-2010\LIBVLCCORE\DEBUG\SPECIFIC.OBJ
D:\STUDY\VLC\VLC-2.1.0.SUBPROJECT-2010\LIBVLCCORE\DEBUG\STATS.OBJ
D:\STUDY\VLC\VLC-2.1.0.SUBPROJECT-2010\LIBVLCCORE\DEBUG\STDAFX.OBJ
D:\STUDY\VLC\VLC-2.1.0.SUBPROJECT-2010\LIBVLCCORE\DEBUG\STREAM.OBJ
D:\STUDY\VLC\VLC-2.1.0.SUBPROJECT-2010\LIBVLCCORE\DEBUG\STREAM_DEMUX.OBJ
D:\STUDY\VLC\VLC-2.1.0.SUBPROJECT-2010\LIBVLCCORE\DEBUG\STREAM_FILTER.OBJ
D:\STUDY\VLC\VLC-2.1.0.SUBPROJECT-2010\LIBVLCCORE\DEBUG\STREAM_MEMORY.OBJ
D:\STUDY\VLC\VLC-2.1.0.SUBPROJECT-2010\LIBVLCCORE\DEBUG\STREAM_OUTPUT.OBJ
D:\STUDY\VLC\VLC-2.1.0.SUBPROJECT-2010\LIBVLCCORE\DEBUG\STRINGS.OBJ
D:\STUDY\VLC\VLC-2.1.0.SUBPROJECT-2010\LIBVLCCORE\DEBUG\SUBPICTURE.OBJ
D:\STUDY\VLC\VLC-2.1.0.SUBPROJECT-2010\LIBVLCCORE\DEBUG\SUBTITLES.OBJ
D:\STUDY\VLC\VLC-2.1.0.SUBPROJECT-2010\LIBVLCCORE\DEBUG\TCP.OBJ
D:\STUDY\VLC\VLC-2.1.0.SUBPROJECT-2010\LIBVLCCORE\DEBUG\TDESTROY.OBJ
D:\STUDY\VLC\VLC-2.1.0.SUBPROJECT-2010\LIBVLCCORE\DEBUG\TEXT_STYLE.OBJ
D:\STUDY\VLC\VLC-2.1.0.SUBPROJECT-2010\LIBVLCCORE\DEBUG\TEXTDOMAIN.OBJ
D:\STUDY\VLC\VLC-2.1.0.SUBPROJECT-2010\LIBVLCCORE\DEBUG\THREAD.OBJ
D:\STUDY\VLC\VLC-2.1.0.SUBPROJECT-2010\LIBVLCCORE\DEBUG\THREAD1.OBJ
D:\STUDY\VLC\VLC-2.1.0.SUBPROJECT-2010\LIBVLCCORE\DEBUG\THREADS.OBJ
D:\STUDY\VLC\VLC-2.1.0.SUBPROJECT-2010\LIBVLCCORE\DEBUG\TLS.OBJ
D:\STUDY\VLC\VLC-2.1.0.SUBPROJECT-2010\LIBVLCCORE\DEBUG\TREE.OBJ
D:\STUDY\VLC\VLC-2.1.0.SUBPROJECT-2010\LIBVLCCORE\DEBUG\UDP.OBJ
D:\STUDY\VLC\VLC-2.1.0.SUBPROJECT-2010\LIBVLCCORE\DEBUG\UNICODE.OBJ
D:\STUDY\VLC\VLC-2.1.0.SUBPROJECT-2010\LIBVLCCORE\DEBUG\UPDATE.OBJ
D:\STUDY\VLC\VLC-2.1.0.SUBPROJECT-2010\LIBVLCCORE\DEBUG\UPDATE_CRYPTO.OBJ
D:\STUDY\VLC\VLC-2.1.0.SUBPROJECT-2010\LIBVLCCORE\DEBUG\URL.OBJ
D:\STUDY\VLC\VLC-2.1.0.SUBPROJECT-2010\LIBVLCCORE\DEBUG\VAR.OBJ
D:\STUDY\VLC\VLC-2.1.0.SUBPROJECT-2010\LIBVLCCORE\DEBUG\VARIABLES.OBJ
D:\Study\vlc\vlc-2.1.0.subproject-2010\libvlccore\Debug\vc100.idb
D:\STUDY\VLC\VLC-2.1.0.SUBPROJECT-2010\LIBVLCCORE\DEBUG\VC100.PDB
D:\STUDY\VLC\VLC-2.1.0.SUBPROJECT-2010\LIBVLCCORE\DEBUG\VERSION.OBJ
D:\STUDY\VLC\VLC-2.1.0.SUBPROJECT-2010\LIBVLCCORE\DEBUG\VIDEO_EPG.OBJ
D:\STUDY\VLC\VLC-2.1.0.SUBPROJECT-2010\LIBVLCCORE\DEBUG\VIDEO_OUTPUT.OBJ
D:\STUDY\VLC\VLC-2.1.0.SUBPROJECT-2010\LIBVLCCORE\DEBUG\VIDEO_TEXT.OBJ
D:\STUDY\VLC\VLC-2.1.0.SUBPROJECT-2010\LIBVLCCORE\DEBUG\VIDEO_WIDGETS.OBJ
D:\STUDY\VLC\VLC-2.1.0.SUBPROJECT-2010\LIBVLCCORE\DEBUG\VLM.OBJ
D:\STUDY\VLC\VLC-2.1.0.SUBPROJECT-2010\LIBVLCCORE\DEBUG\VLM_EVENT.OBJ
D:\STUDY\VLC\VLC-2.1.0.SUBPROJECT-2010\LIBVLCCORE\DEBUG\VLMSHELL.OBJ
D:\STUDY\VLC\VLC-2.1.0.SUBPROJECT-2010\LIBVLCCORE\DEBUG\VOLUME.OBJ
D:\STUDY\VLC\VLC-2.1.0.SUBPROJECT-2010\LIBVLCCORE\DEBUG\VOUT_INTF.OBJ
D:\STUDY\VLC\VLC-2.1.0.SUBPROJECT-2010\LIBVLCCORE\DEBUG\VOUT_SUBPICTURES.OBJ
D:\STUDY\VLC\VLC-2.1.0.SUBPROJECT-2010\LIBVLCCORE\DEBUG\VOUT_WRAPPER.OBJ
D:\STUDY\VLC\VLC-2.1.0.SUBPROJECT-2010\LIBVLCCORE\DEBUG\WINDOW.OBJ
D:\STUDY\VLC\VLC-2.1.0.SUBPROJECT-2010\LIBVLCCORE\DEBUG\WINSOCK1.OBJ
D:\STUDY\VLC\VLC-2.1.0.SUBPROJECT-2010\LIBVLCCORE\DEBUG\XML.OBJ
