D:\STUDY\VLC\VLC-2.1.0.SUBPROJECT-2010\DEBUG\PLUGINS\VIDEO_FILTER\LIBSEPIA_PLUGIN.DLL
D:\STUDY\VLC\VLC-2.1.0.SUBPROJECT-2010\DEBUG\PLUGINS\VIDEO_FILTER\LIBSEPIA_PLUGIN.ILK
D:\Study\vlc\vlc-2.1.0.subproject-2010\Debug\sepia.exp
D:\Study\vlc\vlc-2.1.0.subproject-2010\Debug\sepia.lib
D:\STUDY\VLC\VLC-2.1.0.SUBPROJECT-2010\DEBUG\SEPIA.PDB
D:\Study\vlc\vlc-2.1.0.subproject-2010\plugins\sepia\Debug\cl.command.1.tlog
D:\Study\vlc\vlc-2.1.0.subproject-2010\plugins\sepia\Debug\CL.read.1.tlog
D:\Study\vlc\vlc-2.1.0.subproject-2010\plugins\sepia\Debug\CL.write.1.tlog
D:\Study\vlc\vlc-2.1.0.subproject-2010\plugins\sepia\Debug\link.12924.read.1.tlog
D:\Study\vlc\vlc-2.1.0.subproject-2010\plugins\sepia\Debug\link.12924.write.1.tlog
D:\Study\vlc\vlc-2.1.0.subproject-2010\plugins\sepia\Debug\link.12924-cvtres.read.1.tlog
D:\Study\vlc\vlc-2.1.0.subproject-2010\plugins\sepia\Debug\link.12924-cvtres.write.1.tlog
D:\Study\vlc\vlc-2.1.0.subproject-2010\plugins\sepia\Debug\link.command.1.tlog
D:\Study\vlc\vlc-2.1.0.subproject-2010\plugins\sepia\Debug\link.read.1.tlog
D:\Study\vlc\vlc-2.1.0.subproject-2010\plugins\sepia\Debug\link.write.1.tlog
D:\Study\vlc\vlc-2.1.0.subproject-2010\plugins\sepia\Debug\link-cvtres.read.1.tlog
D:\Study\vlc\vlc-2.1.0.subproject-2010\plugins\sepia\Debug\link-cvtres.write.1.tlog
D:\Study\vlc\vlc-2.1.0.subproject-2010\plugins\sepia\Debug\mt.command.1.tlog
D:\Study\vlc\vlc-2.1.0.subproject-2010\plugins\sepia\Debug\mt.read.1.tlog
D:\Study\vlc\vlc-2.1.0.subproject-2010\plugins\sepia\Debug\mt.write.1.tlog
D:\Study\vlc\vlc-2.1.0.subproject-2010\plugins\sepia\Debug\rc.command.1.tlog
D:\Study\vlc\vlc-2.1.0.subproject-2010\plugins\sepia\Debug\rc.read.1.tlog
D:\Study\vlc\vlc-2.1.0.subproject-2010\plugins\sepia\Debug\rc.write.1.tlog
D:\STUDY\VLC\VLC-2.1.0.SUBPROJECT-2010\PLUGINS\SEPIA\DEBUG\SEPIA.DLL.EMBED.MANIFEST
D:\STUDY\VLC\VLC-2.1.0.SUBPROJECT-2010\PLUGINS\SEPIA\DEBUG\SEPIA.DLL.EMBED.MANIFEST.RES
D:\STUDY\VLC\VLC-2.1.0.SUBPROJECT-2010\PLUGINS\SEPIA\DEBUG\SEPIA.DLL.INTERMEDIATE.MANIFEST
D:\STUDY\VLC\VLC-2.1.0.SUBPROJECT-2010\PLUGINS\SEPIA\DEBUG\SEPIA.OBJ
D:\STUDY\VLC\VLC-2.1.0.SUBPROJECT-2010\PLUGINS\SEPIA\DEBUG\SEPIA.PCH
D:\STUDY\VLC\VLC-2.1.0.SUBPROJECT-2010\PLUGINS\SEPIA\DEBUG\SEPIA.RES
D:\Study\vlc\vlc-2.1.0.subproject-2010\plugins\sepia\Debug\sepia.write.1.tlog
D:\Study\vlc\vlc-2.1.0.subproject-2010\plugins\sepia\Debug\sepia_manifest.rc
D:\STUDY\VLC\VLC-2.1.0.SUBPROJECT-2010\PLUGINS\SEPIA\DEBUG\SEPIA1.OBJ
D:\STUDY\VLC\VLC-2.1.0.SUBPROJECT-2010\PLUGINS\SEPIA\DEBUG\STDAFX.OBJ
D:\Study\vlc\vlc-2.1.0.subproject-2010\plugins\sepia\Debug\vc100.idb
D:\STUDY\VLC\VLC-2.1.0.SUBPROJECT-2010\PLUGINS\SEPIA\DEBUG\VC100.PDB
