D:\Study\vlc\vlc-2.1.0.subproject-2010\Debug\idummy.exp
D:\Study\vlc\vlc-2.1.0.subproject-2010\Debug\idummy.lib
D:\STUDY\VLC\VLC-2.1.0.SUBPROJECT-2010\DEBUG\IDUMMY.PDB
D:\STUDY\VLC\VLC-2.1.0.SUBPROJECT-2010\DEBUG\PLUGINS\ACCESS\LIBIDUMMY_PLUGIN.DLL
D:\STUDY\VLC\VLC-2.1.0.SUBPROJECT-2010\DEBUG\PLUGINS\ACCESS\LIBIDUMMY_PLUGIN.ILK
D:\Study\vlc\vlc-2.1.0.subproject-2010\plugins\idummy\Debug\cl.command.1.tlog
D:\Study\vlc\vlc-2.1.0.subproject-2010\plugins\idummy\Debug\CL.read.1.tlog
D:\Study\vlc\vlc-2.1.0.subproject-2010\plugins\idummy\Debug\CL.write.1.tlog
D:\STUDY\VLC\VLC-2.1.0.SUBPROJECT-2010\PLUGINS\IDUMMY\DEBUG\IDUMMY.DLL.EMBED.MANIFEST
D:\STUDY\VLC\VLC-2.1.0.SUBPROJECT-2010\PLUGINS\IDUMMY\DEBUG\IDUMMY.DLL.EMBED.MANIFEST.RES
D:\STUDY\VLC\VLC-2.1.0.SUBPROJECT-2010\PLUGINS\IDUMMY\DEBUG\IDUMMY.DLL.INTERMEDIATE.MANIFEST
D:\STUDY\VLC\VLC-2.1.0.SUBPROJECT-2010\PLUGINS\IDUMMY\DEBUG\IDUMMY.OBJ
D:\STUDY\VLC\VLC-2.1.0.SUBPROJECT-2010\PLUGINS\IDUMMY\DEBUG\IDUMMY.PCH
D:\STUDY\VLC\VLC-2.1.0.SUBPROJECT-2010\PLUGINS\IDUMMY\DEBUG\IDUMMY.RES
D:\Study\vlc\vlc-2.1.0.subproject-2010\plugins\idummy\Debug\idummy.write.1.tlog
D:\Study\vlc\vlc-2.1.0.subproject-2010\plugins\idummy\Debug\idummy_manifest.rc
D:\STUDY\VLC\VLC-2.1.0.SUBPROJECT-2010\PLUGINS\IDUMMY\DEBUG\IDUMMY1.OBJ
D:\Study\vlc\vlc-2.1.0.subproject-2010\plugins\idummy\Debug\link.13092.read.1.tlog
D:\Study\vlc\vlc-2.1.0.subproject-2010\plugins\idummy\Debug\link.13092.write.1.tlog
D:\Study\vlc\vlc-2.1.0.subproject-2010\plugins\idummy\Debug\link.13092-cvtres.read.1.tlog
D:\Study\vlc\vlc-2.1.0.subproject-2010\plugins\idummy\Debug\link.13092-cvtres.write.1.tlog
D:\Study\vlc\vlc-2.1.0.subproject-2010\plugins\idummy\Debug\link.command.1.tlog
D:\Study\vlc\vlc-2.1.0.subproject-2010\plugins\idummy\Debug\link.read.1.tlog
D:\Study\vlc\vlc-2.1.0.subproject-2010\plugins\idummy\Debug\link.write.1.tlog
D:\Study\vlc\vlc-2.1.0.subproject-2010\plugins\idummy\Debug\link-cvtres.read.1.tlog
D:\Study\vlc\vlc-2.1.0.subproject-2010\plugins\idummy\Debug\link-cvtres.write.1.tlog
D:\Study\vlc\vlc-2.1.0.subproject-2010\plugins\idummy\Debug\mt.command.1.tlog
D:\Study\vlc\vlc-2.1.0.subproject-2010\plugins\idummy\Debug\mt.read.1.tlog
D:\Study\vlc\vlc-2.1.0.subproject-2010\plugins\idummy\Debug\mt.write.1.tlog
D:\Study\vlc\vlc-2.1.0.subproject-2010\plugins\idummy\Debug\rc.command.1.tlog
D:\Study\vlc\vlc-2.1.0.subproject-2010\plugins\idummy\Debug\rc.read.1.tlog
D:\Study\vlc\vlc-2.1.0.subproject-2010\plugins\idummy\Debug\rc.write.1.tlog
D:\STUDY\VLC\VLC-2.1.0.SUBPROJECT-2010\PLUGINS\IDUMMY\DEBUG\STDAFX.OBJ
D:\Study\vlc\vlc-2.1.0.subproject-2010\plugins\idummy\Debug\vc100.idb
D:\STUDY\VLC\VLC-2.1.0.SUBPROJECT-2010\PLUGINS\IDUMMY\DEBUG\VC100.PDB
