D:\Study\vlc\vlc-2.1.0.subproject-2010\Debug\demuxdump.exp
D:\Study\vlc\vlc-2.1.0.subproject-2010\Debug\demuxdump.lib
D:\STUDY\VLC\VLC-2.1.0.SUBPROJECT-2010\DEBUG\DEMUXDUMP.PDB
D:\STUDY\VLC\VLC-2.1.0.SUBPROJECT-2010\DEBUG\PLUGINS\DEMUX\LIBDEMUXDUMP_PLUGIN.DLL
D:\STUDY\VLC\VLC-2.1.0.SUBPROJECT-2010\DEBUG\PLUGINS\DEMUX\LIBDEMUXDUMP_PLUGIN.ILK
D:\Study\vlc\vlc-2.1.0.subproject-2010\plugins\demuxdump\Debug\cl.command.1.tlog
D:\Study\vlc\vlc-2.1.0.subproject-2010\plugins\demuxdump\Debug\CL.read.1.tlog
D:\Study\vlc\vlc-2.1.0.subproject-2010\plugins\demuxdump\Debug\CL.write.1.tlog
D:\STUDY\VLC\VLC-2.1.0.SUBPROJECT-2010\PLUGINS\DEMUXDUMP\DEBUG\DEMUXDUMP.DLL.EMBED.MANIFEST
D:\STUDY\VLC\VLC-2.1.0.SUBPROJECT-2010\PLUGINS\DEMUXDUMP\DEBUG\DEMUXDUMP.DLL.EMBED.MANIFEST.RES
D:\STUDY\VLC\VLC-2.1.0.SUBPROJECT-2010\PLUGINS\DEMUXDUMP\DEBUG\DEMUXDUMP.DLL.INTERMEDIATE.MANIFEST
D:\STUDY\VLC\VLC-2.1.0.SUBPROJECT-2010\PLUGINS\DEMUXDUMP\DEBUG\DEMUXDUMP.OBJ
D:\STUDY\VLC\VLC-2.1.0.SUBPROJECT-2010\PLUGINS\DEMUXDUMP\DEBUG\DEMUXDUMP.PCH
D:\STUDY\VLC\VLC-2.1.0.SUBPROJECT-2010\PLUGINS\DEMUXDUMP\DEBUG\DEMUXDUMP.RES
D:\Study\vlc\vlc-2.1.0.subproject-2010\plugins\demuxdump\Debug\demuxdump.write.1.tlog
D:\Study\vlc\vlc-2.1.0.subproject-2010\plugins\demuxdump\Debug\demuxdump_manifest.rc
D:\STUDY\VLC\VLC-2.1.0.SUBPROJECT-2010\PLUGINS\DEMUXDUMP\DEBUG\DEMUXDUMP1.OBJ
D:\Study\vlc\vlc-2.1.0.subproject-2010\plugins\demuxdump\Debug\link.12448.read.1.tlog
D:\Study\vlc\vlc-2.1.0.subproject-2010\plugins\demuxdump\Debug\link.12448.write.1.tlog
D:\Study\vlc\vlc-2.1.0.subproject-2010\plugins\demuxdump\Debug\link.12448-cvtres.read.1.tlog
D:\Study\vlc\vlc-2.1.0.subproject-2010\plugins\demuxdump\Debug\link.12448-cvtres.write.1.tlog
D:\Study\vlc\vlc-2.1.0.subproject-2010\plugins\demuxdump\Debug\link.command.1.tlog
D:\Study\vlc\vlc-2.1.0.subproject-2010\plugins\demuxdump\Debug\link.read.1.tlog
D:\Study\vlc\vlc-2.1.0.subproject-2010\plugins\demuxdump\Debug\link.write.1.tlog
D:\Study\vlc\vlc-2.1.0.subproject-2010\plugins\demuxdump\Debug\link-cvtres.read.1.tlog
D:\Study\vlc\vlc-2.1.0.subproject-2010\plugins\demuxdump\Debug\link-cvtres.write.1.tlog
D:\Study\vlc\vlc-2.1.0.subproject-2010\plugins\demuxdump\Debug\mt.command.1.tlog
D:\Study\vlc\vlc-2.1.0.subproject-2010\plugins\demuxdump\Debug\mt.read.1.tlog
D:\Study\vlc\vlc-2.1.0.subproject-2010\plugins\demuxdump\Debug\mt.write.1.tlog
D:\Study\vlc\vlc-2.1.0.subproject-2010\plugins\demuxdump\Debug\rc.command.1.tlog
D:\Study\vlc\vlc-2.1.0.subproject-2010\plugins\demuxdump\Debug\rc.read.1.tlog
D:\Study\vlc\vlc-2.1.0.subproject-2010\plugins\demuxdump\Debug\rc.write.1.tlog
D:\STUDY\VLC\VLC-2.1.0.SUBPROJECT-2010\PLUGINS\DEMUXDUMP\DEBUG\STDAFX.OBJ
D:\Study\vlc\vlc-2.1.0.subproject-2010\plugins\demuxdump\Debug\vc100.idb
D:\STUDY\VLC\VLC-2.1.0.SUBPROJECT-2010\PLUGINS\DEMUXDUMP\DEBUG\VC100.PDB
