D:\Study\vlc\vlc-2.1.0.subproject-2010\Debug\packetizer_vc1.exp
D:\Study\vlc\vlc-2.1.0.subproject-2010\Debug\packetizer_vc1.lib
D:\STUDY\VLC\VLC-2.1.0.SUBPROJECT-2010\DEBUG\PACKETIZER_VC1.PDB
D:\STUDY\VLC\VLC-2.1.0.SUBPROJECT-2010\DEBUG\PLUGINS\PACKETIZER\LIBPACKETIZER_VC1_PLUGIN.DLL
D:\STUDY\VLC\VLC-2.1.0.SUBPROJECT-2010\DEBUG\PLUGINS\PACKETIZER\LIBPACKETIZER_VC1_PLUGIN.ILK
D:\Study\vlc\vlc-2.1.0.subproject-2010\plugins\packetizer_vc1\Debug\cl.command.1.tlog
D:\Study\vlc\vlc-2.1.0.subproject-2010\plugins\packetizer_vc1\Debug\CL.read.1.tlog
D:\Study\vlc\vlc-2.1.0.subproject-2010\plugins\packetizer_vc1\Debug\CL.write.1.tlog
D:\Study\vlc\vlc-2.1.0.subproject-2010\plugins\packetizer_vc1\Debug\link.5140.read.1.tlog
D:\Study\vlc\vlc-2.1.0.subproject-2010\plugins\packetizer_vc1\Debug\link.5140.write.1.tlog
D:\Study\vlc\vlc-2.1.0.subproject-2010\plugins\packetizer_vc1\Debug\link.5140-cvtres.read.1.tlog
D:\Study\vlc\vlc-2.1.0.subproject-2010\plugins\packetizer_vc1\Debug\link.5140-cvtres.write.1.tlog
D:\Study\vlc\vlc-2.1.0.subproject-2010\plugins\packetizer_vc1\Debug\link.command.1.tlog
D:\Study\vlc\vlc-2.1.0.subproject-2010\plugins\packetizer_vc1\Debug\link.read.1.tlog
D:\Study\vlc\vlc-2.1.0.subproject-2010\plugins\packetizer_vc1\Debug\link.write.1.tlog
D:\Study\vlc\vlc-2.1.0.subproject-2010\plugins\packetizer_vc1\Debug\link-cvtres.read.1.tlog
D:\Study\vlc\vlc-2.1.0.subproject-2010\plugins\packetizer_vc1\Debug\link-cvtres.write.1.tlog
D:\Study\vlc\vlc-2.1.0.subproject-2010\plugins\packetizer_vc1\Debug\mt.command.1.tlog
D:\Study\vlc\vlc-2.1.0.subproject-2010\plugins\packetizer_vc1\Debug\mt.read.1.tlog
D:\Study\vlc\vlc-2.1.0.subproject-2010\plugins\packetizer_vc1\Debug\mt.write.1.tlog
D:\STUDY\VLC\VLC-2.1.0.SUBPROJECT-2010\PLUGINS\PACKETIZER_VC1\DEBUG\PACKETIZER_VC1.DLL.EMBED.MANIFEST
D:\STUDY\VLC\VLC-2.1.0.SUBPROJECT-2010\PLUGINS\PACKETIZER_VC1\DEBUG\PACKETIZER_VC1.DLL.EMBED.MANIFEST.RES
D:\STUDY\VLC\VLC-2.1.0.SUBPROJECT-2010\PLUGINS\PACKETIZER_VC1\DEBUG\PACKETIZER_VC1.DLL.INTERMEDIATE.MANIFEST
D:\STUDY\VLC\VLC-2.1.0.SUBPROJECT-2010\PLUGINS\PACKETIZER_VC1\DEBUG\PACKETIZER_VC1.OBJ
D:\STUDY\VLC\VLC-2.1.0.SUBPROJECT-2010\PLUGINS\PACKETIZER_VC1\DEBUG\PACKETIZER_VC1.PCH
D:\STUDY\VLC\VLC-2.1.0.SUBPROJECT-2010\PLUGINS\PACKETIZER_VC1\DEBUG\PACKETIZER_VC1.RES
D:\Study\vlc\vlc-2.1.0.subproject-2010\plugins\packetizer_vc1\Debug\packetizer_vc1.write.1.tlog
D:\Study\vlc\vlc-2.1.0.subproject-2010\plugins\packetizer_vc1\Debug\packetizer_vc1_manifest.rc
D:\Study\vlc\vlc-2.1.0.subproject-2010\plugins\packetizer_vc1\Debug\rc.command.1.tlog
D:\Study\vlc\vlc-2.1.0.subproject-2010\plugins\packetizer_vc1\Debug\rc.read.1.tlog
D:\Study\vlc\vlc-2.1.0.subproject-2010\plugins\packetizer_vc1\Debug\rc.write.1.tlog
D:\STUDY\VLC\VLC-2.1.0.SUBPROJECT-2010\PLUGINS\PACKETIZER_VC1\DEBUG\STDAFX.OBJ
D:\STUDY\VLC\VLC-2.1.0.SUBPROJECT-2010\PLUGINS\PACKETIZER_VC1\DEBUG\VC1.OBJ
D:\Study\vlc\vlc-2.1.0.subproject-2010\plugins\packetizer_vc1\Debug\vc100.idb
D:\STUDY\VLC\VLC-2.1.0.SUBPROJECT-2010\PLUGINS\PACKETIZER_VC1\DEBUG\VC100.PDB
