D:\STUDY\VLC\VLC-2.1.0.SUBPROJECT-2010\DEBUG\PLUGINS\VIDEO_FILTER\LIBPOSTPROC_PLUGIN.DLL
D:\STUDY\VLC\VLC-2.1.0.SUBPROJECT-2010\DEBUG\PLUGINS\VIDEO_FILTER\LIBPOSTPROC_PLUGIN.ILK
D:\Study\vlc\vlc-2.1.0.subproject-2010\Debug\postproc.exp
D:\Study\vlc\vlc-2.1.0.subproject-2010\Debug\postproc.lib
D:\STUDY\VLC\VLC-2.1.0.SUBPROJECT-2010\DEBUG\POSTPROC.PDB
D:\Study\vlc\vlc-2.1.0.subproject-2010\plugins\postproc\Debug\cl.command.1.tlog
D:\Study\vlc\vlc-2.1.0.subproject-2010\plugins\postproc\Debug\CL.read.1.tlog
D:\Study\vlc\vlc-2.1.0.subproject-2010\plugins\postproc\Debug\CL.write.1.tlog
D:\Study\vlc\vlc-2.1.0.subproject-2010\plugins\postproc\Debug\link.4276.read.1.tlog
D:\Study\vlc\vlc-2.1.0.subproject-2010\plugins\postproc\Debug\link.4276.write.1.tlog
D:\Study\vlc\vlc-2.1.0.subproject-2010\plugins\postproc\Debug\link.4276-cvtres.read.1.tlog
D:\Study\vlc\vlc-2.1.0.subproject-2010\plugins\postproc\Debug\link.4276-cvtres.write.1.tlog
D:\Study\vlc\vlc-2.1.0.subproject-2010\plugins\postproc\Debug\link.command.1.tlog
D:\Study\vlc\vlc-2.1.0.subproject-2010\plugins\postproc\Debug\link.read.1.tlog
D:\Study\vlc\vlc-2.1.0.subproject-2010\plugins\postproc\Debug\link.write.1.tlog
D:\Study\vlc\vlc-2.1.0.subproject-2010\plugins\postproc\Debug\link-cvtres.read.1.tlog
D:\Study\vlc\vlc-2.1.0.subproject-2010\plugins\postproc\Debug\link-cvtres.write.1.tlog
D:\Study\vlc\vlc-2.1.0.subproject-2010\plugins\postproc\Debug\mt.command.1.tlog
D:\Study\vlc\vlc-2.1.0.subproject-2010\plugins\postproc\Debug\mt.read.1.tlog
D:\Study\vlc\vlc-2.1.0.subproject-2010\plugins\postproc\Debug\mt.write.1.tlog
D:\STUDY\VLC\VLC-2.1.0.SUBPROJECT-2010\PLUGINS\POSTPROC\DEBUG\POSTPROC.DLL.EMBED.MANIFEST
D:\STUDY\VLC\VLC-2.1.0.SUBPROJECT-2010\PLUGINS\POSTPROC\DEBUG\POSTPROC.DLL.EMBED.MANIFEST.RES
D:\STUDY\VLC\VLC-2.1.0.SUBPROJECT-2010\PLUGINS\POSTPROC\DEBUG\POSTPROC.DLL.INTERMEDIATE.MANIFEST
D:\STUDY\VLC\VLC-2.1.0.SUBPROJECT-2010\PLUGINS\POSTPROC\DEBUG\POSTPROC.OBJ
D:\STUDY\VLC\VLC-2.1.0.SUBPROJECT-2010\PLUGINS\POSTPROC\DEBUG\POSTPROC.PCH
D:\STUDY\VLC\VLC-2.1.0.SUBPROJECT-2010\PLUGINS\POSTPROC\DEBUG\POSTPROC.RES
D:\Study\vlc\vlc-2.1.0.subproject-2010\plugins\postproc\Debug\postproc.write.1.tlog
D:\Study\vlc\vlc-2.1.0.subproject-2010\plugins\postproc\Debug\postproc_manifest.rc
D:\STUDY\VLC\VLC-2.1.0.SUBPROJECT-2010\PLUGINS\POSTPROC\DEBUG\POSTPROC1.OBJ
D:\Study\vlc\vlc-2.1.0.subproject-2010\plugins\postproc\Debug\rc.command.1.tlog
D:\Study\vlc\vlc-2.1.0.subproject-2010\plugins\postproc\Debug\rc.read.1.tlog
D:\Study\vlc\vlc-2.1.0.subproject-2010\plugins\postproc\Debug\rc.write.1.tlog
D:\STUDY\VLC\VLC-2.1.0.SUBPROJECT-2010\PLUGINS\POSTPROC\DEBUG\STDAFX.OBJ
D:\Study\vlc\vlc-2.1.0.subproject-2010\plugins\postproc\Debug\vc100.idb
D:\STUDY\VLC\VLC-2.1.0.SUBPROJECT-2010\PLUGINS\POSTPROC\DEBUG\VC100.PDB
