D:\Study\vlc\vlc-2.1.0.subproject-2010\Debug\drawable.exp
D:\Study\vlc\vlc-2.1.0.subproject-2010\Debug\drawable.lib
D:\STUDY\VLC\VLC-2.1.0.SUBPROJECT-2010\DEBUG\DRAWABLE.PDB
D:\STUDY\VLC\VLC-2.1.0.SUBPROJECT-2010\DEBUG\PLUGINS\VIDEO_OUTPUT\LIBDRAWABLE_PLUGIN.DLL
D:\STUDY\VLC\VLC-2.1.0.SUBPROJECT-2010\DEBUG\PLUGINS\VIDEO_OUTPUT\LIBDRAWABLE_PLUGIN.ILK
D:\Study\vlc\vlc-2.1.0.subproject-2010\plugins\drawable\Debug\cl.command.1.tlog
D:\Study\vlc\vlc-2.1.0.subproject-2010\plugins\drawable\Debug\CL.read.1.tlog
D:\Study\vlc\vlc-2.1.0.subproject-2010\plugins\drawable\Debug\CL.write.1.tlog
D:\STUDY\VLC\VLC-2.1.0.SUBPROJECT-2010\PLUGINS\DRAWABLE\DEBUG\DRAWABLE.DLL.EMBED.MANIFEST
D:\STUDY\VLC\VLC-2.1.0.SUBPROJECT-2010\PLUGINS\DRAWABLE\DEBUG\DRAWABLE.DLL.EMBED.MANIFEST.RES
D:\STUDY\VLC\VLC-2.1.0.SUBPROJECT-2010\PLUGINS\DRAWABLE\DEBUG\DRAWABLE.DLL.INTERMEDIATE.MANIFEST
D:\STUDY\VLC\VLC-2.1.0.SUBPROJECT-2010\PLUGINS\DRAWABLE\DEBUG\DRAWABLE.OBJ
D:\STUDY\VLC\VLC-2.1.0.SUBPROJECT-2010\PLUGINS\DRAWABLE\DEBUG\DRAWABLE.PCH
D:\STUDY\VLC\VLC-2.1.0.SUBPROJECT-2010\PLUGINS\DRAWABLE\DEBUG\DRAWABLE.RES
D:\Study\vlc\vlc-2.1.0.subproject-2010\plugins\drawable\Debug\drawable.write.1.tlog
D:\Study\vlc\vlc-2.1.0.subproject-2010\plugins\drawable\Debug\drawable_manifest.rc
D:\STUDY\VLC\VLC-2.1.0.SUBPROJECT-2010\PLUGINS\DRAWABLE\DEBUG\DRAWABLE1.OBJ
D:\Study\vlc\vlc-2.1.0.subproject-2010\plugins\drawable\Debug\link.6080.read.1.tlog
D:\Study\vlc\vlc-2.1.0.subproject-2010\plugins\drawable\Debug\link.6080.write.1.tlog
D:\Study\vlc\vlc-2.1.0.subproject-2010\plugins\drawable\Debug\link.6080-cvtres.read.1.tlog
D:\Study\vlc\vlc-2.1.0.subproject-2010\plugins\drawable\Debug\link.6080-cvtres.write.1.tlog
D:\Study\vlc\vlc-2.1.0.subproject-2010\plugins\drawable\Debug\link.command.1.tlog
D:\Study\vlc\vlc-2.1.0.subproject-2010\plugins\drawable\Debug\link.read.1.tlog
D:\Study\vlc\vlc-2.1.0.subproject-2010\plugins\drawable\Debug\link.write.1.tlog
D:\Study\vlc\vlc-2.1.0.subproject-2010\plugins\drawable\Debug\link-cvtres.read.1.tlog
D:\Study\vlc\vlc-2.1.0.subproject-2010\plugins\drawable\Debug\link-cvtres.write.1.tlog
D:\Study\vlc\vlc-2.1.0.subproject-2010\plugins\drawable\Debug\mt.command.1.tlog
D:\Study\vlc\vlc-2.1.0.subproject-2010\plugins\drawable\Debug\mt.read.1.tlog
D:\Study\vlc\vlc-2.1.0.subproject-2010\plugins\drawable\Debug\mt.write.1.tlog
D:\Study\vlc\vlc-2.1.0.subproject-2010\plugins\drawable\Debug\rc.command.1.tlog
D:\Study\vlc\vlc-2.1.0.subproject-2010\plugins\drawable\Debug\rc.read.1.tlog
D:\Study\vlc\vlc-2.1.0.subproject-2010\plugins\drawable\Debug\rc.write.1.tlog
D:\STUDY\VLC\VLC-2.1.0.SUBPROJECT-2010\PLUGINS\DRAWABLE\DEBUG\STDAFX.OBJ
D:\Study\vlc\vlc-2.1.0.subproject-2010\plugins\drawable\Debug\vc100.idb
D:\STUDY\VLC\VLC-2.1.0.SUBPROJECT-2010\PLUGINS\DRAWABLE\DEBUG\VC100.PDB
