D:\Study\vlc\vlc-2.1.0.subproject-2010\Debug\libmpeg2.exp
D:\Study\vlc\vlc-2.1.0.subproject-2010\Debug\libmpeg2.lib
D:\STUDY\VLC\VLC-2.1.0.SUBPROJECT-2010\DEBUG\LIBMPEG2.PDB
D:\STUDY\VLC\VLC-2.1.0.SUBPROJECT-2010\DEBUG\PLUGINS\CODEC\LIBLIBMPEG2_PLUGIN.DLL
D:\STUDY\VLC\VLC-2.1.0.SUBPROJECT-2010\DEBUG\PLUGINS\CODEC\LIBLIBMPEG2_PLUGIN.ILK
D:\Study\vlc\vlc-2.1.0.subproject-2010\plugins\libmpeg2\Debug\cl.command.1.tlog
D:\Study\vlc\vlc-2.1.0.subproject-2010\plugins\libmpeg2\Debug\CL.read.1.tlog
D:\Study\vlc\vlc-2.1.0.subproject-2010\plugins\libmpeg2\Debug\CL.write.1.tlog
D:\STUDY\VLC\VLC-2.1.0.SUBPROJECT-2010\PLUGINS\LIBMPEG2\DEBUG\LIBMPEG2.DLL.EMBED.MANIFEST
D:\STUDY\VLC\VLC-2.1.0.SUBPROJECT-2010\PLUGINS\LIBMPEG2\DEBUG\LIBMPEG2.DLL.EMBED.MANIFEST.RES
D:\STUDY\VLC\VLC-2.1.0.SUBPROJECT-2010\PLUGINS\LIBMPEG2\DEBUG\LIBMPEG2.DLL.INTERMEDIATE.MANIFEST
D:\STUDY\VLC\VLC-2.1.0.SUBPROJECT-2010\PLUGINS\LIBMPEG2\DEBUG\LIBMPEG2.OBJ
D:\STUDY\VLC\VLC-2.1.0.SUBPROJECT-2010\PLUGINS\LIBMPEG2\DEBUG\LIBMPEG2.PCH
D:\STUDY\VLC\VLC-2.1.0.SUBPROJECT-2010\PLUGINS\LIBMPEG2\DEBUG\LIBMPEG2.RES
D:\Study\vlc\vlc-2.1.0.subproject-2010\plugins\libmpeg2\Debug\libmpeg2.write.1.tlog
D:\Study\vlc\vlc-2.1.0.subproject-2010\plugins\libmpeg2\Debug\libmpeg2_manifest.rc
D:\STUDY\VLC\VLC-2.1.0.SUBPROJECT-2010\PLUGINS\LIBMPEG2\DEBUG\LIBMPEG21.OBJ
D:\Study\vlc\vlc-2.1.0.subproject-2010\plugins\libmpeg2\Debug\link.2832.read.1.tlog
D:\Study\vlc\vlc-2.1.0.subproject-2010\plugins\libmpeg2\Debug\link.2832.write.1.tlog
D:\Study\vlc\vlc-2.1.0.subproject-2010\plugins\libmpeg2\Debug\link.2832-cvtres.read.1.tlog
D:\Study\vlc\vlc-2.1.0.subproject-2010\plugins\libmpeg2\Debug\link.2832-cvtres.write.1.tlog
D:\Study\vlc\vlc-2.1.0.subproject-2010\plugins\libmpeg2\Debug\link.command.1.tlog
D:\Study\vlc\vlc-2.1.0.subproject-2010\plugins\libmpeg2\Debug\link.read.1.tlog
D:\Study\vlc\vlc-2.1.0.subproject-2010\plugins\libmpeg2\Debug\link.write.1.tlog
D:\Study\vlc\vlc-2.1.0.subproject-2010\plugins\libmpeg2\Debug\link-cvtres.read.1.tlog
D:\Study\vlc\vlc-2.1.0.subproject-2010\plugins\libmpeg2\Debug\link-cvtres.write.1.tlog
D:\Study\vlc\vlc-2.1.0.subproject-2010\plugins\libmpeg2\Debug\mt.command.1.tlog
D:\Study\vlc\vlc-2.1.0.subproject-2010\plugins\libmpeg2\Debug\mt.read.1.tlog
D:\Study\vlc\vlc-2.1.0.subproject-2010\plugins\libmpeg2\Debug\mt.write.1.tlog
D:\Study\vlc\vlc-2.1.0.subproject-2010\plugins\libmpeg2\Debug\rc.command.1.tlog
D:\Study\vlc\vlc-2.1.0.subproject-2010\plugins\libmpeg2\Debug\rc.read.1.tlog
D:\Study\vlc\vlc-2.1.0.subproject-2010\plugins\libmpeg2\Debug\rc.write.1.tlog
D:\STUDY\VLC\VLC-2.1.0.SUBPROJECT-2010\PLUGINS\LIBMPEG2\DEBUG\STDAFX.OBJ
D:\Study\vlc\vlc-2.1.0.subproject-2010\plugins\libmpeg2\Debug\vc100.idb
D:\STUDY\VLC\VLC-2.1.0.SUBPROJECT-2010\PLUGINS\LIBMPEG2\DEBUG\VC100.PDB
