D:\STUDY\VLC\VLC-2.1.0.SUBPROJECT-2010\DEBUG\PLUGINS\CODEC\LIBSVCDSUB_PLUGIN.DLL
D:\STUDY\VLC\VLC-2.1.0.SUBPROJECT-2010\DEBUG\PLUGINS\CODEC\LIBSVCDSUB_PLUGIN.ILK
D:\Study\vlc\vlc-2.1.0.subproject-2010\Debug\svcdsub.exp
D:\Study\vlc\vlc-2.1.0.subproject-2010\Debug\svcdsub.lib
D:\STUDY\VLC\VLC-2.1.0.SUBPROJECT-2010\DEBUG\SVCDSUB.PDB
D:\Study\vlc\vlc-2.1.0.subproject-2010\plugins\svcdsub\Debug\cl.command.1.tlog
D:\Study\vlc\vlc-2.1.0.subproject-2010\plugins\svcdsub\Debug\CL.read.1.tlog
D:\Study\vlc\vlc-2.1.0.subproject-2010\plugins\svcdsub\Debug\CL.write.1.tlog
D:\Study\vlc\vlc-2.1.0.subproject-2010\plugins\svcdsub\Debug\link.12804.read.1.tlog
D:\Study\vlc\vlc-2.1.0.subproject-2010\plugins\svcdsub\Debug\link.12804.write.1.tlog
D:\Study\vlc\vlc-2.1.0.subproject-2010\plugins\svcdsub\Debug\link.12804-cvtres.read.1.tlog
D:\Study\vlc\vlc-2.1.0.subproject-2010\plugins\svcdsub\Debug\link.12804-cvtres.write.1.tlog
D:\Study\vlc\vlc-2.1.0.subproject-2010\plugins\svcdsub\Debug\link.command.1.tlog
D:\Study\vlc\vlc-2.1.0.subproject-2010\plugins\svcdsub\Debug\link.read.1.tlog
D:\Study\vlc\vlc-2.1.0.subproject-2010\plugins\svcdsub\Debug\link.write.1.tlog
D:\Study\vlc\vlc-2.1.0.subproject-2010\plugins\svcdsub\Debug\link-cvtres.read.1.tlog
D:\Study\vlc\vlc-2.1.0.subproject-2010\plugins\svcdsub\Debug\link-cvtres.write.1.tlog
D:\Study\vlc\vlc-2.1.0.subproject-2010\plugins\svcdsub\Debug\mt.command.1.tlog
D:\Study\vlc\vlc-2.1.0.subproject-2010\plugins\svcdsub\Debug\mt.read.1.tlog
D:\Study\vlc\vlc-2.1.0.subproject-2010\plugins\svcdsub\Debug\mt.write.1.tlog
D:\Study\vlc\vlc-2.1.0.subproject-2010\plugins\svcdsub\Debug\rc.command.1.tlog
D:\Study\vlc\vlc-2.1.0.subproject-2010\plugins\svcdsub\Debug\rc.read.1.tlog
D:\Study\vlc\vlc-2.1.0.subproject-2010\plugins\svcdsub\Debug\rc.write.1.tlog
D:\STUDY\VLC\VLC-2.1.0.SUBPROJECT-2010\PLUGINS\SVCDSUB\DEBUG\STDAFX.OBJ
D:\STUDY\VLC\VLC-2.1.0.SUBPROJECT-2010\PLUGINS\SVCDSUB\DEBUG\SVCDSUB.DLL.EMBED.MANIFEST
D:\STUDY\VLC\VLC-2.1.0.SUBPROJECT-2010\PLUGINS\SVCDSUB\DEBUG\SVCDSUB.DLL.EMBED.MANIFEST.RES
D:\STUDY\VLC\VLC-2.1.0.SUBPROJECT-2010\PLUGINS\SVCDSUB\DEBUG\SVCDSUB.DLL.INTERMEDIATE.MANIFEST
D:\STUDY\VLC\VLC-2.1.0.SUBPROJECT-2010\PLUGINS\SVCDSUB\DEBUG\SVCDSUB.OBJ
D:\STUDY\VLC\VLC-2.1.0.SUBPROJECT-2010\PLUGINS\SVCDSUB\DEBUG\SVCDSUB.PCH
D:\STUDY\VLC\VLC-2.1.0.SUBPROJECT-2010\PLUGINS\SVCDSUB\DEBUG\SVCDSUB.RES
D:\Study\vlc\vlc-2.1.0.subproject-2010\plugins\svcdsub\Debug\svcdsub.write.1.tlog
D:\Study\vlc\vlc-2.1.0.subproject-2010\plugins\svcdsub\Debug\svcdsub_manifest.rc
D:\STUDY\VLC\VLC-2.1.0.SUBPROJECT-2010\PLUGINS\SVCDSUB\DEBUG\SVCDSUB1.OBJ
D:\Study\vlc\vlc-2.1.0.subproject-2010\plugins\svcdsub\Debug\vc100.idb
D:\STUDY\VLC\VLC-2.1.0.SUBPROJECT-2010\PLUGINS\SVCDSUB\DEBUG\VC100.PDB
