D:\Study\vlc\vlc-2.1.0.subproject-2010\Debug\grey_yuv.exp
D:\Study\vlc\vlc-2.1.0.subproject-2010\Debug\grey_yuv.lib
D:\STUDY\VLC\VLC-2.1.0.SUBPROJECT-2010\DEBUG\GREY_YUV.PDB
D:\STUDY\VLC\VLC-2.1.0.SUBPROJECT-2010\DEBUG\PLUGINS\VIDEO_CHROMA\LIBGREY_YUV_PLUGIN.DLL
D:\STUDY\VLC\VLC-2.1.0.SUBPROJECT-2010\DEBUG\PLUGINS\VIDEO_CHROMA\LIBGREY_YUV_PLUGIN.ILK
D:\Study\vlc\vlc-2.1.0.subproject-2010\plugins\grey_yuv\Debug\cl.command.1.tlog
D:\Study\vlc\vlc-2.1.0.subproject-2010\plugins\grey_yuv\Debug\CL.read.1.tlog
D:\Study\vlc\vlc-2.1.0.subproject-2010\plugins\grey_yuv\Debug\CL.write.1.tlog
D:\STUDY\VLC\VLC-2.1.0.SUBPROJECT-2010\PLUGINS\GREY_YUV\DEBUG\GREY_YUV.DLL.EMBED.MANIFEST
D:\STUDY\VLC\VLC-2.1.0.SUBPROJECT-2010\PLUGINS\GREY_YUV\DEBUG\GREY_YUV.DLL.EMBED.MANIFEST.RES
D:\STUDY\VLC\VLC-2.1.0.SUBPROJECT-2010\PLUGINS\GREY_YUV\DEBUG\GREY_YUV.DLL.INTERMEDIATE.MANIFEST
D:\STUDY\VLC\VLC-2.1.0.SUBPROJECT-2010\PLUGINS\GREY_YUV\DEBUG\GREY_YUV.OBJ
D:\STUDY\VLC\VLC-2.1.0.SUBPROJECT-2010\PLUGINS\GREY_YUV\DEBUG\GREY_YUV.PCH
D:\STUDY\VLC\VLC-2.1.0.SUBPROJECT-2010\PLUGINS\GREY_YUV\DEBUG\GREY_YUV.RES
D:\Study\vlc\vlc-2.1.0.subproject-2010\plugins\grey_yuv\Debug\grey_yuv.write.1.tlog
D:\Study\vlc\vlc-2.1.0.subproject-2010\plugins\grey_yuv\Debug\grey_yuv_manifest.rc
D:\STUDY\VLC\VLC-2.1.0.SUBPROJECT-2010\PLUGINS\GREY_YUV\DEBUG\GREY_YUV1.OBJ
D:\Study\vlc\vlc-2.1.0.subproject-2010\plugins\grey_yuv\Debug\link.2992.read.1.tlog
D:\Study\vlc\vlc-2.1.0.subproject-2010\plugins\grey_yuv\Debug\link.2992.write.1.tlog
D:\Study\vlc\vlc-2.1.0.subproject-2010\plugins\grey_yuv\Debug\link.2992-cvtres.read.1.tlog
D:\Study\vlc\vlc-2.1.0.subproject-2010\plugins\grey_yuv\Debug\link.2992-cvtres.write.1.tlog
D:\Study\vlc\vlc-2.1.0.subproject-2010\plugins\grey_yuv\Debug\link.command.1.tlog
D:\Study\vlc\vlc-2.1.0.subproject-2010\plugins\grey_yuv\Debug\link.read.1.tlog
D:\Study\vlc\vlc-2.1.0.subproject-2010\plugins\grey_yuv\Debug\link.write.1.tlog
D:\Study\vlc\vlc-2.1.0.subproject-2010\plugins\grey_yuv\Debug\link-cvtres.read.1.tlog
D:\Study\vlc\vlc-2.1.0.subproject-2010\plugins\grey_yuv\Debug\link-cvtres.write.1.tlog
D:\Study\vlc\vlc-2.1.0.subproject-2010\plugins\grey_yuv\Debug\mt.command.1.tlog
D:\Study\vlc\vlc-2.1.0.subproject-2010\plugins\grey_yuv\Debug\mt.read.1.tlog
D:\Study\vlc\vlc-2.1.0.subproject-2010\plugins\grey_yuv\Debug\mt.write.1.tlog
D:\Study\vlc\vlc-2.1.0.subproject-2010\plugins\grey_yuv\Debug\rc.command.1.tlog
D:\Study\vlc\vlc-2.1.0.subproject-2010\plugins\grey_yuv\Debug\rc.read.1.tlog
D:\Study\vlc\vlc-2.1.0.subproject-2010\plugins\grey_yuv\Debug\rc.write.1.tlog
D:\STUDY\VLC\VLC-2.1.0.SUBPROJECT-2010\PLUGINS\GREY_YUV\DEBUG\STDAFX.OBJ
D:\Study\vlc\vlc-2.1.0.subproject-2010\plugins\grey_yuv\Debug\vc100.idb
D:\STUDY\VLC\VLC-2.1.0.SUBPROJECT-2010\PLUGINS\GREY_YUV\DEBUG\VC100.PDB
