D:\Study\vlc\vlc-2.1.0.subproject-2010\Debug\anaglyph.exp
D:\Study\vlc\vlc-2.1.0.subproject-2010\Debug\anaglyph.lib
D:\STUDY\VLC\VLC-2.1.0.SUBPROJECT-2010\DEBUG\ANAGLYPH.PDB
D:\STUDY\VLC\VLC-2.1.0.SUBPROJECT-2010\DEBUG\PLUGINS\VIDEO_FILTER\LIBANAGLYPH_PLUGIN.DLL
D:\STUDY\VLC\VLC-2.1.0.SUBPROJECT-2010\DEBUG\PLUGINS\VIDEO_FILTER\LIBANAGLYPH_PLUGIN.ILK
D:\STUDY\VLC\VLC-2.1.0.SUBPROJECT-2010\PLUGINS\ANAGLYPH\DEBUG\ANAGLYPH.DLL.EMBED.MANIFEST
D:\STUDY\VLC\VLC-2.1.0.SUBPROJECT-2010\PLUGINS\ANAGLYPH\DEBUG\ANAGLYPH.DLL.EMBED.MANIFEST.RES
D:\STUDY\VLC\VLC-2.1.0.SUBPROJECT-2010\PLUGINS\ANAGLYPH\DEBUG\ANAGLYPH.DLL.INTERMEDIATE.MANIFEST
D:\STUDY\VLC\VLC-2.1.0.SUBPROJECT-2010\PLUGINS\ANAGLYPH\DEBUG\ANAGLYPH.OBJ
D:\STUDY\VLC\VLC-2.1.0.SUBPROJECT-2010\PLUGINS\ANAGLYPH\DEBUG\ANAGLYPH.PCH
D:\STUDY\VLC\VLC-2.1.0.SUBPROJECT-2010\PLUGINS\ANAGLYPH\DEBUG\ANAGLYPH.RES
D:\Study\vlc\vlc-2.1.0.subproject-2010\plugins\anaglyph\Debug\anaglyph.write.1.tlog
D:\Study\vlc\vlc-2.1.0.subproject-2010\plugins\anaglyph\Debug\anaglyph_manifest.rc
D:\STUDY\VLC\VLC-2.1.0.SUBPROJECT-2010\PLUGINS\ANAGLYPH\DEBUG\ANAGLYPH1.OBJ
D:\Study\vlc\vlc-2.1.0.subproject-2010\plugins\anaglyph\Debug\cl.command.1.tlog
D:\Study\vlc\vlc-2.1.0.subproject-2010\plugins\anaglyph\Debug\CL.read.1.tlog
D:\Study\vlc\vlc-2.1.0.subproject-2010\plugins\anaglyph\Debug\CL.write.1.tlog
D:\Study\vlc\vlc-2.1.0.subproject-2010\plugins\anaglyph\Debug\link.2896.read.1.tlog
D:\Study\vlc\vlc-2.1.0.subproject-2010\plugins\anaglyph\Debug\link.2896.write.1.tlog
D:\Study\vlc\vlc-2.1.0.subproject-2010\plugins\anaglyph\Debug\link.2896-cvtres.read.1.tlog
D:\Study\vlc\vlc-2.1.0.subproject-2010\plugins\anaglyph\Debug\link.2896-cvtres.write.1.tlog
D:\Study\vlc\vlc-2.1.0.subproject-2010\plugins\anaglyph\Debug\link.command.1.tlog
D:\Study\vlc\vlc-2.1.0.subproject-2010\plugins\anaglyph\Debug\link.read.1.tlog
D:\Study\vlc\vlc-2.1.0.subproject-2010\plugins\anaglyph\Debug\link.write.1.tlog
D:\Study\vlc\vlc-2.1.0.subproject-2010\plugins\anaglyph\Debug\link-cvtres.read.1.tlog
D:\Study\vlc\vlc-2.1.0.subproject-2010\plugins\anaglyph\Debug\link-cvtres.write.1.tlog
D:\Study\vlc\vlc-2.1.0.subproject-2010\plugins\anaglyph\Debug\mt.command.1.tlog
D:\Study\vlc\vlc-2.1.0.subproject-2010\plugins\anaglyph\Debug\mt.read.1.tlog
D:\Study\vlc\vlc-2.1.0.subproject-2010\plugins\anaglyph\Debug\mt.write.1.tlog
D:\Study\vlc\vlc-2.1.0.subproject-2010\plugins\anaglyph\Debug\rc.command.1.tlog
D:\Study\vlc\vlc-2.1.0.subproject-2010\plugins\anaglyph\Debug\rc.read.1.tlog
D:\Study\vlc\vlc-2.1.0.subproject-2010\plugins\anaglyph\Debug\rc.write.1.tlog
D:\STUDY\VLC\VLC-2.1.0.SUBPROJECT-2010\PLUGINS\ANAGLYPH\DEBUG\STDAFX.OBJ
D:\Study\vlc\vlc-2.1.0.subproject-2010\plugins\anaglyph\Debug\vc100.idb
D:\STUDY\VLC\VLC-2.1.0.SUBPROJECT-2010\PLUGINS\ANAGLYPH\DEBUG\VC100.PDB
