D:\STUDY\VLC\VLC-2.1.0.SUBPROJECT-2010\DEBUG\PLUGINS\STREAM_OUT\LIBSTREAM_OUT_ES_PLUGIN.DLL
D:\STUDY\VLC\VLC-2.1.0.SUBPROJECT-2010\DEBUG\PLUGINS\STREAM_OUT\LIBSTREAM_OUT_ES_PLUGIN.ILK
D:\Study\vlc\vlc-2.1.0.subproject-2010\Debug\stream_out_es.exp
D:\Study\vlc\vlc-2.1.0.subproject-2010\Debug\stream_out_es.lib
D:\STUDY\VLC\VLC-2.1.0.SUBPROJECT-2010\DEBUG\STREAM_OUT_ES.PDB
D:\Study\vlc\vlc-2.1.0.subproject-2010\plugins\stream_out_es\Debug\cl.command.1.tlog
D:\Study\vlc\vlc-2.1.0.subproject-2010\plugins\stream_out_es\Debug\CL.read.1.tlog
D:\Study\vlc\vlc-2.1.0.subproject-2010\plugins\stream_out_es\Debug\CL.write.1.tlog
D:\STUDY\VLC\VLC-2.1.0.SUBPROJECT-2010\PLUGINS\STREAM_OUT_ES\DEBUG\ES.OBJ
D:\Study\vlc\vlc-2.1.0.subproject-2010\plugins\stream_out_es\Debug\link.11368.read.1.tlog
D:\Study\vlc\vlc-2.1.0.subproject-2010\plugins\stream_out_es\Debug\link.11368.write.1.tlog
D:\Study\vlc\vlc-2.1.0.subproject-2010\plugins\stream_out_es\Debug\link.11368-cvtres.read.1.tlog
D:\Study\vlc\vlc-2.1.0.subproject-2010\plugins\stream_out_es\Debug\link.11368-cvtres.write.1.tlog
D:\Study\vlc\vlc-2.1.0.subproject-2010\plugins\stream_out_es\Debug\link.command.1.tlog
D:\Study\vlc\vlc-2.1.0.subproject-2010\plugins\stream_out_es\Debug\link.read.1.tlog
D:\Study\vlc\vlc-2.1.0.subproject-2010\plugins\stream_out_es\Debug\link.write.1.tlog
D:\Study\vlc\vlc-2.1.0.subproject-2010\plugins\stream_out_es\Debug\link-cvtres.read.1.tlog
D:\Study\vlc\vlc-2.1.0.subproject-2010\plugins\stream_out_es\Debug\link-cvtres.write.1.tlog
D:\Study\vlc\vlc-2.1.0.subproject-2010\plugins\stream_out_es\Debug\mt.command.1.tlog
D:\Study\vlc\vlc-2.1.0.subproject-2010\plugins\stream_out_es\Debug\mt.read.1.tlog
D:\Study\vlc\vlc-2.1.0.subproject-2010\plugins\stream_out_es\Debug\mt.write.1.tlog
D:\Study\vlc\vlc-2.1.0.subproject-2010\plugins\stream_out_es\Debug\rc.command.1.tlog
D:\Study\vlc\vlc-2.1.0.subproject-2010\plugins\stream_out_es\Debug\rc.read.1.tlog
D:\Study\vlc\vlc-2.1.0.subproject-2010\plugins\stream_out_es\Debug\rc.write.1.tlog
D:\STUDY\VLC\VLC-2.1.0.SUBPROJECT-2010\PLUGINS\STREAM_OUT_ES\DEBUG\STDAFX.OBJ
D:\STUDY\VLC\VLC-2.1.0.SUBPROJECT-2010\PLUGINS\STREAM_OUT_ES\DEBUG\STREAM_OUT_ES.DLL.EMBED.MANIFEST
D:\STUDY\VLC\VLC-2.1.0.SUBPROJECT-2010\PLUGINS\STREAM_OUT_ES\DEBUG\STREAM_OUT_ES.DLL.EMBED.MANIFEST.RES
D:\STUDY\VLC\VLC-2.1.0.SUBPROJECT-2010\PLUGINS\STREAM_OUT_ES\DEBUG\STREAM_OUT_ES.DLL.INTERMEDIATE.MANIFEST
D:\STUDY\VLC\VLC-2.1.0.SUBPROJECT-2010\PLUGINS\STREAM_OUT_ES\DEBUG\STREAM_OUT_ES.OBJ
D:\STUDY\VLC\VLC-2.1.0.SUBPROJECT-2010\PLUGINS\STREAM_OUT_ES\DEBUG\STREAM_OUT_ES.PCH
D:\STUDY\VLC\VLC-2.1.0.SUBPROJECT-2010\PLUGINS\STREAM_OUT_ES\DEBUG\STREAM_OUT_ES.RES
D:\Study\vlc\vlc-2.1.0.subproject-2010\plugins\stream_out_es\Debug\stream_out_es.write.1.tlog
D:\Study\vlc\vlc-2.1.0.subproject-2010\plugins\stream_out_es\Debug\stream_out_es_manifest.rc
D:\Study\vlc\vlc-2.1.0.subproject-2010\plugins\stream_out_es\Debug\vc100.idb
D:\STUDY\VLC\VLC-2.1.0.SUBPROJECT-2010\PLUGINS\STREAM_OUT_ES\DEBUG\VC100.PDB
