D:\STUDY\VLC\VLC-2.1.0.SUBPROJECT-2010\DEBUG\VLCWIN.EXE
D:\STUDY\VLC\VLC-2.1.0.SUBPROJECT-2010\DEBUG\VLCWIN.ILK
D:\STUDY\VLC\VLC-2.1.0.SUBPROJECT-2010\DEBUG\VLCWIN.PDB
D:\Study\vlc\vlc-2.1.0.subproject-2010\vlcwin\Debug\cl.command.1.tlog
D:\Study\vlc\vlc-2.1.0.subproject-2010\vlcwin\Debug\CL.read.1.tlog
D:\Study\vlc\vlc-2.1.0.subproject-2010\vlcwin\Debug\CL.write.1.tlog
D:\Study\vlc\vlc-2.1.0.subproject-2010\vlcwin\Debug\link.command.1.tlog
D:\Study\vlc\vlc-2.1.0.subproject-2010\vlcwin\Debug\link.read.1.tlog
D:\Study\vlc\vlc-2.1.0.subproject-2010\vlcwin\Debug\link.write.1.tlog
D:\Study\vlc\vlc-2.1.0.subproject-2010\vlcwin\Debug\link-cvtres.read.1.tlog
D:\Study\vlc\vlc-2.1.0.subproject-2010\vlcwin\Debug\link-cvtres.write.1.tlog
D:\Study\vlc\vlc-2.1.0.subproject-2010\vlcwin\Debug\mt.command.1.tlog
D:\Study\vlc\vlc-2.1.0.subproject-2010\vlcwin\Debug\mt.read.1.tlog
D:\Study\vlc\vlc-2.1.0.subproject-2010\vlcwin\Debug\mt.write.1.tlog
D:\Study\vlc\vlc-2.1.0.subproject-2010\vlcwin\Debug\rc.command.1.tlog
D:\Study\vlc\vlc-2.1.0.subproject-2010\vlcwin\Debug\rc.read.1.tlog
D:\Study\vlc\vlc-2.1.0.subproject-2010\vlcwin\Debug\rc.write.1.tlog
D:\STUDY\VLC\VLC-2.1.0.SUBPROJECT-2010\VLCWIN\DEBUG\STDAFX.OBJ
D:\Study\vlc\vlc-2.1.0.subproject-2010\vlcwin\Debug\vc100.idb
D:\STUDY\VLC\VLC-2.1.0.SUBPROJECT-2010\VLCWIN\DEBUG\VC100.PDB
D:\STUDY\VLC\VLC-2.1.0.SUBPROJECT-2010\VLCWIN\DEBUG\VLCWIN.EXE.EMBED.MANIFEST
D:\STUDY\VLC\VLC-2.1.0.SUBPROJECT-2010\VLCWIN\DEBUG\VLCWIN.EXE.EMBED.MANIFEST.RES
D:\STUDY\VLC\VLC-2.1.0.SUBPROJECT-2010\VLCWIN\DEBUG\VLCWIN.EXE.INTERMEDIATE.MANIFEST
D:\STUDY\VLC\VLC-2.1.0.SUBPROJECT-2010\VLCWIN\DEBUG\VLCWIN.OBJ
D:\STUDY\VLC\VLC-2.1.0.SUBPROJECT-2010\VLCWIN\DEBUG\VLCWIN.PCH
D:\STUDY\VLC\VLC-2.1.0.SUBPROJECT-2010\VLCWIN\DEBUG\VLCWIN.RES
D:\Study\vlc\vlc-2.1.0.subproject-2010\vlcwin\Debug\vlcwin.write.1.tlog
D:\Study\vlc\vlc-2.1.0.subproject-2010\vlcwin\Debug\vlcwin_manifest.rc
