D:\Study\vlc\vlc-2.1.0.subproject-2010\Debug\flacsys.exp
D:\Study\vlc\vlc-2.1.0.subproject-2010\Debug\flacsys.lib
D:\STUDY\VLC\VLC-2.1.0.SUBPROJECT-2010\DEBUG\FLACSYS.PDB
D:\STUDY\VLC\VLC-2.1.0.SUBPROJECT-2010\DEBUG\PLUGINS\DEMUX\LIBFLACSYS_PLUGIN.DLL
D:\STUDY\VLC\VLC-2.1.0.SUBPROJECT-2010\DEBUG\PLUGINS\DEMUX\LIBFLACSYS_PLUGIN.ILK
D:\Study\vlc\vlc-2.1.0.subproject-2010\plugins\flacsys\Debug\cl.command.1.tlog
D:\Study\vlc\vlc-2.1.0.subproject-2010\plugins\flacsys\Debug\CL.read.1.tlog
D:\Study\vlc\vlc-2.1.0.subproject-2010\plugins\flacsys\Debug\CL.write.1.tlog
D:\STUDY\VLC\VLC-2.1.0.SUBPROJECT-2010\PLUGINS\FLACSYS\DEBUG\FLAC.OBJ
D:\STUDY\VLC\VLC-2.1.0.SUBPROJECT-2010\PLUGINS\FLACSYS\DEBUG\FLACSYS.DLL.EMBED.MANIFEST
D:\STUDY\VLC\VLC-2.1.0.SUBPROJECT-2010\PLUGINS\FLACSYS\DEBUG\FLACSYS.DLL.EMBED.MANIFEST.RES
D:\STUDY\VLC\VLC-2.1.0.SUBPROJECT-2010\PLUGINS\FLACSYS\DEBUG\FLACSYS.DLL.INTERMEDIATE.MANIFEST
D:\STUDY\VLC\VLC-2.1.0.SUBPROJECT-2010\PLUGINS\FLACSYS\DEBUG\FLACSYS.OBJ
D:\STUDY\VLC\VLC-2.1.0.SUBPROJECT-2010\PLUGINS\FLACSYS\DEBUG\FLACSYS.PCH
D:\STUDY\VLC\VLC-2.1.0.SUBPROJECT-2010\PLUGINS\FLACSYS\DEBUG\FLACSYS.RES
D:\Study\vlc\vlc-2.1.0.subproject-2010\plugins\flacsys\Debug\flacsys.write.1.tlog
D:\Study\vlc\vlc-2.1.0.subproject-2010\plugins\flacsys\Debug\flacsys_manifest.rc
D:\Study\vlc\vlc-2.1.0.subproject-2010\plugins\flacsys\Debug\link.5812.read.1.tlog
D:\Study\vlc\vlc-2.1.0.subproject-2010\plugins\flacsys\Debug\link.5812.write.1.tlog
D:\Study\vlc\vlc-2.1.0.subproject-2010\plugins\flacsys\Debug\link.5812-cvtres.read.1.tlog
D:\Study\vlc\vlc-2.1.0.subproject-2010\plugins\flacsys\Debug\link.5812-cvtres.write.1.tlog
D:\Study\vlc\vlc-2.1.0.subproject-2010\plugins\flacsys\Debug\link.command.1.tlog
D:\Study\vlc\vlc-2.1.0.subproject-2010\plugins\flacsys\Debug\link.read.1.tlog
D:\Study\vlc\vlc-2.1.0.subproject-2010\plugins\flacsys\Debug\link.write.1.tlog
D:\Study\vlc\vlc-2.1.0.subproject-2010\plugins\flacsys\Debug\link-cvtres.read.1.tlog
D:\Study\vlc\vlc-2.1.0.subproject-2010\plugins\flacsys\Debug\link-cvtres.write.1.tlog
D:\Study\vlc\vlc-2.1.0.subproject-2010\plugins\flacsys\Debug\mt.command.1.tlog
D:\Study\vlc\vlc-2.1.0.subproject-2010\plugins\flacsys\Debug\mt.read.1.tlog
D:\Study\vlc\vlc-2.1.0.subproject-2010\plugins\flacsys\Debug\mt.write.1.tlog
D:\Study\vlc\vlc-2.1.0.subproject-2010\plugins\flacsys\Debug\rc.command.1.tlog
D:\Study\vlc\vlc-2.1.0.subproject-2010\plugins\flacsys\Debug\rc.read.1.tlog
D:\Study\vlc\vlc-2.1.0.subproject-2010\plugins\flacsys\Debug\rc.write.1.tlog
D:\STUDY\VLC\VLC-2.1.0.SUBPROJECT-2010\PLUGINS\FLACSYS\DEBUG\STDAFX.OBJ
D:\Study\vlc\vlc-2.1.0.subproject-2010\plugins\flacsys\Debug\vc100.idb
D:\STUDY\VLC\VLC-2.1.0.SUBPROJECT-2010\PLUGINS\FLACSYS\DEBUG\VC100.PDB
D:\STUDY\VLC\VLC-2.1.0.SUBPROJECT-2010\PLUGINS\FLACSYS\DEBUG\XIPH_METADATA.OBJ
