D:\STUDY\VLC\VLC-2.1.0.SUBPROJECT-2010\DEBUG\PLUGINS\GUI\LIBQT4_PLUGIN.DLL
D:\STUDY\VLC\VLC-2.1.0.SUBPROJECT-2010\DEBUG\PLUGINS\GUI\LIBQT4_PLUGIN.ILK
D:\Study\vlc\vlc-2.1.0.subproject-2010\Debug\qt4.exp
D:\Study\vlc\vlc-2.1.0.subproject-2010\Debug\qt4.lib
D:\STUDY\VLC\VLC-2.1.0.SUBPROJECT-2010\DEBUG\QT4.PDB
D:\STUDY\VLC\VLC-2.1.0.SUBPROJECT-2010\PLUGINS\QT4\DEBUG\ACTIONS_MANAGER.MOC.OBJ
D:\STUDY\VLC\VLC-2.1.0.SUBPROJECT-2010\PLUGINS\QT4\DEBUG\ACTIONS_MANAGER.OBJ
D:\STUDY\VLC\VLC-2.1.0.SUBPROJECT-2010\PLUGINS\QT4\DEBUG\BOOKMARKS.MOC.OBJ
D:\STUDY\VLC\VLC-2.1.0.SUBPROJECT-2010\PLUGINS\QT4\DEBUG\BOOKMARKS.OBJ
D:\STUDY\VLC\VLC-2.1.0.SUBPROJECT-2010\PLUGINS\QT4\DEBUG\BROWSEBUTTON.MOC.OBJ
D:\STUDY\VLC\VLC-2.1.0.SUBPROJECT-2010\PLUGINS\QT4\DEBUG\BROWSEBUTTON.OBJ
D:\STUDY\VLC\VLC-2.1.0.SUBPROJECT-2010\PLUGINS\QT4\DEBUG\CHROMAPRINT.MOC.OBJ
D:\STUDY\VLC\VLC-2.1.0.SUBPROJECT-2010\PLUGINS\QT4\DEBUG\CHROMAPRINT.OBJ
D:\Study\vlc\vlc-2.1.0.subproject-2010\plugins\qt4\Debug\cl.command.1.tlog
D:\Study\vlc\vlc-2.1.0.subproject-2010\plugins\qt4\Debug\CL.read.1.tlog
D:\Study\vlc\vlc-2.1.0.subproject-2010\plugins\qt4\Debug\CL.write.1.tlog
D:\STUDY\VLC\VLC-2.1.0.SUBPROJECT-2010\PLUGINS\QT4\DEBUG\COMPLETE_PREFERENCES.MOC.OBJ
D:\STUDY\VLC\VLC-2.1.0.SUBPROJECT-2010\PLUGINS\QT4\DEBUG\COMPLETE_PREFERENCES.OBJ
D:\STUDY\VLC\VLC-2.1.0.SUBPROJECT-2010\PLUGINS\QT4\DEBUG\CONTROLLER.MOC.OBJ
D:\STUDY\VLC\VLC-2.1.0.SUBPROJECT-2010\PLUGINS\QT4\DEBUG\CONTROLLER.OBJ
D:\STUDY\VLC\VLC-2.1.0.SUBPROJECT-2010\PLUGINS\QT4\DEBUG\CONTROLLER_WIDGET.MOC.OBJ
D:\STUDY\VLC\VLC-2.1.0.SUBPROJECT-2010\PLUGINS\QT4\DEBUG\CONTROLLER_WIDGET.OBJ
D:\STUDY\VLC\VLC-2.1.0.SUBPROJECT-2010\PLUGINS\QT4\DEBUG\CONVERT.MOC.OBJ
D:\STUDY\VLC\VLC-2.1.0.SUBPROJECT-2010\PLUGINS\QT4\DEBUG\CONVERT.OBJ
D:\STUDY\VLC\VLC-2.1.0.SUBPROJECT-2010\PLUGINS\QT4\DEBUG\CUSTOMWIDGETS.MOC.OBJ
D:\STUDY\VLC\VLC-2.1.0.SUBPROJECT-2010\PLUGINS\QT4\DEBUG\CUSTOMWIDGETS.OBJ
D:\STUDY\VLC\VLC-2.1.0.SUBPROJECT-2010\PLUGINS\QT4\DEBUG\DECKBUTTONSLAYOUT.MOC.OBJ
D:\STUDY\VLC\VLC-2.1.0.SUBPROJECT-2010\PLUGINS\QT4\DEBUG\DECKBUTTONSLAYOUT.OBJ
D:\STUDY\VLC\VLC-2.1.0.SUBPROJECT-2010\PLUGINS\QT4\DEBUG\DIALOGS_PROVIDER.MOC.OBJ
D:\STUDY\VLC\VLC-2.1.0.SUBPROJECT-2010\PLUGINS\QT4\DEBUG\DIALOGS_PROVIDER.OBJ
D:\STUDY\VLC\VLC-2.1.0.SUBPROJECT-2010\PLUGINS\QT4\DEBUG\EPG.MOC.OBJ
D:\STUDY\VLC\VLC-2.1.0.SUBPROJECT-2010\PLUGINS\QT4\DEBUG\EPG.OBJ
D:\STUDY\VLC\VLC-2.1.0.SUBPROJECT-2010\PLUGINS\QT4\DEBUG\EPGCHANNELS.MOC.OBJ
D:\STUDY\VLC\VLC-2.1.0.SUBPROJECT-2010\PLUGINS\QT4\DEBUG\EPGCHANNELS.OBJ
D:\STUDY\VLC\VLC-2.1.0.SUBPROJECT-2010\PLUGINS\QT4\DEBUG\EPGITEM.OBJ
D:\STUDY\VLC\VLC-2.1.0.SUBPROJECT-2010\PLUGINS\QT4\DEBUG\EPGRULER.MOC.OBJ
D:\STUDY\VLC\VLC-2.1.0.SUBPROJECT-2010\PLUGINS\QT4\DEBUG\EPGRULER.OBJ
D:\STUDY\VLC\VLC-2.1.0.SUBPROJECT-2010\PLUGINS\QT4\DEBUG\EPGVIEW.MOC.OBJ
D:\STUDY\VLC\VLC-2.1.0.SUBPROJECT-2010\PLUGINS\QT4\DEBUG\EPGVIEW.OBJ
D:\STUDY\VLC\VLC-2.1.0.SUBPROJECT-2010\PLUGINS\QT4\DEBUG\EPGWIDGET.MOC.OBJ
D:\STUDY\VLC\VLC-2.1.0.SUBPROJECT-2010\PLUGINS\QT4\DEBUG\EPGWIDGET.OBJ
D:\STUDY\VLC\VLC-2.1.0.SUBPROJECT-2010\PLUGINS\QT4\DEBUG\ERRORS.MOC.OBJ
D:\STUDY\VLC\VLC-2.1.0.SUBPROJECT-2010\PLUGINS\QT4\DEBUG\ERRORS.OBJ
D:\STUDY\VLC\VLC-2.1.0.SUBPROJECT-2010\PLUGINS\QT4\DEBUG\EXTENDED.MOC.OBJ
D:\STUDY\VLC\VLC-2.1.0.SUBPROJECT-2010\PLUGINS\QT4\DEBUG\EXTENDED.OBJ
D:\STUDY\VLC\VLC-2.1.0.SUBPROJECT-2010\PLUGINS\QT4\DEBUG\EXTENDED_PANELS.MOC.OBJ
D:\STUDY\VLC\VLC-2.1.0.SUBPROJECT-2010\PLUGINS\QT4\DEBUG\EXTENDED_PANELS.OBJ
D:\STUDY\VLC\VLC-2.1.0.SUBPROJECT-2010\PLUGINS\QT4\DEBUG\EXTENSIONS.MOC.OBJ
D:\STUDY\VLC\VLC-2.1.0.SUBPROJECT-2010\PLUGINS\QT4\DEBUG\EXTENSIONS.OBJ
D:\STUDY\VLC\VLC-2.1.0.SUBPROJECT-2010\PLUGINS\QT4\DEBUG\EXTENSIONS_MANAGER.MOC.OBJ
D:\STUDY\VLC\VLC-2.1.0.SUBPROJECT-2010\PLUGINS\QT4\DEBUG\EXTENSIONS_MANAGER.OBJ
D:\STUDY\VLC\VLC-2.1.0.SUBPROJECT-2010\PLUGINS\QT4\DEBUG\EXTERNAL.MOC.OBJ
D:\STUDY\VLC\VLC-2.1.0.SUBPROJECT-2010\PLUGINS\QT4\DEBUG\EXTERNAL.OBJ
D:\STUDY\VLC\VLC-2.1.0.SUBPROJECT-2010\PLUGINS\QT4\DEBUG\FINGERPRINTDIALOG.MOC.OBJ
D:\STUDY\VLC\VLC-2.1.0.SUBPROJECT-2010\PLUGINS\QT4\DEBUG\FINGERPRINTDIALOG.OBJ
D:\STUDY\VLC\VLC-2.1.0.SUBPROJECT-2010\PLUGINS\QT4\DEBUG\FIRSTRUN.MOC.OBJ
D:\STUDY\VLC\VLC-2.1.0.SUBPROJECT-2010\PLUGINS\QT4\DEBUG\FIRSTRUN.OBJ
D:\STUDY\VLC\VLC-2.1.0.SUBPROJECT-2010\PLUGINS\QT4\DEBUG\GOTOTIME.MOC.OBJ
D:\STUDY\VLC\VLC-2.1.0.SUBPROJECT-2010\PLUGINS\QT4\DEBUG\GOTOTIME.OBJ
D:\STUDY\VLC\VLC-2.1.0.SUBPROJECT-2010\PLUGINS\QT4\DEBUG\HELP.MOC.OBJ
D:\STUDY\VLC\VLC-2.1.0.SUBPROJECT-2010\PLUGINS\QT4\DEBUG\HELP.OBJ
D:\STUDY\VLC\VLC-2.1.0.SUBPROJECT-2010\PLUGINS\QT4\DEBUG\INFO_PANELS.MOC.OBJ
D:\STUDY\VLC\VLC-2.1.0.SUBPROJECT-2010\PLUGINS\QT4\DEBUG\INFO_PANELS.OBJ
D:\STUDY\VLC\VLC-2.1.0.SUBPROJECT-2010\PLUGINS\QT4\DEBUG\INFO_WIDGETS.MOC.OBJ
D:\STUDY\VLC\VLC-2.1.0.SUBPROJECT-2010\PLUGINS\QT4\DEBUG\INFO_WIDGETS.OBJ
D:\STUDY\VLC\VLC-2.1.0.SUBPROJECT-2010\PLUGINS\QT4\DEBUG\INPUT_MANAGER.MOC.OBJ
D:\STUDY\VLC\VLC-2.1.0.SUBPROJECT-2010\PLUGINS\QT4\DEBUG\INPUT_MANAGER.OBJ
D:\STUDY\VLC\VLC-2.1.0.SUBPROJECT-2010\PLUGINS\QT4\DEBUG\INPUT_SLIDER.MOC.OBJ
D:\STUDY\VLC\VLC-2.1.0.SUBPROJECT-2010\PLUGINS\QT4\DEBUG\INPUT_SLIDER.OBJ
D:\STUDY\VLC\VLC-2.1.0.SUBPROJECT-2010\PLUGINS\QT4\DEBUG\INTERFACE_WIDGETS.MOC.OBJ
D:\STUDY\VLC\VLC-2.1.0.SUBPROJECT-2010\PLUGINS\QT4\DEBUG\INTERFACE_WIDGETS.OBJ
D:\Study\vlc\vlc-2.1.0.subproject-2010\plugins\qt4\Debug\link.3620.read.1.tlog
D:\Study\vlc\vlc-2.1.0.subproject-2010\plugins\qt4\Debug\link.3620.write.1.tlog
D:\Study\vlc\vlc-2.1.0.subproject-2010\plugins\qt4\Debug\link.3620-cvtres.read.1.tlog
D:\Study\vlc\vlc-2.1.0.subproject-2010\plugins\qt4\Debug\link.3620-cvtres.write.1.tlog
D:\Study\vlc\vlc-2.1.0.subproject-2010\plugins\qt4\Debug\link.command.1.tlog
D:\Study\vlc\vlc-2.1.0.subproject-2010\plugins\qt4\Debug\link.read.1.tlog
D:\Study\vlc\vlc-2.1.0.subproject-2010\plugins\qt4\Debug\link.write.1.tlog
D:\Study\vlc\vlc-2.1.0.subproject-2010\plugins\qt4\Debug\link-cvtres.read.1.tlog
D:\Study\vlc\vlc-2.1.0.subproject-2010\plugins\qt4\Debug\link-cvtres.write.1.tlog
D:\STUDY\VLC\VLC-2.1.0.SUBPROJECT-2010\PLUGINS\QT4\DEBUG\MAIN_INTERFACE.MOC.OBJ
D:\STUDY\VLC\VLC-2.1.0.SUBPROJECT-2010\PLUGINS\QT4\DEBUG\MAIN_INTERFACE.OBJ
D:\STUDY\VLC\VLC-2.1.0.SUBPROJECT-2010\PLUGINS\QT4\DEBUG\MAIN_INTERFACE_WIN32.OBJ
D:\STUDY\VLC\VLC-2.1.0.SUBPROJECT-2010\PLUGINS\QT4\DEBUG\MEDIAINFO.MOC.OBJ
D:\STUDY\VLC\VLC-2.1.0.SUBPROJECT-2010\PLUGINS\QT4\DEBUG\MEDIAINFO.OBJ
D:\STUDY\VLC\VLC-2.1.0.SUBPROJECT-2010\PLUGINS\QT4\DEBUG\MENUS.MOC.OBJ
D:\STUDY\VLC\VLC-2.1.0.SUBPROJECT-2010\PLUGINS\QT4\DEBUG\MENUS.OBJ
D:\STUDY\VLC\VLC-2.1.0.SUBPROJECT-2010\PLUGINS\QT4\DEBUG\MESSAGES.MOC.OBJ
D:\STUDY\VLC\VLC-2.1.0.SUBPROJECT-2010\PLUGINS\QT4\DEBUG\MESSAGES.OBJ
D:\STUDY\VLC\VLC-2.1.0.SUBPROJECT-2010\PLUGINS\QT4\DEBUG\ML_CONFIGURATION.MOC.OBJ
D:\STUDY\VLC\VLC-2.1.0.SUBPROJECT-2010\PLUGINS\QT4\DEBUG\ML_CONFIGURATION.OBJ
D:\STUDY\VLC\VLC-2.1.0.SUBPROJECT-2010\PLUGINS\QT4\DEBUG\ML_ITEM.OBJ
D:\STUDY\VLC\VLC-2.1.0.SUBPROJECT-2010\PLUGINS\QT4\DEBUG\ML_MODEL.MOC.OBJ
D:\STUDY\VLC\VLC-2.1.0.SUBPROJECT-2010\PLUGINS\QT4\DEBUG\ML_MODEL.OBJ
D:\Study\vlc\vlc-2.1.0.subproject-2010\plugins\qt4\Debug\mt.command.1.tlog
D:\Study\vlc\vlc-2.1.0.subproject-2010\plugins\qt4\Debug\mt.read.1.tlog
D:\Study\vlc\vlc-2.1.0.subproject-2010\plugins\qt4\Debug\mt.write.1.tlog
D:\STUDY\VLC\VLC-2.1.0.SUBPROJECT-2010\PLUGINS\QT4\DEBUG\OPEN.MOC.OBJ
D:\STUDY\VLC\VLC-2.1.0.SUBPROJECT-2010\PLUGINS\QT4\DEBUG\OPEN.OBJ
D:\STUDY\VLC\VLC-2.1.0.SUBPROJECT-2010\PLUGINS\QT4\DEBUG\OPEN_PANELS.MOC.OBJ
D:\STUDY\VLC\VLC-2.1.0.SUBPROJECT-2010\PLUGINS\QT4\DEBUG\OPEN_PANELS.OBJ
D:\STUDY\VLC\VLC-2.1.0.SUBPROJECT-2010\PLUGINS\QT4\DEBUG\OPENURL.MOC.OBJ
D:\STUDY\VLC\VLC-2.1.0.SUBPROJECT-2010\PLUGINS\QT4\DEBUG\OPENURL.OBJ
D:\STUDY\VLC\VLC-2.1.0.SUBPROJECT-2010\PLUGINS\QT4\DEBUG\PICTUREFLOW.MOC.OBJ
D:\STUDY\VLC\VLC-2.1.0.SUBPROJECT-2010\PLUGINS\QT4\DEBUG\PICTUREFLOW.OBJ
D:\STUDY\VLC\VLC-2.1.0.SUBPROJECT-2010\PLUGINS\QT4\DEBUG\PLAYLIST.MOC.OBJ
D:\STUDY\VLC\VLC-2.1.0.SUBPROJECT-2010\PLUGINS\QT4\DEBUG\PLAYLIST.MOC1.OBJ
D:\STUDY\VLC\VLC-2.1.0.SUBPROJECT-2010\PLUGINS\QT4\DEBUG\PLAYLIST_ITEM.OBJ
D:\STUDY\VLC\VLC-2.1.0.SUBPROJECT-2010\PLUGINS\QT4\DEBUG\PLAYLIST_MODEL.MOC.OBJ
D:\STUDY\VLC\VLC-2.1.0.SUBPROJECT-2010\PLUGINS\QT4\DEBUG\PLAYLIST_MODEL.OBJ
D:\STUDY\VLC\VLC-2.1.0.SUBPROJECT-2010\PLUGINS\QT4\DEBUG\PLAYLIST1.OBJ
D:\STUDY\VLC\VLC-2.1.0.SUBPROJECT-2010\PLUGINS\QT4\DEBUG\PLAYLIST2.OBJ
D:\STUDY\VLC\VLC-2.1.0.SUBPROJECT-2010\PLUGINS\QT4\DEBUG\PLUGINS.MOC.OBJ
D:\STUDY\VLC\VLC-2.1.0.SUBPROJECT-2010\PLUGINS\QT4\DEBUG\PLUGINS.OBJ
D:\STUDY\VLC\VLC-2.1.0.SUBPROJECT-2010\PLUGINS\QT4\DEBUG\PODCAST_CONFIGURATION.MOC.OBJ
D:\STUDY\VLC\VLC-2.1.0.SUBPROJECT-2010\PLUGINS\QT4\DEBUG\PODCAST_CONFIGURATION.OBJ
D:\STUDY\VLC\VLC-2.1.0.SUBPROJECT-2010\PLUGINS\QT4\DEBUG\PREFERENCES.MOC.OBJ
D:\STUDY\VLC\VLC-2.1.0.SUBPROJECT-2010\PLUGINS\QT4\DEBUG\PREFERENCES.OBJ
D:\STUDY\VLC\VLC-2.1.0.SUBPROJECT-2010\PLUGINS\QT4\DEBUG\PREFERENCES_WIDGETS.MOC.OBJ
D:\STUDY\VLC\VLC-2.1.0.SUBPROJECT-2010\PLUGINS\QT4\DEBUG\PREFERENCES_WIDGETS.OBJ
D:\STUDY\VLC\VLC-2.1.0.SUBPROJECT-2010\PLUGINS\QT4\DEBUG\PROFILE_SELECTOR.MOC.OBJ
D:\STUDY\VLC\VLC-2.1.0.SUBPROJECT-2010\PLUGINS\QT4\DEBUG\PROFILE_SELECTOR.OBJ
D:\STUDY\VLC\VLC-2.1.0.SUBPROJECT-2010\PLUGINS\QT4\DEBUG\QMENUVIEW.MOC.OBJ
D:\STUDY\VLC\VLC-2.1.0.SUBPROJECT-2010\PLUGINS\QT4\DEBUG\QMENUVIEW.OBJ
D:\STUDY\VLC\VLC-2.1.0.SUBPROJECT-2010\PLUGINS\QT4\DEBUG\QT_DIRS.OBJ
D:\STUDY\VLC\VLC-2.1.0.SUBPROJECT-2010\PLUGINS\QT4\DEBUG\QT4.DLL.EMBED.MANIFEST
D:\STUDY\VLC\VLC-2.1.0.SUBPROJECT-2010\PLUGINS\QT4\DEBUG\QT4.DLL.EMBED.MANIFEST.RES
D:\STUDY\VLC\VLC-2.1.0.SUBPROJECT-2010\PLUGINS\QT4\DEBUG\QT4.DLL.INTERMEDIATE.MANIFEST
D:\STUDY\VLC\VLC-2.1.0.SUBPROJECT-2010\PLUGINS\QT4\DEBUG\QT4.OBJ
D:\STUDY\VLC\VLC-2.1.0.SUBPROJECT-2010\PLUGINS\QT4\DEBUG\QT4.PCH
D:\STUDY\VLC\VLC-2.1.0.SUBPROJECT-2010\PLUGINS\QT4\DEBUG\QT4.RES
D:\Study\vlc\vlc-2.1.0.subproject-2010\plugins\qt4\Debug\qt4.write.1.tlog
D:\Study\vlc\vlc-2.1.0.subproject-2010\plugins\qt4\Debug\qt4_manifest.rc
D:\STUDY\VLC\VLC-2.1.0.SUBPROJECT-2010\PLUGINS\QT4\DEBUG\QVLCAPP.MOC.OBJ
D:\Study\vlc\vlc-2.1.0.subproject-2010\plugins\qt4\Debug\rc.command.1.tlog
D:\Study\vlc\vlc-2.1.0.subproject-2010\plugins\qt4\Debug\rc.read.1.tlog
D:\Study\vlc\vlc-2.1.0.subproject-2010\plugins\qt4\Debug\rc.write.1.tlog
D:\STUDY\VLC\VLC-2.1.0.SUBPROJECT-2010\PLUGINS\QT4\DEBUG\RECENTS.MOC.OBJ
D:\STUDY\VLC\VLC-2.1.0.SUBPROJECT-2010\PLUGINS\QT4\DEBUG\RECENTS.OBJ
D:\STUDY\VLC\VLC-2.1.0.SUBPROJECT-2010\PLUGINS\QT4\DEBUG\REGISTRY.OBJ
D:\STUDY\VLC\VLC-2.1.0.SUBPROJECT-2010\PLUGINS\QT4\DEBUG\RESOURCES.OBJ
D:\STUDY\VLC\VLC-2.1.0.SUBPROJECT-2010\PLUGINS\QT4\DEBUG\ROUNDBUTTON.MOC.OBJ
D:\STUDY\VLC\VLC-2.1.0.SUBPROJECT-2010\PLUGINS\QT4\DEBUG\ROUNDBUTTON.OBJ
D:\STUDY\VLC\VLC-2.1.0.SUBPROJECT-2010\PLUGINS\QT4\DEBUG\SEARCHLINEEDIT.MOC.OBJ
D:\STUDY\VLC\VLC-2.1.0.SUBPROJECT-2010\PLUGINS\QT4\DEBUG\SEARCHLINEEDIT.OBJ
D:\STUDY\VLC\VLC-2.1.0.SUBPROJECT-2010\PLUGINS\QT4\DEBUG\SEEKPOINTS.MOC.OBJ
D:\STUDY\VLC\VLC-2.1.0.SUBPROJECT-2010\PLUGINS\QT4\DEBUG\SEEKPOINTS.OBJ
D:\STUDY\VLC\VLC-2.1.0.SUBPROJECT-2010\PLUGINS\QT4\DEBUG\SEEKSTYLE.MOC.OBJ
D:\STUDY\VLC\VLC-2.1.0.SUBPROJECT-2010\PLUGINS\QT4\DEBUG\SEEKSTYLE.OBJ
D:\STUDY\VLC\VLC-2.1.0.SUBPROJECT-2010\PLUGINS\QT4\DEBUG\SELECTOR.MOC.OBJ
D:\STUDY\VLC\VLC-2.1.0.SUBPROJECT-2010\PLUGINS\QT4\DEBUG\SELECTOR.OBJ
D:\STUDY\VLC\VLC-2.1.0.SUBPROJECT-2010\PLUGINS\QT4\DEBUG\SIMPLE_PREFERENCES.MOC.OBJ
D:\STUDY\VLC\VLC-2.1.0.SUBPROJECT-2010\PLUGINS\QT4\DEBUG\SIMPLE_PREFERENCES.OBJ
D:\STUDY\VLC\VLC-2.1.0.SUBPROJECT-2010\PLUGINS\QT4\DEBUG\SOUT.MOC.OBJ
D:\STUDY\VLC\VLC-2.1.0.SUBPROJECT-2010\PLUGINS\QT4\DEBUG\SOUT.OBJ
D:\STUDY\VLC\VLC-2.1.0.SUBPROJECT-2010\PLUGINS\QT4\DEBUG\SOUT_WIDGETS.MOC.OBJ
D:\STUDY\VLC\VLC-2.1.0.SUBPROJECT-2010\PLUGINS\QT4\DEBUG\SOUT_WIDGETS.OBJ
D:\STUDY\VLC\VLC-2.1.0.SUBPROJECT-2010\PLUGINS\QT4\DEBUG\STANDARDPANEL.MOC.OBJ
D:\STUDY\VLC\VLC-2.1.0.SUBPROJECT-2010\PLUGINS\QT4\DEBUG\STANDARDPANEL.OBJ
D:\STUDY\VLC\VLC-2.1.0.SUBPROJECT-2010\PLUGINS\QT4\DEBUG\STDAFX.OBJ
D:\STUDY\VLC\VLC-2.1.0.SUBPROJECT-2010\PLUGINS\QT4\DEBUG\TIMETOOLTIP.MOC.OBJ
D:\STUDY\VLC\VLC-2.1.0.SUBPROJECT-2010\PLUGINS\QT4\DEBUG\TIMETOOLTIP.OBJ
D:\STUDY\VLC\VLC-2.1.0.SUBPROJECT-2010\PLUGINS\QT4\DEBUG\TOOLBAR.MOC.OBJ
D:\STUDY\VLC\VLC-2.1.0.SUBPROJECT-2010\PLUGINS\QT4\DEBUG\TOOLBAR.OBJ
D:\STUDY\VLC\VLC-2.1.0.SUBPROJECT-2010\PLUGINS\QT4\DEBUG\VARIABLES.MOC1.OBJ
D:\STUDY\VLC\VLC-2.1.0.SUBPROJECT-2010\PLUGINS\QT4\DEBUG\VARIABLES2.OBJ
D:\Study\vlc\vlc-2.1.0.subproject-2010\plugins\qt4\Debug\vc100.idb
D:\STUDY\VLC\VLC-2.1.0.SUBPROJECT-2010\PLUGINS\QT4\DEBUG\VC100.PDB
D:\STUDY\VLC\VLC-2.1.0.SUBPROJECT-2010\PLUGINS\QT4\DEBUG\VIEWS.MOC.OBJ
D:\STUDY\VLC\VLC-2.1.0.SUBPROJECT-2010\PLUGINS\QT4\DEBUG\VIEWS.OBJ
D:\STUDY\VLC\VLC-2.1.0.SUBPROJECT-2010\PLUGINS\QT4\DEBUG\VLC_MODEL.MOC.OBJ
D:\STUDY\VLC\VLC-2.1.0.SUBPROJECT-2010\PLUGINS\QT4\DEBUG\VLC_MODEL.OBJ
D:\STUDY\VLC\VLC-2.1.0.SUBPROJECT-2010\PLUGINS\QT4\DEBUG\VLM.MOC.OBJ
D:\STUDY\VLC\VLC-2.1.0.SUBPROJECT-2010\PLUGINS\QT4\DEBUG\VLM.OBJ
