D:\Study\vlc\vlc-2.1.0.subproject-2010\Debug\globalhotkeys.exp
D:\Study\vlc\vlc-2.1.0.subproject-2010\Debug\globalhotkeys.lib
D:\STUDY\VLC\VLC-2.1.0.SUBPROJECT-2010\DEBUG\GLOBALHOTKEYS.PDB
D:\STUDY\VLC\VLC-2.1.0.SUBPROJECT-2010\DEBUG\PLUGINS\CONTROL\LIBGLOBALHOTKEYS_PLUGIN.DLL
D:\STUDY\VLC\VLC-2.1.0.SUBPROJECT-2010\DEBUG\PLUGINS\CONTROL\LIBGLOBALHOTKEYS_PLUGIN.ILK
D:\Study\vlc\vlc-2.1.0.subproject-2010\plugins\globalhotkeys\Debug\cl.command.1.tlog
D:\Study\vlc\vlc-2.1.0.subproject-2010\plugins\globalhotkeys\Debug\CL.read.1.tlog
D:\Study\vlc\vlc-2.1.0.subproject-2010\plugins\globalhotkeys\Debug\CL.write.1.tlog
D:\STUDY\VLC\VLC-2.1.0.SUBPROJECT-2010\PLUGINS\GLOBALHOTKEYS\DEBUG\GLOBALHOTKEYS.DLL.EMBED.MANIFEST
D:\STUDY\VLC\VLC-2.1.0.SUBPROJECT-2010\PLUGINS\GLOBALHOTKEYS\DEBUG\GLOBALHOTKEYS.DLL.EMBED.MANIFEST.RES
D:\STUDY\VLC\VLC-2.1.0.SUBPROJECT-2010\PLUGINS\GLOBALHOTKEYS\DEBUG\GLOBALHOTKEYS.DLL.INTERMEDIATE.MANIFEST
D:\STUDY\VLC\VLC-2.1.0.SUBPROJECT-2010\PLUGINS\GLOBALHOTKEYS\DEBUG\GLOBALHOTKEYS.OBJ
D:\STUDY\VLC\VLC-2.1.0.SUBPROJECT-2010\PLUGINS\GLOBALHOTKEYS\DEBUG\GLOBALHOTKEYS.PCH
D:\STUDY\VLC\VLC-2.1.0.SUBPROJECT-2010\PLUGINS\GLOBALHOTKEYS\DEBUG\GLOBALHOTKEYS.RES
D:\Study\vlc\vlc-2.1.0.subproject-2010\plugins\globalhotkeys\Debug\globalhotkeys.write.1.tlog
D:\Study\vlc\vlc-2.1.0.subproject-2010\plugins\globalhotkeys\Debug\globalhotkeys_manifest.rc
D:\Study\vlc\vlc-2.1.0.subproject-2010\plugins\globalhotkeys\Debug\link.9008.read.1.tlog
D:\Study\vlc\vlc-2.1.0.subproject-2010\plugins\globalhotkeys\Debug\link.9008.write.1.tlog
D:\Study\vlc\vlc-2.1.0.subproject-2010\plugins\globalhotkeys\Debug\link.9008-cvtres.read.1.tlog
D:\Study\vlc\vlc-2.1.0.subproject-2010\plugins\globalhotkeys\Debug\link.9008-cvtres.write.1.tlog
D:\Study\vlc\vlc-2.1.0.subproject-2010\plugins\globalhotkeys\Debug\link.command.1.tlog
D:\Study\vlc\vlc-2.1.0.subproject-2010\plugins\globalhotkeys\Debug\link.read.1.tlog
D:\Study\vlc\vlc-2.1.0.subproject-2010\plugins\globalhotkeys\Debug\link.write.1.tlog
D:\Study\vlc\vlc-2.1.0.subproject-2010\plugins\globalhotkeys\Debug\link-cvtres.read.1.tlog
D:\Study\vlc\vlc-2.1.0.subproject-2010\plugins\globalhotkeys\Debug\link-cvtres.write.1.tlog
D:\Study\vlc\vlc-2.1.0.subproject-2010\plugins\globalhotkeys\Debug\mt.command.1.tlog
D:\Study\vlc\vlc-2.1.0.subproject-2010\plugins\globalhotkeys\Debug\mt.read.1.tlog
D:\Study\vlc\vlc-2.1.0.subproject-2010\plugins\globalhotkeys\Debug\mt.write.1.tlog
D:\Study\vlc\vlc-2.1.0.subproject-2010\plugins\globalhotkeys\Debug\rc.command.1.tlog
D:\Study\vlc\vlc-2.1.0.subproject-2010\plugins\globalhotkeys\Debug\rc.read.1.tlog
D:\Study\vlc\vlc-2.1.0.subproject-2010\plugins\globalhotkeys\Debug\rc.write.1.tlog
D:\STUDY\VLC\VLC-2.1.0.SUBPROJECT-2010\PLUGINS\GLOBALHOTKEYS\DEBUG\STDAFX.OBJ
D:\Study\vlc\vlc-2.1.0.subproject-2010\plugins\globalhotkeys\Debug\vc100.idb
D:\STUDY\VLC\VLC-2.1.0.SUBPROJECT-2010\PLUGINS\GLOBALHOTKEYS\DEBUG\VC100.PDB
D:\STUDY\VLC\VLC-2.1.0.SUBPROJECT-2010\PLUGINS\GLOBALHOTKEYS\DEBUG\WIN32.OBJ
