D:\Study\vlc\vlc-2.1.0.subproject-2010\Debug\dtstofloat32.exp
D:\Study\vlc\vlc-2.1.0.subproject-2010\Debug\dtstofloat32.lib
D:\STUDY\VLC\VLC-2.1.0.SUBPROJECT-2010\DEBUG\DTSTOFLOAT32.PDB
D:\STUDY\VLC\VLC-2.1.0.SUBPROJECT-2010\DEBUG\PLUGINS\AUDIO_FILTER\LIBDTSTOFLOAT32_PLUGIN.DLL
D:\STUDY\VLC\VLC-2.1.0.SUBPROJECT-2010\DEBUG\PLUGINS\AUDIO_FILTER\LIBDTSTOFLOAT32_PLUGIN.ILK
D:\Study\vlc\vlc-2.1.0.subproject-2010\plugins\dtstofloat32\Debug\cl.command.1.tlog
D:\Study\vlc\vlc-2.1.0.subproject-2010\plugins\dtstofloat32\Debug\CL.read.1.tlog
D:\Study\vlc\vlc-2.1.0.subproject-2010\plugins\dtstofloat32\Debug\CL.write.1.tlog
D:\STUDY\VLC\VLC-2.1.0.SUBPROJECT-2010\PLUGINS\DTSTOFLOAT32\DEBUG\DTSTOFLOAT32.DLL.EMBED.MANIFEST
D:\STUDY\VLC\VLC-2.1.0.SUBPROJECT-2010\PLUGINS\DTSTOFLOAT32\DEBUG\DTSTOFLOAT32.DLL.EMBED.MANIFEST.RES
D:\STUDY\VLC\VLC-2.1.0.SUBPROJECT-2010\PLUGINS\DTSTOFLOAT32\DEBUG\DTSTOFLOAT32.DLL.INTERMEDIATE.MANIFEST
D:\STUDY\VLC\VLC-2.1.0.SUBPROJECT-2010\PLUGINS\DTSTOFLOAT32\DEBUG\DTSTOFLOAT32.OBJ
D:\STUDY\VLC\VLC-2.1.0.SUBPROJECT-2010\PLUGINS\DTSTOFLOAT32\DEBUG\DTSTOFLOAT32.PCH
D:\STUDY\VLC\VLC-2.1.0.SUBPROJECT-2010\PLUGINS\DTSTOFLOAT32\DEBUG\DTSTOFLOAT32.RES
D:\Study\vlc\vlc-2.1.0.subproject-2010\plugins\dtstofloat32\Debug\dtstofloat32.write.1.tlog
D:\Study\vlc\vlc-2.1.0.subproject-2010\plugins\dtstofloat32\Debug\dtstofloat32_manifest.rc
D:\STUDY\VLC\VLC-2.1.0.SUBPROJECT-2010\PLUGINS\DTSTOFLOAT32\DEBUG\DTSTOFLOAT321.OBJ
D:\Study\vlc\vlc-2.1.0.subproject-2010\plugins\dtstofloat32\Debug\link.12600.read.1.tlog
D:\Study\vlc\vlc-2.1.0.subproject-2010\plugins\dtstofloat32\Debug\link.12600.write.1.tlog
D:\Study\vlc\vlc-2.1.0.subproject-2010\plugins\dtstofloat32\Debug\link.12600-cvtres.read.1.tlog
D:\Study\vlc\vlc-2.1.0.subproject-2010\plugins\dtstofloat32\Debug\link.12600-cvtres.write.1.tlog
D:\Study\vlc\vlc-2.1.0.subproject-2010\plugins\dtstofloat32\Debug\link.command.1.tlog
D:\Study\vlc\vlc-2.1.0.subproject-2010\plugins\dtstofloat32\Debug\link.read.1.tlog
D:\Study\vlc\vlc-2.1.0.subproject-2010\plugins\dtstofloat32\Debug\link.write.1.tlog
D:\Study\vlc\vlc-2.1.0.subproject-2010\plugins\dtstofloat32\Debug\link-cvtres.read.1.tlog
D:\Study\vlc\vlc-2.1.0.subproject-2010\plugins\dtstofloat32\Debug\link-cvtres.write.1.tlog
D:\Study\vlc\vlc-2.1.0.subproject-2010\plugins\dtstofloat32\Debug\mt.command.1.tlog
D:\Study\vlc\vlc-2.1.0.subproject-2010\plugins\dtstofloat32\Debug\mt.read.1.tlog
D:\Study\vlc\vlc-2.1.0.subproject-2010\plugins\dtstofloat32\Debug\mt.write.1.tlog
D:\Study\vlc\vlc-2.1.0.subproject-2010\plugins\dtstofloat32\Debug\rc.command.1.tlog
D:\Study\vlc\vlc-2.1.0.subproject-2010\plugins\dtstofloat32\Debug\rc.read.1.tlog
D:\Study\vlc\vlc-2.1.0.subproject-2010\plugins\dtstofloat32\Debug\rc.write.1.tlog
D:\STUDY\VLC\VLC-2.1.0.SUBPROJECT-2010\PLUGINS\DTSTOFLOAT32\DEBUG\STDAFX.OBJ
D:\Study\vlc\vlc-2.1.0.subproject-2010\plugins\dtstofloat32\Debug\vc100.idb
D:\STUDY\VLC\VLC-2.1.0.SUBPROJECT-2010\PLUGINS\DTSTOFLOAT32\DEBUG\VC100.PDB
