D:\STUDY\VLC\VLC-2.1.0.SUBPROJECT-2010\DEBUG\PLUGINS\STREAM_OUT\LIBSTREAM_OUT_RTP_PLUGIN.DLL
D:\STUDY\VLC\VLC-2.1.0.SUBPROJECT-2010\DEBUG\PLUGINS\STREAM_OUT\LIBSTREAM_OUT_RTP_PLUGIN.ILK
D:\Study\vlc\vlc-2.1.0.subproject-2010\Debug\stream_out_rtp.exp
D:\Study\vlc\vlc-2.1.0.subproject-2010\Debug\stream_out_rtp.lib
D:\STUDY\VLC\VLC-2.1.0.SUBPROJECT-2010\DEBUG\STREAM_OUT_RTP.PDB
D:\Study\vlc\vlc-2.1.0.subproject-2010\plugins\stream_out_rtp\Debug\cl.command.1.tlog
D:\Study\vlc\vlc-2.1.0.subproject-2010\plugins\stream_out_rtp\Debug\CL.read.1.tlog
D:\Study\vlc\vlc-2.1.0.subproject-2010\plugins\stream_out_rtp\Debug\CL.write.1.tlog
D:\Study\vlc\vlc-2.1.0.subproject-2010\plugins\stream_out_rtp\Debug\link.584.read.1.tlog
D:\Study\vlc\vlc-2.1.0.subproject-2010\plugins\stream_out_rtp\Debug\link.584.write.1.tlog
D:\Study\vlc\vlc-2.1.0.subproject-2010\plugins\stream_out_rtp\Debug\link.584-cvtres.read.1.tlog
D:\Study\vlc\vlc-2.1.0.subproject-2010\plugins\stream_out_rtp\Debug\link.584-cvtres.write.1.tlog
D:\Study\vlc\vlc-2.1.0.subproject-2010\plugins\stream_out_rtp\Debug\link.command.1.tlog
D:\Study\vlc\vlc-2.1.0.subproject-2010\plugins\stream_out_rtp\Debug\link.read.1.tlog
D:\Study\vlc\vlc-2.1.0.subproject-2010\plugins\stream_out_rtp\Debug\link.write.1.tlog
D:\Study\vlc\vlc-2.1.0.subproject-2010\plugins\stream_out_rtp\Debug\link-cvtres.read.1.tlog
D:\Study\vlc\vlc-2.1.0.subproject-2010\plugins\stream_out_rtp\Debug\link-cvtres.write.1.tlog
D:\Study\vlc\vlc-2.1.0.subproject-2010\plugins\stream_out_rtp\Debug\mt.command.1.tlog
D:\Study\vlc\vlc-2.1.0.subproject-2010\plugins\stream_out_rtp\Debug\mt.read.1.tlog
D:\Study\vlc\vlc-2.1.0.subproject-2010\plugins\stream_out_rtp\Debug\mt.write.1.tlog
D:\Study\vlc\vlc-2.1.0.subproject-2010\plugins\stream_out_rtp\Debug\rc.command.1.tlog
D:\Study\vlc\vlc-2.1.0.subproject-2010\plugins\stream_out_rtp\Debug\rc.read.1.tlog
D:\Study\vlc\vlc-2.1.0.subproject-2010\plugins\stream_out_rtp\Debug\rc.write.1.tlog
D:\STUDY\VLC\VLC-2.1.0.SUBPROJECT-2010\PLUGINS\STREAM_OUT_RTP\DEBUG\RTCP.OBJ
D:\STUDY\VLC\VLC-2.1.0.SUBPROJECT-2010\PLUGINS\STREAM_OUT_RTP\DEBUG\RTP.OBJ
D:\STUDY\VLC\VLC-2.1.0.SUBPROJECT-2010\PLUGINS\STREAM_OUT_RTP\DEBUG\RTPFMT.OBJ
D:\STUDY\VLC\VLC-2.1.0.SUBPROJECT-2010\PLUGINS\STREAM_OUT_RTP\DEBUG\RTSP.OBJ
D:\STUDY\VLC\VLC-2.1.0.SUBPROJECT-2010\PLUGINS\STREAM_OUT_RTP\DEBUG\STDAFX.OBJ
D:\STUDY\VLC\VLC-2.1.0.SUBPROJECT-2010\PLUGINS\STREAM_OUT_RTP\DEBUG\STREAM_OUT_RTP.DLL.EMBED.MANIFEST
D:\STUDY\VLC\VLC-2.1.0.SUBPROJECT-2010\PLUGINS\STREAM_OUT_RTP\DEBUG\STREAM_OUT_RTP.DLL.EMBED.MANIFEST.RES
D:\STUDY\VLC\VLC-2.1.0.SUBPROJECT-2010\PLUGINS\STREAM_OUT_RTP\DEBUG\STREAM_OUT_RTP.DLL.INTERMEDIATE.MANIFEST
D:\STUDY\VLC\VLC-2.1.0.SUBPROJECT-2010\PLUGINS\STREAM_OUT_RTP\DEBUG\STREAM_OUT_RTP.OBJ
D:\STUDY\VLC\VLC-2.1.0.SUBPROJECT-2010\PLUGINS\STREAM_OUT_RTP\DEBUG\STREAM_OUT_RTP.PCH
D:\STUDY\VLC\VLC-2.1.0.SUBPROJECT-2010\PLUGINS\STREAM_OUT_RTP\DEBUG\STREAM_OUT_RTP.RES
D:\Study\vlc\vlc-2.1.0.subproject-2010\plugins\stream_out_rtp\Debug\stream_out_rtp.write.1.tlog
D:\Study\vlc\vlc-2.1.0.subproject-2010\plugins\stream_out_rtp\Debug\stream_out_rtp_manifest.rc
D:\Study\vlc\vlc-2.1.0.subproject-2010\plugins\stream_out_rtp\Debug\vc100.idb
D:\STUDY\VLC\VLC-2.1.0.SUBPROJECT-2010\PLUGINS\STREAM_OUT_RTP\DEBUG\VC100.PDB
D:\STUDY\VLC\VLC-2.1.0.SUBPROJECT-2010\PLUGINS\STREAM_OUT_RTP\DEBUG\VOD.OBJ
