D:\STUDY\VLC\VLC-2.1.0.SUBPROJECT-2010\DEBUG\PLUGINS\VIDEO_OUTPUT\LIBVDUMMY_PLUGIN.DLL
D:\STUDY\VLC\VLC-2.1.0.SUBPROJECT-2010\DEBUG\PLUGINS\VIDEO_OUTPUT\LIBVDUMMY_PLUGIN.ILK
D:\Study\vlc\vlc-2.1.0.subproject-2010\Debug\vdummy.exp
D:\Study\vlc\vlc-2.1.0.subproject-2010\Debug\vdummy.lib
D:\STUDY\VLC\VLC-2.1.0.SUBPROJECT-2010\DEBUG\VDUMMY.PDB
D:\Study\vlc\vlc-2.1.0.subproject-2010\plugins\vdummy\Debug\cl.command.1.tlog
D:\Study\vlc\vlc-2.1.0.subproject-2010\plugins\vdummy\Debug\CL.read.1.tlog
D:\Study\vlc\vlc-2.1.0.subproject-2010\plugins\vdummy\Debug\CL.write.1.tlog
D:\Study\vlc\vlc-2.1.0.subproject-2010\plugins\vdummy\Debug\link.12152.read.1.tlog
D:\Study\vlc\vlc-2.1.0.subproject-2010\plugins\vdummy\Debug\link.12152.write.1.tlog
D:\Study\vlc\vlc-2.1.0.subproject-2010\plugins\vdummy\Debug\link.12152-cvtres.read.1.tlog
D:\Study\vlc\vlc-2.1.0.subproject-2010\plugins\vdummy\Debug\link.12152-cvtres.write.1.tlog
D:\Study\vlc\vlc-2.1.0.subproject-2010\plugins\vdummy\Debug\link.command.1.tlog
D:\Study\vlc\vlc-2.1.0.subproject-2010\plugins\vdummy\Debug\link.read.1.tlog
D:\Study\vlc\vlc-2.1.0.subproject-2010\plugins\vdummy\Debug\link.write.1.tlog
D:\Study\vlc\vlc-2.1.0.subproject-2010\plugins\vdummy\Debug\link-cvtres.read.1.tlog
D:\Study\vlc\vlc-2.1.0.subproject-2010\plugins\vdummy\Debug\link-cvtres.write.1.tlog
D:\Study\vlc\vlc-2.1.0.subproject-2010\plugins\vdummy\Debug\mt.command.1.tlog
D:\Study\vlc\vlc-2.1.0.subproject-2010\plugins\vdummy\Debug\mt.read.1.tlog
D:\Study\vlc\vlc-2.1.0.subproject-2010\plugins\vdummy\Debug\mt.write.1.tlog
D:\Study\vlc\vlc-2.1.0.subproject-2010\plugins\vdummy\Debug\rc.command.1.tlog
D:\Study\vlc\vlc-2.1.0.subproject-2010\plugins\vdummy\Debug\rc.read.1.tlog
D:\Study\vlc\vlc-2.1.0.subproject-2010\plugins\vdummy\Debug\rc.write.1.tlog
D:\STUDY\VLC\VLC-2.1.0.SUBPROJECT-2010\PLUGINS\VDUMMY\DEBUG\STDAFX.OBJ
D:\Study\vlc\vlc-2.1.0.subproject-2010\plugins\vdummy\Debug\vc100.idb
D:\STUDY\VLC\VLC-2.1.0.SUBPROJECT-2010\PLUGINS\VDUMMY\DEBUG\VC100.PDB
D:\STUDY\VLC\VLC-2.1.0.SUBPROJECT-2010\PLUGINS\VDUMMY\DEBUG\VDUMMY.DLL.EMBED.MANIFEST
D:\STUDY\VLC\VLC-2.1.0.SUBPROJECT-2010\PLUGINS\VDUMMY\DEBUG\VDUMMY.DLL.EMBED.MANIFEST.RES
D:\STUDY\VLC\VLC-2.1.0.SUBPROJECT-2010\PLUGINS\VDUMMY\DEBUG\VDUMMY.DLL.INTERMEDIATE.MANIFEST
D:\STUDY\VLC\VLC-2.1.0.SUBPROJECT-2010\PLUGINS\VDUMMY\DEBUG\VDUMMY.OBJ
D:\STUDY\VLC\VLC-2.1.0.SUBPROJECT-2010\PLUGINS\VDUMMY\DEBUG\VDUMMY.PCH
D:\STUDY\VLC\VLC-2.1.0.SUBPROJECT-2010\PLUGINS\VDUMMY\DEBUG\VDUMMY.RES
D:\Study\vlc\vlc-2.1.0.subproject-2010\plugins\vdummy\Debug\vdummy.write.1.tlog
D:\Study\vlc\vlc-2.1.0.subproject-2010\plugins\vdummy\Debug\vdummy_manifest.rc
D:\STUDY\VLC\VLC-2.1.0.SUBPROJECT-2010\PLUGINS\VDUMMY\DEBUG\VDUMMY1.OBJ
