D:\Study\vlc\vlc-2.1.0.subproject-2010\Debug\gaussianblur.exp
D:\Study\vlc\vlc-2.1.0.subproject-2010\Debug\gaussianblur.lib
D:\STUDY\VLC\VLC-2.1.0.SUBPROJECT-2010\DEBUG\GAUSSIANBLUR.PDB
D:\STUDY\VLC\VLC-2.1.0.SUBPROJECT-2010\DEBUG\PLUGINS\VIDEO_FILTER\LIBGAUSSIANBLUR_PLUGIN.DLL
D:\STUDY\VLC\VLC-2.1.0.SUBPROJECT-2010\DEBUG\PLUGINS\VIDEO_FILTER\LIBGAUSSIANBLUR_PLUGIN.ILK
D:\Study\vlc\vlc-2.1.0.subproject-2010\plugins\gaussianblur\Debug\cl.command.1.tlog
D:\Study\vlc\vlc-2.1.0.subproject-2010\plugins\gaussianblur\Debug\CL.read.1.tlog
D:\Study\vlc\vlc-2.1.0.subproject-2010\plugins\gaussianblur\Debug\CL.write.1.tlog
D:\STUDY\VLC\VLC-2.1.0.SUBPROJECT-2010\PLUGINS\GAUSSIANBLUR\DEBUG\GAUSSIANBLUR.DLL.EMBED.MANIFEST
D:\STUDY\VLC\VLC-2.1.0.SUBPROJECT-2010\PLUGINS\GAUSSIANBLUR\DEBUG\GAUSSIANBLUR.DLL.EMBED.MANIFEST.RES
D:\STUDY\VLC\VLC-2.1.0.SUBPROJECT-2010\PLUGINS\GAUSSIANBLUR\DEBUG\GAUSSIANBLUR.DLL.INTERMEDIATE.MANIFEST
D:\STUDY\VLC\VLC-2.1.0.SUBPROJECT-2010\PLUGINS\GAUSSIANBLUR\DEBUG\GAUSSIANBLUR.OBJ
D:\STUDY\VLC\VLC-2.1.0.SUBPROJECT-2010\PLUGINS\GAUSSIANBLUR\DEBUG\GAUSSIANBLUR.PCH
D:\STUDY\VLC\VLC-2.1.0.SUBPROJECT-2010\PLUGINS\GAUSSIANBLUR\DEBUG\GAUSSIANBLUR.RES
D:\Study\vlc\vlc-2.1.0.subproject-2010\plugins\gaussianblur\Debug\gaussianblur.write.1.tlog
D:\Study\vlc\vlc-2.1.0.subproject-2010\plugins\gaussianblur\Debug\gaussianblur_manifest.rc
D:\STUDY\VLC\VLC-2.1.0.SUBPROJECT-2010\PLUGINS\GAUSSIANBLUR\DEBUG\GAUSSIANBLUR1.OBJ
D:\Study\vlc\vlc-2.1.0.subproject-2010\plugins\gaussianblur\Debug\link.9724.read.1.tlog
D:\Study\vlc\vlc-2.1.0.subproject-2010\plugins\gaussianblur\Debug\link.9724.write.1.tlog
D:\Study\vlc\vlc-2.1.0.subproject-2010\plugins\gaussianblur\Debug\link.9724-cvtres.read.1.tlog
D:\Study\vlc\vlc-2.1.0.subproject-2010\plugins\gaussianblur\Debug\link.9724-cvtres.write.1.tlog
D:\Study\vlc\vlc-2.1.0.subproject-2010\plugins\gaussianblur\Debug\link.command.1.tlog
D:\Study\vlc\vlc-2.1.0.subproject-2010\plugins\gaussianblur\Debug\link.read.1.tlog
D:\Study\vlc\vlc-2.1.0.subproject-2010\plugins\gaussianblur\Debug\link.write.1.tlog
D:\Study\vlc\vlc-2.1.0.subproject-2010\plugins\gaussianblur\Debug\link-cvtres.read.1.tlog
D:\Study\vlc\vlc-2.1.0.subproject-2010\plugins\gaussianblur\Debug\link-cvtres.write.1.tlog
D:\Study\vlc\vlc-2.1.0.subproject-2010\plugins\gaussianblur\Debug\mt.command.1.tlog
D:\Study\vlc\vlc-2.1.0.subproject-2010\plugins\gaussianblur\Debug\mt.read.1.tlog
D:\Study\vlc\vlc-2.1.0.subproject-2010\plugins\gaussianblur\Debug\mt.write.1.tlog
D:\Study\vlc\vlc-2.1.0.subproject-2010\plugins\gaussianblur\Debug\rc.command.1.tlog
D:\Study\vlc\vlc-2.1.0.subproject-2010\plugins\gaussianblur\Debug\rc.read.1.tlog
D:\Study\vlc\vlc-2.1.0.subproject-2010\plugins\gaussianblur\Debug\rc.write.1.tlog
D:\STUDY\VLC\VLC-2.1.0.SUBPROJECT-2010\PLUGINS\GAUSSIANBLUR\DEBUG\STDAFX.OBJ
D:\Study\vlc\vlc-2.1.0.subproject-2010\plugins\gaussianblur\Debug\vc100.idb
D:\STUDY\VLC\VLC-2.1.0.SUBPROJECT-2010\PLUGINS\GAUSSIANBLUR\DEBUG\VC100.PDB
