D:\STUDY\VLC\VLC-2.1.0.SUBPROJECT-2010\DEBUG\PLUGINS\VIDEO_FILTER\LIBSUBSDELAY_PLUGIN.DLL
D:\STUDY\VLC\VLC-2.1.0.SUBPROJECT-2010\DEBUG\PLUGINS\VIDEO_FILTER\LIBSUBSDELAY_PLUGIN.ILK
D:\Study\vlc\vlc-2.1.0.subproject-2010\Debug\subsdelay.exp
D:\Study\vlc\vlc-2.1.0.subproject-2010\Debug\subsdelay.lib
D:\STUDY\VLC\VLC-2.1.0.SUBPROJECT-2010\DEBUG\SUBSDELAY.PDB
D:\Study\vlc\vlc-2.1.0.subproject-2010\plugins\subsdelay\Debug\cl.command.1.tlog
D:\Study\vlc\vlc-2.1.0.subproject-2010\plugins\subsdelay\Debug\CL.read.1.tlog
D:\Study\vlc\vlc-2.1.0.subproject-2010\plugins\subsdelay\Debug\CL.write.1.tlog
D:\Study\vlc\vlc-2.1.0.subproject-2010\plugins\subsdelay\Debug\link.11812.read.1.tlog
D:\Study\vlc\vlc-2.1.0.subproject-2010\plugins\subsdelay\Debug\link.11812.write.1.tlog
D:\Study\vlc\vlc-2.1.0.subproject-2010\plugins\subsdelay\Debug\link.11812-cvtres.read.1.tlog
D:\Study\vlc\vlc-2.1.0.subproject-2010\plugins\subsdelay\Debug\link.11812-cvtres.write.1.tlog
D:\Study\vlc\vlc-2.1.0.subproject-2010\plugins\subsdelay\Debug\link.command.1.tlog
D:\Study\vlc\vlc-2.1.0.subproject-2010\plugins\subsdelay\Debug\link.read.1.tlog
D:\Study\vlc\vlc-2.1.0.subproject-2010\plugins\subsdelay\Debug\link.write.1.tlog
D:\Study\vlc\vlc-2.1.0.subproject-2010\plugins\subsdelay\Debug\link-cvtres.read.1.tlog
D:\Study\vlc\vlc-2.1.0.subproject-2010\plugins\subsdelay\Debug\link-cvtres.write.1.tlog
D:\Study\vlc\vlc-2.1.0.subproject-2010\plugins\subsdelay\Debug\mt.command.1.tlog
D:\Study\vlc\vlc-2.1.0.subproject-2010\plugins\subsdelay\Debug\mt.read.1.tlog
D:\Study\vlc\vlc-2.1.0.subproject-2010\plugins\subsdelay\Debug\mt.write.1.tlog
D:\Study\vlc\vlc-2.1.0.subproject-2010\plugins\subsdelay\Debug\rc.command.1.tlog
D:\Study\vlc\vlc-2.1.0.subproject-2010\plugins\subsdelay\Debug\rc.read.1.tlog
D:\Study\vlc\vlc-2.1.0.subproject-2010\plugins\subsdelay\Debug\rc.write.1.tlog
D:\STUDY\VLC\VLC-2.1.0.SUBPROJECT-2010\PLUGINS\SUBSDELAY\DEBUG\STDAFX.OBJ
D:\STUDY\VLC\VLC-2.1.0.SUBPROJECT-2010\PLUGINS\SUBSDELAY\DEBUG\SUBSDELAY.DLL.EMBED.MANIFEST
D:\STUDY\VLC\VLC-2.1.0.SUBPROJECT-2010\PLUGINS\SUBSDELAY\DEBUG\SUBSDELAY.DLL.EMBED.MANIFEST.RES
D:\STUDY\VLC\VLC-2.1.0.SUBPROJECT-2010\PLUGINS\SUBSDELAY\DEBUG\SUBSDELAY.DLL.INTERMEDIATE.MANIFEST
D:\STUDY\VLC\VLC-2.1.0.SUBPROJECT-2010\PLUGINS\SUBSDELAY\DEBUG\SUBSDELAY.OBJ
D:\STUDY\VLC\VLC-2.1.0.SUBPROJECT-2010\PLUGINS\SUBSDELAY\DEBUG\SUBSDELAY.PCH
D:\STUDY\VLC\VLC-2.1.0.SUBPROJECT-2010\PLUGINS\SUBSDELAY\DEBUG\SUBSDELAY.RES
D:\Study\vlc\vlc-2.1.0.subproject-2010\plugins\subsdelay\Debug\subsdelay.write.1.tlog
D:\Study\vlc\vlc-2.1.0.subproject-2010\plugins\subsdelay\Debug\subsdelay_manifest.rc
D:\STUDY\VLC\VLC-2.1.0.SUBPROJECT-2010\PLUGINS\SUBSDELAY\DEBUG\SUBSDELAY1.OBJ
D:\Study\vlc\vlc-2.1.0.subproject-2010\plugins\subsdelay\Debug\vc100.idb
D:\STUDY\VLC\VLC-2.1.0.SUBPROJECT-2010\PLUGINS\SUBSDELAY\DEBUG\VC100.PDB
