D:\Study\vlc\vlc-2.1.0.subproject-2010\Debug\extract.exp
D:\Study\vlc\vlc-2.1.0.subproject-2010\Debug\extract.lib
D:\STUDY\VLC\VLC-2.1.0.SUBPROJECT-2010\DEBUG\EXTRACT.PDB
D:\STUDY\VLC\VLC-2.1.0.SUBPROJECT-2010\DEBUG\PLUGINS\VIDEO_FILTER\LIBEXTRACT_PLUGIN.DLL
D:\STUDY\VLC\VLC-2.1.0.SUBPROJECT-2010\DEBUG\PLUGINS\VIDEO_FILTER\LIBEXTRACT_PLUGIN.ILK
D:\Study\vlc\vlc-2.1.0.subproject-2010\plugins\extract\Debug\cl.command.1.tlog
D:\Study\vlc\vlc-2.1.0.subproject-2010\plugins\extract\Debug\CL.read.1.tlog
D:\Study\vlc\vlc-2.1.0.subproject-2010\plugins\extract\Debug\CL.write.1.tlog
D:\STUDY\VLC\VLC-2.1.0.SUBPROJECT-2010\PLUGINS\EXTRACT\DEBUG\EXTRACT.DLL.EMBED.MANIFEST
D:\STUDY\VLC\VLC-2.1.0.SUBPROJECT-2010\PLUGINS\EXTRACT\DEBUG\EXTRACT.DLL.EMBED.MANIFEST.RES
D:\STUDY\VLC\VLC-2.1.0.SUBPROJECT-2010\PLUGINS\EXTRACT\DEBUG\EXTRACT.DLL.INTERMEDIATE.MANIFEST
D:\STUDY\VLC\VLC-2.1.0.SUBPROJECT-2010\PLUGINS\EXTRACT\DEBUG\EXTRACT.OBJ
D:\STUDY\VLC\VLC-2.1.0.SUBPROJECT-2010\PLUGINS\EXTRACT\DEBUG\EXTRACT.PCH
D:\STUDY\VLC\VLC-2.1.0.SUBPROJECT-2010\PLUGINS\EXTRACT\DEBUG\EXTRACT.RES
D:\Study\vlc\vlc-2.1.0.subproject-2010\plugins\extract\Debug\extract.write.1.tlog
D:\Study\vlc\vlc-2.1.0.subproject-2010\plugins\extract\Debug\extract_manifest.rc
D:\STUDY\VLC\VLC-2.1.0.SUBPROJECT-2010\PLUGINS\EXTRACT\DEBUG\EXTRACT1.OBJ
D:\Study\vlc\vlc-2.1.0.subproject-2010\plugins\extract\Debug\link.13208.read.1.tlog
D:\Study\vlc\vlc-2.1.0.subproject-2010\plugins\extract\Debug\link.13208.write.1.tlog
D:\Study\vlc\vlc-2.1.0.subproject-2010\plugins\extract\Debug\link.13208-cvtres.read.1.tlog
D:\Study\vlc\vlc-2.1.0.subproject-2010\plugins\extract\Debug\link.13208-cvtres.write.1.tlog
D:\Study\vlc\vlc-2.1.0.subproject-2010\plugins\extract\Debug\link.command.1.tlog
D:\Study\vlc\vlc-2.1.0.subproject-2010\plugins\extract\Debug\link.read.1.tlog
D:\Study\vlc\vlc-2.1.0.subproject-2010\plugins\extract\Debug\link.write.1.tlog
D:\Study\vlc\vlc-2.1.0.subproject-2010\plugins\extract\Debug\link-cvtres.read.1.tlog
D:\Study\vlc\vlc-2.1.0.subproject-2010\plugins\extract\Debug\link-cvtres.write.1.tlog
D:\Study\vlc\vlc-2.1.0.subproject-2010\plugins\extract\Debug\mt.command.1.tlog
D:\Study\vlc\vlc-2.1.0.subproject-2010\plugins\extract\Debug\mt.read.1.tlog
D:\Study\vlc\vlc-2.1.0.subproject-2010\plugins\extract\Debug\mt.write.1.tlog
D:\Study\vlc\vlc-2.1.0.subproject-2010\plugins\extract\Debug\rc.command.1.tlog
D:\Study\vlc\vlc-2.1.0.subproject-2010\plugins\extract\Debug\rc.read.1.tlog
D:\Study\vlc\vlc-2.1.0.subproject-2010\plugins\extract\Debug\rc.write.1.tlog
D:\STUDY\VLC\VLC-2.1.0.SUBPROJECT-2010\PLUGINS\EXTRACT\DEBUG\STDAFX.OBJ
D:\Study\vlc\vlc-2.1.0.subproject-2010\plugins\extract\Debug\vc100.idb
D:\STUDY\VLC\VLC-2.1.0.SUBPROJECT-2010\PLUGINS\EXTRACT\DEBUG\VC100.PDB
