D:\STUDY\VLC\VLC-2.1.0.SUBPROJECT-2010\DEBUG\PLUGINS\VIDEO_FILTER\LIBPUZZLE_PLUGIN_PLUGIN.DLL
D:\STUDY\VLC\VLC-2.1.0.SUBPROJECT-2010\DEBUG\PLUGINS\VIDEO_FILTER\LIBPUZZLE_PLUGIN_PLUGIN.ILK
D:\Study\vlc\vlc-2.1.0.subproject-2010\Debug\puzzle_plugin.exp
D:\Study\vlc\vlc-2.1.0.subproject-2010\Debug\puzzle_plugin.lib
D:\STUDY\VLC\VLC-2.1.0.SUBPROJECT-2010\DEBUG\PUZZLE_PLUGIN.PDB
D:\Study\vlc\vlc-2.1.0.subproject-2010\plugins\puzzle_plugin\Debug\cl.command.1.tlog
D:\Study\vlc\vlc-2.1.0.subproject-2010\plugins\puzzle_plugin\Debug\CL.read.1.tlog
D:\Study\vlc\vlc-2.1.0.subproject-2010\plugins\puzzle_plugin\Debug\CL.write.1.tlog
D:\Study\vlc\vlc-2.1.0.subproject-2010\plugins\puzzle_plugin\Debug\link.12892.read.1.tlog
D:\Study\vlc\vlc-2.1.0.subproject-2010\plugins\puzzle_plugin\Debug\link.12892.write.1.tlog
D:\Study\vlc\vlc-2.1.0.subproject-2010\plugins\puzzle_plugin\Debug\link.12892-cvtres.read.1.tlog
D:\Study\vlc\vlc-2.1.0.subproject-2010\plugins\puzzle_plugin\Debug\link.12892-cvtres.write.1.tlog
D:\Study\vlc\vlc-2.1.0.subproject-2010\plugins\puzzle_plugin\Debug\link.command.1.tlog
D:\Study\vlc\vlc-2.1.0.subproject-2010\plugins\puzzle_plugin\Debug\link.read.1.tlog
D:\Study\vlc\vlc-2.1.0.subproject-2010\plugins\puzzle_plugin\Debug\link.write.1.tlog
D:\Study\vlc\vlc-2.1.0.subproject-2010\plugins\puzzle_plugin\Debug\link-cvtres.read.1.tlog
D:\Study\vlc\vlc-2.1.0.subproject-2010\plugins\puzzle_plugin\Debug\link-cvtres.write.1.tlog
D:\Study\vlc\vlc-2.1.0.subproject-2010\plugins\puzzle_plugin\Debug\mt.command.1.tlog
D:\Study\vlc\vlc-2.1.0.subproject-2010\plugins\puzzle_plugin\Debug\mt.read.1.tlog
D:\Study\vlc\vlc-2.1.0.subproject-2010\plugins\puzzle_plugin\Debug\mt.write.1.tlog
D:\STUDY\VLC\VLC-2.1.0.SUBPROJECT-2010\PLUGINS\PUZZLE_PLUGIN\DEBUG\PUZZLE.OBJ
D:\STUDY\VLC\VLC-2.1.0.SUBPROJECT-2010\PLUGINS\PUZZLE_PLUGIN\DEBUG\PUZZLE_BEZIER.OBJ
D:\STUDY\VLC\VLC-2.1.0.SUBPROJECT-2010\PLUGINS\PUZZLE_PLUGIN\DEBUG\PUZZLE_LIB.OBJ
D:\STUDY\VLC\VLC-2.1.0.SUBPROJECT-2010\PLUGINS\PUZZLE_PLUGIN\DEBUG\PUZZLE_MGT.OBJ
D:\STUDY\VLC\VLC-2.1.0.SUBPROJECT-2010\PLUGINS\PUZZLE_PLUGIN\DEBUG\PUZZLE_PCE.OBJ
D:\STUDY\VLC\VLC-2.1.0.SUBPROJECT-2010\PLUGINS\PUZZLE_PLUGIN\DEBUG\PUZZLE_PLUGIN.DLL.EMBED.MANIFEST
D:\STUDY\VLC\VLC-2.1.0.SUBPROJECT-2010\PLUGINS\PUZZLE_PLUGIN\DEBUG\PUZZLE_PLUGIN.DLL.EMBED.MANIFEST.RES
D:\STUDY\VLC\VLC-2.1.0.SUBPROJECT-2010\PLUGINS\PUZZLE_PLUGIN\DEBUG\PUZZLE_PLUGIN.DLL.INTERMEDIATE.MANIFEST
D:\STUDY\VLC\VLC-2.1.0.SUBPROJECT-2010\PLUGINS\PUZZLE_PLUGIN\DEBUG\PUZZLE_PLUGIN.OBJ
D:\STUDY\VLC\VLC-2.1.0.SUBPROJECT-2010\PLUGINS\PUZZLE_PLUGIN\DEBUG\PUZZLE_PLUGIN.PCH
D:\STUDY\VLC\VLC-2.1.0.SUBPROJECT-2010\PLUGINS\PUZZLE_PLUGIN\DEBUG\PUZZLE_PLUGIN.RES
D:\Study\vlc\vlc-2.1.0.subproject-2010\plugins\puzzle_plugin\Debug\puzzle_plugin.write.1.tlog
D:\Study\vlc\vlc-2.1.0.subproject-2010\plugins\puzzle_plugin\Debug\puzzle_plugin_manifest.rc
D:\Study\vlc\vlc-2.1.0.subproject-2010\plugins\puzzle_plugin\Debug\rc.command.1.tlog
D:\Study\vlc\vlc-2.1.0.subproject-2010\plugins\puzzle_plugin\Debug\rc.read.1.tlog
D:\Study\vlc\vlc-2.1.0.subproject-2010\plugins\puzzle_plugin\Debug\rc.write.1.tlog
D:\STUDY\VLC\VLC-2.1.0.SUBPROJECT-2010\PLUGINS\PUZZLE_PLUGIN\DEBUG\STDAFX.OBJ
D:\Study\vlc\vlc-2.1.0.subproject-2010\plugins\puzzle_plugin\Debug\vc100.idb
D:\STUDY\VLC\VLC-2.1.0.SUBPROJECT-2010\PLUGINS\PUZZLE_PLUGIN\DEBUG\VC100.PDB
