D:\Study\vlc\vlc-2.1.0.subproject-2010\Debug\audio_format.exp
D:\Study\vlc\vlc-2.1.0.subproject-2010\Debug\audio_format.lib
D:\STUDY\VLC\VLC-2.1.0.SUBPROJECT-2010\DEBUG\AUDIO_FORMAT.PDB
D:\STUDY\VLC\VLC-2.1.0.SUBPROJECT-2010\DEBUG\PLUGINS\AUDIO_FILTER\LIBAUDIO_FORMAT_PLUGIN.DLL
D:\STUDY\VLC\VLC-2.1.0.SUBPROJECT-2010\DEBUG\PLUGINS\AUDIO_FILTER\LIBAUDIO_FORMAT_PLUGIN.ILK
D:\STUDY\VLC\VLC-2.1.0.SUBPROJECT-2010\PLUGINS\AUDIO_FORMAT\DEBUG\AUDIO_FORMAT.DLL.EMBED.MANIFEST
D:\STUDY\VLC\VLC-2.1.0.SUBPROJECT-2010\PLUGINS\AUDIO_FORMAT\DEBUG\AUDIO_FORMAT.DLL.EMBED.MANIFEST.RES
D:\STUDY\VLC\VLC-2.1.0.SUBPROJECT-2010\PLUGINS\AUDIO_FORMAT\DEBUG\AUDIO_FORMAT.DLL.INTERMEDIATE.MANIFEST
D:\STUDY\VLC\VLC-2.1.0.SUBPROJECT-2010\PLUGINS\AUDIO_FORMAT\DEBUG\AUDIO_FORMAT.OBJ
D:\STUDY\VLC\VLC-2.1.0.SUBPROJECT-2010\PLUGINS\AUDIO_FORMAT\DEBUG\AUDIO_FORMAT.PCH
D:\STUDY\VLC\VLC-2.1.0.SUBPROJECT-2010\PLUGINS\AUDIO_FORMAT\DEBUG\AUDIO_FORMAT.RES
D:\Study\vlc\vlc-2.1.0.subproject-2010\plugins\audio_format\Debug\audio_format.write.1.tlog
D:\Study\vlc\vlc-2.1.0.subproject-2010\plugins\audio_format\Debug\audio_format_manifest.rc
D:\Study\vlc\vlc-2.1.0.subproject-2010\plugins\audio_format\Debug\cl.command.1.tlog
D:\Study\vlc\vlc-2.1.0.subproject-2010\plugins\audio_format\Debug\CL.read.1.tlog
D:\Study\vlc\vlc-2.1.0.subproject-2010\plugins\audio_format\Debug\CL.write.1.tlog
D:\STUDY\VLC\VLC-2.1.0.SUBPROJECT-2010\PLUGINS\AUDIO_FORMAT\DEBUG\FORMAT.OBJ
D:\Study\vlc\vlc-2.1.0.subproject-2010\plugins\audio_format\Debug\link.5736.read.1.tlog
D:\Study\vlc\vlc-2.1.0.subproject-2010\plugins\audio_format\Debug\link.5736.write.1.tlog
D:\Study\vlc\vlc-2.1.0.subproject-2010\plugins\audio_format\Debug\link.5736-cvtres.read.1.tlog
D:\Study\vlc\vlc-2.1.0.subproject-2010\plugins\audio_format\Debug\link.5736-cvtres.write.1.tlog
D:\Study\vlc\vlc-2.1.0.subproject-2010\plugins\audio_format\Debug\link.command.1.tlog
D:\Study\vlc\vlc-2.1.0.subproject-2010\plugins\audio_format\Debug\link.read.1.tlog
D:\Study\vlc\vlc-2.1.0.subproject-2010\plugins\audio_format\Debug\link.write.1.tlog
D:\Study\vlc\vlc-2.1.0.subproject-2010\plugins\audio_format\Debug\link-cvtres.read.1.tlog
D:\Study\vlc\vlc-2.1.0.subproject-2010\plugins\audio_format\Debug\link-cvtres.write.1.tlog
D:\Study\vlc\vlc-2.1.0.subproject-2010\plugins\audio_format\Debug\mt.command.1.tlog
D:\Study\vlc\vlc-2.1.0.subproject-2010\plugins\audio_format\Debug\mt.read.1.tlog
D:\Study\vlc\vlc-2.1.0.subproject-2010\plugins\audio_format\Debug\mt.write.1.tlog
D:\Study\vlc\vlc-2.1.0.subproject-2010\plugins\audio_format\Debug\rc.command.1.tlog
D:\Study\vlc\vlc-2.1.0.subproject-2010\plugins\audio_format\Debug\rc.read.1.tlog
D:\Study\vlc\vlc-2.1.0.subproject-2010\plugins\audio_format\Debug\rc.write.1.tlog
D:\STUDY\VLC\VLC-2.1.0.SUBPROJECT-2010\PLUGINS\AUDIO_FORMAT\DEBUG\STDAFX.OBJ
D:\Study\vlc\vlc-2.1.0.subproject-2010\plugins\audio_format\Debug\vc100.idb
D:\STUDY\VLC\VLC-2.1.0.SUBPROJECT-2010\PLUGINS\AUDIO_FORMAT\DEBUG\VC100.PDB
