D:\Study\vlc\vlc-2.1.0.subproject-2010\Debug\ogg.exp
D:\Study\vlc\vlc-2.1.0.subproject-2010\Debug\ogg.lib
D:\STUDY\VLC\VLC-2.1.0.SUBPROJECT-2010\DEBUG\OGG.PDB
D:\STUDY\VLC\VLC-2.1.0.SUBPROJECT-2010\DEBUG\PLUGINS\DEMUX\LIBOGG_PLUGIN.DLL
D:\STUDY\VLC\VLC-2.1.0.SUBPROJECT-2010\DEBUG\PLUGINS\DEMUX\LIBOGG_PLUGIN.ILK
D:\Study\vlc\vlc-2.1.0.subproject-2010\plugins\ogg\Debug\cl.command.1.tlog
D:\Study\vlc\vlc-2.1.0.subproject-2010\plugins\ogg\Debug\CL.read.1.tlog
D:\Study\vlc\vlc-2.1.0.subproject-2010\plugins\ogg\Debug\CL.write.1.tlog
D:\Study\vlc\vlc-2.1.0.subproject-2010\plugins\ogg\Debug\link.1332.read.1.tlog
D:\Study\vlc\vlc-2.1.0.subproject-2010\plugins\ogg\Debug\link.1332.write.1.tlog
D:\Study\vlc\vlc-2.1.0.subproject-2010\plugins\ogg\Debug\link.1332-cvtres.read.1.tlog
D:\Study\vlc\vlc-2.1.0.subproject-2010\plugins\ogg\Debug\link.1332-cvtres.write.1.tlog
D:\Study\vlc\vlc-2.1.0.subproject-2010\plugins\ogg\Debug\link.command.1.tlog
D:\Study\vlc\vlc-2.1.0.subproject-2010\plugins\ogg\Debug\link.read.1.tlog
D:\Study\vlc\vlc-2.1.0.subproject-2010\plugins\ogg\Debug\link.write.1.tlog
D:\Study\vlc\vlc-2.1.0.subproject-2010\plugins\ogg\Debug\link-cvtres.read.1.tlog
D:\Study\vlc\vlc-2.1.0.subproject-2010\plugins\ogg\Debug\link-cvtres.write.1.tlog
D:\Study\vlc\vlc-2.1.0.subproject-2010\plugins\ogg\Debug\mt.command.1.tlog
D:\Study\vlc\vlc-2.1.0.subproject-2010\plugins\ogg\Debug\mt.read.1.tlog
D:\Study\vlc\vlc-2.1.0.subproject-2010\plugins\ogg\Debug\mt.write.1.tlog
D:\STUDY\VLC\VLC-2.1.0.SUBPROJECT-2010\PLUGINS\OGG\DEBUG\OGG.DLL.EMBED.MANIFEST
D:\STUDY\VLC\VLC-2.1.0.SUBPROJECT-2010\PLUGINS\OGG\DEBUG\OGG.DLL.EMBED.MANIFEST.RES
D:\STUDY\VLC\VLC-2.1.0.SUBPROJECT-2010\PLUGINS\OGG\DEBUG\OGG.DLL.INTERMEDIATE.MANIFEST
D:\STUDY\VLC\VLC-2.1.0.SUBPROJECT-2010\PLUGINS\OGG\DEBUG\OGG.OBJ
D:\STUDY\VLC\VLC-2.1.0.SUBPROJECT-2010\PLUGINS\OGG\DEBUG\OGG.PCH
D:\STUDY\VLC\VLC-2.1.0.SUBPROJECT-2010\PLUGINS\OGG\DEBUG\OGG.RES
D:\Study\vlc\vlc-2.1.0.subproject-2010\plugins\ogg\Debug\ogg.write.1.tlog
D:\Study\vlc\vlc-2.1.0.subproject-2010\plugins\ogg\Debug\ogg_manifest.rc
D:\STUDY\VLC\VLC-2.1.0.SUBPROJECT-2010\PLUGINS\OGG\DEBUG\OGG1.OBJ
D:\STUDY\VLC\VLC-2.1.0.SUBPROJECT-2010\PLUGINS\OGG\DEBUG\OGGSEEK.OBJ
D:\Study\vlc\vlc-2.1.0.subproject-2010\plugins\ogg\Debug\rc.command.1.tlog
D:\Study\vlc\vlc-2.1.0.subproject-2010\plugins\ogg\Debug\rc.read.1.tlog
D:\Study\vlc\vlc-2.1.0.subproject-2010\plugins\ogg\Debug\rc.write.1.tlog
D:\STUDY\VLC\VLC-2.1.0.SUBPROJECT-2010\PLUGINS\OGG\DEBUG\STDAFX.OBJ
D:\Study\vlc\vlc-2.1.0.subproject-2010\plugins\ogg\Debug\vc100.idb
D:\STUDY\VLC\VLC-2.1.0.SUBPROJECT-2010\PLUGINS\OGG\DEBUG\VC100.PDB
D:\STUDY\VLC\VLC-2.1.0.SUBPROJECT-2010\PLUGINS\OGG\DEBUG\XIPH_METADATA.OBJ
