D:\Study\vlc\vlc-2.1.0.subproject-2010\Debug\playlist.exp
D:\Study\vlc\vlc-2.1.0.subproject-2010\Debug\playlist.lib
D:\STUDY\VLC\VLC-2.1.0.SUBPROJECT-2010\DEBUG\PLAYLIST.PDB
D:\STUDY\VLC\VLC-2.1.0.SUBPROJECT-2010\DEBUG\PLUGINS\DEMUX\LIBPLAYLIST_PLUGIN.DLL
D:\STUDY\VLC\VLC-2.1.0.SUBPROJECT-2010\DEBUG\PLUGINS\DEMUX\LIBPLAYLIST_PLUGIN.ILK
D:\STUDY\VLC\VLC-2.1.0.SUBPROJECT-2010\PLUGINS\PLAYLIST\DEBUG\ASX.OBJ
D:\STUDY\VLC\VLC-2.1.0.SUBPROJECT-2010\PLUGINS\PLAYLIST\DEBUG\B4S.OBJ
D:\Study\vlc\vlc-2.1.0.subproject-2010\plugins\playlist\Debug\cl.command.1.tlog
D:\Study\vlc\vlc-2.1.0.subproject-2010\plugins\playlist\Debug\CL.read.1.tlog
D:\Study\vlc\vlc-2.1.0.subproject-2010\plugins\playlist\Debug\CL.write.1.tlog
D:\STUDY\VLC\VLC-2.1.0.SUBPROJECT-2010\PLUGINS\PLAYLIST\DEBUG\DVB.OBJ
D:\STUDY\VLC\VLC-2.1.0.SUBPROJECT-2010\PLUGINS\PLAYLIST\DEBUG\GVP.OBJ
D:\STUDY\VLC\VLC-2.1.0.SUBPROJECT-2010\PLUGINS\PLAYLIST\DEBUG\IFO.OBJ
D:\STUDY\VLC\VLC-2.1.0.SUBPROJECT-2010\PLUGINS\PLAYLIST\DEBUG\ITML.OBJ
D:\Study\vlc\vlc-2.1.0.subproject-2010\plugins\playlist\Debug\link.6084.read.1.tlog
D:\Study\vlc\vlc-2.1.0.subproject-2010\plugins\playlist\Debug\link.6084.write.1.tlog
D:\Study\vlc\vlc-2.1.0.subproject-2010\plugins\playlist\Debug\link.6084-cvtres.read.1.tlog
D:\Study\vlc\vlc-2.1.0.subproject-2010\plugins\playlist\Debug\link.6084-cvtres.write.1.tlog
D:\Study\vlc\vlc-2.1.0.subproject-2010\plugins\playlist\Debug\link.command.1.tlog
D:\Study\vlc\vlc-2.1.0.subproject-2010\plugins\playlist\Debug\link.read.1.tlog
D:\Study\vlc\vlc-2.1.0.subproject-2010\plugins\playlist\Debug\link.write.1.tlog
D:\Study\vlc\vlc-2.1.0.subproject-2010\plugins\playlist\Debug\link-cvtres.read.1.tlog
D:\Study\vlc\vlc-2.1.0.subproject-2010\plugins\playlist\Debug\link-cvtres.write.1.tlog
D:\STUDY\VLC\VLC-2.1.0.SUBPROJECT-2010\PLUGINS\PLAYLIST\DEBUG\M3U.OBJ
D:\Study\vlc\vlc-2.1.0.subproject-2010\plugins\playlist\Debug\mt.command.1.tlog
D:\Study\vlc\vlc-2.1.0.subproject-2010\plugins\playlist\Debug\mt.read.1.tlog
D:\Study\vlc\vlc-2.1.0.subproject-2010\plugins\playlist\Debug\mt.write.1.tlog
D:\STUDY\VLC\VLC-2.1.0.SUBPROJECT-2010\PLUGINS\PLAYLIST\DEBUG\PLAYLIST.DLL.EMBED.MANIFEST
D:\STUDY\VLC\VLC-2.1.0.SUBPROJECT-2010\PLUGINS\PLAYLIST\DEBUG\PLAYLIST.DLL.EMBED.MANIFEST.RES
D:\STUDY\VLC\VLC-2.1.0.SUBPROJECT-2010\PLUGINS\PLAYLIST\DEBUG\PLAYLIST.DLL.INTERMEDIATE.MANIFEST
D:\STUDY\VLC\VLC-2.1.0.SUBPROJECT-2010\PLUGINS\PLAYLIST\DEBUG\PLAYLIST.OBJ
D:\STUDY\VLC\VLC-2.1.0.SUBPROJECT-2010\PLUGINS\PLAYLIST\DEBUG\PLAYLIST.PCH
D:\STUDY\VLC\VLC-2.1.0.SUBPROJECT-2010\PLUGINS\PLAYLIST\DEBUG\PLAYLIST.RES
D:\Study\vlc\vlc-2.1.0.subproject-2010\plugins\playlist\Debug\playlist.write.1.tlog
D:\Study\vlc\vlc-2.1.0.subproject-2010\plugins\playlist\Debug\playlist_manifest.rc
D:\STUDY\VLC\VLC-2.1.0.SUBPROJECT-2010\PLUGINS\PLAYLIST\DEBUG\PLAYLIST1.OBJ
D:\STUDY\VLC\VLC-2.1.0.SUBPROJECT-2010\PLUGINS\PLAYLIST\DEBUG\PLS.OBJ
D:\STUDY\VLC\VLC-2.1.0.SUBPROJECT-2010\PLUGINS\PLAYLIST\DEBUG\PODCAST.OBJ
D:\STUDY\VLC\VLC-2.1.0.SUBPROJECT-2010\PLUGINS\PLAYLIST\DEBUG\QTL.OBJ
D:\STUDY\VLC\VLC-2.1.0.SUBPROJECT-2010\PLUGINS\PLAYLIST\DEBUG\RAM.OBJ
D:\Study\vlc\vlc-2.1.0.subproject-2010\plugins\playlist\Debug\rc.command.1.tlog
D:\Study\vlc\vlc-2.1.0.subproject-2010\plugins\playlist\Debug\rc.read.1.tlog
D:\Study\vlc\vlc-2.1.0.subproject-2010\plugins\playlist\Debug\rc.write.1.tlog
D:\STUDY\VLC\VLC-2.1.0.SUBPROJECT-2010\PLUGINS\PLAYLIST\DEBUG\SGIMB.OBJ
D:\STUDY\VLC\VLC-2.1.0.SUBPROJECT-2010\PLUGINS\PLAYLIST\DEBUG\SHOUTCAST.OBJ
D:\STUDY\VLC\VLC-2.1.0.SUBPROJECT-2010\PLUGINS\PLAYLIST\DEBUG\STDAFX.OBJ
D:\Study\vlc\vlc-2.1.0.subproject-2010\plugins\playlist\Debug\vc100.idb
D:\STUDY\VLC\VLC-2.1.0.SUBPROJECT-2010\PLUGINS\PLAYLIST\DEBUG\VC100.PDB
D:\STUDY\VLC\VLC-2.1.0.SUBPROJECT-2010\PLUGINS\PLAYLIST\DEBUG\WPL.OBJ
D:\STUDY\VLC\VLC-2.1.0.SUBPROJECT-2010\PLUGINS\PLAYLIST\DEBUG\XSPF.OBJ
D:\STUDY\VLC\VLC-2.1.0.SUBPROJECT-2010\PLUGINS\PLAYLIST\DEBUG\ZPL.OBJ
