D:\Study\vlc\vlc-2.1.0.subproject-2010\Debug\demux_cdg.exp
D:\Study\vlc\vlc-2.1.0.subproject-2010\Debug\demux_cdg.lib
D:\STUDY\VLC\VLC-2.1.0.SUBPROJECT-2010\DEBUG\DEMUX_CDG.PDB
D:\STUDY\VLC\VLC-2.1.0.SUBPROJECT-2010\DEBUG\PLUGINS\DEMUX\LIBDEMUX_CDG_PLUGIN.DLL
D:\STUDY\VLC\VLC-2.1.0.SUBPROJECT-2010\DEBUG\PLUGINS\DEMUX\LIBDEMUX_CDG_PLUGIN.ILK
D:\STUDY\VLC\VLC-2.1.0.SUBPROJECT-2010\PLUGINS\DEMUX_CDG\DEBUG\CDG.OBJ
D:\Study\vlc\vlc-2.1.0.subproject-2010\plugins\demux_cdg\Debug\cl.command.1.tlog
D:\Study\vlc\vlc-2.1.0.subproject-2010\plugins\demux_cdg\Debug\CL.read.1.tlog
D:\Study\vlc\vlc-2.1.0.subproject-2010\plugins\demux_cdg\Debug\CL.write.1.tlog
D:\STUDY\VLC\VLC-2.1.0.SUBPROJECT-2010\PLUGINS\DEMUX_CDG\DEBUG\DEMUX_CDG.DLL.EMBED.MANIFEST
D:\STUDY\VLC\VLC-2.1.0.SUBPROJECT-2010\PLUGINS\DEMUX_CDG\DEBUG\DEMUX_CDG.DLL.EMBED.MANIFEST.RES
D:\STUDY\VLC\VLC-2.1.0.SUBPROJECT-2010\PLUGINS\DEMUX_CDG\DEBUG\DEMUX_CDG.DLL.INTERMEDIATE.MANIFEST
D:\STUDY\VLC\VLC-2.1.0.SUBPROJECT-2010\PLUGINS\DEMUX_CDG\DEBUG\DEMUX_CDG.OBJ
D:\STUDY\VLC\VLC-2.1.0.SUBPROJECT-2010\PLUGINS\DEMUX_CDG\DEBUG\DEMUX_CDG.PCH
D:\STUDY\VLC\VLC-2.1.0.SUBPROJECT-2010\PLUGINS\DEMUX_CDG\DEBUG\DEMUX_CDG.RES
D:\Study\vlc\vlc-2.1.0.subproject-2010\plugins\demux_cdg\Debug\demux_cdg.write.1.tlog
D:\Study\vlc\vlc-2.1.0.subproject-2010\plugins\demux_cdg\Debug\demux_cdg_manifest.rc
D:\Study\vlc\vlc-2.1.0.subproject-2010\plugins\demux_cdg\Debug\link.7328.read.1.tlog
D:\Study\vlc\vlc-2.1.0.subproject-2010\plugins\demux_cdg\Debug\link.7328.write.1.tlog
D:\Study\vlc\vlc-2.1.0.subproject-2010\plugins\demux_cdg\Debug\link.7328-cvtres.read.1.tlog
D:\Study\vlc\vlc-2.1.0.subproject-2010\plugins\demux_cdg\Debug\link.7328-cvtres.write.1.tlog
D:\Study\vlc\vlc-2.1.0.subproject-2010\plugins\demux_cdg\Debug\link.command.1.tlog
D:\Study\vlc\vlc-2.1.0.subproject-2010\plugins\demux_cdg\Debug\link.read.1.tlog
D:\Study\vlc\vlc-2.1.0.subproject-2010\plugins\demux_cdg\Debug\link.write.1.tlog
D:\Study\vlc\vlc-2.1.0.subproject-2010\plugins\demux_cdg\Debug\link-cvtres.read.1.tlog
D:\Study\vlc\vlc-2.1.0.subproject-2010\plugins\demux_cdg\Debug\link-cvtres.write.1.tlog
D:\Study\vlc\vlc-2.1.0.subproject-2010\plugins\demux_cdg\Debug\mt.command.1.tlog
D:\Study\vlc\vlc-2.1.0.subproject-2010\plugins\demux_cdg\Debug\mt.read.1.tlog
D:\Study\vlc\vlc-2.1.0.subproject-2010\plugins\demux_cdg\Debug\mt.write.1.tlog
D:\Study\vlc\vlc-2.1.0.subproject-2010\plugins\demux_cdg\Debug\rc.command.1.tlog
D:\Study\vlc\vlc-2.1.0.subproject-2010\plugins\demux_cdg\Debug\rc.read.1.tlog
D:\Study\vlc\vlc-2.1.0.subproject-2010\plugins\demux_cdg\Debug\rc.write.1.tlog
D:\STUDY\VLC\VLC-2.1.0.SUBPROJECT-2010\PLUGINS\DEMUX_CDG\DEBUG\STDAFX.OBJ
D:\Study\vlc\vlc-2.1.0.subproject-2010\plugins\demux_cdg\Debug\vc100.idb
D:\STUDY\VLC\VLC-2.1.0.SUBPROJECT-2010\PLUGINS\DEMUX_CDG\DEBUG\VC100.PDB
