D:\Study\vlc\vlc-2.1.0.subproject-2010\Debug\filesystem.exp
D:\Study\vlc\vlc-2.1.0.subproject-2010\Debug\filesystem.lib
D:\STUDY\VLC\VLC-2.1.0.SUBPROJECT-2010\DEBUG\FILESYSTEM.PDB
D:\STUDY\VLC\VLC-2.1.0.SUBPROJECT-2010\DEBUG\PLUGINS\ACCESS\LIBFILESYSTEM_PLUGIN.DLL
D:\STUDY\VLC\VLC-2.1.0.SUBPROJECT-2010\DEBUG\PLUGINS\ACCESS\LIBFILESYSTEM_PLUGIN.ILK
D:\Study\vlc\vlc-2.1.0.subproject-2010\plugins\filesystem\Debug\cl.command.1.tlog
D:\Study\vlc\vlc-2.1.0.subproject-2010\plugins\filesystem\Debug\CL.read.1.tlog
D:\Study\vlc\vlc-2.1.0.subproject-2010\plugins\filesystem\Debug\CL.write.1.tlog
D:\STUDY\VLC\VLC-2.1.0.SUBPROJECT-2010\PLUGINS\FILESYSTEM\DEBUG\DIRECTORY.OBJ
D:\STUDY\VLC\VLC-2.1.0.SUBPROJECT-2010\PLUGINS\FILESYSTEM\DEBUG\FILE.OBJ
D:\STUDY\VLC\VLC-2.1.0.SUBPROJECT-2010\PLUGINS\FILESYSTEM\DEBUG\FILESYSTEM.DLL.EMBED.MANIFEST
D:\STUDY\VLC\VLC-2.1.0.SUBPROJECT-2010\PLUGINS\FILESYSTEM\DEBUG\FILESYSTEM.DLL.EMBED.MANIFEST.RES
D:\STUDY\VLC\VLC-2.1.0.SUBPROJECT-2010\PLUGINS\FILESYSTEM\DEBUG\FILESYSTEM.DLL.INTERMEDIATE.MANIFEST
D:\STUDY\VLC\VLC-2.1.0.SUBPROJECT-2010\PLUGINS\FILESYSTEM\DEBUG\FILESYSTEM.OBJ
D:\STUDY\VLC\VLC-2.1.0.SUBPROJECT-2010\PLUGINS\FILESYSTEM\DEBUG\FILESYSTEM.PCH
D:\STUDY\VLC\VLC-2.1.0.SUBPROJECT-2010\PLUGINS\FILESYSTEM\DEBUG\FILESYSTEM.RES
D:\Study\vlc\vlc-2.1.0.subproject-2010\plugins\filesystem\Debug\filesystem.write.1.tlog
D:\Study\vlc\vlc-2.1.0.subproject-2010\plugins\filesystem\Debug\filesystem_manifest.rc
D:\STUDY\VLC\VLC-2.1.0.SUBPROJECT-2010\PLUGINS\FILESYSTEM\DEBUG\FS.OBJ
D:\Study\vlc\vlc-2.1.0.subproject-2010\plugins\filesystem\Debug\link.10316.read.1.tlog
D:\Study\vlc\vlc-2.1.0.subproject-2010\plugins\filesystem\Debug\link.10316.write.1.tlog
D:\Study\vlc\vlc-2.1.0.subproject-2010\plugins\filesystem\Debug\link.10316-cvtres.read.1.tlog
D:\Study\vlc\vlc-2.1.0.subproject-2010\plugins\filesystem\Debug\link.10316-cvtres.write.1.tlog
D:\Study\vlc\vlc-2.1.0.subproject-2010\plugins\filesystem\Debug\link.command.1.tlog
D:\Study\vlc\vlc-2.1.0.subproject-2010\plugins\filesystem\Debug\link.read.1.tlog
D:\Study\vlc\vlc-2.1.0.subproject-2010\plugins\filesystem\Debug\link.write.1.tlog
D:\Study\vlc\vlc-2.1.0.subproject-2010\plugins\filesystem\Debug\link-cvtres.read.1.tlog
D:\Study\vlc\vlc-2.1.0.subproject-2010\plugins\filesystem\Debug\link-cvtres.write.1.tlog
D:\Study\vlc\vlc-2.1.0.subproject-2010\plugins\filesystem\Debug\mt.command.1.tlog
D:\Study\vlc\vlc-2.1.0.subproject-2010\plugins\filesystem\Debug\mt.read.1.tlog
D:\Study\vlc\vlc-2.1.0.subproject-2010\plugins\filesystem\Debug\mt.write.1.tlog
D:\Study\vlc\vlc-2.1.0.subproject-2010\plugins\filesystem\Debug\rc.command.1.tlog
D:\Study\vlc\vlc-2.1.0.subproject-2010\plugins\filesystem\Debug\rc.read.1.tlog
D:\Study\vlc\vlc-2.1.0.subproject-2010\plugins\filesystem\Debug\rc.write.1.tlog
D:\STUDY\VLC\VLC-2.1.0.SUBPROJECT-2010\PLUGINS\FILESYSTEM\DEBUG\STDAFX.OBJ
D:\Study\vlc\vlc-2.1.0.subproject-2010\plugins\filesystem\Debug\vc100.idb
D:\STUDY\VLC\VLC-2.1.0.SUBPROJECT-2010\PLUGINS\FILESYSTEM\DEBUG\VC100.PDB
