D:\Study\vlc\vlc-2.1.0.subproject-2010\Debug\hqdn3d.exp
D:\Study\vlc\vlc-2.1.0.subproject-2010\Debug\hqdn3d.lib
D:\STUDY\VLC\VLC-2.1.0.SUBPROJECT-2010\DEBUG\HQDN3D.PDB
D:\STUDY\VLC\VLC-2.1.0.SUBPROJECT-2010\DEBUG\PLUGINS\VIDEO_FILTER\LIBHQDN3D_PLUGIN.DLL
D:\STUDY\VLC\VLC-2.1.0.SUBPROJECT-2010\DEBUG\PLUGINS\VIDEO_FILTER\LIBHQDN3D_PLUGIN.ILK
D:\Study\vlc\vlc-2.1.0.subproject-2010\plugins\hqdn3d\Debug\cl.command.1.tlog
D:\Study\vlc\vlc-2.1.0.subproject-2010\plugins\hqdn3d\Debug\CL.read.1.tlog
D:\Study\vlc\vlc-2.1.0.subproject-2010\plugins\hqdn3d\Debug\CL.write.1.tlog
D:\STUDY\VLC\VLC-2.1.0.SUBPROJECT-2010\PLUGINS\HQDN3D\DEBUG\HQDN3D.DLL.EMBED.MANIFEST
D:\STUDY\VLC\VLC-2.1.0.SUBPROJECT-2010\PLUGINS\HQDN3D\DEBUG\HQDN3D.DLL.EMBED.MANIFEST.RES
D:\STUDY\VLC\VLC-2.1.0.SUBPROJECT-2010\PLUGINS\HQDN3D\DEBUG\HQDN3D.DLL.INTERMEDIATE.MANIFEST
D:\STUDY\VLC\VLC-2.1.0.SUBPROJECT-2010\PLUGINS\HQDN3D\DEBUG\HQDN3D.OBJ
D:\STUDY\VLC\VLC-2.1.0.SUBPROJECT-2010\PLUGINS\HQDN3D\DEBUG\HQDN3D.PCH
D:\STUDY\VLC\VLC-2.1.0.SUBPROJECT-2010\PLUGINS\HQDN3D\DEBUG\HQDN3D.RES
D:\Study\vlc\vlc-2.1.0.subproject-2010\plugins\hqdn3d\Debug\hqdn3d.write.1.tlog
D:\Study\vlc\vlc-2.1.0.subproject-2010\plugins\hqdn3d\Debug\hqdn3d_manifest.rc
D:\STUDY\VLC\VLC-2.1.0.SUBPROJECT-2010\PLUGINS\HQDN3D\DEBUG\HQDN3D1.OBJ
D:\Study\vlc\vlc-2.1.0.subproject-2010\plugins\hqdn3d\Debug\link.11180.read.1.tlog
D:\Study\vlc\vlc-2.1.0.subproject-2010\plugins\hqdn3d\Debug\link.11180.write.1.tlog
D:\Study\vlc\vlc-2.1.0.subproject-2010\plugins\hqdn3d\Debug\link.11180-cvtres.read.1.tlog
D:\Study\vlc\vlc-2.1.0.subproject-2010\plugins\hqdn3d\Debug\link.11180-cvtres.write.1.tlog
D:\Study\vlc\vlc-2.1.0.subproject-2010\plugins\hqdn3d\Debug\link.command.1.tlog
D:\Study\vlc\vlc-2.1.0.subproject-2010\plugins\hqdn3d\Debug\link.read.1.tlog
D:\Study\vlc\vlc-2.1.0.subproject-2010\plugins\hqdn3d\Debug\link.write.1.tlog
D:\Study\vlc\vlc-2.1.0.subproject-2010\plugins\hqdn3d\Debug\link-cvtres.read.1.tlog
D:\Study\vlc\vlc-2.1.0.subproject-2010\plugins\hqdn3d\Debug\link-cvtres.write.1.tlog
D:\Study\vlc\vlc-2.1.0.subproject-2010\plugins\hqdn3d\Debug\mt.command.1.tlog
D:\Study\vlc\vlc-2.1.0.subproject-2010\plugins\hqdn3d\Debug\mt.read.1.tlog
D:\Study\vlc\vlc-2.1.0.subproject-2010\plugins\hqdn3d\Debug\mt.write.1.tlog
D:\Study\vlc\vlc-2.1.0.subproject-2010\plugins\hqdn3d\Debug\rc.command.1.tlog
D:\Study\vlc\vlc-2.1.0.subproject-2010\plugins\hqdn3d\Debug\rc.read.1.tlog
D:\Study\vlc\vlc-2.1.0.subproject-2010\plugins\hqdn3d\Debug\rc.write.1.tlog
D:\STUDY\VLC\VLC-2.1.0.SUBPROJECT-2010\PLUGINS\HQDN3D\DEBUG\STDAFX.OBJ
D:\Study\vlc\vlc-2.1.0.subproject-2010\plugins\hqdn3d\Debug\vc100.idb
D:\STUDY\VLC\VLC-2.1.0.SUBPROJECT-2010\PLUGINS\HQDN3D\DEBUG\VC100.PDB
