D:\STUDY\VLC\VLC-2.1.0.SUBPROJECT-2010\DEBUG\PLUGINS\VIDEO_FILTER\LIBTRANSFORM_PLUGIN.DLL
D:\STUDY\VLC\VLC-2.1.0.SUBPROJECT-2010\DEBUG\PLUGINS\VIDEO_FILTER\LIBTRANSFORM_PLUGIN.ILK
D:\Study\vlc\vlc-2.1.0.subproject-2010\Debug\transform.exp
D:\Study\vlc\vlc-2.1.0.subproject-2010\Debug\transform.lib
D:\STUDY\VLC\VLC-2.1.0.SUBPROJECT-2010\DEBUG\TRANSFORM.PDB
D:\Study\vlc\vlc-2.1.0.subproject-2010\plugins\transform\Debug\cl.command.1.tlog
D:\Study\vlc\vlc-2.1.0.subproject-2010\plugins\transform\Debug\CL.read.1.tlog
D:\Study\vlc\vlc-2.1.0.subproject-2010\plugins\transform\Debug\CL.write.1.tlog
D:\Study\vlc\vlc-2.1.0.subproject-2010\plugins\transform\Debug\link.9724.read.1.tlog
D:\Study\vlc\vlc-2.1.0.subproject-2010\plugins\transform\Debug\link.9724.write.1.tlog
D:\Study\vlc\vlc-2.1.0.subproject-2010\plugins\transform\Debug\link.9724-cvtres.read.1.tlog
D:\Study\vlc\vlc-2.1.0.subproject-2010\plugins\transform\Debug\link.9724-cvtres.write.1.tlog
D:\Study\vlc\vlc-2.1.0.subproject-2010\plugins\transform\Debug\link.command.1.tlog
D:\Study\vlc\vlc-2.1.0.subproject-2010\plugins\transform\Debug\link.read.1.tlog
D:\Study\vlc\vlc-2.1.0.subproject-2010\plugins\transform\Debug\link.write.1.tlog
D:\Study\vlc\vlc-2.1.0.subproject-2010\plugins\transform\Debug\link-cvtres.read.1.tlog
D:\Study\vlc\vlc-2.1.0.subproject-2010\plugins\transform\Debug\link-cvtres.write.1.tlog
D:\Study\vlc\vlc-2.1.0.subproject-2010\plugins\transform\Debug\mt.command.1.tlog
D:\Study\vlc\vlc-2.1.0.subproject-2010\plugins\transform\Debug\mt.read.1.tlog
D:\Study\vlc\vlc-2.1.0.subproject-2010\plugins\transform\Debug\mt.write.1.tlog
D:\Study\vlc\vlc-2.1.0.subproject-2010\plugins\transform\Debug\rc.command.1.tlog
D:\Study\vlc\vlc-2.1.0.subproject-2010\plugins\transform\Debug\rc.read.1.tlog
D:\Study\vlc\vlc-2.1.0.subproject-2010\plugins\transform\Debug\rc.write.1.tlog
D:\STUDY\VLC\VLC-2.1.0.SUBPROJECT-2010\PLUGINS\TRANSFORM\DEBUG\STDAFX.OBJ
D:\STUDY\VLC\VLC-2.1.0.SUBPROJECT-2010\PLUGINS\TRANSFORM\DEBUG\TRANSFORM.DLL.EMBED.MANIFEST
D:\STUDY\VLC\VLC-2.1.0.SUBPROJECT-2010\PLUGINS\TRANSFORM\DEBUG\TRANSFORM.DLL.EMBED.MANIFEST.RES
D:\STUDY\VLC\VLC-2.1.0.SUBPROJECT-2010\PLUGINS\TRANSFORM\DEBUG\TRANSFORM.DLL.INTERMEDIATE.MANIFEST
D:\STUDY\VLC\VLC-2.1.0.SUBPROJECT-2010\PLUGINS\TRANSFORM\DEBUG\TRANSFORM.OBJ
D:\STUDY\VLC\VLC-2.1.0.SUBPROJECT-2010\PLUGINS\TRANSFORM\DEBUG\TRANSFORM.PCH
D:\STUDY\VLC\VLC-2.1.0.SUBPROJECT-2010\PLUGINS\TRANSFORM\DEBUG\TRANSFORM.RES
D:\Study\vlc\vlc-2.1.0.subproject-2010\plugins\transform\Debug\transform.write.1.tlog
D:\Study\vlc\vlc-2.1.0.subproject-2010\plugins\transform\Debug\transform_manifest.rc
D:\STUDY\VLC\VLC-2.1.0.SUBPROJECT-2010\PLUGINS\TRANSFORM\DEBUG\TRANSFORM1.OBJ
D:\Study\vlc\vlc-2.1.0.subproject-2010\plugins\transform\Debug\vc100.idb
D:\STUDY\VLC\VLC-2.1.0.SUBPROJECT-2010\PLUGINS\TRANSFORM\DEBUG\VC100.PDB
