D:\Study\vlc\vlc-2.1.0.subproject-2010\Debug\bandlimited_resampler.exp
D:\Study\vlc\vlc-2.1.0.subproject-2010\Debug\bandlimited_resampler.lib
D:\STUDY\VLC\VLC-2.1.0.SUBPROJECT-2010\DEBUG\BANDLIMITED_RESAMPLER.PDB
D:\STUDY\VLC\VLC-2.1.0.SUBPROJECT-2010\DEBUG\PLUGINS\AUDIO_FILTER\LIBBANDLIMITED_RESAMPLER_PLUGIN.DLL
D:\STUDY\VLC\VLC-2.1.0.SUBPROJECT-2010\DEBUG\PLUGINS\AUDIO_FILTER\LIBBANDLIMITED_RESAMPLER_PLUGIN.ILK
D:\STUDY\VLC\VLC-2.1.0.SUBPROJECT-2010\PLUGINS\BANDLIMITED_RESAMPLER\DEBUG\BANDLIMITED.OBJ
D:\STUDY\VLC\VLC-2.1.0.SUBPROJECT-2010\PLUGINS\BANDLIMITED_RESAMPLER\DEBUG\BANDLIMITED_RESAMPLER.DLL.EMBED.MANIFEST
D:\STUDY\VLC\VLC-2.1.0.SUBPROJECT-2010\PLUGINS\BANDLIMITED_RESAMPLER\DEBUG\BANDLIMITED_RESAMPLER.DLL.EMBED.MANIFEST.RES
D:\STUDY\VLC\VLC-2.1.0.SUBPROJECT-2010\PLUGINS\BANDLIMITED_RESAMPLER\DEBUG\BANDLIMITED_RESAMPLER.DLL.INTERMEDIATE.MANIFEST
D:\STUDY\VLC\VLC-2.1.0.SUBPROJECT-2010\PLUGINS\BANDLIMITED_RESAMPLER\DEBUG\BANDLIMITED_RESAMPLER.OBJ
D:\STUDY\VLC\VLC-2.1.0.SUBPROJECT-2010\PLUGINS\BANDLIMITED_RESAMPLER\DEBUG\BANDLIMITED_RESAMPLER.PCH
D:\STUDY\VLC\VLC-2.1.0.SUBPROJECT-2010\PLUGINS\BANDLIMITED_RESAMPLER\DEBUG\BANDLIMITED_RESAMPLER.RES
D:\Study\vlc\vlc-2.1.0.subproject-2010\plugins\bandlimited_resampler\Debug\bandlimited_resampler.write.1.tlog
D:\Study\vlc\vlc-2.1.0.subproject-2010\plugins\bandlimited_resampler\Debug\bandlimited_resampler_manifest.rc
D:\Study\vlc\vlc-2.1.0.subproject-2010\plugins\bandlimited_resampler\Debug\cl.command.1.tlog
D:\Study\vlc\vlc-2.1.0.subproject-2010\plugins\bandlimited_resampler\Debug\CL.read.1.tlog
D:\Study\vlc\vlc-2.1.0.subproject-2010\plugins\bandlimited_resampler\Debug\CL.write.1.tlog
D:\Study\vlc\vlc-2.1.0.subproject-2010\plugins\bandlimited_resampler\Debug\link.6416.read.1.tlog
D:\Study\vlc\vlc-2.1.0.subproject-2010\plugins\bandlimited_resampler\Debug\link.6416.write.1.tlog
D:\Study\vlc\vlc-2.1.0.subproject-2010\plugins\bandlimited_resampler\Debug\link.6416-cvtres.read.1.tlog
D:\Study\vlc\vlc-2.1.0.subproject-2010\plugins\bandlimited_resampler\Debug\link.6416-cvtres.write.1.tlog
D:\Study\vlc\vlc-2.1.0.subproject-2010\plugins\bandlimited_resampler\Debug\link.command.1.tlog
D:\Study\vlc\vlc-2.1.0.subproject-2010\plugins\bandlimited_resampler\Debug\link.read.1.tlog
D:\Study\vlc\vlc-2.1.0.subproject-2010\plugins\bandlimited_resampler\Debug\link.write.1.tlog
D:\Study\vlc\vlc-2.1.0.subproject-2010\plugins\bandlimited_resampler\Debug\link-cvtres.read.1.tlog
D:\Study\vlc\vlc-2.1.0.subproject-2010\plugins\bandlimited_resampler\Debug\link-cvtres.write.1.tlog
D:\Study\vlc\vlc-2.1.0.subproject-2010\plugins\bandlimited_resampler\Debug\mt.command.1.tlog
D:\Study\vlc\vlc-2.1.0.subproject-2010\plugins\bandlimited_resampler\Debug\mt.read.1.tlog
D:\Study\vlc\vlc-2.1.0.subproject-2010\plugins\bandlimited_resampler\Debug\mt.write.1.tlog
D:\Study\vlc\vlc-2.1.0.subproject-2010\plugins\bandlimited_resampler\Debug\rc.command.1.tlog
D:\Study\vlc\vlc-2.1.0.subproject-2010\plugins\bandlimited_resampler\Debug\rc.read.1.tlog
D:\Study\vlc\vlc-2.1.0.subproject-2010\plugins\bandlimited_resampler\Debug\rc.write.1.tlog
D:\STUDY\VLC\VLC-2.1.0.SUBPROJECT-2010\PLUGINS\BANDLIMITED_RESAMPLER\DEBUG\STDAFX.OBJ
D:\Study\vlc\vlc-2.1.0.subproject-2010\plugins\bandlimited_resampler\Debug\vc100.idb
D:\STUDY\VLC\VLC-2.1.0.SUBPROJECT-2010\PLUGINS\BANDLIMITED_RESAMPLER\DEBUG\VC100.PDB
