D:\Study\vlc\vlc-2.1.0.subproject-2010\Debug\access_attachment.exp
D:\Study\vlc\vlc-2.1.0.subproject-2010\Debug\access_attachment.lib
D:\STUDY\VLC\VLC-2.1.0.SUBPROJECT-2010\DEBUG\ACCESS_ATTACHMENT.PDB
D:\STUDY\VLC\VLC-2.1.0.SUBPROJECT-2010\DEBUG\PLUGINS\ACCESS\LIBACCESS_ATTACHMENT_PLUGIN.DLL
D:\STUDY\VLC\VLC-2.1.0.SUBPROJECT-2010\DEBUG\PLUGINS\ACCESS\LIBACCESS_ATTACHMENT_PLUGIN.ILK
D:\STUDY\VLC\VLC-2.1.0.SUBPROJECT-2010\PLUGINS\ACCESS_ATTACHMENT\DEBUG\ACCESS_ATTACHMENT.DLL.EMBED.MANIFEST
D:\STUDY\VLC\VLC-2.1.0.SUBPROJECT-2010\PLUGINS\ACCESS_ATTACHMENT\DEBUG\ACCESS_ATTACHMENT.DLL.EMBED.MANIFEST.RES
D:\STUDY\VLC\VLC-2.1.0.SUBPROJECT-2010\PLUGINS\ACCESS_ATTACHMENT\DEBUG\ACCESS_ATTACHMENT.DLL.INTERMEDIATE.MANIFEST
D:\STUDY\VLC\VLC-2.1.0.SUBPROJECT-2010\PLUGINS\ACCESS_ATTACHMENT\DEBUG\ACCESS_ATTACHMENT.OBJ
D:\STUDY\VLC\VLC-2.1.0.SUBPROJECT-2010\PLUGINS\ACCESS_ATTACHMENT\DEBUG\ACCESS_ATTACHMENT.PCH
D:\STUDY\VLC\VLC-2.1.0.SUBPROJECT-2010\PLUGINS\ACCESS_ATTACHMENT\DEBUG\ACCESS_ATTACHMENT.RES
D:\Study\vlc\vlc-2.1.0.subproject-2010\plugins\access_attachment\Debug\access_attachment.write.1.tlog
D:\Study\vlc\vlc-2.1.0.subproject-2010\plugins\access_attachment\Debug\access_attachment_manifest.rc
D:\STUDY\VLC\VLC-2.1.0.SUBPROJECT-2010\PLUGINS\ACCESS_ATTACHMENT\DEBUG\ATTACHMENT.OBJ
D:\Study\vlc\vlc-2.1.0.subproject-2010\plugins\access_attachment\Debug\cl.command.1.tlog
D:\Study\vlc\vlc-2.1.0.subproject-2010\plugins\access_attachment\Debug\CL.read.1.tlog
D:\Study\vlc\vlc-2.1.0.subproject-2010\plugins\access_attachment\Debug\CL.write.1.tlog
D:\Study\vlc\vlc-2.1.0.subproject-2010\plugins\access_attachment\Debug\link.4932.read.1.tlog
D:\Study\vlc\vlc-2.1.0.subproject-2010\plugins\access_attachment\Debug\link.4932.write.1.tlog
D:\Study\vlc\vlc-2.1.0.subproject-2010\plugins\access_attachment\Debug\link.4932-cvtres.read.1.tlog
D:\Study\vlc\vlc-2.1.0.subproject-2010\plugins\access_attachment\Debug\link.4932-cvtres.write.1.tlog
D:\Study\vlc\vlc-2.1.0.subproject-2010\plugins\access_attachment\Debug\link.command.1.tlog
D:\Study\vlc\vlc-2.1.0.subproject-2010\plugins\access_attachment\Debug\link.read.1.tlog
D:\Study\vlc\vlc-2.1.0.subproject-2010\plugins\access_attachment\Debug\link.write.1.tlog
D:\Study\vlc\vlc-2.1.0.subproject-2010\plugins\access_attachment\Debug\link-cvtres.read.1.tlog
D:\Study\vlc\vlc-2.1.0.subproject-2010\plugins\access_attachment\Debug\link-cvtres.write.1.tlog
D:\Study\vlc\vlc-2.1.0.subproject-2010\plugins\access_attachment\Debug\mt.command.1.tlog
D:\Study\vlc\vlc-2.1.0.subproject-2010\plugins\access_attachment\Debug\mt.read.1.tlog
D:\Study\vlc\vlc-2.1.0.subproject-2010\plugins\access_attachment\Debug\mt.write.1.tlog
D:\Study\vlc\vlc-2.1.0.subproject-2010\plugins\access_attachment\Debug\rc.command.1.tlog
D:\Study\vlc\vlc-2.1.0.subproject-2010\plugins\access_attachment\Debug\rc.read.1.tlog
D:\Study\vlc\vlc-2.1.0.subproject-2010\plugins\access_attachment\Debug\rc.write.1.tlog
D:\STUDY\VLC\VLC-2.1.0.SUBPROJECT-2010\PLUGINS\ACCESS_ATTACHMENT\DEBUG\STDAFX.OBJ
D:\Study\vlc\vlc-2.1.0.subproject-2010\plugins\access_attachment\Debug\vc100.idb
D:\STUDY\VLC\VLC-2.1.0.SUBPROJECT-2010\PLUGINS\ACCESS_ATTACHMENT\DEBUG\VC100.PDB
