D:\Study\vlc\vlc-2.1.0.subproject-2010\Debug\antiflicker.exp
D:\Study\vlc\vlc-2.1.0.subproject-2010\Debug\antiflicker.lib
D:\STUDY\VLC\VLC-2.1.0.SUBPROJECT-2010\DEBUG\ANTIFLICKER.PDB
D:\STUDY\VLC\VLC-2.1.0.SUBPROJECT-2010\DEBUG\PLUGINS\VIDEO_FILTER\LIBANTIFLICKER_PLUGIN.DLL
D:\STUDY\VLC\VLC-2.1.0.SUBPROJECT-2010\DEBUG\PLUGINS\VIDEO_FILTER\LIBANTIFLICKER_PLUGIN.ILK
D:\STUDY\VLC\VLC-2.1.0.SUBPROJECT-2010\PLUGINS\ANTIFLICKER\DEBUG\ANTIFLICKER.DLL.EMBED.MANIFEST
D:\STUDY\VLC\VLC-2.1.0.SUBPROJECT-2010\PLUGINS\ANTIFLICKER\DEBUG\ANTIFLICKER.DLL.EMBED.MANIFEST.RES
D:\STUDY\VLC\VLC-2.1.0.SUBPROJECT-2010\PLUGINS\ANTIFLICKER\DEBUG\ANTIFLICKER.DLL.INTERMEDIATE.MANIFEST
D:\STUDY\VLC\VLC-2.1.0.SUBPROJECT-2010\PLUGINS\ANTIFLICKER\DEBUG\ANTIFLICKER.OBJ
D:\STUDY\VLC\VLC-2.1.0.SUBPROJECT-2010\PLUGINS\ANTIFLICKER\DEBUG\ANTIFLICKER.PCH
D:\STUDY\VLC\VLC-2.1.0.SUBPROJECT-2010\PLUGINS\ANTIFLICKER\DEBUG\ANTIFLICKER.RES
D:\Study\vlc\vlc-2.1.0.subproject-2010\plugins\antiflicker\Debug\antiflicker.write.1.tlog
D:\Study\vlc\vlc-2.1.0.subproject-2010\plugins\antiflicker\Debug\antiflicker_manifest.rc
D:\STUDY\VLC\VLC-2.1.0.SUBPROJECT-2010\PLUGINS\ANTIFLICKER\DEBUG\ANTIFLICKER1.OBJ
D:\Study\vlc\vlc-2.1.0.subproject-2010\plugins\antiflicker\Debug\cl.command.1.tlog
D:\Study\vlc\vlc-2.1.0.subproject-2010\plugins\antiflicker\Debug\CL.read.1.tlog
D:\Study\vlc\vlc-2.1.0.subproject-2010\plugins\antiflicker\Debug\CL.write.1.tlog
D:\Study\vlc\vlc-2.1.0.subproject-2010\plugins\antiflicker\Debug\link.12876.read.1.tlog
D:\Study\vlc\vlc-2.1.0.subproject-2010\plugins\antiflicker\Debug\link.12876.write.1.tlog
D:\Study\vlc\vlc-2.1.0.subproject-2010\plugins\antiflicker\Debug\link.12876-cvtres.read.1.tlog
D:\Study\vlc\vlc-2.1.0.subproject-2010\plugins\antiflicker\Debug\link.12876-cvtres.write.1.tlog
D:\Study\vlc\vlc-2.1.0.subproject-2010\plugins\antiflicker\Debug\link.command.1.tlog
D:\Study\vlc\vlc-2.1.0.subproject-2010\plugins\antiflicker\Debug\link.read.1.tlog
D:\Study\vlc\vlc-2.1.0.subproject-2010\plugins\antiflicker\Debug\link.write.1.tlog
D:\Study\vlc\vlc-2.1.0.subproject-2010\plugins\antiflicker\Debug\link-cvtres.read.1.tlog
D:\Study\vlc\vlc-2.1.0.subproject-2010\plugins\antiflicker\Debug\link-cvtres.write.1.tlog
D:\Study\vlc\vlc-2.1.0.subproject-2010\plugins\antiflicker\Debug\mt.command.1.tlog
D:\Study\vlc\vlc-2.1.0.subproject-2010\plugins\antiflicker\Debug\mt.read.1.tlog
D:\Study\vlc\vlc-2.1.0.subproject-2010\plugins\antiflicker\Debug\mt.write.1.tlog
D:\Study\vlc\vlc-2.1.0.subproject-2010\plugins\antiflicker\Debug\rc.command.1.tlog
D:\Study\vlc\vlc-2.1.0.subproject-2010\plugins\antiflicker\Debug\rc.read.1.tlog
D:\Study\vlc\vlc-2.1.0.subproject-2010\plugins\antiflicker\Debug\rc.write.1.tlog
D:\STUDY\VLC\VLC-2.1.0.SUBPROJECT-2010\PLUGINS\ANTIFLICKER\DEBUG\STDAFX.OBJ
D:\Study\vlc\vlc-2.1.0.subproject-2010\plugins\antiflicker\Debug\vc100.idb
D:\STUDY\VLC\VLC-2.1.0.SUBPROJECT-2010\PLUGINS\ANTIFLICKER\DEBUG\VC100.PDB
