D:\Study\vlc\vlc-2.1.0.subproject-2010\Debug\chorus_flanger.exp
D:\Study\vlc\vlc-2.1.0.subproject-2010\Debug\chorus_flanger.lib
D:\STUDY\VLC\VLC-2.1.0.SUBPROJECT-2010\DEBUG\CHORUS_FLANGER.PDB
D:\STUDY\VLC\VLC-2.1.0.SUBPROJECT-2010\DEBUG\PLUGINS\AUDIO_FILTER\LIBCHORUS_FLANGER_PLUGIN.DLL
D:\STUDY\VLC\VLC-2.1.0.SUBPROJECT-2010\DEBUG\PLUGINS\AUDIO_FILTER\LIBCHORUS_FLANGER_PLUGIN.ILK
D:\STUDY\VLC\VLC-2.1.0.SUBPROJECT-2010\PLUGINS\CHORUS_FLANGER\DEBUG\CHORUS_FLANGER.DLL.EMBED.MANIFEST
D:\STUDY\VLC\VLC-2.1.0.SUBPROJECT-2010\PLUGINS\CHORUS_FLANGER\DEBUG\CHORUS_FLANGER.DLL.EMBED.MANIFEST.RES
D:\STUDY\VLC\VLC-2.1.0.SUBPROJECT-2010\PLUGINS\CHORUS_FLANGER\DEBUG\CHORUS_FLANGER.DLL.INTERMEDIATE.MANIFEST
D:\STUDY\VLC\VLC-2.1.0.SUBPROJECT-2010\PLUGINS\CHORUS_FLANGER\DEBUG\CHORUS_FLANGER.OBJ
D:\STUDY\VLC\VLC-2.1.0.SUBPROJECT-2010\PLUGINS\CHORUS_FLANGER\DEBUG\CHORUS_FLANGER.PCH
D:\STUDY\VLC\VLC-2.1.0.SUBPROJECT-2010\PLUGINS\CHORUS_FLANGER\DEBUG\CHORUS_FLANGER.RES
D:\Study\vlc\vlc-2.1.0.subproject-2010\plugins\chorus_flanger\Debug\chorus_flanger.write.1.tlog
D:\Study\vlc\vlc-2.1.0.subproject-2010\plugins\chorus_flanger\Debug\chorus_flanger_manifest.rc
D:\STUDY\VLC\VLC-2.1.0.SUBPROJECT-2010\PLUGINS\CHORUS_FLANGER\DEBUG\CHORUS_FLANGER1.OBJ
D:\Study\vlc\vlc-2.1.0.subproject-2010\plugins\chorus_flanger\Debug\cl.command.1.tlog
D:\Study\vlc\vlc-2.1.0.subproject-2010\plugins\chorus_flanger\Debug\CL.read.1.tlog
D:\Study\vlc\vlc-2.1.0.subproject-2010\plugins\chorus_flanger\Debug\CL.write.1.tlog
D:\Study\vlc\vlc-2.1.0.subproject-2010\plugins\chorus_flanger\Debug\link.5896.read.1.tlog
D:\Study\vlc\vlc-2.1.0.subproject-2010\plugins\chorus_flanger\Debug\link.5896.write.1.tlog
D:\Study\vlc\vlc-2.1.0.subproject-2010\plugins\chorus_flanger\Debug\link.5896-cvtres.read.1.tlog
D:\Study\vlc\vlc-2.1.0.subproject-2010\plugins\chorus_flanger\Debug\link.5896-cvtres.write.1.tlog
D:\Study\vlc\vlc-2.1.0.subproject-2010\plugins\chorus_flanger\Debug\link.command.1.tlog
D:\Study\vlc\vlc-2.1.0.subproject-2010\plugins\chorus_flanger\Debug\link.read.1.tlog
D:\Study\vlc\vlc-2.1.0.subproject-2010\plugins\chorus_flanger\Debug\link.write.1.tlog
D:\Study\vlc\vlc-2.1.0.subproject-2010\plugins\chorus_flanger\Debug\link-cvtres.read.1.tlog
D:\Study\vlc\vlc-2.1.0.subproject-2010\plugins\chorus_flanger\Debug\link-cvtres.write.1.tlog
D:\Study\vlc\vlc-2.1.0.subproject-2010\plugins\chorus_flanger\Debug\mt.command.1.tlog
D:\Study\vlc\vlc-2.1.0.subproject-2010\plugins\chorus_flanger\Debug\mt.read.1.tlog
D:\Study\vlc\vlc-2.1.0.subproject-2010\plugins\chorus_flanger\Debug\mt.write.1.tlog
D:\Study\vlc\vlc-2.1.0.subproject-2010\plugins\chorus_flanger\Debug\rc.command.1.tlog
D:\Study\vlc\vlc-2.1.0.subproject-2010\plugins\chorus_flanger\Debug\rc.read.1.tlog
D:\Study\vlc\vlc-2.1.0.subproject-2010\plugins\chorus_flanger\Debug\rc.write.1.tlog
D:\STUDY\VLC\VLC-2.1.0.SUBPROJECT-2010\PLUGINS\CHORUS_FLANGER\DEBUG\STDAFX.OBJ
D:\Study\vlc\vlc-2.1.0.subproject-2010\plugins\chorus_flanger\Debug\vc100.idb
D:\STUDY\VLC\VLC-2.1.0.SUBPROJECT-2010\PLUGINS\CHORUS_FLANGER\DEBUG\VC100.PDB
