D:\STUDY\VLC\VLC-2.1.0.SUBPROJECT-2010\DEBUG\PLUGINS\CODEC\LIBSUBSUSF_PLUGIN.DLL
D:\STUDY\VLC\VLC-2.1.0.SUBPROJECT-2010\DEBUG\PLUGINS\CODEC\LIBSUBSUSF_PLUGIN.ILK
D:\Study\vlc\vlc-2.1.0.subproject-2010\Debug\subsusf.exp
D:\Study\vlc\vlc-2.1.0.subproject-2010\Debug\subsusf.lib
D:\STUDY\VLC\VLC-2.1.0.SUBPROJECT-2010\DEBUG\SUBSUSF.PDB
D:\Study\vlc\vlc-2.1.0.subproject-2010\plugins\subsusf\Debug\cl.command.1.tlog
D:\Study\vlc\vlc-2.1.0.subproject-2010\plugins\subsusf\Debug\CL.read.1.tlog
D:\Study\vlc\vlc-2.1.0.subproject-2010\plugins\subsusf\Debug\CL.write.1.tlog
D:\Study\vlc\vlc-2.1.0.subproject-2010\plugins\subsusf\Debug\link.10224.read.1.tlog
D:\Study\vlc\vlc-2.1.0.subproject-2010\plugins\subsusf\Debug\link.10224.write.1.tlog
D:\Study\vlc\vlc-2.1.0.subproject-2010\plugins\subsusf\Debug\link.10224-cvtres.read.1.tlog
D:\Study\vlc\vlc-2.1.0.subproject-2010\plugins\subsusf\Debug\link.10224-cvtres.write.1.tlog
D:\Study\vlc\vlc-2.1.0.subproject-2010\plugins\subsusf\Debug\link.command.1.tlog
D:\Study\vlc\vlc-2.1.0.subproject-2010\plugins\subsusf\Debug\link.read.1.tlog
D:\Study\vlc\vlc-2.1.0.subproject-2010\plugins\subsusf\Debug\link.write.1.tlog
D:\Study\vlc\vlc-2.1.0.subproject-2010\plugins\subsusf\Debug\link-cvtres.read.1.tlog
D:\Study\vlc\vlc-2.1.0.subproject-2010\plugins\subsusf\Debug\link-cvtres.write.1.tlog
D:\Study\vlc\vlc-2.1.0.subproject-2010\plugins\subsusf\Debug\mt.command.1.tlog
D:\Study\vlc\vlc-2.1.0.subproject-2010\plugins\subsusf\Debug\mt.read.1.tlog
D:\Study\vlc\vlc-2.1.0.subproject-2010\plugins\subsusf\Debug\mt.write.1.tlog
D:\Study\vlc\vlc-2.1.0.subproject-2010\plugins\subsusf\Debug\rc.command.1.tlog
D:\Study\vlc\vlc-2.1.0.subproject-2010\plugins\subsusf\Debug\rc.read.1.tlog
D:\Study\vlc\vlc-2.1.0.subproject-2010\plugins\subsusf\Debug\rc.write.1.tlog
D:\STUDY\VLC\VLC-2.1.0.SUBPROJECT-2010\PLUGINS\SUBSUSF\DEBUG\STDAFX.OBJ
D:\STUDY\VLC\VLC-2.1.0.SUBPROJECT-2010\PLUGINS\SUBSUSF\DEBUG\SUBSUSF.DLL.EMBED.MANIFEST
D:\STUDY\VLC\VLC-2.1.0.SUBPROJECT-2010\PLUGINS\SUBSUSF\DEBUG\SUBSUSF.DLL.EMBED.MANIFEST.RES
D:\STUDY\VLC\VLC-2.1.0.SUBPROJECT-2010\PLUGINS\SUBSUSF\DEBUG\SUBSUSF.DLL.INTERMEDIATE.MANIFEST
D:\STUDY\VLC\VLC-2.1.0.SUBPROJECT-2010\PLUGINS\SUBSUSF\DEBUG\SUBSUSF.OBJ
D:\STUDY\VLC\VLC-2.1.0.SUBPROJECT-2010\PLUGINS\SUBSUSF\DEBUG\SUBSUSF.PCH
D:\STUDY\VLC\VLC-2.1.0.SUBPROJECT-2010\PLUGINS\SUBSUSF\DEBUG\SUBSUSF.RES
D:\Study\vlc\vlc-2.1.0.subproject-2010\plugins\subsusf\Debug\subsusf.write.1.tlog
D:\Study\vlc\vlc-2.1.0.subproject-2010\plugins\subsusf\Debug\subsusf_manifest.rc
D:\STUDY\VLC\VLC-2.1.0.SUBPROJECT-2010\PLUGINS\SUBSUSF\DEBUG\SUBSUSF1.OBJ
D:\Study\vlc\vlc-2.1.0.subproject-2010\plugins\subsusf\Debug\vc100.idb
D:\STUDY\VLC\VLC-2.1.0.SUBPROJECT-2010\PLUGINS\SUBSUSF\DEBUG\VC100.PDB
