D:\STUDY\VLC\VLC-2.1.0.SUBPROJECT-2010\DEBUG\PLUGINS\VIDEO_OUTPUT\LIBVMEM_PLUGIN.DLL
D:\STUDY\VLC\VLC-2.1.0.SUBPROJECT-2010\DEBUG\PLUGINS\VIDEO_OUTPUT\LIBVMEM_PLUGIN.ILK
D:\Study\vlc\vlc-2.1.0.subproject-2010\Debug\vmem.exp
D:\Study\vlc\vlc-2.1.0.subproject-2010\Debug\vmem.lib
D:\STUDY\VLC\VLC-2.1.0.SUBPROJECT-2010\DEBUG\VMEM.PDB
D:\Study\vlc\vlc-2.1.0.subproject-2010\plugins\vmem\Debug\cl.command.1.tlog
D:\Study\vlc\vlc-2.1.0.subproject-2010\plugins\vmem\Debug\CL.read.1.tlog
D:\Study\vlc\vlc-2.1.0.subproject-2010\plugins\vmem\Debug\CL.write.1.tlog
D:\Study\vlc\vlc-2.1.0.subproject-2010\plugins\vmem\Debug\link.6132.read.1.tlog
D:\Study\vlc\vlc-2.1.0.subproject-2010\plugins\vmem\Debug\link.6132.write.1.tlog
D:\Study\vlc\vlc-2.1.0.subproject-2010\plugins\vmem\Debug\link.6132-cvtres.read.1.tlog
D:\Study\vlc\vlc-2.1.0.subproject-2010\plugins\vmem\Debug\link.6132-cvtres.write.1.tlog
D:\Study\vlc\vlc-2.1.0.subproject-2010\plugins\vmem\Debug\link.command.1.tlog
D:\Study\vlc\vlc-2.1.0.subproject-2010\plugins\vmem\Debug\link.read.1.tlog
D:\Study\vlc\vlc-2.1.0.subproject-2010\plugins\vmem\Debug\link.write.1.tlog
D:\Study\vlc\vlc-2.1.0.subproject-2010\plugins\vmem\Debug\link-cvtres.read.1.tlog
D:\Study\vlc\vlc-2.1.0.subproject-2010\plugins\vmem\Debug\link-cvtres.write.1.tlog
D:\Study\vlc\vlc-2.1.0.subproject-2010\plugins\vmem\Debug\mt.command.1.tlog
D:\Study\vlc\vlc-2.1.0.subproject-2010\plugins\vmem\Debug\mt.read.1.tlog
D:\Study\vlc\vlc-2.1.0.subproject-2010\plugins\vmem\Debug\mt.write.1.tlog
D:\Study\vlc\vlc-2.1.0.subproject-2010\plugins\vmem\Debug\rc.command.1.tlog
D:\Study\vlc\vlc-2.1.0.subproject-2010\plugins\vmem\Debug\rc.read.1.tlog
D:\Study\vlc\vlc-2.1.0.subproject-2010\plugins\vmem\Debug\rc.write.1.tlog
D:\STUDY\VLC\VLC-2.1.0.SUBPROJECT-2010\PLUGINS\VMEM\DEBUG\STDAFX.OBJ
D:\Study\vlc\vlc-2.1.0.subproject-2010\plugins\vmem\Debug\vc100.idb
D:\STUDY\VLC\VLC-2.1.0.SUBPROJECT-2010\PLUGINS\VMEM\DEBUG\VC100.PDB
D:\STUDY\VLC\VLC-2.1.0.SUBPROJECT-2010\PLUGINS\VMEM\DEBUG\VMEM.DLL.EMBED.MANIFEST
D:\STUDY\VLC\VLC-2.1.0.SUBPROJECT-2010\PLUGINS\VMEM\DEBUG\VMEM.DLL.EMBED.MANIFEST.RES
D:\STUDY\VLC\VLC-2.1.0.SUBPROJECT-2010\PLUGINS\VMEM\DEBUG\VMEM.DLL.INTERMEDIATE.MANIFEST
D:\STUDY\VLC\VLC-2.1.0.SUBPROJECT-2010\PLUGINS\VMEM\DEBUG\VMEM.OBJ
D:\STUDY\VLC\VLC-2.1.0.SUBPROJECT-2010\PLUGINS\VMEM\DEBUG\VMEM.PCH
D:\STUDY\VLC\VLC-2.1.0.SUBPROJECT-2010\PLUGINS\VMEM\DEBUG\VMEM.RES
D:\Study\vlc\vlc-2.1.0.subproject-2010\plugins\vmem\Debug\vmem.write.1.tlog
D:\Study\vlc\vlc-2.1.0.subproject-2010\plugins\vmem\Debug\vmem_manifest.rc
D:\STUDY\VLC\VLC-2.1.0.SUBPROJECT-2010\PLUGINS\VMEM\DEBUG\VMEM1.OBJ
