D:\Study\vlc\vlc-2.1.0.subproject-2010\Debug\access_bd.exp
D:\Study\vlc\vlc-2.1.0.subproject-2010\Debug\access_bd.lib
D:\STUDY\VLC\VLC-2.1.0.SUBPROJECT-2010\DEBUG\ACCESS_BD.PDB
D:\STUDY\VLC\VLC-2.1.0.SUBPROJECT-2010\DEBUG\PLUGINS\ACCESS\LIBACCESS_BD_PLUGIN.DLL
D:\STUDY\VLC\VLC-2.1.0.SUBPROJECT-2010\DEBUG\PLUGINS\ACCESS\LIBACCESS_BD_PLUGIN.ILK
D:\STUDY\VLC\VLC-2.1.0.SUBPROJECT-2010\PLUGINS\ACCESS_BD\DEBUG\ACCESS_BD.DLL.EMBED.MANIFEST
D:\STUDY\VLC\VLC-2.1.0.SUBPROJECT-2010\PLUGINS\ACCESS_BD\DEBUG\ACCESS_BD.DLL.EMBED.MANIFEST.RES
D:\STUDY\VLC\VLC-2.1.0.SUBPROJECT-2010\PLUGINS\ACCESS_BD\DEBUG\ACCESS_BD.DLL.INTERMEDIATE.MANIFEST
D:\STUDY\VLC\VLC-2.1.0.SUBPROJECT-2010\PLUGINS\ACCESS_BD\DEBUG\ACCESS_BD.OBJ
D:\STUDY\VLC\VLC-2.1.0.SUBPROJECT-2010\PLUGINS\ACCESS_BD\DEBUG\ACCESS_BD.PCH
D:\STUDY\VLC\VLC-2.1.0.SUBPROJECT-2010\PLUGINS\ACCESS_BD\DEBUG\ACCESS_BD.RES
D:\Study\vlc\vlc-2.1.0.subproject-2010\plugins\access_bd\Debug\access_bd.vcxprojResolveAssemblyReference.cache
D:\Study\vlc\vlc-2.1.0.subproject-2010\plugins\access_bd\Debug\access_bd.write.1.tlog
D:\Study\vlc\vlc-2.1.0.subproject-2010\plugins\access_bd\Debug\access_bd_manifest.rc
D:\STUDY\VLC\VLC-2.1.0.SUBPROJECT-2010\PLUGINS\ACCESS_BD\DEBUG\BD.OBJ
D:\Study\vlc\vlc-2.1.0.subproject-2010\plugins\access_bd\Debug\cl.command.1.tlog
D:\Study\vlc\vlc-2.1.0.subproject-2010\plugins\access_bd\Debug\CL.read.1.tlog
D:\Study\vlc\vlc-2.1.0.subproject-2010\plugins\access_bd\Debug\CL.write.1.tlog
D:\STUDY\VLC\VLC-2.1.0.SUBPROJECT-2010\PLUGINS\ACCESS_BD\DEBUG\CLPI.OBJ
D:\Study\vlc\vlc-2.1.0.subproject-2010\plugins\access_bd\Debug\link.12772.read.1.tlog
D:\Study\vlc\vlc-2.1.0.subproject-2010\plugins\access_bd\Debug\link.12772.write.1.tlog
D:\Study\vlc\vlc-2.1.0.subproject-2010\plugins\access_bd\Debug\link.12772-cvtres.read.1.tlog
D:\Study\vlc\vlc-2.1.0.subproject-2010\plugins\access_bd\Debug\link.12772-cvtres.write.1.tlog
D:\Study\vlc\vlc-2.1.0.subproject-2010\plugins\access_bd\Debug\link.command.1.tlog
D:\Study\vlc\vlc-2.1.0.subproject-2010\plugins\access_bd\Debug\link.read.1.tlog
D:\Study\vlc\vlc-2.1.0.subproject-2010\plugins\access_bd\Debug\link.write.1.tlog
D:\Study\vlc\vlc-2.1.0.subproject-2010\plugins\access_bd\Debug\link-cvtres.read.1.tlog
D:\Study\vlc\vlc-2.1.0.subproject-2010\plugins\access_bd\Debug\link-cvtres.write.1.tlog
D:\STUDY\VLC\VLC-2.1.0.SUBPROJECT-2010\PLUGINS\ACCESS_BD\DEBUG\MPLS.OBJ
D:\Study\vlc\vlc-2.1.0.subproject-2010\plugins\access_bd\Debug\mt.command.1.tlog
D:\Study\vlc\vlc-2.1.0.subproject-2010\plugins\access_bd\Debug\mt.read.1.tlog
D:\Study\vlc\vlc-2.1.0.subproject-2010\plugins\access_bd\Debug\mt.write.1.tlog
D:\Study\vlc\vlc-2.1.0.subproject-2010\plugins\access_bd\Debug\rc.command.1.tlog
D:\Study\vlc\vlc-2.1.0.subproject-2010\plugins\access_bd\Debug\rc.read.1.tlog
D:\Study\vlc\vlc-2.1.0.subproject-2010\plugins\access_bd\Debug\rc.write.1.tlog
D:\STUDY\VLC\VLC-2.1.0.SUBPROJECT-2010\PLUGINS\ACCESS_BD\DEBUG\STDAFX.OBJ
D:\Study\vlc\vlc-2.1.0.subproject-2010\plugins\access_bd\Debug\vc100.idb
D:\STUDY\VLC\VLC-2.1.0.SUBPROJECT-2010\PLUGINS\ACCESS_BD\DEBUG\VC100.PDB
