D:\Study\vlc\vlc-2.1.0.subproject-2010\Debug\mux_mpjpeg.exp
D:\Study\vlc\vlc-2.1.0.subproject-2010\Debug\mux_mpjpeg.lib
D:\STUDY\VLC\VLC-2.1.0.SUBPROJECT-2010\DEBUG\MUX_MPJPEG.PDB
D:\STUDY\VLC\VLC-2.1.0.SUBPROJECT-2010\DEBUG\PLUGINS\MUX\LIBMUX_MPJPEG_PLUGIN.DLL
D:\STUDY\VLC\VLC-2.1.0.SUBPROJECT-2010\DEBUG\PLUGINS\MUX\LIBMUX_MPJPEG_PLUGIN.ILK
D:\Study\vlc\vlc-2.1.0.subproject-2010\plugins\mux_mpjpeg\Debug\cl.command.1.tlog
D:\Study\vlc\vlc-2.1.0.subproject-2010\plugins\mux_mpjpeg\Debug\CL.read.1.tlog
D:\Study\vlc\vlc-2.1.0.subproject-2010\plugins\mux_mpjpeg\Debug\CL.write.1.tlog
D:\Study\vlc\vlc-2.1.0.subproject-2010\plugins\mux_mpjpeg\Debug\link.408.read.1.tlog
D:\Study\vlc\vlc-2.1.0.subproject-2010\plugins\mux_mpjpeg\Debug\link.408.write.1.tlog
D:\Study\vlc\vlc-2.1.0.subproject-2010\plugins\mux_mpjpeg\Debug\link.408-cvtres.read.1.tlog
D:\Study\vlc\vlc-2.1.0.subproject-2010\plugins\mux_mpjpeg\Debug\link.408-cvtres.write.1.tlog
D:\Study\vlc\vlc-2.1.0.subproject-2010\plugins\mux_mpjpeg\Debug\link.command.1.tlog
D:\Study\vlc\vlc-2.1.0.subproject-2010\plugins\mux_mpjpeg\Debug\link.read.1.tlog
D:\Study\vlc\vlc-2.1.0.subproject-2010\plugins\mux_mpjpeg\Debug\link.write.1.tlog
D:\Study\vlc\vlc-2.1.0.subproject-2010\plugins\mux_mpjpeg\Debug\link-cvtres.read.1.tlog
D:\Study\vlc\vlc-2.1.0.subproject-2010\plugins\mux_mpjpeg\Debug\link-cvtres.write.1.tlog
D:\STUDY\VLC\VLC-2.1.0.SUBPROJECT-2010\PLUGINS\MUX_MPJPEG\DEBUG\MPJPEG.OBJ
D:\Study\vlc\vlc-2.1.0.subproject-2010\plugins\mux_mpjpeg\Debug\mt.command.1.tlog
D:\Study\vlc\vlc-2.1.0.subproject-2010\plugins\mux_mpjpeg\Debug\mt.read.1.tlog
D:\Study\vlc\vlc-2.1.0.subproject-2010\plugins\mux_mpjpeg\Debug\mt.write.1.tlog
D:\STUDY\VLC\VLC-2.1.0.SUBPROJECT-2010\PLUGINS\MUX_MPJPEG\DEBUG\MUX_MPJPEG.DLL.EMBED.MANIFEST
D:\STUDY\VLC\VLC-2.1.0.SUBPROJECT-2010\PLUGINS\MUX_MPJPEG\DEBUG\MUX_MPJPEG.DLL.EMBED.MANIFEST.RES
D:\STUDY\VLC\VLC-2.1.0.SUBPROJECT-2010\PLUGINS\MUX_MPJPEG\DEBUG\MUX_MPJPEG.DLL.INTERMEDIATE.MANIFEST
D:\STUDY\VLC\VLC-2.1.0.SUBPROJECT-2010\PLUGINS\MUX_MPJPEG\DEBUG\MUX_MPJPEG.OBJ
D:\STUDY\VLC\VLC-2.1.0.SUBPROJECT-2010\PLUGINS\MUX_MPJPEG\DEBUG\MUX_MPJPEG.PCH
D:\STUDY\VLC\VLC-2.1.0.SUBPROJECT-2010\PLUGINS\MUX_MPJPEG\DEBUG\MUX_MPJPEG.RES
D:\Study\vlc\vlc-2.1.0.subproject-2010\plugins\mux_mpjpeg\Debug\mux_mpjpeg.write.1.tlog
D:\Study\vlc\vlc-2.1.0.subproject-2010\plugins\mux_mpjpeg\Debug\mux_mpjpeg_manifest.rc
D:\Study\vlc\vlc-2.1.0.subproject-2010\plugins\mux_mpjpeg\Debug\rc.command.1.tlog
D:\Study\vlc\vlc-2.1.0.subproject-2010\plugins\mux_mpjpeg\Debug\rc.read.1.tlog
D:\Study\vlc\vlc-2.1.0.subproject-2010\plugins\mux_mpjpeg\Debug\rc.write.1.tlog
D:\STUDY\VLC\VLC-2.1.0.SUBPROJECT-2010\PLUGINS\MUX_MPJPEG\DEBUG\STDAFX.OBJ
D:\Study\vlc\vlc-2.1.0.subproject-2010\plugins\mux_mpjpeg\Debug\vc100.idb
D:\STUDY\VLC\VLC-2.1.0.SUBPROJECT-2010\PLUGINS\MUX_MPJPEG\DEBUG\VC100.PDB
