D:\Study\vlc\vlc-2.1.0.subproject-2010\Debug\magnify.exp
D:\Study\vlc\vlc-2.1.0.subproject-2010\Debug\magnify.lib
D:\STUDY\VLC\VLC-2.1.0.SUBPROJECT-2010\DEBUG\MAGNIFY.PDB
D:\STUDY\VLC\VLC-2.1.0.SUBPROJECT-2010\DEBUG\PLUGINS\VIDEO_FILTER\LIBMAGNIFY_PLUGIN.DLL
D:\STUDY\VLC\VLC-2.1.0.SUBPROJECT-2010\DEBUG\PLUGINS\VIDEO_FILTER\LIBMAGNIFY_PLUGIN.ILK
D:\Study\vlc\vlc-2.1.0.subproject-2010\plugins\magnify\Debug\cl.command.1.tlog
D:\Study\vlc\vlc-2.1.0.subproject-2010\plugins\magnify\Debug\CL.read.1.tlog
D:\Study\vlc\vlc-2.1.0.subproject-2010\plugins\magnify\Debug\CL.write.1.tlog
D:\Study\vlc\vlc-2.1.0.subproject-2010\plugins\magnify\Debug\link.12716.read.1.tlog
D:\Study\vlc\vlc-2.1.0.subproject-2010\plugins\magnify\Debug\link.12716.write.1.tlog
D:\Study\vlc\vlc-2.1.0.subproject-2010\plugins\magnify\Debug\link.12716-cvtres.read.1.tlog
D:\Study\vlc\vlc-2.1.0.subproject-2010\plugins\magnify\Debug\link.12716-cvtres.write.1.tlog
D:\Study\vlc\vlc-2.1.0.subproject-2010\plugins\magnify\Debug\link.command.1.tlog
D:\Study\vlc\vlc-2.1.0.subproject-2010\plugins\magnify\Debug\link.read.1.tlog
D:\Study\vlc\vlc-2.1.0.subproject-2010\plugins\magnify\Debug\link.write.1.tlog
D:\Study\vlc\vlc-2.1.0.subproject-2010\plugins\magnify\Debug\link-cvtres.read.1.tlog
D:\Study\vlc\vlc-2.1.0.subproject-2010\plugins\magnify\Debug\link-cvtres.write.1.tlog
D:\STUDY\VLC\VLC-2.1.0.SUBPROJECT-2010\PLUGINS\MAGNIFY\DEBUG\MAGNIFY.DLL.EMBED.MANIFEST
D:\STUDY\VLC\VLC-2.1.0.SUBPROJECT-2010\PLUGINS\MAGNIFY\DEBUG\MAGNIFY.DLL.EMBED.MANIFEST.RES
D:\STUDY\VLC\VLC-2.1.0.SUBPROJECT-2010\PLUGINS\MAGNIFY\DEBUG\MAGNIFY.DLL.INTERMEDIATE.MANIFEST
D:\STUDY\VLC\VLC-2.1.0.SUBPROJECT-2010\PLUGINS\MAGNIFY\DEBUG\MAGNIFY.OBJ
D:\STUDY\VLC\VLC-2.1.0.SUBPROJECT-2010\PLUGINS\MAGNIFY\DEBUG\MAGNIFY.PCH
D:\STUDY\VLC\VLC-2.1.0.SUBPROJECT-2010\PLUGINS\MAGNIFY\DEBUG\MAGNIFY.RES
D:\Study\vlc\vlc-2.1.0.subproject-2010\plugins\magnify\Debug\magnify.write.1.tlog
D:\Study\vlc\vlc-2.1.0.subproject-2010\plugins\magnify\Debug\magnify_manifest.rc
D:\STUDY\VLC\VLC-2.1.0.SUBPROJECT-2010\PLUGINS\MAGNIFY\DEBUG\MAGNIFY1.OBJ
D:\Study\vlc\vlc-2.1.0.subproject-2010\plugins\magnify\Debug\mt.command.1.tlog
D:\Study\vlc\vlc-2.1.0.subproject-2010\plugins\magnify\Debug\mt.read.1.tlog
D:\Study\vlc\vlc-2.1.0.subproject-2010\plugins\magnify\Debug\mt.write.1.tlog
D:\Study\vlc\vlc-2.1.0.subproject-2010\plugins\magnify\Debug\rc.command.1.tlog
D:\Study\vlc\vlc-2.1.0.subproject-2010\plugins\magnify\Debug\rc.read.1.tlog
D:\Study\vlc\vlc-2.1.0.subproject-2010\plugins\magnify\Debug\rc.write.1.tlog
D:\STUDY\VLC\VLC-2.1.0.SUBPROJECT-2010\PLUGINS\MAGNIFY\DEBUG\STDAFX.OBJ
D:\Study\vlc\vlc-2.1.0.subproject-2010\plugins\magnify\Debug\vc100.idb
D:\STUDY\VLC\VLC-2.1.0.SUBPROJECT-2010\PLUGINS\MAGNIFY\DEBUG\VC100.PDB
