D:\STUDY\VLC\VLC-2.1.0.SUBPROJECT-2010\DEBUG\PLUGINS\DEMUX\LIBRAWVID_PLUGIN.DLL
D:\STUDY\VLC\VLC-2.1.0.SUBPROJECT-2010\DEBUG\PLUGINS\DEMUX\LIBRAWVID_PLUGIN.ILK
D:\Study\vlc\vlc-2.1.0.subproject-2010\Debug\rawvid.exp
D:\Study\vlc\vlc-2.1.0.subproject-2010\Debug\rawvid.lib
D:\STUDY\VLC\VLC-2.1.0.SUBPROJECT-2010\DEBUG\RAWVID.PDB
D:\Study\vlc\vlc-2.1.0.subproject-2010\plugins\rawvid\Debug\cl.command.1.tlog
D:\Study\vlc\vlc-2.1.0.subproject-2010\plugins\rawvid\Debug\CL.read.1.tlog
D:\Study\vlc\vlc-2.1.0.subproject-2010\plugins\rawvid\Debug\CL.write.1.tlog
D:\Study\vlc\vlc-2.1.0.subproject-2010\plugins\rawvid\Debug\link.5436.read.1.tlog
D:\Study\vlc\vlc-2.1.0.subproject-2010\plugins\rawvid\Debug\link.5436.write.1.tlog
D:\Study\vlc\vlc-2.1.0.subproject-2010\plugins\rawvid\Debug\link.5436-cvtres.read.1.tlog
D:\Study\vlc\vlc-2.1.0.subproject-2010\plugins\rawvid\Debug\link.5436-cvtres.write.1.tlog
D:\Study\vlc\vlc-2.1.0.subproject-2010\plugins\rawvid\Debug\link.command.1.tlog
D:\Study\vlc\vlc-2.1.0.subproject-2010\plugins\rawvid\Debug\link.read.1.tlog
D:\Study\vlc\vlc-2.1.0.subproject-2010\plugins\rawvid\Debug\link.write.1.tlog
D:\Study\vlc\vlc-2.1.0.subproject-2010\plugins\rawvid\Debug\link-cvtres.read.1.tlog
D:\Study\vlc\vlc-2.1.0.subproject-2010\plugins\rawvid\Debug\link-cvtres.write.1.tlog
D:\Study\vlc\vlc-2.1.0.subproject-2010\plugins\rawvid\Debug\mt.command.1.tlog
D:\Study\vlc\vlc-2.1.0.subproject-2010\plugins\rawvid\Debug\mt.read.1.tlog
D:\Study\vlc\vlc-2.1.0.subproject-2010\plugins\rawvid\Debug\mt.write.1.tlog
D:\STUDY\VLC\VLC-2.1.0.SUBPROJECT-2010\PLUGINS\RAWVID\DEBUG\RAWVID.DLL.EMBED.MANIFEST
D:\STUDY\VLC\VLC-2.1.0.SUBPROJECT-2010\PLUGINS\RAWVID\DEBUG\RAWVID.DLL.EMBED.MANIFEST.RES
D:\STUDY\VLC\VLC-2.1.0.SUBPROJECT-2010\PLUGINS\RAWVID\DEBUG\RAWVID.DLL.INTERMEDIATE.MANIFEST
D:\STUDY\VLC\VLC-2.1.0.SUBPROJECT-2010\PLUGINS\RAWVID\DEBUG\RAWVID.OBJ
D:\STUDY\VLC\VLC-2.1.0.SUBPROJECT-2010\PLUGINS\RAWVID\DEBUG\RAWVID.PCH
D:\STUDY\VLC\VLC-2.1.0.SUBPROJECT-2010\PLUGINS\RAWVID\DEBUG\RAWVID.RES
D:\Study\vlc\vlc-2.1.0.subproject-2010\plugins\rawvid\Debug\rawvid.write.1.tlog
D:\Study\vlc\vlc-2.1.0.subproject-2010\plugins\rawvid\Debug\rawvid_manifest.rc
D:\STUDY\VLC\VLC-2.1.0.SUBPROJECT-2010\PLUGINS\RAWVID\DEBUG\RAWVID1.OBJ
D:\Study\vlc\vlc-2.1.0.subproject-2010\plugins\rawvid\Debug\rc.command.1.tlog
D:\Study\vlc\vlc-2.1.0.subproject-2010\plugins\rawvid\Debug\rc.read.1.tlog
D:\Study\vlc\vlc-2.1.0.subproject-2010\plugins\rawvid\Debug\rc.write.1.tlog
D:\STUDY\VLC\VLC-2.1.0.SUBPROJECT-2010\PLUGINS\RAWVID\DEBUG\STDAFX.OBJ
D:\Study\vlc\vlc-2.1.0.subproject-2010\plugins\rawvid\Debug\vc100.idb
D:\STUDY\VLC\VLC-2.1.0.SUBPROJECT-2010\PLUGINS\RAWVID\DEBUG\VC100.PDB
