D:\STUDY\VLC\VLC-2.1.0.SUBPROJECT-2010\DEBUG\PLUGINS\STREAM_FILTER\LIBSMOOTH_PLUGIN.DLL
D:\STUDY\VLC\VLC-2.1.0.SUBPROJECT-2010\DEBUG\PLUGINS\STREAM_FILTER\LIBSMOOTH_PLUGIN.ILK
D:\Study\vlc\vlc-2.1.0.subproject-2010\Debug\smooth.exp
D:\Study\vlc\vlc-2.1.0.subproject-2010\Debug\smooth.lib
D:\STUDY\VLC\VLC-2.1.0.SUBPROJECT-2010\DEBUG\SMOOTH.PDB
D:\Study\vlc\vlc-2.1.0.subproject-2010\plugins\smooth\Debug\cl.command.1.tlog
D:\Study\vlc\vlc-2.1.0.subproject-2010\plugins\smooth\Debug\CL.read.1.tlog
D:\Study\vlc\vlc-2.1.0.subproject-2010\plugins\smooth\Debug\CL.write.1.tlog
D:\STUDY\VLC\VLC-2.1.0.SUBPROJECT-2010\PLUGINS\SMOOTH\DEBUG\DOWNLOADER.OBJ
D:\Study\vlc\vlc-2.1.0.subproject-2010\plugins\smooth\Debug\link.13168.read.1.tlog
D:\Study\vlc\vlc-2.1.0.subproject-2010\plugins\smooth\Debug\link.13168.write.1.tlog
D:\Study\vlc\vlc-2.1.0.subproject-2010\plugins\smooth\Debug\link.13168-cvtres.read.1.tlog
D:\Study\vlc\vlc-2.1.0.subproject-2010\plugins\smooth\Debug\link.13168-cvtres.write.1.tlog
D:\Study\vlc\vlc-2.1.0.subproject-2010\plugins\smooth\Debug\link.command.1.tlog
D:\Study\vlc\vlc-2.1.0.subproject-2010\plugins\smooth\Debug\link.read.1.tlog
D:\Study\vlc\vlc-2.1.0.subproject-2010\plugins\smooth\Debug\link.write.1.tlog
D:\Study\vlc\vlc-2.1.0.subproject-2010\plugins\smooth\Debug\link-cvtres.read.1.tlog
D:\Study\vlc\vlc-2.1.0.subproject-2010\plugins\smooth\Debug\link-cvtres.write.1.tlog
D:\Study\vlc\vlc-2.1.0.subproject-2010\plugins\smooth\Debug\mt.command.1.tlog
D:\Study\vlc\vlc-2.1.0.subproject-2010\plugins\smooth\Debug\mt.read.1.tlog
D:\Study\vlc\vlc-2.1.0.subproject-2010\plugins\smooth\Debug\mt.write.1.tlog
D:\Study\vlc\vlc-2.1.0.subproject-2010\plugins\smooth\Debug\rc.command.1.tlog
D:\Study\vlc\vlc-2.1.0.subproject-2010\plugins\smooth\Debug\rc.read.1.tlog
D:\Study\vlc\vlc-2.1.0.subproject-2010\plugins\smooth\Debug\rc.write.1.tlog
D:\STUDY\VLC\VLC-2.1.0.SUBPROJECT-2010\PLUGINS\SMOOTH\DEBUG\SMOOTH.DLL.EMBED.MANIFEST
D:\STUDY\VLC\VLC-2.1.0.SUBPROJECT-2010\PLUGINS\SMOOTH\DEBUG\SMOOTH.DLL.EMBED.MANIFEST.RES
D:\STUDY\VLC\VLC-2.1.0.SUBPROJECT-2010\PLUGINS\SMOOTH\DEBUG\SMOOTH.DLL.INTERMEDIATE.MANIFEST
D:\STUDY\VLC\VLC-2.1.0.SUBPROJECT-2010\PLUGINS\SMOOTH\DEBUG\SMOOTH.OBJ
D:\STUDY\VLC\VLC-2.1.0.SUBPROJECT-2010\PLUGINS\SMOOTH\DEBUG\SMOOTH.PCH
D:\STUDY\VLC\VLC-2.1.0.SUBPROJECT-2010\PLUGINS\SMOOTH\DEBUG\SMOOTH.RES
D:\Study\vlc\vlc-2.1.0.subproject-2010\plugins\smooth\Debug\smooth.vcxprojResolveAssemblyReference.cache
D:\Study\vlc\vlc-2.1.0.subproject-2010\plugins\smooth\Debug\smooth.write.1.tlog
D:\Study\vlc\vlc-2.1.0.subproject-2010\plugins\smooth\Debug\smooth_manifest.rc
D:\STUDY\VLC\VLC-2.1.0.SUBPROJECT-2010\PLUGINS\SMOOTH\DEBUG\SMOOTH1.OBJ
D:\STUDY\VLC\VLC-2.1.0.SUBPROJECT-2010\PLUGINS\SMOOTH\DEBUG\STDAFX.OBJ
D:\STUDY\VLC\VLC-2.1.0.SUBPROJECT-2010\PLUGINS\SMOOTH\DEBUG\UTILS.OBJ
D:\Study\vlc\vlc-2.1.0.subproject-2010\plugins\smooth\Debug\vc100.idb
D:\STUDY\VLC\VLC-2.1.0.SUBPROJECT-2010\PLUGINS\SMOOTH\DEBUG\VC100.PDB
