D:\STUDY\VLC\VLC-2.1.0.SUBPROJECT-2010\DEBUG\LIBVLC.DLL
D:\Study\vlc\vlc-2.1.0.subproject-2010\Debug\libvlc.exp
D:\STUDY\VLC\VLC-2.1.0.SUBPROJECT-2010\DEBUG\LIBVLC.ILK
D:\Study\vlc\vlc-2.1.0.subproject-2010\Debug\libvlc.lib
D:\STUDY\VLC\VLC-2.1.0.SUBPROJECT-2010\DEBUG\LIBVLC.PDB
D:\STUDY\VLC\VLC-2.1.0.SUBPROJECT-2010\LIBVLC\DEBUG\AUDIO.OBJ
D:\Study\vlc\vlc-2.1.0.subproject-2010\libvlc\Debug\cl.command.1.tlog
D:\Study\vlc\vlc-2.1.0.subproject-2010\libvlc\Debug\CL.read.1.tlog
D:\Study\vlc\vlc-2.1.0.subproject-2010\libvlc\Debug\CL.write.1.tlog
D:\STUDY\VLC\VLC-2.1.0.SUBPROJECT-2010\LIBVLC\DEBUG\CORE.OBJ
D:\STUDY\VLC\VLC-2.1.0.SUBPROJECT-2010\LIBVLC\DEBUG\ERROR.OBJ
D:\STUDY\VLC\VLC-2.1.0.SUBPROJECT-2010\LIBVLC\DEBUG\EVENT.OBJ
D:\STUDY\VLC\VLC-2.1.0.SUBPROJECT-2010\LIBVLC\DEBUG\EVENT_ASYNC.OBJ
D:\STUDY\VLC\VLC-2.1.0.SUBPROJECT-2010\LIBVLC\DEBUG\LIBVLC.DLL.EMBED.MANIFEST
D:\STUDY\VLC\VLC-2.1.0.SUBPROJECT-2010\LIBVLC\DEBUG\LIBVLC.DLL.EMBED.MANIFEST.RES
D:\STUDY\VLC\VLC-2.1.0.SUBPROJECT-2010\LIBVLC\DEBUG\LIBVLC.DLL.INTERMEDIATE.MANIFEST
D:\STUDY\VLC\VLC-2.1.0.SUBPROJECT-2010\LIBVLC\DEBUG\LIBVLC.OBJ
D:\STUDY\VLC\VLC-2.1.0.SUBPROJECT-2010\LIBVLC\DEBUG\LIBVLC.PCH
D:\STUDY\VLC\VLC-2.1.0.SUBPROJECT-2010\LIBVLC\DEBUG\LIBVLC.RES
D:\Study\vlc\vlc-2.1.0.subproject-2010\libvlc\Debug\libvlc.write.1.tlog
D:\Study\vlc\vlc-2.1.0.subproject-2010\libvlc\Debug\libvlc_manifest.rc
D:\Study\vlc\vlc-2.1.0.subproject-2010\libvlc\Debug\link.9224.read.1.tlog
D:\Study\vlc\vlc-2.1.0.subproject-2010\libvlc\Debug\link.9224.write.1.tlog
D:\Study\vlc\vlc-2.1.0.subproject-2010\libvlc\Debug\link.9224-cvtres.read.1.tlog
D:\Study\vlc\vlc-2.1.0.subproject-2010\libvlc\Debug\link.9224-cvtres.write.1.tlog
D:\Study\vlc\vlc-2.1.0.subproject-2010\libvlc\Debug\link.command.1.tlog
D:\Study\vlc\vlc-2.1.0.subproject-2010\libvlc\Debug\link.read.1.tlog
D:\Study\vlc\vlc-2.1.0.subproject-2010\libvlc\Debug\link.write.1.tlog
D:\Study\vlc\vlc-2.1.0.subproject-2010\libvlc\Debug\link-cvtres.read.1.tlog
D:\Study\vlc\vlc-2.1.0.subproject-2010\libvlc\Debug\link-cvtres.write.1.tlog
D:\STUDY\VLC\VLC-2.1.0.SUBPROJECT-2010\LIBVLC\DEBUG\LOG.OBJ
D:\STUDY\VLC\VLC-2.1.0.SUBPROJECT-2010\LIBVLC\DEBUG\MEDIA.OBJ
D:\STUDY\VLC\VLC-2.1.0.SUBPROJECT-2010\LIBVLC\DEBUG\MEDIA_DISCOVERER.OBJ
D:\STUDY\VLC\VLC-2.1.0.SUBPROJECT-2010\LIBVLC\DEBUG\MEDIA_LIBRARY.OBJ
D:\STUDY\VLC\VLC-2.1.0.SUBPROJECT-2010\LIBVLC\DEBUG\MEDIA_LIST.OBJ
D:\STUDY\VLC\VLC-2.1.0.SUBPROJECT-2010\LIBVLC\DEBUG\MEDIA_LIST_PLAYER.OBJ
D:\STUDY\VLC\VLC-2.1.0.SUBPROJECT-2010\LIBVLC\DEBUG\MEDIA_PLAYER.OBJ
D:\Study\vlc\vlc-2.1.0.subproject-2010\libvlc\Debug\mt.command.1.tlog
D:\Study\vlc\vlc-2.1.0.subproject-2010\libvlc\Debug\mt.read.1.tlog
D:\Study\vlc\vlc-2.1.0.subproject-2010\libvlc\Debug\mt.write.1.tlog
D:\STUDY\VLC\VLC-2.1.0.SUBPROJECT-2010\LIBVLC\DEBUG\PLAYLIST.OBJ
D:\Study\vlc\vlc-2.1.0.subproject-2010\libvlc\Debug\rc.command.1.tlog
D:\Study\vlc\vlc-2.1.0.subproject-2010\libvlc\Debug\rc.read.1.tlog
D:\Study\vlc\vlc-2.1.0.subproject-2010\libvlc\Debug\rc.write.1.tlog
D:\STUDY\VLC\VLC-2.1.0.SUBPROJECT-2010\LIBVLC\DEBUG\STDAFX.OBJ
D:\Study\vlc\vlc-2.1.0.subproject-2010\libvlc\Debug\vc100.idb
D:\STUDY\VLC\VLC-2.1.0.SUBPROJECT-2010\LIBVLC\DEBUG\VC100.PDB
D:\STUDY\VLC\VLC-2.1.0.SUBPROJECT-2010\LIBVLC\DEBUG\VIDEO.OBJ
D:\STUDY\VLC\VLC-2.1.0.SUBPROJECT-2010\LIBVLC\DEBUG\VLM.OBJ
