D:\STUDY\VLC\VLC-2.1.0.SUBPROJECT-2010\DEBUG\PLUGINS\VIDEO_FILTER\LIBPSYCHEDELIC_PLUGIN.DLL
D:\STUDY\VLC\VLC-2.1.0.SUBPROJECT-2010\DEBUG\PLUGINS\VIDEO_FILTER\LIBPSYCHEDELIC_PLUGIN.ILK
D:\Study\vlc\vlc-2.1.0.subproject-2010\Debug\psychedelic.exp
D:\Study\vlc\vlc-2.1.0.subproject-2010\Debug\psychedelic.lib
D:\STUDY\VLC\VLC-2.1.0.SUBPROJECT-2010\DEBUG\PSYCHEDELIC.PDB
D:\Study\vlc\vlc-2.1.0.subproject-2010\plugins\psychedelic\Debug\cl.command.1.tlog
D:\Study\vlc\vlc-2.1.0.subproject-2010\plugins\psychedelic\Debug\CL.read.1.tlog
D:\Study\vlc\vlc-2.1.0.subproject-2010\plugins\psychedelic\Debug\CL.write.1.tlog
D:\Study\vlc\vlc-2.1.0.subproject-2010\plugins\psychedelic\Debug\link.3012.read.1.tlog
D:\Study\vlc\vlc-2.1.0.subproject-2010\plugins\psychedelic\Debug\link.3012.write.1.tlog
D:\Study\vlc\vlc-2.1.0.subproject-2010\plugins\psychedelic\Debug\link.3012-cvtres.read.1.tlog
D:\Study\vlc\vlc-2.1.0.subproject-2010\plugins\psychedelic\Debug\link.3012-cvtres.write.1.tlog
D:\Study\vlc\vlc-2.1.0.subproject-2010\plugins\psychedelic\Debug\link.command.1.tlog
D:\Study\vlc\vlc-2.1.0.subproject-2010\plugins\psychedelic\Debug\link.read.1.tlog
D:\Study\vlc\vlc-2.1.0.subproject-2010\plugins\psychedelic\Debug\link.write.1.tlog
D:\Study\vlc\vlc-2.1.0.subproject-2010\plugins\psychedelic\Debug\link-cvtres.read.1.tlog
D:\Study\vlc\vlc-2.1.0.subproject-2010\plugins\psychedelic\Debug\link-cvtres.write.1.tlog
D:\Study\vlc\vlc-2.1.0.subproject-2010\plugins\psychedelic\Debug\mt.command.1.tlog
D:\Study\vlc\vlc-2.1.0.subproject-2010\plugins\psychedelic\Debug\mt.read.1.tlog
D:\Study\vlc\vlc-2.1.0.subproject-2010\plugins\psychedelic\Debug\mt.write.1.tlog
D:\STUDY\VLC\VLC-2.1.0.SUBPROJECT-2010\PLUGINS\PSYCHEDELIC\DEBUG\PSYCHEDELIC.DLL.EMBED.MANIFEST
D:\STUDY\VLC\VLC-2.1.0.SUBPROJECT-2010\PLUGINS\PSYCHEDELIC\DEBUG\PSYCHEDELIC.DLL.EMBED.MANIFEST.RES
D:\STUDY\VLC\VLC-2.1.0.SUBPROJECT-2010\PLUGINS\PSYCHEDELIC\DEBUG\PSYCHEDELIC.DLL.INTERMEDIATE.MANIFEST
D:\STUDY\VLC\VLC-2.1.0.SUBPROJECT-2010\PLUGINS\PSYCHEDELIC\DEBUG\PSYCHEDELIC.OBJ
D:\STUDY\VLC\VLC-2.1.0.SUBPROJECT-2010\PLUGINS\PSYCHEDELIC\DEBUG\PSYCHEDELIC.PCH
D:\STUDY\VLC\VLC-2.1.0.SUBPROJECT-2010\PLUGINS\PSYCHEDELIC\DEBUG\PSYCHEDELIC.RES
D:\Study\vlc\vlc-2.1.0.subproject-2010\plugins\psychedelic\Debug\psychedelic.write.1.tlog
D:\Study\vlc\vlc-2.1.0.subproject-2010\plugins\psychedelic\Debug\psychedelic_manifest.rc
D:\STUDY\VLC\VLC-2.1.0.SUBPROJECT-2010\PLUGINS\PSYCHEDELIC\DEBUG\PSYCHEDELIC1.OBJ
D:\Study\vlc\vlc-2.1.0.subproject-2010\plugins\psychedelic\Debug\rc.command.1.tlog
D:\Study\vlc\vlc-2.1.0.subproject-2010\plugins\psychedelic\Debug\rc.read.1.tlog
D:\Study\vlc\vlc-2.1.0.subproject-2010\plugins\psychedelic\Debug\rc.write.1.tlog
D:\STUDY\VLC\VLC-2.1.0.SUBPROJECT-2010\PLUGINS\PSYCHEDELIC\DEBUG\STDAFX.OBJ
D:\Study\vlc\vlc-2.1.0.subproject-2010\plugins\psychedelic\Debug\vc100.idb
D:\STUDY\VLC\VLC-2.1.0.SUBPROJECT-2010\PLUGINS\PSYCHEDELIC\DEBUG\VC100.PDB
