D:\Study\vlc\vlc-2.1.0.subproject-2010\Debug\audiobargraph_v.exp
D:\Study\vlc\vlc-2.1.0.subproject-2010\Debug\audiobargraph_v.lib
D:\STUDY\VLC\VLC-2.1.0.SUBPROJECT-2010\DEBUG\AUDIOBARGRAPH_V.PDB
D:\STUDY\VLC\VLC-2.1.0.SUBPROJECT-2010\DEBUG\PLUGINS\VIDEO_FILTER\LIBAUDIOBARGRAPH_V_PLUGIN.DLL
D:\STUDY\VLC\VLC-2.1.0.SUBPROJECT-2010\DEBUG\PLUGINS\VIDEO_FILTER\LIBAUDIOBARGRAPH_V_PLUGIN.ILK
D:\STUDY\VLC\VLC-2.1.0.SUBPROJECT-2010\PLUGINS\AUDIOBARGRAPH_V\DEBUG\AUDIOBARGRAPH_V.DLL.EMBED.MANIFEST
D:\STUDY\VLC\VLC-2.1.0.SUBPROJECT-2010\PLUGINS\AUDIOBARGRAPH_V\DEBUG\AUDIOBARGRAPH_V.DLL.EMBED.MANIFEST.RES
D:\STUDY\VLC\VLC-2.1.0.SUBPROJECT-2010\PLUGINS\AUDIOBARGRAPH_V\DEBUG\AUDIOBARGRAPH_V.DLL.INTERMEDIATE.MANIFEST
D:\STUDY\VLC\VLC-2.1.0.SUBPROJECT-2010\PLUGINS\AUDIOBARGRAPH_V\DEBUG\AUDIOBARGRAPH_V.OBJ
D:\STUDY\VLC\VLC-2.1.0.SUBPROJECT-2010\PLUGINS\AUDIOBARGRAPH_V\DEBUG\AUDIOBARGRAPH_V.PCH
D:\STUDY\VLC\VLC-2.1.0.SUBPROJECT-2010\PLUGINS\AUDIOBARGRAPH_V\DEBUG\AUDIOBARGRAPH_V.RES
D:\Study\vlc\vlc-2.1.0.subproject-2010\plugins\audiobargraph_v\Debug\audiobargraph_v.write.1.tlog
D:\Study\vlc\vlc-2.1.0.subproject-2010\plugins\audiobargraph_v\Debug\audiobargraph_v_manifest.rc
D:\STUDY\VLC\VLC-2.1.0.SUBPROJECT-2010\PLUGINS\AUDIOBARGRAPH_V\DEBUG\AUDIOBARGRAPH_V1.OBJ
D:\Study\vlc\vlc-2.1.0.subproject-2010\plugins\audiobargraph_v\Debug\cl.command.1.tlog
D:\Study\vlc\vlc-2.1.0.subproject-2010\plugins\audiobargraph_v\Debug\CL.read.1.tlog
D:\Study\vlc\vlc-2.1.0.subproject-2010\plugins\audiobargraph_v\Debug\CL.write.1.tlog
D:\Study\vlc\vlc-2.1.0.subproject-2010\plugins\audiobargraph_v\Debug\link.13208.read.1.tlog
D:\Study\vlc\vlc-2.1.0.subproject-2010\plugins\audiobargraph_v\Debug\link.13208.write.1.tlog
D:\Study\vlc\vlc-2.1.0.subproject-2010\plugins\audiobargraph_v\Debug\link.13208-cvtres.read.1.tlog
D:\Study\vlc\vlc-2.1.0.subproject-2010\plugins\audiobargraph_v\Debug\link.13208-cvtres.write.1.tlog
D:\Study\vlc\vlc-2.1.0.subproject-2010\plugins\audiobargraph_v\Debug\link.command.1.tlog
D:\Study\vlc\vlc-2.1.0.subproject-2010\plugins\audiobargraph_v\Debug\link.read.1.tlog
D:\Study\vlc\vlc-2.1.0.subproject-2010\plugins\audiobargraph_v\Debug\link.write.1.tlog
D:\Study\vlc\vlc-2.1.0.subproject-2010\plugins\audiobargraph_v\Debug\link-cvtres.read.1.tlog
D:\Study\vlc\vlc-2.1.0.subproject-2010\plugins\audiobargraph_v\Debug\link-cvtres.write.1.tlog
D:\Study\vlc\vlc-2.1.0.subproject-2010\plugins\audiobargraph_v\Debug\mt.command.1.tlog
D:\Study\vlc\vlc-2.1.0.subproject-2010\plugins\audiobargraph_v\Debug\mt.read.1.tlog
D:\Study\vlc\vlc-2.1.0.subproject-2010\plugins\audiobargraph_v\Debug\mt.write.1.tlog
D:\Study\vlc\vlc-2.1.0.subproject-2010\plugins\audiobargraph_v\Debug\rc.command.1.tlog
D:\Study\vlc\vlc-2.1.0.subproject-2010\plugins\audiobargraph_v\Debug\rc.read.1.tlog
D:\Study\vlc\vlc-2.1.0.subproject-2010\plugins\audiobargraph_v\Debug\rc.write.1.tlog
D:\STUDY\VLC\VLC-2.1.0.SUBPROJECT-2010\PLUGINS\AUDIOBARGRAPH_V\DEBUG\STDAFX.OBJ
D:\Study\vlc\vlc-2.1.0.subproject-2010\plugins\audiobargraph_v\Debug\vc100.idb
D:\STUDY\VLC\VLC-2.1.0.SUBPROJECT-2010\PLUGINS\AUDIOBARGRAPH_V\DEBUG\VC100.PDB
