D:\Study\vlc\vlc-2.1.0.subproject-2010\Debug\ntservice.exp
D:\Study\vlc\vlc-2.1.0.subproject-2010\Debug\ntservice.lib
D:\STUDY\VLC\VLC-2.1.0.SUBPROJECT-2010\DEBUG\NTSERVICE.PDB
D:\STUDY\VLC\VLC-2.1.0.SUBPROJECT-2010\DEBUG\PLUGINS\CONTROL\LIBNTSERVICE_PLUGIN.DLL
D:\STUDY\VLC\VLC-2.1.0.SUBPROJECT-2010\DEBUG\PLUGINS\CONTROL\LIBNTSERVICE_PLUGIN.ILK
D:\Study\vlc\vlc-2.1.0.subproject-2010\plugins\ntservice\Debug\cl.command.1.tlog
D:\Study\vlc\vlc-2.1.0.subproject-2010\plugins\ntservice\Debug\CL.read.1.tlog
D:\Study\vlc\vlc-2.1.0.subproject-2010\plugins\ntservice\Debug\CL.write.1.tlog
D:\Study\vlc\vlc-2.1.0.subproject-2010\plugins\ntservice\Debug\link.164.read.1.tlog
D:\Study\vlc\vlc-2.1.0.subproject-2010\plugins\ntservice\Debug\link.164.write.1.tlog
D:\Study\vlc\vlc-2.1.0.subproject-2010\plugins\ntservice\Debug\link.164-cvtres.read.1.tlog
D:\Study\vlc\vlc-2.1.0.subproject-2010\plugins\ntservice\Debug\link.164-cvtres.write.1.tlog
D:\Study\vlc\vlc-2.1.0.subproject-2010\plugins\ntservice\Debug\link.command.1.tlog
D:\Study\vlc\vlc-2.1.0.subproject-2010\plugins\ntservice\Debug\link.read.1.tlog
D:\Study\vlc\vlc-2.1.0.subproject-2010\plugins\ntservice\Debug\link.write.1.tlog
D:\Study\vlc\vlc-2.1.0.subproject-2010\plugins\ntservice\Debug\link-cvtres.read.1.tlog
D:\Study\vlc\vlc-2.1.0.subproject-2010\plugins\ntservice\Debug\link-cvtres.write.1.tlog
D:\Study\vlc\vlc-2.1.0.subproject-2010\plugins\ntservice\Debug\mt.command.1.tlog
D:\Study\vlc\vlc-2.1.0.subproject-2010\plugins\ntservice\Debug\mt.read.1.tlog
D:\Study\vlc\vlc-2.1.0.subproject-2010\plugins\ntservice\Debug\mt.write.1.tlog
D:\STUDY\VLC\VLC-2.1.0.SUBPROJECT-2010\PLUGINS\NTSERVICE\DEBUG\NTSERVICE.DLL.EMBED.MANIFEST
D:\STUDY\VLC\VLC-2.1.0.SUBPROJECT-2010\PLUGINS\NTSERVICE\DEBUG\NTSERVICE.DLL.EMBED.MANIFEST.RES
D:\STUDY\VLC\VLC-2.1.0.SUBPROJECT-2010\PLUGINS\NTSERVICE\DEBUG\NTSERVICE.DLL.INTERMEDIATE.MANIFEST
D:\STUDY\VLC\VLC-2.1.0.SUBPROJECT-2010\PLUGINS\NTSERVICE\DEBUG\NTSERVICE.OBJ
D:\STUDY\VLC\VLC-2.1.0.SUBPROJECT-2010\PLUGINS\NTSERVICE\DEBUG\NTSERVICE.PCH
D:\STUDY\VLC\VLC-2.1.0.SUBPROJECT-2010\PLUGINS\NTSERVICE\DEBUG\NTSERVICE.RES
D:\Study\vlc\vlc-2.1.0.subproject-2010\plugins\ntservice\Debug\ntservice.write.1.tlog
D:\Study\vlc\vlc-2.1.0.subproject-2010\plugins\ntservice\Debug\ntservice_manifest.rc
D:\STUDY\VLC\VLC-2.1.0.SUBPROJECT-2010\PLUGINS\NTSERVICE\DEBUG\NTSERVICE1.OBJ
D:\Study\vlc\vlc-2.1.0.subproject-2010\plugins\ntservice\Debug\rc.command.1.tlog
D:\Study\vlc\vlc-2.1.0.subproject-2010\plugins\ntservice\Debug\rc.read.1.tlog
D:\Study\vlc\vlc-2.1.0.subproject-2010\plugins\ntservice\Debug\rc.write.1.tlog
D:\STUDY\VLC\VLC-2.1.0.SUBPROJECT-2010\PLUGINS\NTSERVICE\DEBUG\STDAFX.OBJ
D:\Study\vlc\vlc-2.1.0.subproject-2010\plugins\ntservice\Debug\vc100.idb
D:\STUDY\VLC\VLC-2.1.0.SUBPROJECT-2010\PLUGINS\NTSERVICE\DEBUG\VC100.PDB
