D:\Study\vlc\vlc-2.1.0.subproject-2010\Debug\export.exp
D:\Study\vlc\vlc-2.1.0.subproject-2010\Debug\export.lib
D:\STUDY\VLC\VLC-2.1.0.SUBPROJECT-2010\DEBUG\EXPORT.PDB
D:\STUDY\VLC\VLC-2.1.0.SUBPROJECT-2010\DEBUG\PLUGINS\MISC\LIBEXPORT_PLUGIN.DLL
D:\STUDY\VLC\VLC-2.1.0.SUBPROJECT-2010\DEBUG\PLUGINS\MISC\LIBEXPORT_PLUGIN.ILK
D:\Study\vlc\vlc-2.1.0.subproject-2010\plugins\export\Debug\cl.command.1.tlog
D:\Study\vlc\vlc-2.1.0.subproject-2010\plugins\export\Debug\CL.read.1.tlog
D:\Study\vlc\vlc-2.1.0.subproject-2010\plugins\export\Debug\CL.write.1.tlog
D:\STUDY\VLC\VLC-2.1.0.SUBPROJECT-2010\PLUGINS\EXPORT\DEBUG\EXPORT.DLL.EMBED.MANIFEST
D:\STUDY\VLC\VLC-2.1.0.SUBPROJECT-2010\PLUGINS\EXPORT\DEBUG\EXPORT.DLL.EMBED.MANIFEST.RES
D:\STUDY\VLC\VLC-2.1.0.SUBPROJECT-2010\PLUGINS\EXPORT\DEBUG\EXPORT.DLL.INTERMEDIATE.MANIFEST
D:\STUDY\VLC\VLC-2.1.0.SUBPROJECT-2010\PLUGINS\EXPORT\DEBUG\EXPORT.OBJ
D:\STUDY\VLC\VLC-2.1.0.SUBPROJECT-2010\PLUGINS\EXPORT\DEBUG\EXPORT.PCH
D:\STUDY\VLC\VLC-2.1.0.SUBPROJECT-2010\PLUGINS\EXPORT\DEBUG\EXPORT.RES
D:\Study\vlc\vlc-2.1.0.subproject-2010\plugins\export\Debug\export.write.1.tlog
D:\Study\vlc\vlc-2.1.0.subproject-2010\plugins\export\Debug\export_manifest.rc
D:\STUDY\VLC\VLC-2.1.0.SUBPROJECT-2010\PLUGINS\EXPORT\DEBUG\EXPORT1.OBJ
D:\STUDY\VLC\VLC-2.1.0.SUBPROJECT-2010\PLUGINS\EXPORT\DEBUG\HTML.OBJ
D:\Study\vlc\vlc-2.1.0.subproject-2010\plugins\export\Debug\link.10444.read.1.tlog
D:\Study\vlc\vlc-2.1.0.subproject-2010\plugins\export\Debug\link.10444.write.1.tlog
D:\Study\vlc\vlc-2.1.0.subproject-2010\plugins\export\Debug\link.10444-cvtres.read.1.tlog
D:\Study\vlc\vlc-2.1.0.subproject-2010\plugins\export\Debug\link.10444-cvtres.write.1.tlog
D:\Study\vlc\vlc-2.1.0.subproject-2010\plugins\export\Debug\link.command.1.tlog
D:\Study\vlc\vlc-2.1.0.subproject-2010\plugins\export\Debug\link.read.1.tlog
D:\Study\vlc\vlc-2.1.0.subproject-2010\plugins\export\Debug\link.write.1.tlog
D:\Study\vlc\vlc-2.1.0.subproject-2010\plugins\export\Debug\link-cvtres.read.1.tlog
D:\Study\vlc\vlc-2.1.0.subproject-2010\plugins\export\Debug\link-cvtres.write.1.tlog
D:\STUDY\VLC\VLC-2.1.0.SUBPROJECT-2010\PLUGINS\EXPORT\DEBUG\M3U.OBJ
D:\Study\vlc\vlc-2.1.0.subproject-2010\plugins\export\Debug\mt.command.1.tlog
D:\Study\vlc\vlc-2.1.0.subproject-2010\plugins\export\Debug\mt.read.1.tlog
D:\Study\vlc\vlc-2.1.0.subproject-2010\plugins\export\Debug\mt.write.1.tlog
D:\Study\vlc\vlc-2.1.0.subproject-2010\plugins\export\Debug\rc.command.1.tlog
D:\Study\vlc\vlc-2.1.0.subproject-2010\plugins\export\Debug\rc.read.1.tlog
D:\Study\vlc\vlc-2.1.0.subproject-2010\plugins\export\Debug\rc.write.1.tlog
D:\STUDY\VLC\VLC-2.1.0.SUBPROJECT-2010\PLUGINS\EXPORT\DEBUG\STDAFX.OBJ
D:\Study\vlc\vlc-2.1.0.subproject-2010\plugins\export\Debug\vc100.idb
D:\STUDY\VLC\VLC-2.1.0.SUBPROJECT-2010\PLUGINS\EXPORT\DEBUG\VC100.PDB
D:\STUDY\VLC\VLC-2.1.0.SUBPROJECT-2010\PLUGINS\EXPORT\DEBUG\XSPF.OBJ
