D:\STUDY\VLC\VLC-2.1.0.SUBPROJECT-2010\DEBUG\PLUGINS\AUDIO_FILTER\LIBSPATIALIZER_PLUGIN.DLL
D:\STUDY\VLC\VLC-2.1.0.SUBPROJECT-2010\DEBUG\PLUGINS\AUDIO_FILTER\LIBSPATIALIZER_PLUGIN.ILK
D:\Study\vlc\vlc-2.1.0.subproject-2010\Debug\spatializer.exp
D:\Study\vlc\vlc-2.1.0.subproject-2010\Debug\spatializer.lib
D:\STUDY\VLC\VLC-2.1.0.SUBPROJECT-2010\DEBUG\SPATIALIZER.PDB
D:\STUDY\VLC\VLC-2.1.0.SUBPROJECT-2010\PLUGINS\SPATIALIZER\DEBUG\ALLPASS.OBJ
D:\Study\vlc\vlc-2.1.0.subproject-2010\plugins\spatializer\Debug\cl.command.1.tlog
D:\Study\vlc\vlc-2.1.0.subproject-2010\plugins\spatializer\Debug\CL.read.1.tlog
D:\Study\vlc\vlc-2.1.0.subproject-2010\plugins\spatializer\Debug\CL.write.1.tlog
D:\STUDY\VLC\VLC-2.1.0.SUBPROJECT-2010\PLUGINS\SPATIALIZER\DEBUG\COMB.OBJ
D:\STUDY\VLC\VLC-2.1.0.SUBPROJECT-2010\PLUGINS\SPATIALIZER\DEBUG\DENORMALS.OBJ
D:\Study\vlc\vlc-2.1.0.subproject-2010\plugins\spatializer\Debug\link.1260.read.1.tlog
D:\Study\vlc\vlc-2.1.0.subproject-2010\plugins\spatializer\Debug\link.1260.write.1.tlog
D:\Study\vlc\vlc-2.1.0.subproject-2010\plugins\spatializer\Debug\link.1260-cvtres.read.1.tlog
D:\Study\vlc\vlc-2.1.0.subproject-2010\plugins\spatializer\Debug\link.1260-cvtres.write.1.tlog
D:\Study\vlc\vlc-2.1.0.subproject-2010\plugins\spatializer\Debug\link.command.1.tlog
D:\Study\vlc\vlc-2.1.0.subproject-2010\plugins\spatializer\Debug\link.read.1.tlog
D:\Study\vlc\vlc-2.1.0.subproject-2010\plugins\spatializer\Debug\link.write.1.tlog
D:\Study\vlc\vlc-2.1.0.subproject-2010\plugins\spatializer\Debug\link-cvtres.read.1.tlog
D:\Study\vlc\vlc-2.1.0.subproject-2010\plugins\spatializer\Debug\link-cvtres.write.1.tlog
D:\Study\vlc\vlc-2.1.0.subproject-2010\plugins\spatializer\Debug\mt.command.1.tlog
D:\Study\vlc\vlc-2.1.0.subproject-2010\plugins\spatializer\Debug\mt.read.1.tlog
D:\Study\vlc\vlc-2.1.0.subproject-2010\plugins\spatializer\Debug\mt.write.1.tlog
D:\Study\vlc\vlc-2.1.0.subproject-2010\plugins\spatializer\Debug\rc.command.1.tlog
D:\Study\vlc\vlc-2.1.0.subproject-2010\plugins\spatializer\Debug\rc.read.1.tlog
D:\Study\vlc\vlc-2.1.0.subproject-2010\plugins\spatializer\Debug\rc.write.1.tlog
D:\STUDY\VLC\VLC-2.1.0.SUBPROJECT-2010\PLUGINS\SPATIALIZER\DEBUG\REVMODEL.OBJ
D:\STUDY\VLC\VLC-2.1.0.SUBPROJECT-2010\PLUGINS\SPATIALIZER\DEBUG\SPATIALIZER.DLL.EMBED.MANIFEST
D:\STUDY\VLC\VLC-2.1.0.SUBPROJECT-2010\PLUGINS\SPATIALIZER\DEBUG\SPATIALIZER.DLL.EMBED.MANIFEST.RES
D:\STUDY\VLC\VLC-2.1.0.SUBPROJECT-2010\PLUGINS\SPATIALIZER\DEBUG\SPATIALIZER.DLL.INTERMEDIATE.MANIFEST
D:\STUDY\VLC\VLC-2.1.0.SUBPROJECT-2010\PLUGINS\SPATIALIZER\DEBUG\SPATIALIZER.OBJ
D:\STUDY\VLC\VLC-2.1.0.SUBPROJECT-2010\PLUGINS\SPATIALIZER\DEBUG\SPATIALIZER.PCH
D:\STUDY\VLC\VLC-2.1.0.SUBPROJECT-2010\PLUGINS\SPATIALIZER\DEBUG\SPATIALIZER.RES
D:\Study\vlc\vlc-2.1.0.subproject-2010\plugins\spatializer\Debug\spatializer.write.1.tlog
D:\Study\vlc\vlc-2.1.0.subproject-2010\plugins\spatializer\Debug\spatializer_manifest.rc
D:\STUDY\VLC\VLC-2.1.0.SUBPROJECT-2010\PLUGINS\SPATIALIZER\DEBUG\SPATIALIZER1.OBJ
D:\STUDY\VLC\VLC-2.1.0.SUBPROJECT-2010\PLUGINS\SPATIALIZER\DEBUG\STDAFX.OBJ
D:\Study\vlc\vlc-2.1.0.subproject-2010\plugins\spatializer\Debug\vc100.idb
D:\STUDY\VLC\VLC-2.1.0.SUBPROJECT-2010\PLUGINS\SPATIALIZER\DEBUG\VC100.PDB
