D:\Study\vlc\vlc-2.1.0.subproject-2010\Debug\cvdsub.exp
D:\Study\vlc\vlc-2.1.0.subproject-2010\Debug\cvdsub.lib
D:\STUDY\VLC\VLC-2.1.0.SUBPROJECT-2010\DEBUG\CVDSUB.PDB
D:\STUDY\VLC\VLC-2.1.0.SUBPROJECT-2010\DEBUG\PLUGINS\CODEC\LIBCVDSUB_PLUGIN.DLL
D:\STUDY\VLC\VLC-2.1.0.SUBPROJECT-2010\DEBUG\PLUGINS\CODEC\LIBCVDSUB_PLUGIN.ILK
D:\Study\vlc\vlc-2.1.0.subproject-2010\plugins\cvdsub\Debug\cl.command.1.tlog
D:\Study\vlc\vlc-2.1.0.subproject-2010\plugins\cvdsub\Debug\CL.read.1.tlog
D:\Study\vlc\vlc-2.1.0.subproject-2010\plugins\cvdsub\Debug\CL.write.1.tlog
D:\STUDY\VLC\VLC-2.1.0.SUBPROJECT-2010\PLUGINS\CVDSUB\DEBUG\CVDSUB.DLL.EMBED.MANIFEST
D:\STUDY\VLC\VLC-2.1.0.SUBPROJECT-2010\PLUGINS\CVDSUB\DEBUG\CVDSUB.DLL.EMBED.MANIFEST.RES
D:\STUDY\VLC\VLC-2.1.0.SUBPROJECT-2010\PLUGINS\CVDSUB\DEBUG\CVDSUB.DLL.INTERMEDIATE.MANIFEST
D:\STUDY\VLC\VLC-2.1.0.SUBPROJECT-2010\PLUGINS\CVDSUB\DEBUG\CVDSUB.OBJ
D:\STUDY\VLC\VLC-2.1.0.SUBPROJECT-2010\PLUGINS\CVDSUB\DEBUG\CVDSUB.PCH
D:\STUDY\VLC\VLC-2.1.0.SUBPROJECT-2010\PLUGINS\CVDSUB\DEBUG\CVDSUB.RES
D:\Study\vlc\vlc-2.1.0.subproject-2010\plugins\cvdsub\Debug\cvdsub.write.1.tlog
D:\Study\vlc\vlc-2.1.0.subproject-2010\plugins\cvdsub\Debug\cvdsub_manifest.rc
D:\STUDY\VLC\VLC-2.1.0.SUBPROJECT-2010\PLUGINS\CVDSUB\DEBUG\CVDSUB1.OBJ
D:\Study\vlc\vlc-2.1.0.subproject-2010\plugins\cvdsub\Debug\link.11808.read.1.tlog
D:\Study\vlc\vlc-2.1.0.subproject-2010\plugins\cvdsub\Debug\link.11808.write.1.tlog
D:\Study\vlc\vlc-2.1.0.subproject-2010\plugins\cvdsub\Debug\link.11808-cvtres.read.1.tlog
D:\Study\vlc\vlc-2.1.0.subproject-2010\plugins\cvdsub\Debug\link.11808-cvtres.write.1.tlog
D:\Study\vlc\vlc-2.1.0.subproject-2010\plugins\cvdsub\Debug\link.command.1.tlog
D:\Study\vlc\vlc-2.1.0.subproject-2010\plugins\cvdsub\Debug\link.read.1.tlog
D:\Study\vlc\vlc-2.1.0.subproject-2010\plugins\cvdsub\Debug\link.write.1.tlog
D:\Study\vlc\vlc-2.1.0.subproject-2010\plugins\cvdsub\Debug\link-cvtres.read.1.tlog
D:\Study\vlc\vlc-2.1.0.subproject-2010\plugins\cvdsub\Debug\link-cvtres.write.1.tlog
D:\Study\vlc\vlc-2.1.0.subproject-2010\plugins\cvdsub\Debug\mt.command.1.tlog
D:\Study\vlc\vlc-2.1.0.subproject-2010\plugins\cvdsub\Debug\mt.read.1.tlog
D:\Study\vlc\vlc-2.1.0.subproject-2010\plugins\cvdsub\Debug\mt.write.1.tlog
D:\Study\vlc\vlc-2.1.0.subproject-2010\plugins\cvdsub\Debug\rc.command.1.tlog
D:\Study\vlc\vlc-2.1.0.subproject-2010\plugins\cvdsub\Debug\rc.read.1.tlog
D:\Study\vlc\vlc-2.1.0.subproject-2010\plugins\cvdsub\Debug\rc.write.1.tlog
D:\STUDY\VLC\VLC-2.1.0.SUBPROJECT-2010\PLUGINS\CVDSUB\DEBUG\STDAFX.OBJ
D:\Study\vlc\vlc-2.1.0.subproject-2010\plugins\cvdsub\Debug\vc100.idb
D:\STUDY\VLC\VLC-2.1.0.SUBPROJECT-2010\PLUGINS\CVDSUB\DEBUG\VC100.PDB
